[0.006s] Invoking command in '/home/nayr/FishRos/ch6/ch6_ws/build/fishbot_description': CMAKE_PREFIX_PATH=${CMAKE_PREFIX_PATH}:/opt/ros/humble /usr/bin/cmake --build /home/nayr/FishRos/ch6/ch6_ws/build/fishbot_description -- -j4 -l4
[0.019s] -- Found ament_cmake: 1.3.12 (/opt/ros/humble/share/ament_cmake/cmake)
[0.077s] -- Found ament_lint_auto: 0.12.14 (/opt/ros/humble/share/ament_lint_auto/cmake)
[0.104s] -- Added test 'flake8' to check Python code syntax and style conventions
[0.104s] -- Added test 'lint_cmake' to check CMake code style
[0.104s] -- Added test 'pep257' to check Python code against some of the docstring style conventions in PEP 257
[0.105s] -- Added test 'xmllint' to check XML markup files
[0.105s] -- Configuring done
[0.108s] -- Generating done
[0.110s] -- Build files have been written to: /home/nayr/FishRos/ch6/ch6_ws/build/fishbot_description
[0.118s] Invoked command in '/home/nayr/FishRos/ch6/ch6_ws/build/fishbot_description' returned '0': CMAKE_PREFIX_PATH=${CMAKE_PREFIX_PATH}:/opt/ros/humble /usr/bin/cmake --build /home/nayr/FishRos/ch6/ch6_ws/build/fishbot_description -- -j4 -l4
[0.121s] Invoking command in '/home/nayr/FishRos/ch6/ch6_ws/build/fishbot_description': CMAKE_PREFIX_PATH=${CMAKE_PREFIX_PATH}:/opt/ros/humble /usr/bin/cmake --install /home/nayr/FishRos/ch6/ch6_ws/build/fishbot_description
[0.125s] -- Install configuration: ""
[0.126s] -- Up-to-date: /home/nayr/FishRos/ch6/ch6_ws/install/fishbot_description/share/fishbot_description/launch
[0.126s] -- Installing: /home/nayr/FishRos/ch6/ch6_ws/install/fishbot_description/share/fishbot_description/launch/display_robot.launch.py
[0.126s] -- Up-to-date: /home/nayr/FishRos/ch6/ch6_ws/install/fishbot_description/share/fishbot_description/urdf
[0.126s] -- Up-to-date: /home/nayr/FishRos/ch6/ch6_ws/install/fishbot_description/share/fishbot_description/urdf/first_robot.pdf
[0.126s] -- Up-to-date: /home/nayr/FishRos/ch6/ch6_ws/install/fishbot_description/share/fishbot_description/urdf/first_robot.urdf
[0.126s] -- Up-to-date: /home/nayr/FishRos/ch6/ch6_ws/install/fishbot_description/share/fishbot_description/urdf/first_robot.gv
[0.126s] -- Installing: /home/nayr/FishRos/ch6/ch6_ws/install/fishbot_description/share/fishbot_description/config
[0.126s] -- Installing: /home/nayr/FishRos/ch6/ch6_ws/install/fishbot_description/share/fishbot_description/config/first_robot_config.rviz
[0.126s] -- Up-to-date: /home/nayr/FishRos/ch6/ch6_ws/install/fishbot_description/share/ament_index/resource_index/package_run_dependencies/fishbot_description
[0.126s] -- Up-to-date: /home/nayr/FishRos/ch6/ch6_ws/install/fishbot_description/share/ament_index/resource_index/parent_prefix_path/fishbot_description
[0.126s] -- Up-to-date: /home/nayr/FishRos/ch6/ch6_ws/install/fishbot_description/share/fishbot_description/environment/ament_prefix_path.sh
[0.126s] -- Installing: /home/nayr/FishRos/ch6/ch6_ws/install/fishbot_description/share/fishbot_description/environment/ament_prefix_path.dsv
[0.126s] -- Up-to-date: /home/nayr/FishRos/ch6/ch6_ws/install/fishbot_description/share/fishbot_description/environment/path.sh
[0.126s] -- Installing: /home/nayr/FishRos/ch6/ch6_ws/install/fishbot_description/share/fishbot_description/environment/path.dsv
[0.126s] -- Up-to-date: /home/nayr/FishRos/ch6/ch6_ws/install/fishbot_description/share/fishbot_description/local_setup.bash
[0.126s] -- Up-to-date: /home/nayr/FishRos/ch6/ch6_ws/install/fishbot_description/share/fishbot_description/local_setup.sh
[0.126s] -- Up-to-date: /home/nayr/FishRos/ch6/ch6_ws/install/fishbot_description/share/fishbot_description/local_setup.zsh
[0.126s] -- Installing: /home/nayr/FishRos/ch6/ch6_ws/install/fishbot_description/share/fishbot_description/local_setup.dsv
[0.126s] -- Installing: /home/nayr/FishRos/ch6/ch6_ws/install/fishbot_description/share/fishbot_description/package.dsv
[0.126s] -- Up-to-date: /home/nayr/FishRos/ch6/ch6_ws/install/fishbot_description/share/ament_index/resource_index/packages/fishbot_description
[0.126s] -- Up-to-date: /home/nayr/FishRos/ch6/ch6_ws/install/fishbot_description/share/fishbot_description/cmake/fishbot_descriptionConfig.cmake
[0.126s] -- Up-to-date: /home/nayr/FishRos/ch6/ch6_ws/install/fishbot_description/share/fishbot_description/cmake/fishbot_descriptionConfig-version.cmake
[0.126s] -- Up-to-date: /home/nayr/FishRos/ch6/ch6_ws/install/fishbot_description/share/fishbot_description/package.xml
[0.130s] Invoked command in '/home/nayr/FishRos/ch6/ch6_ws/build/fishbot_description' returned '0': CMAKE_PREFIX_PATH=${CMAKE_PREFIX_PATH}:/opt/ros/humble /usr/bin/cmake --install /home/nayr/FishRos/ch6/ch6_ws/build/fishbot_description
