[0.230s] Invoking command in '/home/nayr/FishRos/ch3/topic_ws/src/demo_python_topic': PYTHONPATH=/home/nayr/FishRos/ch3/topic_ws/build/demo_python_topic/prefix_override:/usr/lib/python3/dist-packages/colcon_core/task/python/colcon_distutils_commands:/home/nayr/FishRos/ch3/topic_ws/install/demo_python_topic/lib/python3.10/site-packages:${PYTHONPATH} /usr/bin/python3 -W ignore:setup.py install is deprecated -W ignore:easy_install command is deprecated setup.py egg_info --egg-base ../../build/demo_python_topic build --build-base /home/nayr/FishRos/ch3/topic_ws/build/demo_python_topic/build install --record /home/nayr/FishRos/ch3/topic_ws/build/demo_python_topic/install.log --single-version-externally-managed install_data
[0.315s] running egg_info
[0.315s] writing ../../build/demo_python_topic/demo_python_topic.egg-info/PKG-INFO
[0.316s] writing dependency_links to ../../build/demo_python_topic/demo_python_topic.egg-info/dependency_links.txt
[0.316s] writing entry points to ../../build/demo_python_topic/demo_python_topic.egg-info/entry_points.txt
[0.316s] writing requirements to ../../build/demo_python_topic/demo_python_topic.egg-info/requires.txt
[0.316s] writing top-level names to ../../build/demo_python_topic/demo_python_topic.egg-info/top_level.txt
[0.316s] reading manifest file '../../build/demo_python_topic/demo_python_topic.egg-info/SOURCES.txt'
[0.316s] writing manifest file '../../build/demo_python_topic/demo_python_topic.egg-info/SOURCES.txt'
[0.316s] running build
[0.316s] running build_py
[0.316s] copying demo_python_topic/novel_pub_note.py -> /home/nayr/FishRos/ch3/topic_ws/build/demo_python_topic/build/lib/demo_python_topic
[0.316s] running install
[0.316s] running install_lib
[0.316s] copying /home/nayr/FishRos/ch3/topic_ws/build/demo_python_topic/build/lib/demo_python_topic/novel_pub_note.py -> /home/nayr/FishRos/ch3/topic_ws/install/demo_python_topic/lib/python3.10/site-packages/demo_python_topic
[0.316s] byte-compiling /home/nayr/FishRos/ch3/topic_ws/install/demo_python_topic/lib/python3.10/site-packages/demo_python_topic/novel_pub_note.py to novel_pub_note.cpython-310.pyc
[0.316s] running install_data
[0.316s] running install_egg_info
[0.317s] removing '/home/nayr/FishRos/ch3/topic_ws/install/demo_python_topic/lib/python3.10/site-packages/demo_python_topic-0.0.0-py3.10.egg-info' (and everything under it)
[0.317s] Copying ../../build/demo_python_topic/demo_python_topic.egg-info to /home/nayr/FishRos/ch3/topic_ws/install/demo_python_topic/lib/python3.10/site-packages/demo_python_topic-0.0.0-py3.10.egg-info
[0.317s] running install_scripts
[0.324s] Installing novel_pub_node script to /home/nayr/FishRos/ch3/topic_ws/install/demo_python_topic/lib/demo_python_topic
[0.324s] writing list of installed files to '/home/nayr/FishRos/ch3/topic_ws/build/demo_python_topic/install.log'
[0.333s] Invoked command in '/home/nayr/FishRos/ch3/topic_ws/src/demo_python_topic' returned '0': PYTHONPATH=/home/nayr/FishRos/ch3/topic_ws/build/demo_python_topic/prefix_override:/usr/lib/python3/dist-packages/colcon_core/task/python/colcon_distutils_commands:/home/nayr/FishRos/ch3/topic_ws/install/demo_python_topic/lib/python3.10/site-packages:${PYTHONPATH} /usr/bin/python3 -W ignore:setup.py install is deprecated -W ignore:easy_install command is deprecated setup.py egg_info --egg-base ../../build/demo_python_topic build --build-base /home/nayr/FishRos/ch3/topic_ws/build/demo_python_topic/build install --record /home/nayr/FishRos/ch3/topic_ws/build/demo_python_topic/install.log --single-version-externally-managed install_data
