[0.060s] DEBUG:colcon:Command line arguments: ['/usr/bin/colcon', 'build']
[0.060s] DEBUG:colcon:Parsed command line arguments: Namespace(log_base=None, log_level=None, verb_name='build', build_base='build', install_base='install', merge_install=False, symlink_install=False, test_result_base=None, continue_on_error=False, executor='parallel', parallel_workers=4, event_handlers=None, ignore_user_meta=False, metas=['./colcon.meta'], base_paths=['.'], packages_ignore=None, packages_ignore_regex=None, paths=None, packages_up_to=None, packages_up_to_regex=None, packages_above=None, packages_above_and_dependencies=None, packages_above_depth=None, packages_select_by_dep=None, packages_skip_by_dep=None, packages_skip_up_to=None, packages_select_build_failed=False, packages_skip_build_finished=False, packages_select_test_failures=False, packages_skip_test_passed=False, packages_select=None, packages_skip=None, packages_select_regex=None, packages_skip_regex=None, packages_start=None, packages_end=None, allow_overriding=[], cmake_args=None, cmake_target=None, cmake_target_skip_unavailable=False, cmake_clean_cache=False, cmake_clean_first=False, cmake_force_configure=False, ament_cmake_args=None, catkin_cmake_args=None, catkin_skip_building_tests=False, mixin_files=None, mixin=None, verb_parser=<colcon_mixin.mixin.mixin_argument.MixinArgumentDecorator object at 0xffffb7abe6b0>, verb_extension=<colcon_core.verb.build.BuildVerb object at 0xffffb7abdf90>, main=<bound method BuildVerb.main of <colcon_core.verb.build.BuildVerb object at 0xffffb7abdf90>>, mixin_verb=('build',))
[0.133s] Level 1:colcon.colcon_core.package_discovery:discover_packages(colcon_meta) check parameters
[0.133s] Level 1:colcon.colcon_core.package_discovery:discover_packages(recursive) check parameters
[0.133s] Level 1:colcon.colcon_core.package_discovery:discover_packages(ignore) check parameters
[0.133s] Level 1:colcon.colcon_core.package_discovery:discover_packages(path) check parameters
[0.133s] Level 1:colcon.colcon_core.package_discovery:discover_packages(colcon_meta) discover
[0.133s] Level 1:colcon.colcon_core.package_discovery:discover_packages(recursive) discover
[0.133s] INFO:colcon.colcon_core.package_discovery:Crawling recursively for packages in '/home/nayr/FishRos/ch3/topic_practice_ws'
[0.133s] Level 1:colcon.colcon_core.package_identification:_identify(.) by extensions ['ignore', 'ignore_ament_install']
[0.133s] Level 1:colcon.colcon_core.package_identification:_identify(.) by extension 'ignore'
[0.133s] Level 1:colcon.colcon_core.package_identification:_identify(.) by extension 'ignore_ament_install'
[0.133s] Level 1:colcon.colcon_core.package_identification:_identify(.) by extensions ['colcon_pkg']
[0.133s] Level 1:colcon.colcon_core.package_identification:_identify(.) by extension 'colcon_pkg'
[0.133s] Level 1:colcon.colcon_core.package_identification:_identify(.) by extensions ['colcon_meta']
[0.133s] Level 1:colcon.colcon_core.package_identification:_identify(.) by extension 'colcon_meta'
[0.133s] Level 1:colcon.colcon_core.package_identification:_identify(.) by extensions ['ros']
[0.133s] Level 1:colcon.colcon_core.package_identification:_identify(.) by extension 'ros'
[0.140s] Level 1:colcon.colcon_core.package_identification:_identify(.) by extensions ['cmake', 'python']
[0.140s] Level 1:colcon.colcon_core.package_identification:_identify(.) by extension 'cmake'
[0.140s] Level 1:colcon.colcon_core.package_identification:_identify(.) by extension 'python'
[0.140s] Level 1:colcon.colcon_core.package_identification:_identify(.) by extensions ['python_setup_py']
[0.140s] Level 1:colcon.colcon_core.package_identification:_identify(.) by extension 'python_setup_py'
[0.140s] Level 1:colcon.colcon_core.package_identification:_identify(build) by extensions ['ignore', 'ignore_ament_install']
[0.140s] Level 1:colcon.colcon_core.package_identification:_identify(build) by extension 'ignore'
[0.140s] Level 1:colcon.colcon_core.package_identification:_identify(build) ignored
[0.140s] Level 1:colcon.colcon_core.package_identification:_identify(install) by extensions ['ignore', 'ignore_ament_install']
[0.140s] Level 1:colcon.colcon_core.package_identification:_identify(install) by extension 'ignore'
[0.140s] Level 1:colcon.colcon_core.package_identification:_identify(install) ignored
[0.140s] Level 1:colcon.colcon_core.package_identification:_identify(log) by extensions ['ignore', 'ignore_ament_install']
[0.140s] Level 1:colcon.colcon_core.package_identification:_identify(log) by extension 'ignore'
[0.140s] Level 1:colcon.colcon_core.package_identification:_identify(log) ignored
[0.140s] Level 1:colcon.colcon_core.package_identification:_identify(src) by extensions ['ignore', 'ignore_ament_install']
[0.140s] Level 1:colcon.colcon_core.package_identification:_identify(src) by extension 'ignore'
[0.140s] Level 1:colcon.colcon_core.package_identification:_identify(src) by extension 'ignore_ament_install'
[0.140s] Level 1:colcon.colcon_core.package_identification:_identify(src) by extensions ['colcon_pkg']
[0.140s] Level 1:colcon.colcon_core.package_identification:_identify(src) by extension 'colcon_pkg'
[0.140s] Level 1:colcon.colcon_core.package_identification:_identify(src) by extensions ['colcon_meta']
[0.140s] Level 1:colcon.colcon_core.package_identification:_identify(src) by extension 'colcon_meta'
[0.140s] Level 1:colcon.colcon_core.package_identification:_identify(src) by extensions ['ros']
[0.140s] Level 1:colcon.colcon_core.package_identification:_identify(src) by extension 'ros'
[0.140s] Level 1:colcon.colcon_core.package_identification:_identify(src) by extensions ['cmake', 'python']
[0.140s] Level 1:colcon.colcon_core.package_identification:_identify(src) by extension 'cmake'
[0.140s] Level 1:colcon.colcon_core.package_identification:_identify(src) by extension 'python'
[0.140s] Level 1:colcon.colcon_core.package_identification:_identify(src) by extensions ['python_setup_py']
[0.141s] Level 1:colcon.colcon_core.package_identification:_identify(src) by extension 'python_setup_py'
[0.141s] Level 1:colcon.colcon_core.package_identification:_identify(src/status_display) by extensions ['ignore', 'ignore_ament_install']
[0.141s] Level 1:colcon.colcon_core.package_identification:_identify(src/status_display) by extension 'ignore'
[0.141s] Level 1:colcon.colcon_core.package_identification:_identify(src/status_display) by extension 'ignore_ament_install'
[0.141s] Level 1:colcon.colcon_core.package_identification:_identify(src/status_display) by extensions ['colcon_pkg']
[0.141s] Level 1:colcon.colcon_core.package_identification:_identify(src/status_display) by extension 'colcon_pkg'
[0.141s] Level 1:colcon.colcon_core.package_identification:_identify(src/status_display) by extensions ['colcon_meta']
[0.141s] Level 1:colcon.colcon_core.package_identification:_identify(src/status_display) by extension 'colcon_meta'
[0.141s] Level 1:colcon.colcon_core.package_identification:_identify(src/status_display) by extensions ['ros']
[0.141s] Level 1:colcon.colcon_core.package_identification:_identify(src/status_display) by extension 'ros'
[0.142s] DEBUG:colcon.colcon_core.package_identification:Package 'src/status_display' with type 'ros.ament_cmake' and name 'status_display'
[0.142s] Level 1:colcon.colcon_core.package_identification:_identify(src/status_interfaces) by extensions ['ignore', 'ignore_ament_install']
[0.142s] Level 1:colcon.colcon_core.package_identification:_identify(src/status_interfaces) by extension 'ignore'
[0.142s] Level 1:colcon.colcon_core.package_identification:_identify(src/status_interfaces) by extension 'ignore_ament_install'
[0.142s] Level 1:colcon.colcon_core.package_identification:_identify(src/status_interfaces) by extensions ['colcon_pkg']
[0.142s] Level 1:colcon.colcon_core.package_identification:_identify(src/status_interfaces) by extension 'colcon_pkg'
[0.142s] Level 1:colcon.colcon_core.package_identification:_identify(src/status_interfaces) by extensions ['colcon_meta']
[0.142s] Level 1:colcon.colcon_core.package_identification:_identify(src/status_interfaces) by extension 'colcon_meta'
[0.142s] Level 1:colcon.colcon_core.package_identification:_identify(src/status_interfaces) by extensions ['ros']
[0.142s] Level 1:colcon.colcon_core.package_identification:_identify(src/status_interfaces) by extension 'ros'
[0.143s] DEBUG:colcon.colcon_core.package_identification:Package 'src/status_interfaces' with type 'ros.ament_cmake' and name 'status_interfaces'
[0.143s] Level 1:colcon.colcon_core.package_identification:_identify(src/status_publisher) by extensions ['ignore', 'ignore_ament_install']
[0.143s] Level 1:colcon.colcon_core.package_identification:_identify(src/status_publisher) by extension 'ignore'
[0.143s] Level 1:colcon.colcon_core.package_identification:_identify(src/status_publisher) by extension 'ignore_ament_install'
[0.143s] Level 1:colcon.colcon_core.package_identification:_identify(src/status_publisher) by extensions ['colcon_pkg']
[0.143s] Level 1:colcon.colcon_core.package_identification:_identify(src/status_publisher) by extension 'colcon_pkg'
[0.143s] Level 1:colcon.colcon_core.package_identification:_identify(src/status_publisher) by extensions ['colcon_meta']
[0.143s] Level 1:colcon.colcon_core.package_identification:_identify(src/status_publisher) by extension 'colcon_meta'
[0.143s] Level 1:colcon.colcon_core.package_identification:_identify(src/status_publisher) by extensions ['ros']
[0.143s] Level 1:colcon.colcon_core.package_identification:_identify(src/status_publisher) by extension 'ros'
[0.143s] DEBUG:colcon.colcon_core.package_identification:Package 'src/status_publisher' with type 'ros.ament_python' and name 'status_publisher'
[0.143s] Level 1:colcon.colcon_core.package_discovery:discover_packages(recursive) using defaults
[0.143s] Level 1:colcon.colcon_core.package_discovery:discover_packages(ignore) discover
[0.143s] Level 1:colcon.colcon_core.package_discovery:discover_packages(ignore) using defaults
[0.143s] Level 1:colcon.colcon_core.package_discovery:discover_packages(path) discover
[0.143s] Level 1:colcon.colcon_core.package_discovery:discover_packages(path) using defaults
[0.159s] Level 1:colcon.colcon_core.package_discovery:discover_packages(prefix_path) check parameters
[0.159s] Level 1:colcon.colcon_core.package_discovery:discover_packages(prefix_path) discover
[0.159s] DEBUG:colcon.colcon_installed_package_information.package_discovery:Found 3 installed packages in /home/nayr/FishRos/ch3/topic_practice_ws/install
[0.160s] DEBUG:colcon.colcon_installed_package_information.package_discovery:Found 271 installed packages in /opt/ros/humble
[0.160s] Level 1:colcon.colcon_core.package_discovery:discover_packages(prefix_path) using defaults
[0.176s] Level 5:colcon.colcon_core.verb:set package 'status_interfaces' build argument 'cmake_args' from command line to 'None'
[0.176s] Level 5:colcon.colcon_core.verb:set package 'status_interfaces' build argument 'cmake_target' from command line to 'None'
[0.176s] Level 5:colcon.colcon_core.verb:set package 'status_interfaces' build argument 'cmake_target_skip_unavailable' from command line to 'False'
[0.176s] Level 5:colcon.colcon_core.verb:set package 'status_interfaces' build argument 'cmake_clean_cache' from command line to 'False'
[0.176s] Level 5:colcon.colcon_core.verb:set package 'status_interfaces' build argument 'cmake_clean_first' from command line to 'False'
[0.176s] Level 5:colcon.colcon_core.verb:set package 'status_interfaces' build argument 'cmake_force_configure' from command line to 'False'
[0.176s] Level 5:colcon.colcon_core.verb:set package 'status_interfaces' build argument 'ament_cmake_args' from command line to 'None'
[0.176s] Level 5:colcon.colcon_core.verb:set package 'status_interfaces' build argument 'catkin_cmake_args' from command line to 'None'
[0.176s] Level 5:colcon.colcon_core.verb:set package 'status_interfaces' build argument 'catkin_skip_building_tests' from command line to 'False'
[0.176s] DEBUG:colcon.colcon_core.verb:Building package 'status_interfaces' with the following arguments: {'ament_cmake_args': None, 'build_base': '/home/nayr/FishRos/ch3/topic_practice_ws/build/status_interfaces', 'catkin_cmake_args': None, 'catkin_skip_building_tests': False, 'cmake_args': None, 'cmake_clean_cache': False, 'cmake_clean_first': False, 'cmake_force_configure': False, 'cmake_target': None, 'cmake_target_skip_unavailable': False, 'install_base': '/home/nayr/FishRos/ch3/topic_practice_ws/install/status_interfaces', 'merge_install': False, 'path': '/home/nayr/FishRos/ch3/topic_practice_ws/src/status_interfaces', 'symlink_install': False, 'test_result_base': None}
[0.176s] Level 5:colcon.colcon_core.verb:set package 'status_display' build argument 'cmake_args' from command line to 'None'
[0.176s] Level 5:colcon.colcon_core.verb:set package 'status_display' build argument 'cmake_target' from command line to 'None'
[0.176s] Level 5:colcon.colcon_core.verb:set package 'status_display' build argument 'cmake_target_skip_unavailable' from command line to 'False'
[0.176s] Level 5:colcon.colcon_core.verb:set package 'status_display' build argument 'cmake_clean_cache' from command line to 'False'
[0.176s] Level 5:colcon.colcon_core.verb:set package 'status_display' build argument 'cmake_clean_first' from command line to 'False'
[0.176s] Level 5:colcon.colcon_core.verb:set package 'status_display' build argument 'cmake_force_configure' from command line to 'False'
[0.176s] Level 5:colcon.colcon_core.verb:set package 'status_display' build argument 'ament_cmake_args' from command line to 'None'
[0.176s] Level 5:colcon.colcon_core.verb:set package 'status_display' build argument 'catkin_cmake_args' from command line to 'None'
[0.176s] Level 5:colcon.colcon_core.verb:set package 'status_display' build argument 'catkin_skip_building_tests' from command line to 'False'
[0.176s] DEBUG:colcon.colcon_core.verb:Building package 'status_display' with the following arguments: {'ament_cmake_args': None, 'build_base': '/home/nayr/FishRos/ch3/topic_practice_ws/build/status_display', 'catkin_cmake_args': None, 'catkin_skip_building_tests': False, 'cmake_args': None, 'cmake_clean_cache': False, 'cmake_clean_first': False, 'cmake_force_configure': False, 'cmake_target': None, 'cmake_target_skip_unavailable': False, 'install_base': '/home/nayr/FishRos/ch3/topic_practice_ws/install/status_display', 'merge_install': False, 'path': '/home/nayr/FishRos/ch3/topic_practice_ws/src/status_display', 'symlink_install': False, 'test_result_base': None}
[0.177s] Level 5:colcon.colcon_core.verb:set package 'status_publisher' build argument 'cmake_args' from command line to 'None'
[0.177s] Level 5:colcon.colcon_core.verb:set package 'status_publisher' build argument 'cmake_target' from command line to 'None'
[0.177s] Level 5:colcon.colcon_core.verb:set package 'status_publisher' build argument 'cmake_target_skip_unavailable' from command line to 'False'
[0.177s] Level 5:colcon.colcon_core.verb:set package 'status_publisher' build argument 'cmake_clean_cache' from command line to 'False'
[0.177s] Level 5:colcon.colcon_core.verb:set package 'status_publisher' build argument 'cmake_clean_first' from command line to 'False'
[0.177s] Level 5:colcon.colcon_core.verb:set package 'status_publisher' build argument 'cmake_force_configure' from command line to 'False'
[0.177s] Level 5:colcon.colcon_core.verb:set package 'status_publisher' build argument 'ament_cmake_args' from command line to 'None'
[0.177s] Level 5:colcon.colcon_core.verb:set package 'status_publisher' build argument 'catkin_cmake_args' from command line to 'None'
[0.177s] Level 5:colcon.colcon_core.verb:set package 'status_publisher' build argument 'catkin_skip_building_tests' from command line to 'False'
[0.177s] DEBUG:colcon.colcon_core.verb:Building package 'status_publisher' with the following arguments: {'ament_cmake_args': None, 'build_base': '/home/nayr/FishRos/ch3/topic_practice_ws/build/status_publisher', 'catkin_cmake_args': None, 'catkin_skip_building_tests': False, 'cmake_args': None, 'cmake_clean_cache': False, 'cmake_clean_first': False, 'cmake_force_configure': False, 'cmake_target': None, 'cmake_target_skip_unavailable': False, 'install_base': '/home/nayr/FishRos/ch3/topic_practice_ws/install/status_publisher', 'merge_install': False, 'path': '/home/nayr/FishRos/ch3/topic_practice_ws/src/status_publisher', 'symlink_install': False, 'test_result_base': None}
[0.177s] INFO:colcon.colcon_core.executor:Executing jobs using 'parallel' executor
[0.177s] DEBUG:colcon.colcon_parallel_executor.executor.parallel:run_until_complete
[0.177s] INFO:colcon.colcon_ros.task.ament_cmake.build:Building ROS package in '/home/nayr/FishRos/ch3/topic_practice_ws/src/status_interfaces' with build type 'ament_cmake'
[0.177s] INFO:colcon.colcon_cmake.task.cmake.build:Building CMake package in '/home/nayr/FishRos/ch3/topic_practice_ws/src/status_interfaces'
[0.178s] INFO:colcon.colcon_core.plugin_system:Skipping extension 'colcon_core.shell.bat': Not used on non-Windows systems
[0.178s] INFO:colcon.colcon_core.shell:Skip shell extension 'powershell' for command environment: Not usable outside of PowerShell
[0.178s] DEBUG:colcon.colcon_core.shell:Skip shell extension 'dsv' for command environment
[0.182s] DEBUG:colcon.colcon_core.event_handler.log_command:Invoking command in '/home/nayr/FishRos/ch3/topic_practice_ws/build/status_interfaces': CMAKE_PREFIX_PATH=${CMAKE_PREFIX_PATH}:/home/nayr/FishRos/ch3/topic_practice_ws/install/status_publisher:/opt/ros/humble /usr/bin/cmake --build /home/nayr/FishRos/ch3/topic_practice_ws/build/status_interfaces -- -j4 -l4
[0.347s] DEBUG:colcon.colcon_core.event_handler.log_command:Invoked command in '/home/nayr/FishRos/ch3/topic_practice_ws/build/status_interfaces' returned '0': CMAKE_PREFIX_PATH=${CMAKE_PREFIX_PATH}:/home/nayr/FishRos/ch3/topic_practice_ws/install/status_publisher:/opt/ros/humble /usr/bin/cmake --build /home/nayr/FishRos/ch3/topic_practice_ws/build/status_interfaces -- -j4 -l4
[0.351s] DEBUG:colcon.colcon_core.event_handler.log_command:Invoking command in '/home/nayr/FishRos/ch3/topic_practice_ws/build/status_interfaces': CMAKE_PREFIX_PATH=${CMAKE_PREFIX_PATH}:/home/nayr/FishRos/ch3/topic_practice_ws/install/status_publisher:/opt/ros/humble /usr/bin/cmake --install /home/nayr/FishRos/ch3/topic_practice_ws/build/status_interfaces
[0.373s] Level 1:colcon.colcon_core.environment:create_environment_scripts_only(status_interfaces)
[0.375s] DEBUG:colcon.colcon_core.event_handler.log_command:Invoked command in '/home/nayr/FishRos/ch3/topic_practice_ws/build/status_interfaces' returned '0': CMAKE_PREFIX_PATH=${CMAKE_PREFIX_PATH}:/home/nayr/FishRos/ch3/topic_practice_ws/install/status_publisher:/opt/ros/humble /usr/bin/cmake --install /home/nayr/FishRos/ch3/topic_practice_ws/build/status_interfaces
[0.376s] Level 1:colcon.colcon_core.environment:checking '/home/nayr/FishRos/ch3/topic_practice_ws/install/status_interfaces' for CMake module files
[0.376s] Level 1:colcon.colcon_core.environment:checking '/home/nayr/FishRos/ch3/topic_practice_ws/install/status_interfaces' for CMake config files
[0.376s] Level 1:colcon.colcon_core.shell:create_environment_hook('status_interfaces', 'cmake_prefix_path')
[0.376s] INFO:colcon.colcon_core.shell:Creating environment hook '/home/nayr/FishRos/ch3/topic_practice_ws/install/status_interfaces/share/status_interfaces/hook/cmake_prefix_path.ps1'
[0.376s] INFO:colcon.colcon_core.shell:Creating environment descriptor '/home/nayr/FishRos/ch3/topic_practice_ws/install/status_interfaces/share/status_interfaces/hook/cmake_prefix_path.dsv'
[0.377s] INFO:colcon.colcon_core.shell:Creating environment hook '/home/nayr/FishRos/ch3/topic_practice_ws/install/status_interfaces/share/status_interfaces/hook/cmake_prefix_path.sh'
[0.377s] Level 1:colcon.colcon_core.environment:checking '/home/nayr/FishRos/ch3/topic_practice_ws/install/status_interfaces/lib'
[0.377s] Level 1:colcon.colcon_core.shell:create_environment_hook('status_interfaces', 'ld_library_path_lib')
[0.377s] INFO:colcon.colcon_core.shell:Creating environment hook '/home/nayr/FishRos/ch3/topic_practice_ws/install/status_interfaces/share/status_interfaces/hook/ld_library_path_lib.ps1'
[0.377s] INFO:colcon.colcon_core.shell:Creating environment descriptor '/home/nayr/FishRos/ch3/topic_practice_ws/install/status_interfaces/share/status_interfaces/hook/ld_library_path_lib.dsv'
[0.377s] INFO:colcon.colcon_core.shell:Creating environment hook '/home/nayr/FishRos/ch3/topic_practice_ws/install/status_interfaces/share/status_interfaces/hook/ld_library_path_lib.sh'
[0.377s] Level 1:colcon.colcon_core.environment:checking '/home/nayr/FishRos/ch3/topic_practice_ws/install/status_interfaces/bin'
[0.378s] Level 1:colcon.colcon_core.environment:checking '/home/nayr/FishRos/ch3/topic_practice_ws/install/status_interfaces/lib/pkgconfig/status_interfaces.pc'
[0.378s] Level 1:colcon.colcon_core.environment:checking '/home/nayr/FishRos/ch3/topic_practice_ws/install/status_interfaces/lib/python3.10/site-packages'
[0.378s] Level 1:colcon.colcon_core.environment:checking '/home/nayr/FishRos/ch3/topic_practice_ws/install/status_interfaces/bin'
[0.378s] INFO:colcon.colcon_core.shell:Creating package script '/home/nayr/FishRos/ch3/topic_practice_ws/install/status_interfaces/share/status_interfaces/package.ps1'
[0.378s] INFO:colcon.colcon_core.shell:Creating package descriptor '/home/nayr/FishRos/ch3/topic_practice_ws/install/status_interfaces/share/status_interfaces/package.dsv'
[0.379s] INFO:colcon.colcon_core.shell:Creating package script '/home/nayr/FishRos/ch3/topic_practice_ws/install/status_interfaces/share/status_interfaces/package.sh'
[0.379s] INFO:colcon.colcon_core.shell:Creating package script '/home/nayr/FishRos/ch3/topic_practice_ws/install/status_interfaces/share/status_interfaces/package.bash'
[0.379s] INFO:colcon.colcon_core.shell:Creating package script '/home/nayr/FishRos/ch3/topic_practice_ws/install/status_interfaces/share/status_interfaces/package.zsh'
[0.379s] Level 1:colcon.colcon_core.environment:create_file_with_runtime_dependencies(/home/nayr/FishRos/ch3/topic_practice_ws/install/status_interfaces/share/colcon-core/packages/status_interfaces)
[0.380s] Level 1:colcon.colcon_core.environment:create_environment_scripts_only(status_interfaces)
[0.380s] Level 1:colcon.colcon_core.environment:checking '/home/nayr/FishRos/ch3/topic_practice_ws/install/status_interfaces' for CMake module files
[0.380s] Level 1:colcon.colcon_core.environment:checking '/home/nayr/FishRos/ch3/topic_practice_ws/install/status_interfaces' for CMake config files
[0.380s] Level 1:colcon.colcon_core.shell:create_environment_hook('status_interfaces', 'cmake_prefix_path')
[0.380s] INFO:colcon.colcon_core.shell:Creating environment hook '/home/nayr/FishRos/ch3/topic_practice_ws/install/status_interfaces/share/status_interfaces/hook/cmake_prefix_path.ps1'
[0.380s] INFO:colcon.colcon_core.shell:Creating environment descriptor '/home/nayr/FishRos/ch3/topic_practice_ws/install/status_interfaces/share/status_interfaces/hook/cmake_prefix_path.dsv'
[0.381s] INFO:colcon.colcon_core.shell:Creating environment hook '/home/nayr/FishRos/ch3/topic_practice_ws/install/status_interfaces/share/status_interfaces/hook/cmake_prefix_path.sh'
[0.381s] Level 1:colcon.colcon_core.environment:checking '/home/nayr/FishRos/ch3/topic_practice_ws/install/status_interfaces/lib'
[0.381s] Level 1:colcon.colcon_core.shell:create_environment_hook('status_interfaces', 'ld_library_path_lib')
[0.381s] INFO:colcon.colcon_core.shell:Creating environment hook '/home/nayr/FishRos/ch3/topic_practice_ws/install/status_interfaces/share/status_interfaces/hook/ld_library_path_lib.ps1'
[0.381s] INFO:colcon.colcon_core.shell:Creating environment descriptor '/home/nayr/FishRos/ch3/topic_practice_ws/install/status_interfaces/share/status_interfaces/hook/ld_library_path_lib.dsv'
[0.381s] INFO:colcon.colcon_core.shell:Creating environment hook '/home/nayr/FishRos/ch3/topic_practice_ws/install/status_interfaces/share/status_interfaces/hook/ld_library_path_lib.sh'
[0.381s] Level 1:colcon.colcon_core.environment:checking '/home/nayr/FishRos/ch3/topic_practice_ws/install/status_interfaces/bin'
[0.382s] Level 1:colcon.colcon_core.environment:checking '/home/nayr/FishRos/ch3/topic_practice_ws/install/status_interfaces/lib/pkgconfig/status_interfaces.pc'
[0.382s] Level 1:colcon.colcon_core.environment:checking '/home/nayr/FishRos/ch3/topic_practice_ws/install/status_interfaces/lib/python3.10/site-packages'
[0.382s] Level 1:colcon.colcon_core.environment:checking '/home/nayr/FishRos/ch3/topic_practice_ws/install/status_interfaces/bin'
[0.382s] INFO:colcon.colcon_core.shell:Creating package script '/home/nayr/FishRos/ch3/topic_practice_ws/install/status_interfaces/share/status_interfaces/package.ps1'
[0.382s] INFO:colcon.colcon_core.shell:Creating package descriptor '/home/nayr/FishRos/ch3/topic_practice_ws/install/status_interfaces/share/status_interfaces/package.dsv'
[0.382s] INFO:colcon.colcon_core.shell:Creating package script '/home/nayr/FishRos/ch3/topic_practice_ws/install/status_interfaces/share/status_interfaces/package.sh'
[0.382s] INFO:colcon.colcon_core.shell:Creating package script '/home/nayr/FishRos/ch3/topic_practice_ws/install/status_interfaces/share/status_interfaces/package.bash'
[0.383s] INFO:colcon.colcon_core.shell:Creating package script '/home/nayr/FishRos/ch3/topic_practice_ws/install/status_interfaces/share/status_interfaces/package.zsh'
[0.383s] Level 1:colcon.colcon_core.environment:create_file_with_runtime_dependencies(/home/nayr/FishRos/ch3/topic_practice_ws/install/status_interfaces/share/colcon-core/packages/status_interfaces)
[0.383s] INFO:colcon.colcon_ros.task.ament_cmake.build:Building ROS package in '/home/nayr/FishRos/ch3/topic_practice_ws/src/status_display' with build type 'ament_cmake'
[0.383s] INFO:colcon.colcon_cmake.task.cmake.build:Building CMake package in '/home/nayr/FishRos/ch3/topic_practice_ws/src/status_display'
[0.383s] INFO:colcon.colcon_core.shell:Skip shell extension 'powershell' for command environment: Not usable outside of PowerShell
[0.383s] DEBUG:colcon.colcon_core.shell:Skip shell extension 'dsv' for command environment
[0.385s] INFO:colcon.colcon_ros.task.ament_python.build:Building ROS package in '/home/nayr/FishRos/ch3/topic_practice_ws/src/status_publisher' with build type 'ament_python'
[0.385s] Level 1:colcon.colcon_core.shell:create_environment_hook('status_publisher', 'ament_prefix_path')
[0.385s] INFO:colcon.colcon_core.shell:Creating environment hook '/home/nayr/FishRos/ch3/topic_practice_ws/install/status_publisher/share/status_publisher/hook/ament_prefix_path.ps1'
[0.385s] INFO:colcon.colcon_core.shell:Creating environment descriptor '/home/nayr/FishRos/ch3/topic_practice_ws/install/status_publisher/share/status_publisher/hook/ament_prefix_path.dsv'
[0.386s] INFO:colcon.colcon_core.shell:Creating environment hook '/home/nayr/FishRos/ch3/topic_practice_ws/install/status_publisher/share/status_publisher/hook/ament_prefix_path.sh'
[0.386s] INFO:colcon.colcon_core.shell:Skip shell extension 'powershell' for command environment: Not usable outside of PowerShell
[0.386s] DEBUG:colcon.colcon_core.shell:Skip shell extension 'dsv' for command environment
[0.389s] DEBUG:colcon.colcon_core.event_handler.log_command:Invoking command in '/home/nayr/FishRos/ch3/topic_practice_ws/build/status_display': CMAKE_PREFIX_PATH=/home/nayr/FishRos/ch3/topic_practice_ws/install/status_interfaces:/home/nayr/FishRos/ch3/topic_practice_ws/install/status_display:/home/nayr/FishRos/ch3/topic_practice_ws/install/status_publisher:/opt/ros/humble /usr/bin/cmake --build /home/nayr/FishRos/ch3/topic_practice_ws/build/status_display -- -j4 -l4
[0.497s] INFO:colcon.colcon_core.task.python.build:Building Python package in '/home/nayr/FishRos/ch3/topic_practice_ws/src/status_publisher'
[0.497s] INFO:colcon.colcon_core.shell:Skip shell extension 'powershell' for command environment: Not usable outside of PowerShell
[0.497s] DEBUG:colcon.colcon_core.shell:Skip shell extension 'dsv' for command environment
[0.649s] DEBUG:colcon.colcon_core.event_handler.log_command:Invoking command in '/home/nayr/FishRos/ch3/topic_practice_ws/src/status_publisher': CMAKE_PREFIX_PATH=/home/nayr/FishRos/ch3/topic_practice_ws/install/status_interfaces:/home/nayr/FishRos/ch3/topic_practice_ws/install/status_display PYTHONPATH=/home/nayr/FishRos/ch3/topic_practice_ws/build/status_publisher/prefix_override:/usr/lib/python3/dist-packages/colcon_core/task/python/colcon_distutils_commands:/home/nayr/FishRos/ch3/topic_practice_ws/install/status_publisher/lib/python3.10/site-packages:${PYTHONPATH} /usr/bin/python3 -W ignore:setup.py install is deprecated -W ignore:easy_install command is deprecated setup.py egg_info --egg-base ../../build/status_publisher build --build-base /home/nayr/FishRos/ch3/topic_practice_ws/build/status_publisher/build install --record /home/nayr/FishRos/ch3/topic_practice_ws/build/status_publisher/install.log --single-version-externally-managed install_data
[0.775s] Level 1:colcon.colcon_core.environment:checking '/home/nayr/FishRos/ch3/topic_practice_ws/install/status_publisher' for CMake module files
[0.775s] Level 1:colcon.colcon_core.environment:checking '/home/nayr/FishRos/ch3/topic_practice_ws/install/status_publisher' for CMake config files
[0.775s] Level 1:colcon.colcon_core.environment:checking '/home/nayr/FishRos/ch3/topic_practice_ws/install/status_publisher/lib'
[0.775s] Level 1:colcon.colcon_core.environment:checking '/home/nayr/FishRos/ch3/topic_practice_ws/install/status_publisher/bin'
[0.775s] Level 1:colcon.colcon_core.environment:checking '/home/nayr/FishRos/ch3/topic_practice_ws/install/status_publisher/lib/pkgconfig/status_publisher.pc'
[0.776s] Level 1:colcon.colcon_core.environment:checking '/home/nayr/FishRos/ch3/topic_practice_ws/install/status_publisher/lib/python3.10/site-packages'
[0.776s] Level 1:colcon.colcon_core.shell:create_environment_hook('status_publisher', 'pythonpath')
[0.776s] INFO:colcon.colcon_core.shell:Creating environment hook '/home/nayr/FishRos/ch3/topic_practice_ws/install/status_publisher/share/status_publisher/hook/pythonpath.ps1'
[0.776s] INFO:colcon.colcon_core.shell:Creating environment descriptor '/home/nayr/FishRos/ch3/topic_practice_ws/install/status_publisher/share/status_publisher/hook/pythonpath.dsv'
[0.776s] INFO:colcon.colcon_core.shell:Creating environment hook '/home/nayr/FishRos/ch3/topic_practice_ws/install/status_publisher/share/status_publisher/hook/pythonpath.sh'
[0.776s] Level 1:colcon.colcon_core.environment:checking '/home/nayr/FishRos/ch3/topic_practice_ws/install/status_publisher/bin'
[0.776s] Level 1:colcon.colcon_core.environment:create_environment_scripts_only(status_publisher)
[0.777s] INFO:colcon.colcon_core.shell:Creating package script '/home/nayr/FishRos/ch3/topic_practice_ws/install/status_publisher/share/status_publisher/package.ps1'
[0.777s] INFO:colcon.colcon_core.shell:Creating package descriptor '/home/nayr/FishRos/ch3/topic_practice_ws/install/status_publisher/share/status_publisher/package.dsv'
[0.777s] INFO:colcon.colcon_core.shell:Creating package script '/home/nayr/FishRos/ch3/topic_practice_ws/install/status_publisher/share/status_publisher/package.sh'
[0.777s] INFO:colcon.colcon_core.shell:Creating package script '/home/nayr/FishRos/ch3/topic_practice_ws/install/status_publisher/share/status_publisher/package.bash'
[0.777s] INFO:colcon.colcon_core.shell:Creating package script '/home/nayr/FishRos/ch3/topic_practice_ws/install/status_publisher/share/status_publisher/package.zsh'
[0.778s] Level 1:colcon.colcon_core.environment:create_file_with_runtime_dependencies(/home/nayr/FishRos/ch3/topic_practice_ws/install/status_publisher/share/colcon-core/packages/status_publisher)
[0.778s] DEBUG:colcon.colcon_core.event_handler.log_command:Invoked command in '/home/nayr/FishRos/ch3/topic_practice_ws/src/status_publisher' returned '0': CMAKE_PREFIX_PATH=/home/nayr/FishRos/ch3/topic_practice_ws/install/status_interfaces:/home/nayr/FishRos/ch3/topic_practice_ws/install/status_display PYTHONPATH=/home/nayr/FishRos/ch3/topic_practice_ws/build/status_publisher/prefix_override:/usr/lib/python3/dist-packages/colcon_core/task/python/colcon_distutils_commands:/home/nayr/FishRos/ch3/topic_practice_ws/install/status_publisher/lib/python3.10/site-packages:${PYTHONPATH} /usr/bin/python3 -W ignore:setup.py install is deprecated -W ignore:easy_install command is deprecated setup.py egg_info --egg-base ../../build/status_publisher build --build-base /home/nayr/FishRos/ch3/topic_practice_ws/build/status_publisher/build install --record /home/nayr/FishRos/ch3/topic_practice_ws/build/status_publisher/install.log --single-version-externally-managed install_data
[4.467s] DEBUG:colcon.colcon_core.event_handler.log_command:Invoked command in '/home/nayr/FishRos/ch3/topic_practice_ws/build/status_display' returned '0': CMAKE_PREFIX_PATH=/home/nayr/FishRos/ch3/topic_practice_ws/install/status_interfaces:/home/nayr/FishRos/ch3/topic_practice_ws/install/status_display:/home/nayr/FishRos/ch3/topic_practice_ws/install/status_publisher:/opt/ros/humble /usr/bin/cmake --build /home/nayr/FishRos/ch3/topic_practice_ws/build/status_display -- -j4 -l4
[4.468s] DEBUG:colcon.colcon_core.event_handler.log_command:Invoking command in '/home/nayr/FishRos/ch3/topic_practice_ws/build/status_display': CMAKE_PREFIX_PATH=/home/nayr/FishRos/ch3/topic_practice_ws/install/status_interfaces:/home/nayr/FishRos/ch3/topic_practice_ws/install/status_display:/home/nayr/FishRos/ch3/topic_practice_ws/install/status_publisher:/opt/ros/humble /usr/bin/cmake --install /home/nayr/FishRos/ch3/topic_practice_ws/build/status_display
[4.475s] Level 1:colcon.colcon_core.environment:create_environment_scripts_only(status_display)
[4.475s] Level 1:colcon.colcon_core.environment:checking '/home/nayr/FishRos/ch3/topic_practice_ws/install/status_display' for CMake module files
[4.475s] DEBUG:colcon.colcon_core.event_handler.log_command:Invoked command in '/home/nayr/FishRos/ch3/topic_practice_ws/build/status_display' returned '0': CMAKE_PREFIX_PATH=/home/nayr/FishRos/ch3/topic_practice_ws/install/status_interfaces:/home/nayr/FishRos/ch3/topic_practice_ws/install/status_display:/home/nayr/FishRos/ch3/topic_practice_ws/install/status_publisher:/opt/ros/humble /usr/bin/cmake --install /home/nayr/FishRos/ch3/topic_practice_ws/build/status_display
[4.475s] Level 1:colcon.colcon_core.environment:checking '/home/nayr/FishRos/ch3/topic_practice_ws/install/status_display' for CMake config files
[4.475s] Level 1:colcon.colcon_core.shell:create_environment_hook('status_display', 'cmake_prefix_path')
[4.475s] INFO:colcon.colcon_core.shell:Creating environment hook '/home/nayr/FishRos/ch3/topic_practice_ws/install/status_display/share/status_display/hook/cmake_prefix_path.ps1'
[4.476s] INFO:colcon.colcon_core.shell:Creating environment descriptor '/home/nayr/FishRos/ch3/topic_practice_ws/install/status_display/share/status_display/hook/cmake_prefix_path.dsv'
[4.476s] INFO:colcon.colcon_core.shell:Creating environment hook '/home/nayr/FishRos/ch3/topic_practice_ws/install/status_display/share/status_display/hook/cmake_prefix_path.sh'
[4.476s] Level 1:colcon.colcon_core.environment:checking '/home/nayr/FishRos/ch3/topic_practice_ws/install/status_display/lib'
[4.476s] Level 1:colcon.colcon_core.environment:checking '/home/nayr/FishRos/ch3/topic_practice_ws/install/status_display/bin'
[4.476s] Level 1:colcon.colcon_core.environment:checking '/home/nayr/FishRos/ch3/topic_practice_ws/install/status_display/lib/pkgconfig/status_display.pc'
[4.476s] Level 1:colcon.colcon_core.environment:checking '/home/nayr/FishRos/ch3/topic_practice_ws/install/status_display/lib/python3.10/site-packages'
[4.476s] Level 1:colcon.colcon_core.environment:checking '/home/nayr/FishRos/ch3/topic_practice_ws/install/status_display/bin'
[4.477s] INFO:colcon.colcon_core.shell:Creating package script '/home/nayr/FishRos/ch3/topic_practice_ws/install/status_display/share/status_display/package.ps1'
[4.477s] INFO:colcon.colcon_core.shell:Creating package descriptor '/home/nayr/FishRos/ch3/topic_practice_ws/install/status_display/share/status_display/package.dsv'
[4.477s] INFO:colcon.colcon_core.shell:Creating package script '/home/nayr/FishRos/ch3/topic_practice_ws/install/status_display/share/status_display/package.sh'
[4.477s] INFO:colcon.colcon_core.shell:Creating package script '/home/nayr/FishRos/ch3/topic_practice_ws/install/status_display/share/status_display/package.bash'
[4.477s] INFO:colcon.colcon_core.shell:Creating package script '/home/nayr/FishRos/ch3/topic_practice_ws/install/status_display/share/status_display/package.zsh'
[4.477s] Level 1:colcon.colcon_core.environment:create_file_with_runtime_dependencies(/home/nayr/FishRos/ch3/topic_practice_ws/install/status_display/share/colcon-core/packages/status_display)
[4.478s] Level 1:colcon.colcon_core.environment:create_environment_scripts_only(status_display)
[4.478s] Level 1:colcon.colcon_core.environment:checking '/home/nayr/FishRos/ch3/topic_practice_ws/install/status_display' for CMake module files
[4.478s] Level 1:colcon.colcon_core.environment:checking '/home/nayr/FishRos/ch3/topic_practice_ws/install/status_display' for CMake config files
[4.478s] Level 1:colcon.colcon_core.shell:create_environment_hook('status_display', 'cmake_prefix_path')
[4.478s] INFO:colcon.colcon_core.shell:Creating environment hook '/home/nayr/FishRos/ch3/topic_practice_ws/install/status_display/share/status_display/hook/cmake_prefix_path.ps1'
[4.478s] INFO:colcon.colcon_core.shell:Creating environment descriptor '/home/nayr/FishRos/ch3/topic_practice_ws/install/status_display/share/status_display/hook/cmake_prefix_path.dsv'
[4.478s] INFO:colcon.colcon_core.shell:Creating environment hook '/home/nayr/FishRos/ch3/topic_practice_ws/install/status_display/share/status_display/hook/cmake_prefix_path.sh'
[4.479s] Level 1:colcon.colcon_core.environment:checking '/home/nayr/FishRos/ch3/topic_practice_ws/install/status_display/lib'
[4.479s] Level 1:colcon.colcon_core.environment:checking '/home/nayr/FishRos/ch3/topic_practice_ws/install/status_display/bin'
[4.479s] Level 1:colcon.colcon_core.environment:checking '/home/nayr/FishRos/ch3/topic_practice_ws/install/status_display/lib/pkgconfig/status_display.pc'
[4.479s] Level 1:colcon.colcon_core.environment:checking '/home/nayr/FishRos/ch3/topic_practice_ws/install/status_display/lib/python3.10/site-packages'
[4.479s] Level 1:colcon.colcon_core.environment:checking '/home/nayr/FishRos/ch3/topic_practice_ws/install/status_display/bin'
[4.479s] INFO:colcon.colcon_core.shell:Creating package script '/home/nayr/FishRos/ch3/topic_practice_ws/install/status_display/share/status_display/package.ps1'
[4.479s] INFO:colcon.colcon_core.shell:Creating package descriptor '/home/nayr/FishRos/ch3/topic_practice_ws/install/status_display/share/status_display/package.dsv'
[4.479s] INFO:colcon.colcon_core.shell:Creating package script '/home/nayr/FishRos/ch3/topic_practice_ws/install/status_display/share/status_display/package.sh'
[4.479s] INFO:colcon.colcon_core.shell:Creating package script '/home/nayr/FishRos/ch3/topic_practice_ws/install/status_display/share/status_display/package.bash'
[4.479s] INFO:colcon.colcon_core.shell:Creating package script '/home/nayr/FishRos/ch3/topic_practice_ws/install/status_display/share/status_display/package.zsh'
[4.480s] Level 1:colcon.colcon_core.environment:create_file_with_runtime_dependencies(/home/nayr/FishRos/ch3/topic_practice_ws/install/status_display/share/colcon-core/packages/status_display)
[4.480s] DEBUG:colcon.colcon_parallel_executor.executor.parallel:closing loop
[4.480s] DEBUG:colcon.colcon_parallel_executor.executor.parallel:loop closed
[4.480s] DEBUG:colcon.colcon_parallel_executor.executor.parallel:run_until_complete finished with '0'
[4.480s] DEBUG:colcon.colcon_core.event_reactor:joining thread
[4.483s] INFO:colcon.colcon_core.plugin_system:Skipping extension 'colcon_notification.desktop_notification.terminal_notifier': Not used on non-Darwin systems
[4.483s] INFO:colcon.colcon_core.plugin_system:Skipping extension 'colcon_notification.desktop_notification.win32': Not used on non-Windows systems
[4.483s] INFO:colcon.colcon_notification.desktop_notification:Sending desktop notification using 'notify2'
[4.497s] DEBUG:colcon.colcon_core.event_reactor:joined thread
[4.497s] INFO:colcon.colcon_core.shell:Creating prefix script '/home/nayr/FishRos/ch3/topic_practice_ws/install/local_setup.ps1'
[4.497s] INFO:colcon.colcon_core.shell:Creating prefix util module '/home/nayr/FishRos/ch3/topic_practice_ws/install/_local_setup_util_ps1.py'
[4.499s] INFO:colcon.colcon_core.shell:Creating prefix chain script '/home/nayr/FishRos/ch3/topic_practice_ws/install/setup.ps1'
[4.499s] INFO:colcon.colcon_core.shell:Creating prefix script '/home/nayr/FishRos/ch3/topic_practice_ws/install/local_setup.sh'
[4.500s] INFO:colcon.colcon_core.shell:Creating prefix util module '/home/nayr/FishRos/ch3/topic_practice_ws/install/_local_setup_util_sh.py'
[4.500s] INFO:colcon.colcon_core.shell:Creating prefix chain script '/home/nayr/FishRos/ch3/topic_practice_ws/install/setup.sh'
[4.500s] INFO:colcon.colcon_core.shell:Creating prefix script '/home/nayr/FishRos/ch3/topic_practice_ws/install/local_setup.bash'
[4.500s] INFO:colcon.colcon_core.shell:Creating prefix chain script '/home/nayr/FishRos/ch3/topic_practice_ws/install/setup.bash'
[4.501s] INFO:colcon.colcon_core.shell:Creating prefix script '/home/nayr/FishRos/ch3/topic_practice_ws/install/local_setup.zsh'
[4.501s] INFO:colcon.colcon_core.shell:Creating prefix chain script '/home/nayr/FishRos/ch3/topic_practice_ws/install/setup.zsh'
