[0.251s] Invoking command in '/home/nayr/FishRos/ch2/ch2_ws/src/demo_python_pkg': PYTHONPATH=/home/nayr/FishRos/ch2/build/demo_python_pkg/prefix_override:/usr/lib/python3/dist-packages/colcon_core/task/python/colcon_distutils_commands:/home/nayr/FishRos/ch2/install/demo_python_pkg/lib/python3.10/site-packages:${PYTHONPATH} /usr/bin/python3 -W ignore:setup.py install is deprecated -W ignore:easy_install command is deprecated setup.py egg_info --egg-base ../../../build/demo_python_pkg build --build-base /home/nayr/FishRos/ch2/build/demo_python_pkg/build install --record /home/nayr/FishRos/ch2/build/demo_python_pkg/install.log --single-version-externally-managed install_data
[0.474s] running egg_info
[0.475s] writing ../../../build/demo_python_pkg/demo_python_pkg.egg-info/PKG-INFO
[0.476s] writing dependency_links to ../../../build/demo_python_pkg/demo_python_pkg.egg-info/dependency_links.txt
[0.476s] writing entry points to ../../../build/demo_python_pkg/demo_python_pkg.egg-info/entry_points.txt
[0.477s] writing requirements to ../../../build/demo_python_pkg/demo_python_pkg.egg-info/requires.txt
[0.477s] writing top-level names to ../../../build/demo_python_pkg/demo_python_pkg.egg-info/top_level.txt
[0.479s] reading manifest file '../../../build/demo_python_pkg/demo_python_pkg.egg-info/SOURCES.txt'
[0.479s] adding license file 'LICENSE'
[0.479s] writing manifest file '../../../build/demo_python_pkg/demo_python_pkg.egg-info/SOURCES.txt'
[0.480s] running build
[0.480s] running build_py
[0.480s] copying demo_python_pkg/learn_thread.py -> /home/nayr/FishRos/ch2/build/demo_python_pkg/build/lib/demo_python_pkg
[0.481s] running install
[0.481s] running install_lib
[0.481s] copying /home/nayr/FishRos/ch2/build/demo_python_pkg/build/lib/demo_python_pkg/learn_thread.py -> /home/nayr/FishRos/ch2/install/demo_python_pkg/lib/python3.10/site-packages/demo_python_pkg
[0.482s] byte-compiling /home/nayr/FishRos/ch2/install/demo_python_pkg/lib/python3.10/site-packages/demo_python_pkg/learn_thread.py to learn_thread.cpython-310.pyc
[0.483s] running install_data
[0.483s] running install_egg_info
[0.485s] removing '/home/nayr/FishRos/ch2/install/demo_python_pkg/lib/python3.10/site-packages/demo_python_pkg-0.0.0-py3.10.egg-info' (and everything under it)
[0.509s] Copying ../../../build/demo_python_pkg/demo_python_pkg.egg-info to /home/nayr/FishRos/ch2/install/demo_python_pkg/lib/python3.10/site-packages/demo_python_pkg-0.0.0-py3.10.egg-info
[0.511s] running install_scripts
[0.536s] Installing learn_thread script to /home/nayr/FishRos/ch2/install/demo_python_pkg/lib/demo_python_pkg
[0.536s] Installing person_node script to /home/nayr/FishRos/ch2/install/demo_python_pkg/lib/demo_python_pkg
[0.536s] Installing python_node script to /home/nayr/FishRos/ch2/install/demo_python_pkg/lib/demo_python_pkg
[0.536s] Installing writer_node script to /home/nayr/FishRos/ch2/install/demo_python_pkg/lib/demo_python_pkg
[0.536s] writing list of installed files to '/home/nayr/FishRos/ch2/build/demo_python_pkg/install.log'
[0.572s] Invoked command in '/home/nayr/FishRos/ch2/ch2_ws/src/demo_python_pkg' returned '0': PYTHONPATH=/home/nayr/FishRos/ch2/build/demo_python_pkg/prefix_override:/usr/lib/python3/dist-packages/colcon_core/task/python/colcon_distutils_commands:/home/nayr/FishRos/ch2/install/demo_python_pkg/lib/python3.10/site-packages:${PYTHONPATH} /usr/bin/python3 -W ignore:setup.py install is deprecated -W ignore:easy_install command is deprecated setup.py egg_info --egg-base ../../../build/demo_python_pkg build --build-base /home/nayr/FishRos/ch2/build/demo_python_pkg/build install --record /home/nayr/FishRos/ch2/build/demo_python_pkg/install.log --single-version-externally-managed install_data
