[0.007s] Invoking command in '/home/nayr/FishRos/ch3/topic_ws/build/demo_cpp_topic': CMAKE_PREFIX_PATH=${CMAKE_PREFIX_PATH}:/home/nayr/FishRos/ch3/topic_ws/src/install/demo_python_topic:/opt/ros/humble /usr/bin/cmake --build /home/nayr/FishRos/ch3/topic_ws/build/demo_cpp_topic -- -j4 -l4
[0.023s] -- Found ament_cmake: 1.3.12 (/opt/ros/humble/share/ament_cmake/cmake)
[0.086s] -- Found rclcpp: 16.0.14 (/opt/ros/humble/share/rclcpp/cmake)
[0.099s] -- Found rosidl_generator_c: 3.1.7 (/opt/ros/humble/share/rosidl_generator_c/cmake)
[0.100s] -- Found rosidl_adapter: 3.1.7 (/opt/ros/humble/share/rosidl_adapter/cmake)
[0.103s] -- Found rosidl_generator_cpp: 3.1.7 (/opt/ros/humble/share/rosidl_generator_cpp/cmake)
[0.107s] -- Using all available rosidl_typesupport_c: rosidl_typesupport_fastrtps_c;rosidl_typesupport_introspection_c
[0.118s] -- Using all available rosidl_typesupport_cpp: rosidl_typesupport_fastrtps_cpp;rosidl_typesupport_introspection_cpp
[0.128s] -- Found rmw_implementation_cmake: 6.1.2 (/opt/ros/humble/share/rmw_implementation_cmake/cmake)
[0.128s] -- Found rmw_fastrtps_cpp: 6.2.8 (/opt/ros/humble/share/rmw_fastrtps_cpp/cmake)
[0.174s] -- Using RMW implementation 'rmw_fastrtps_cpp' as default
[0.195s] -- Found geometry_msgs: 4.9.0 (/opt/ros/humble/share/geometry_msgs/cmake)
[0.200s] -- Found turtlesim: 1.4.2 (/opt/ros/humble/share/turtlesim/cmake)
[0.217s] [31mCMake Error at /opt/ros/humble/share/ament_cmake_target_dependencies/cmake/ament_target_dependencies.cmake:77 (message):
[0.217s]   ament_target_dependencies() the passed package name 'turtle_control' was
[0.217s]   not found before
[0.217s] Call Stack (most recent call first):
[0.217s]   CMakeLists.txt:17 (ament_target_dependencies)
[0.217s] 
[0.217s] [0m
[0.218s] -- Configuring incomplete, errors occurred!
[0.218s] See also "/home/nayr/FishRos/ch3/topic_ws/build/demo_cpp_topic/CMakeFiles/CMakeOutput.log".
[0.220s] gmake: *** [Makefile:308: cmake_check_build_system] Error 1
[0.221s] Invoked command in '/home/nayr/FishRos/ch3/topic_ws/build/demo_cpp_topic' returned '2': CMAKE_PREFIX_PATH=${CMAKE_PREFIX_PATH}:/home/nayr/FishRos/ch3/topic_ws/src/install/demo_python_topic:/opt/ros/humble /usr/bin/cmake --build /home/nayr/FishRos/ch3/topic_ws/build/demo_cpp_topic -- -j4 -l4
