[0.013s] Invoking command in '/home/nayr/FishRos/ch2/build/demo_cpp_pkg': CMAKE_PREFIX_PATH=/opt/ros/humble /usr/bin/cmake --build /home/nayr/FishRos/ch2/build/demo_cpp_pkg -- -j4 -l4
[0.044s] [ 16%] Built target cpp_node
[0.046s] [ 33%] Built target learn_auto
[0.050s] [ 50%] Built target person_node
[0.051s] [ 66%] Built target learn_shared_ptr
[0.054s] [ 83%] Built target learn_lambda
[0.055s] [100%] Built target learn_functional
[0.123s] Invoked command in '/home/nayr/FishRos/ch2/build/demo_cpp_pkg' returned '0': CMAKE_PREFIX_PATH=/opt/ros/humble /usr/bin/cmake --build /home/nayr/FishRos/ch2/build/demo_cpp_pkg -- -j4 -l4
[0.127s] Invoking command in '/home/nayr/FishRos/ch2/build/demo_cpp_pkg': CMAKE_PREFIX_PATH=/opt/ros/humble /usr/bin/cmake --install /home/nayr/FishRos/ch2/build/demo_cpp_pkg
[0.129s] -- Install configuration: ""
[0.129s] -- Up-to-date: /home/nayr/FishRos/ch2/install/demo_cpp_pkg/lib/demo_cpp_pkg/cpp_node
[0.129s] -- Up-to-date: /home/nayr/FishRos/ch2/install/demo_cpp_pkg/lib/demo_cpp_pkg/person_node
[0.129s] -- Up-to-date: /home/nayr/FishRos/ch2/install/demo_cpp_pkg/lib/demo_cpp_pkg/learn_auto
[0.130s] -- Up-to-date: /home/nayr/FishRos/ch2/install/demo_cpp_pkg/lib/demo_cpp_pkg/learn_shared_ptr
[0.130s] -- Up-to-date: /home/nayr/FishRos/ch2/install/demo_cpp_pkg/lib/demo_cpp_pkg/learn_lambda
[0.130s] -- Up-to-date: /home/nayr/FishRos/ch2/install/demo_cpp_pkg/lib/demo_cpp_pkg/learn_functional
[0.130s] -- Up-to-date: /home/nayr/FishRos/ch2/install/demo_cpp_pkg/share/ament_index/resource_index/package_run_dependencies/demo_cpp_pkg
[0.130s] -- Up-to-date: /home/nayr/FishRos/ch2/install/demo_cpp_pkg/share/ament_index/resource_index/parent_prefix_path/demo_cpp_pkg
[0.130s] -- Up-to-date: /home/nayr/FishRos/ch2/install/demo_cpp_pkg/share/demo_cpp_pkg/environment/ament_prefix_path.sh
[0.130s] -- Up-to-date: /home/nayr/FishRos/ch2/install/demo_cpp_pkg/share/demo_cpp_pkg/environment/ament_prefix_path.dsv
[0.130s] -- Up-to-date: /home/nayr/FishRos/ch2/install/demo_cpp_pkg/share/demo_cpp_pkg/environment/path.sh
[0.130s] -- Up-to-date: /home/nayr/FishRos/ch2/install/demo_cpp_pkg/share/demo_cpp_pkg/environment/path.dsv
[0.130s] -- Up-to-date: /home/nayr/FishRos/ch2/install/demo_cpp_pkg/share/demo_cpp_pkg/local_setup.bash
[0.130s] -- Up-to-date: /home/nayr/FishRos/ch2/install/demo_cpp_pkg/share/demo_cpp_pkg/local_setup.sh
[0.130s] -- Up-to-date: /home/nayr/FishRos/ch2/install/demo_cpp_pkg/share/demo_cpp_pkg/local_setup.zsh
[0.130s] -- Up-to-date: /home/nayr/FishRos/ch2/install/demo_cpp_pkg/share/demo_cpp_pkg/local_setup.dsv
[0.130s] -- Up-to-date: /home/nayr/FishRos/ch2/install/demo_cpp_pkg/share/demo_cpp_pkg/package.dsv
[0.130s] -- Up-to-date: /home/nayr/FishRos/ch2/install/demo_cpp_pkg/share/ament_index/resource_index/packages/demo_cpp_pkg
[0.130s] -- Up-to-date: /home/nayr/FishRos/ch2/install/demo_cpp_pkg/share/demo_cpp_pkg/cmake/demo_cpp_pkgConfig.cmake
[0.130s] -- Up-to-date: /home/nayr/FishRos/ch2/install/demo_cpp_pkg/share/demo_cpp_pkg/cmake/demo_cpp_pkgConfig-version.cmake
[0.130s] -- Up-to-date: /home/nayr/FishRos/ch2/install/demo_cpp_pkg/share/demo_cpp_pkg/package.xml
[0.131s] Invoked command in '/home/nayr/FishRos/ch2/build/demo_cpp_pkg' returned '0': CMAKE_PREFIX_PATH=/opt/ros/humble /usr/bin/cmake --install /home/nayr/FishRos/ch2/build/demo_cpp_pkg
