[0.008s] Invoking command in '/home/nayr/FishRos/ch4/ch4_ws/build/ch4_interfaces': CMAKE_PREFIX_PATH=${CMAKE_PREFIX_PATH}:/home/nayr/FishRos/ch4/ch4_ws/install/demo_python_service:/opt/ros/humble /usr/bin/cmake --build /home/nayr/FishRos/ch4/ch4_ws/build/ch4_interfaces -- -j4 -l4
[0.042s] [  2%] Built target ch4_interfaces__cpp
[0.045s] [ 12%] Built target ch4_interfaces__rosidl_generator_c
[0.049s] [ 12%] Built target ament_cmake_python_copy_ch4_interfaces
[0.059s] [ 23%] Built target ch4_interfaces__rosidl_typesupport_cpp
[0.059s] [ 33%] Built target ch4_interfaces__rosidl_typesupport_fastrtps_c
[0.059s] [ 43%] Built target ch4_interfaces__rosidl_typesupport_fastrtps_cpp
[0.059s] [ 53%] Built target ch4_interfaces__rosidl_typesupport_introspection_cpp
[0.068s] [ 64%] Built target ch4_interfaces__rosidl_typesupport_introspection_c
[0.072s] [ 74%] Built target ch4_interfaces__rosidl_typesupport_c
[0.081s] [ 74%] Built target ch4_interfaces
[0.090s] [ 76%] Built target ch4_interfaces__py
[0.101s] [ 84%] Built target ch4_interfaces__rosidl_generator_py
[0.136s] [ 89%] Built target ch4_interfaces__rosidl_typesupport_fastrtps_c__pyext
[0.140s] [ 94%] Built target ch4_interfaces__rosidl_typesupport_introspection_c__pyext
[0.143s] [100%] Built target ch4_interfaces__rosidl_typesupport_c__pyext
[0.180s] running egg_info
[0.181s] writing ch4_interfaces.egg-info/PKG-INFO
[0.181s] writing dependency_links to ch4_interfaces.egg-info/dependency_links.txt
[0.181s] writing top-level names to ch4_interfaces.egg-info/top_level.txt
[0.183s] reading manifest file 'ch4_interfaces.egg-info/SOURCES.txt'
[0.184s] writing manifest file 'ch4_interfaces.egg-info/SOURCES.txt'
[0.206s] [100%] Built target ament_cmake_python_build_ch4_interfaces_egg
[0.224s] Invoked command in '/home/nayr/FishRos/ch4/ch4_ws/build/ch4_interfaces' returned '0': CMAKE_PREFIX_PATH=${CMAKE_PREFIX_PATH}:/home/nayr/FishRos/ch4/ch4_ws/install/demo_python_service:/opt/ros/humble /usr/bin/cmake --build /home/nayr/FishRos/ch4/ch4_ws/build/ch4_interfaces -- -j4 -l4
[0.229s] Invoking command in '/home/nayr/FishRos/ch4/ch4_ws/build/ch4_interfaces': CMAKE_PREFIX_PATH=${CMAKE_PREFIX_PATH}:/home/nayr/FishRos/ch4/ch4_ws/install/demo_python_service:/opt/ros/humble /usr/bin/cmake --install /home/nayr/FishRos/ch4/ch4_ws/build/ch4_interfaces
[0.233s] -- Install configuration: ""
[0.234s] -- Up-to-date: /home/nayr/FishRos/ch4/ch4_ws/install/ch4_interfaces/share/ament_index/resource_index/rosidl_interfaces/ch4_interfaces
[0.234s] -- Up-to-date: /home/nayr/FishRos/ch4/ch4_ws/install/ch4_interfaces/include/ch4_interfaces/ch4_interfaces
[0.234s] -- Up-to-date: /home/nayr/FishRos/ch4/ch4_ws/install/ch4_interfaces/include/ch4_interfaces/ch4_interfaces/srv
[0.234s] -- Up-to-date: /home/nayr/FishRos/ch4/ch4_ws/install/ch4_interfaces/include/ch4_interfaces/ch4_interfaces/srv/detail
[0.235s] -- Up-to-date: /home/nayr/FishRos/ch4/ch4_ws/install/ch4_interfaces/include/ch4_interfaces/ch4_interfaces/srv/detail/face_detector__type_support.h
[0.235s] -- Up-to-date: /home/nayr/FishRos/ch4/ch4_ws/install/ch4_interfaces/include/ch4_interfaces/ch4_interfaces/srv/detail/face_detector__functions.c
[0.235s] -- Up-to-date: /home/nayr/FishRos/ch4/ch4_ws/install/ch4_interfaces/include/ch4_interfaces/ch4_interfaces/srv/detail/patrol__struct.h
[0.235s] -- Up-to-date: /home/nayr/FishRos/ch4/ch4_ws/install/ch4_interfaces/include/ch4_interfaces/ch4_interfaces/srv/detail/patrol__functions.h
[0.235s] -- Up-to-date: /home/nayr/FishRos/ch4/ch4_ws/install/ch4_interfaces/include/ch4_interfaces/ch4_interfaces/srv/detail/patrol__functions.c
[0.235s] -- Up-to-date: /home/nayr/FishRos/ch4/ch4_ws/install/ch4_interfaces/include/ch4_interfaces/ch4_interfaces/srv/detail/face_detector__functions.h
[0.236s] -- Up-to-date: /home/nayr/FishRos/ch4/ch4_ws/install/ch4_interfaces/include/ch4_interfaces/ch4_interfaces/srv/detail/face_detector__struct.h
[0.236s] -- Up-to-date: /home/nayr/FishRos/ch4/ch4_ws/install/ch4_interfaces/include/ch4_interfaces/ch4_interfaces/srv/detail/patrol__type_support.h
[0.236s] -- Up-to-date: /home/nayr/FishRos/ch4/ch4_ws/install/ch4_interfaces/include/ch4_interfaces/ch4_interfaces/srv/patrol.h
[0.236s] -- Up-to-date: /home/nayr/FishRos/ch4/ch4_ws/install/ch4_interfaces/include/ch4_interfaces/ch4_interfaces/srv/face_detector.h
[0.237s] -- Up-to-date: /home/nayr/FishRos/ch4/ch4_ws/install/ch4_interfaces/include/ch4_interfaces/ch4_interfaces/msg
[0.237s] -- Up-to-date: /home/nayr/FishRos/ch4/ch4_ws/install/ch4_interfaces/include/ch4_interfaces/ch4_interfaces/msg/rosidl_generator_c__visibility_control.h
[0.237s] -- Up-to-date: /home/nayr/FishRos/ch4/ch4_ws/install/ch4_interfaces/share/ch4_interfaces/environment/library_path.sh
[0.237s] -- Up-to-date: /home/nayr/FishRos/ch4/ch4_ws/install/ch4_interfaces/share/ch4_interfaces/environment/library_path.dsv
[0.237s] -- Up-to-date: /home/nayr/FishRos/ch4/ch4_ws/install/ch4_interfaces/lib/libch4_interfaces__rosidl_generator_c.so
[0.238s] -- Up-to-date: /home/nayr/FishRos/ch4/ch4_ws/install/ch4_interfaces/include/ch4_interfaces/ch4_interfaces
[0.238s] -- Up-to-date: /home/nayr/FishRos/ch4/ch4_ws/install/ch4_interfaces/include/ch4_interfaces/ch4_interfaces/srv
[0.238s] -- Up-to-date: /home/nayr/FishRos/ch4/ch4_ws/install/ch4_interfaces/include/ch4_interfaces/ch4_interfaces/srv/detail
[0.238s] -- Up-to-date: /home/nayr/FishRos/ch4/ch4_ws/install/ch4_interfaces/include/ch4_interfaces/ch4_interfaces/srv/detail/patrol__rosidl_typesupport_fastrtps_c.h
[0.238s] -- Up-to-date: /home/nayr/FishRos/ch4/ch4_ws/install/ch4_interfaces/include/ch4_interfaces/ch4_interfaces/srv/detail/face_detector__rosidl_typesupport_fastrtps_c.h
[0.238s] -- Up-to-date: /home/nayr/FishRos/ch4/ch4_ws/install/ch4_interfaces/include/ch4_interfaces/ch4_interfaces/msg
[0.239s] -- Up-to-date: /home/nayr/FishRos/ch4/ch4_ws/install/ch4_interfaces/include/ch4_interfaces/ch4_interfaces/msg/rosidl_typesupport_fastrtps_c__visibility_control.h
[0.239s] -- Up-to-date: /home/nayr/FishRos/ch4/ch4_ws/install/ch4_interfaces/lib/libch4_interfaces__rosidl_typesupport_fastrtps_c.so
[0.239s] -- Up-to-date: /home/nayr/FishRos/ch4/ch4_ws/install/ch4_interfaces/include/ch4_interfaces/ch4_interfaces
[0.239s] -- Up-to-date: /home/nayr/FishRos/ch4/ch4_ws/install/ch4_interfaces/include/ch4_interfaces/ch4_interfaces/srv
[0.239s] -- Up-to-date: /home/nayr/FishRos/ch4/ch4_ws/install/ch4_interfaces/include/ch4_interfaces/ch4_interfaces/srv/detail
[0.240s] -- Up-to-date: /home/nayr/FishRos/ch4/ch4_ws/install/ch4_interfaces/include/ch4_interfaces/ch4_interfaces/srv/detail/patrol__struct.hpp
[0.241s] -- Up-to-date: /home/nayr/FishRos/ch4/ch4_ws/install/ch4_interfaces/include/ch4_interfaces/ch4_interfaces/srv/detail/patrol__traits.hpp
[0.241s] -- Up-to-date: /home/nayr/FishRos/ch4/ch4_ws/install/ch4_interfaces/include/ch4_interfaces/ch4_interfaces/srv/detail/face_detector__struct.hpp
[0.241s] -- Up-to-date: /home/nayr/FishRos/ch4/ch4_ws/install/ch4_interfaces/include/ch4_interfaces/ch4_interfaces/srv/detail/face_detector__builder.hpp
[0.241s] -- Up-to-date: /home/nayr/FishRos/ch4/ch4_ws/install/ch4_interfaces/include/ch4_interfaces/ch4_interfaces/srv/detail/patrol__builder.hpp
[0.241s] -- Up-to-date: /home/nayr/FishRos/ch4/ch4_ws/install/ch4_interfaces/include/ch4_interfaces/ch4_interfaces/srv/detail/face_detector__type_support.hpp
[0.242s] -- Up-to-date: /home/nayr/FishRos/ch4/ch4_ws/install/ch4_interfaces/include/ch4_interfaces/ch4_interfaces/srv/detail/face_detector__traits.hpp
[0.242s] -- Up-to-date: /home/nayr/FishRos/ch4/ch4_ws/install/ch4_interfaces/include/ch4_interfaces/ch4_interfaces/srv/detail/patrol__type_support.hpp
[0.242s] -- Up-to-date: /home/nayr/FishRos/ch4/ch4_ws/install/ch4_interfaces/include/ch4_interfaces/ch4_interfaces/srv/patrol.hpp
[0.242s] -- Up-to-date: /home/nayr/FishRos/ch4/ch4_ws/install/ch4_interfaces/include/ch4_interfaces/ch4_interfaces/srv/face_detector.hpp
[0.242s] -- Up-to-date: /home/nayr/FishRos/ch4/ch4_ws/install/ch4_interfaces/include/ch4_interfaces/ch4_interfaces/msg
[0.242s] -- Up-to-date: /home/nayr/FishRos/ch4/ch4_ws/install/ch4_interfaces/include/ch4_interfaces/ch4_interfaces/msg/rosidl_generator_cpp__visibility_control.hpp
[0.242s] -- Up-to-date: /home/nayr/FishRos/ch4/ch4_ws/install/ch4_interfaces/include/ch4_interfaces/ch4_interfaces
[0.243s] -- Up-to-date: /home/nayr/FishRos/ch4/ch4_ws/install/ch4_interfaces/include/ch4_interfaces/ch4_interfaces/srv
[0.243s] -- Up-to-date: /home/nayr/FishRos/ch4/ch4_ws/install/ch4_interfaces/include/ch4_interfaces/ch4_interfaces/srv/detail
[0.243s] -- Up-to-date: /home/nayr/FishRos/ch4/ch4_ws/install/ch4_interfaces/include/ch4_interfaces/ch4_interfaces/srv/detail/patrol__rosidl_typesupport_fastrtps_cpp.hpp
[0.243s] -- Up-to-date: /home/nayr/FishRos/ch4/ch4_ws/install/ch4_interfaces/include/ch4_interfaces/ch4_interfaces/srv/detail/face_detector__rosidl_typesupport_fastrtps_cpp.hpp
[0.243s] -- Up-to-date: /home/nayr/FishRos/ch4/ch4_ws/install/ch4_interfaces/include/ch4_interfaces/ch4_interfaces/srv/detail/dds_fastrtps
[0.243s] -- Up-to-date: /home/nayr/FishRos/ch4/ch4_ws/install/ch4_interfaces/include/ch4_interfaces/ch4_interfaces/msg
[0.243s] -- Up-to-date: /home/nayr/FishRos/ch4/ch4_ws/install/ch4_interfaces/include/ch4_interfaces/ch4_interfaces/msg/rosidl_typesupport_fastrtps_cpp__visibility_control.h
[0.244s] -- Up-to-date: /home/nayr/FishRos/ch4/ch4_ws/install/ch4_interfaces/lib/libch4_interfaces__rosidl_typesupport_fastrtps_cpp.so
[0.244s] -- Up-to-date: /home/nayr/FishRos/ch4/ch4_ws/install/ch4_interfaces/include/ch4_interfaces/ch4_interfaces
[0.244s] -- Up-to-date: /home/nayr/FishRos/ch4/ch4_ws/install/ch4_interfaces/include/ch4_interfaces/ch4_interfaces/srv
[0.244s] -- Up-to-date: /home/nayr/FishRos/ch4/ch4_ws/install/ch4_interfaces/include/ch4_interfaces/ch4_interfaces/srv/detail
[0.244s] -- Up-to-date: /home/nayr/FishRos/ch4/ch4_ws/install/ch4_interfaces/include/ch4_interfaces/ch4_interfaces/srv/detail/face_detector__type_support.c
[0.245s] -- Up-to-date: /home/nayr/FishRos/ch4/ch4_ws/install/ch4_interfaces/include/ch4_interfaces/ch4_interfaces/srv/detail/face_detector__rosidl_typesupport_introspection_c.h
[0.245s] -- Up-to-date: /home/nayr/FishRos/ch4/ch4_ws/install/ch4_interfaces/include/ch4_interfaces/ch4_interfaces/srv/detail/patrol__rosidl_typesupport_introspection_c.h
[0.245s] -- Up-to-date: /home/nayr/FishRos/ch4/ch4_ws/install/ch4_interfaces/include/ch4_interfaces/ch4_interfaces/srv/detail/patrol__type_support.c
[0.245s] -- Up-to-date: /home/nayr/FishRos/ch4/ch4_ws/install/ch4_interfaces/include/ch4_interfaces/ch4_interfaces/msg
[0.245s] -- Up-to-date: /home/nayr/FishRos/ch4/ch4_ws/install/ch4_interfaces/include/ch4_interfaces/ch4_interfaces/msg/rosidl_typesupport_introspection_c__visibility_control.h
[0.245s] -- Up-to-date: /home/nayr/FishRos/ch4/ch4_ws/install/ch4_interfaces/lib/libch4_interfaces__rosidl_typesupport_introspection_c.so
[0.246s] -- Up-to-date: /home/nayr/FishRos/ch4/ch4_ws/install/ch4_interfaces/lib/libch4_interfaces__rosidl_typesupport_c.so
[0.246s] -- Up-to-date: /home/nayr/FishRos/ch4/ch4_ws/install/ch4_interfaces/include/ch4_interfaces/ch4_interfaces
[0.246s] -- Up-to-date: /home/nayr/FishRos/ch4/ch4_ws/install/ch4_interfaces/include/ch4_interfaces/ch4_interfaces/srv
[0.247s] -- Up-to-date: /home/nayr/FishRos/ch4/ch4_ws/install/ch4_interfaces/include/ch4_interfaces/ch4_interfaces/srv/detail
[0.247s] -- Up-to-date: /home/nayr/FishRos/ch4/ch4_ws/install/ch4_interfaces/include/ch4_interfaces/ch4_interfaces/srv/detail/face_detector__type_support.cpp
[0.247s] -- Up-to-date: /home/nayr/FishRos/ch4/ch4_ws/install/ch4_interfaces/include/ch4_interfaces/ch4_interfaces/srv/detail/patrol__rosidl_typesupport_introspection_cpp.hpp
[0.247s] -- Up-to-date: /home/nayr/FishRos/ch4/ch4_ws/install/ch4_interfaces/include/ch4_interfaces/ch4_interfaces/srv/detail/face_detector__rosidl_typesupport_introspection_cpp.hpp
[0.247s] -- Up-to-date: /home/nayr/FishRos/ch4/ch4_ws/install/ch4_interfaces/include/ch4_interfaces/ch4_interfaces/srv/detail/patrol__type_support.cpp
[0.248s] -- Up-to-date: /home/nayr/FishRos/ch4/ch4_ws/install/ch4_interfaces/lib/libch4_interfaces__rosidl_typesupport_introspection_cpp.so
[0.248s] -- Up-to-date: /home/nayr/FishRos/ch4/ch4_ws/install/ch4_interfaces/lib/libch4_interfaces__rosidl_typesupport_cpp.so
[0.248s] -- Up-to-date: /home/nayr/FishRos/ch4/ch4_ws/install/ch4_interfaces/share/ch4_interfaces/environment/pythonpath.sh
[0.248s] -- Up-to-date: /home/nayr/FishRos/ch4/ch4_ws/install/ch4_interfaces/share/ch4_interfaces/environment/pythonpath.dsv
[0.249s] -- Up-to-date: /home/nayr/FishRos/ch4/ch4_ws/install/ch4_interfaces/local/lib/python3.10/dist-packages/ch4_interfaces-0.0.0-py3.10.egg-info
[0.249s] -- Installing: /home/nayr/FishRos/ch4/ch4_ws/install/ch4_interfaces/local/lib/python3.10/dist-packages/ch4_interfaces-0.0.0-py3.10.egg-info/top_level.txt
[0.249s] -- Installing: /home/nayr/FishRos/ch4/ch4_ws/install/ch4_interfaces/local/lib/python3.10/dist-packages/ch4_interfaces-0.0.0-py3.10.egg-info/SOURCES.txt
[0.249s] -- Installing: /home/nayr/FishRos/ch4/ch4_ws/install/ch4_interfaces/local/lib/python3.10/dist-packages/ch4_interfaces-0.0.0-py3.10.egg-info/PKG-INFO
[0.249s] -- Installing: /home/nayr/FishRos/ch4/ch4_ws/install/ch4_interfaces/local/lib/python3.10/dist-packages/ch4_interfaces-0.0.0-py3.10.egg-info/dependency_links.txt
[0.250s] -- Up-to-date: /home/nayr/FishRos/ch4/ch4_ws/install/ch4_interfaces/local/lib/python3.10/dist-packages/ch4_interfaces
[0.250s] -- Up-to-date: /home/nayr/FishRos/ch4/ch4_ws/install/ch4_interfaces/local/lib/python3.10/dist-packages/ch4_interfaces/ch4_interfaces_s__rosidl_typesupport_fastrtps_c.cpython-310-aarch64-linux-gnu.so
[0.250s] -- Up-to-date: /home/nayr/FishRos/ch4/ch4_ws/install/ch4_interfaces/local/lib/python3.10/dist-packages/ch4_interfaces/srv
[0.250s] -- Up-to-date: /home/nayr/FishRos/ch4/ch4_ws/install/ch4_interfaces/local/lib/python3.10/dist-packages/ch4_interfaces/srv/_patrol.py
[0.250s] -- Up-to-date: /home/nayr/FishRos/ch4/ch4_ws/install/ch4_interfaces/local/lib/python3.10/dist-packages/ch4_interfaces/srv/_patrol_s.c
[0.250s] -- Up-to-date: /home/nayr/FishRos/ch4/ch4_ws/install/ch4_interfaces/local/lib/python3.10/dist-packages/ch4_interfaces/srv/_face_detector_s.c
[0.250s] -- Up-to-date: /home/nayr/FishRos/ch4/ch4_ws/install/ch4_interfaces/local/lib/python3.10/dist-packages/ch4_interfaces/srv/_face_detector.py
[0.251s] -- Up-to-date: /home/nayr/FishRos/ch4/ch4_ws/install/ch4_interfaces/local/lib/python3.10/dist-packages/ch4_interfaces/srv/__init__.py
[0.251s] -- Up-to-date: /home/nayr/FishRos/ch4/ch4_ws/install/ch4_interfaces/local/lib/python3.10/dist-packages/ch4_interfaces/libch4_interfaces__rosidl_generator_py.so
[0.251s] -- Up-to-date: /home/nayr/FishRos/ch4/ch4_ws/install/ch4_interfaces/local/lib/python3.10/dist-packages/ch4_interfaces/_ch4_interfaces_s.ep.rosidl_typesupport_c.c
[0.251s] -- Up-to-date: /home/nayr/FishRos/ch4/ch4_ws/install/ch4_interfaces/local/lib/python3.10/dist-packages/ch4_interfaces/_ch4_interfaces_s.ep.rosidl_typesupport_fastrtps_c.c
[0.251s] -- Up-to-date: /home/nayr/FishRos/ch4/ch4_ws/install/ch4_interfaces/local/lib/python3.10/dist-packages/ch4_interfaces/_ch4_interfaces_s.ep.rosidl_typesupport_introspection_c.c
[0.251s] -- Up-to-date: /home/nayr/FishRos/ch4/ch4_ws/install/ch4_interfaces/local/lib/python3.10/dist-packages/ch4_interfaces/ch4_interfaces_s__rosidl_typesupport_c.cpython-310-aarch64-linux-gnu.so
[0.251s] -- Up-to-date: /home/nayr/FishRos/ch4/ch4_ws/install/ch4_interfaces/local/lib/python3.10/dist-packages/ch4_interfaces/ch4_interfaces_s__rosidl_typesupport_introspection_c.cpython-310-aarch64-linux-gnu.so
[0.252s] -- Up-to-date: /home/nayr/FishRos/ch4/ch4_ws/install/ch4_interfaces/local/lib/python3.10/dist-packages/ch4_interfaces/__init__.py
[0.278s] Listing '/home/nayr/FishRos/ch4/ch4_ws/install/ch4_interfaces/local/lib/python3.10/dist-packages/ch4_interfaces'...
[0.279s] Listing '/home/nayr/FishRos/ch4/ch4_ws/install/ch4_interfaces/local/lib/python3.10/dist-packages/ch4_interfaces/srv'...
[0.280s] -- Up-to-date: /home/nayr/FishRos/ch4/ch4_ws/install/ch4_interfaces/local/lib/python3.10/dist-packages/ch4_interfaces/ch4_interfaces_s__rosidl_typesupport_fastrtps_c.cpython-310-aarch64-linux-gnu.so
[0.280s] -- Up-to-date: /home/nayr/FishRos/ch4/ch4_ws/install/ch4_interfaces/local/lib/python3.10/dist-packages/ch4_interfaces/ch4_interfaces_s__rosidl_typesupport_introspection_c.cpython-310-aarch64-linux-gnu.so
[0.281s] -- Up-to-date: /home/nayr/FishRos/ch4/ch4_ws/install/ch4_interfaces/local/lib/python3.10/dist-packages/ch4_interfaces/ch4_interfaces_s__rosidl_typesupport_c.cpython-310-aarch64-linux-gnu.so
[0.281s] -- Up-to-date: /home/nayr/FishRos/ch4/ch4_ws/install/ch4_interfaces/lib/libch4_interfaces__rosidl_generator_py.so
[0.281s] -- Up-to-date: /home/nayr/FishRos/ch4/ch4_ws/install/ch4_interfaces/share/ch4_interfaces/srv/FaceDetector.idl
[0.281s] -- Up-to-date: /home/nayr/FishRos/ch4/ch4_ws/install/ch4_interfaces/share/ch4_interfaces/srv/Patrol.idl
[0.282s] -- Up-to-date: /home/nayr/FishRos/ch4/ch4_ws/install/ch4_interfaces/share/ch4_interfaces/srv/FaceDetector.srv
[0.282s] -- Up-to-date: /home/nayr/FishRos/ch4/ch4_ws/install/ch4_interfaces/share/ch4_interfaces/srv/FaceDetector_Request.msg
[0.282s] -- Up-to-date: /home/nayr/FishRos/ch4/ch4_ws/install/ch4_interfaces/share/ch4_interfaces/srv/FaceDetector_Response.msg
[0.282s] -- Up-to-date: /home/nayr/FishRos/ch4/ch4_ws/install/ch4_interfaces/share/ch4_interfaces/srv/Patrol.srv
[0.282s] -- Up-to-date: /home/nayr/FishRos/ch4/ch4_ws/install/ch4_interfaces/share/ch4_interfaces/srv/Patrol_Request.msg
[0.283s] -- Up-to-date: /home/nayr/FishRos/ch4/ch4_ws/install/ch4_interfaces/share/ch4_interfaces/srv/Patrol_Response.msg
[0.283s] -- Up-to-date: /home/nayr/FishRos/ch4/ch4_ws/install/ch4_interfaces/share/ament_index/resource_index/package_run_dependencies/ch4_interfaces
[0.283s] -- Up-to-date: /home/nayr/FishRos/ch4/ch4_ws/install/ch4_interfaces/share/ament_index/resource_index/parent_prefix_path/ch4_interfaces
[0.283s] -- Up-to-date: /home/nayr/FishRos/ch4/ch4_ws/install/ch4_interfaces/share/ch4_interfaces/environment/ament_prefix_path.sh
[0.283s] -- Up-to-date: /home/nayr/FishRos/ch4/ch4_ws/install/ch4_interfaces/share/ch4_interfaces/environment/ament_prefix_path.dsv
[0.283s] -- Up-to-date: /home/nayr/FishRos/ch4/ch4_ws/install/ch4_interfaces/share/ch4_interfaces/environment/path.sh
[0.283s] -- Up-to-date: /home/nayr/FishRos/ch4/ch4_ws/install/ch4_interfaces/share/ch4_interfaces/environment/path.dsv
[0.284s] -- Up-to-date: /home/nayr/FishRos/ch4/ch4_ws/install/ch4_interfaces/share/ch4_interfaces/local_setup.bash
[0.284s] -- Up-to-date: /home/nayr/FishRos/ch4/ch4_ws/install/ch4_interfaces/share/ch4_interfaces/local_setup.sh
[0.284s] -- Up-to-date: /home/nayr/FishRos/ch4/ch4_ws/install/ch4_interfaces/share/ch4_interfaces/local_setup.zsh
[0.284s] -- Up-to-date: /home/nayr/FishRos/ch4/ch4_ws/install/ch4_interfaces/share/ch4_interfaces/local_setup.dsv
[0.284s] -- Installing: /home/nayr/FishRos/ch4/ch4_ws/install/ch4_interfaces/share/ch4_interfaces/package.dsv
[0.284s] -- Up-to-date: /home/nayr/FishRos/ch4/ch4_ws/install/ch4_interfaces/share/ament_index/resource_index/packages/ch4_interfaces
[0.285s] -- Up-to-date: /home/nayr/FishRos/ch4/ch4_ws/install/ch4_interfaces/share/ch4_interfaces/cmake/export_ch4_interfaces__rosidl_generator_cExport.cmake
[0.285s] -- Up-to-date: /home/nayr/FishRos/ch4/ch4_ws/install/ch4_interfaces/share/ch4_interfaces/cmake/export_ch4_interfaces__rosidl_generator_cExport-noconfig.cmake
[0.285s] -- Up-to-date: /home/nayr/FishRos/ch4/ch4_ws/install/ch4_interfaces/share/ch4_interfaces/cmake/export_ch4_interfaces__rosidl_typesupport_fastrtps_cExport.cmake
[0.285s] -- Up-to-date: /home/nayr/FishRos/ch4/ch4_ws/install/ch4_interfaces/share/ch4_interfaces/cmake/export_ch4_interfaces__rosidl_typesupport_fastrtps_cExport-noconfig.cmake
[0.285s] -- Up-to-date: /home/nayr/FishRos/ch4/ch4_ws/install/ch4_interfaces/share/ch4_interfaces/cmake/export_ch4_interfaces__rosidl_generator_cppExport.cmake
[0.286s] -- Up-to-date: /home/nayr/FishRos/ch4/ch4_ws/install/ch4_interfaces/share/ch4_interfaces/cmake/export_ch4_interfaces__rosidl_typesupport_fastrtps_cppExport.cmake
[0.286s] -- Up-to-date: /home/nayr/FishRos/ch4/ch4_ws/install/ch4_interfaces/share/ch4_interfaces/cmake/export_ch4_interfaces__rosidl_typesupport_fastrtps_cppExport-noconfig.cmake
[0.286s] -- Up-to-date: /home/nayr/FishRos/ch4/ch4_ws/install/ch4_interfaces/share/ch4_interfaces/cmake/ch4_interfaces__rosidl_typesupport_introspection_cExport.cmake
[0.286s] -- Up-to-date: /home/nayr/FishRos/ch4/ch4_ws/install/ch4_interfaces/share/ch4_interfaces/cmake/ch4_interfaces__rosidl_typesupport_introspection_cExport-noconfig.cmake
[0.286s] -- Up-to-date: /home/nayr/FishRos/ch4/ch4_ws/install/ch4_interfaces/share/ch4_interfaces/cmake/ch4_interfaces__rosidl_typesupport_cExport.cmake
[0.287s] -- Up-to-date: /home/nayr/FishRos/ch4/ch4_ws/install/ch4_interfaces/share/ch4_interfaces/cmake/ch4_interfaces__rosidl_typesupport_cExport-noconfig.cmake
[0.287s] -- Up-to-date: /home/nayr/FishRos/ch4/ch4_ws/install/ch4_interfaces/share/ch4_interfaces/cmake/ch4_interfaces__rosidl_typesupport_introspection_cppExport.cmake
[0.287s] -- Up-to-date: /home/nayr/FishRos/ch4/ch4_ws/install/ch4_interfaces/share/ch4_interfaces/cmake/ch4_interfaces__rosidl_typesupport_introspection_cppExport-noconfig.cmake
[0.287s] -- Up-to-date: /home/nayr/FishRos/ch4/ch4_ws/install/ch4_interfaces/share/ch4_interfaces/cmake/ch4_interfaces__rosidl_typesupport_cppExport.cmake
[0.287s] -- Up-to-date: /home/nayr/FishRos/ch4/ch4_ws/install/ch4_interfaces/share/ch4_interfaces/cmake/ch4_interfaces__rosidl_typesupport_cppExport-noconfig.cmake
[0.287s] -- Up-to-date: /home/nayr/FishRos/ch4/ch4_ws/install/ch4_interfaces/share/ch4_interfaces/cmake/export_ch4_interfaces__rosidl_generator_pyExport.cmake
[0.288s] -- Up-to-date: /home/nayr/FishRos/ch4/ch4_ws/install/ch4_interfaces/share/ch4_interfaces/cmake/export_ch4_interfaces__rosidl_generator_pyExport-noconfig.cmake
[0.288s] -- Up-to-date: /home/nayr/FishRos/ch4/ch4_ws/install/ch4_interfaces/share/ch4_interfaces/cmake/rosidl_cmake-extras.cmake
[0.288s] -- Up-to-date: /home/nayr/FishRos/ch4/ch4_ws/install/ch4_interfaces/share/ch4_interfaces/cmake/ament_cmake_export_dependencies-extras.cmake
[0.288s] -- Up-to-date: /home/nayr/FishRos/ch4/ch4_ws/install/ch4_interfaces/share/ch4_interfaces/cmake/ament_cmake_export_include_directories-extras.cmake
[0.288s] -- Up-to-date: /home/nayr/FishRos/ch4/ch4_ws/install/ch4_interfaces/share/ch4_interfaces/cmake/ament_cmake_export_libraries-extras.cmake
[0.288s] -- Up-to-date: /home/nayr/FishRos/ch4/ch4_ws/install/ch4_interfaces/share/ch4_interfaces/cmake/ament_cmake_export_targets-extras.cmake
[0.289s] -- Up-to-date: /home/nayr/FishRos/ch4/ch4_ws/install/ch4_interfaces/share/ch4_interfaces/cmake/rosidl_cmake_export_typesupport_targets-extras.cmake
[0.289s] -- Up-to-date: /home/nayr/FishRos/ch4/ch4_ws/install/ch4_interfaces/share/ch4_interfaces/cmake/rosidl_cmake_export_typesupport_libraries-extras.cmake
[0.289s] -- Up-to-date: /home/nayr/FishRos/ch4/ch4_ws/install/ch4_interfaces/share/ch4_interfaces/cmake/ch4_interfacesConfig.cmake
[0.289s] -- Up-to-date: /home/nayr/FishRos/ch4/ch4_ws/install/ch4_interfaces/share/ch4_interfaces/cmake/ch4_interfacesConfig-version.cmake
[0.289s] -- Up-to-date: /home/nayr/FishRos/ch4/ch4_ws/install/ch4_interfaces/share/ch4_interfaces/package.xml
[0.295s] Invoked command in '/home/nayr/FishRos/ch4/ch4_ws/build/ch4_interfaces' returned '0': CMAKE_PREFIX_PATH=${CMAKE_PREFIX_PATH}:/home/nayr/FishRos/ch4/ch4_ws/install/demo_python_service:/opt/ros/humble /usr/bin/cmake --install /home/nayr/FishRos/ch4/ch4_ws/build/ch4_interfaces
