[0.015s] Invoking command in '/home/nayr/FishRos/ch5/ch5_ws/build/demo_cpp_tf': CMAKE_PREFIX_PATH=${CMAKE_PREFIX_PATH}:/home/nayr/FishRos/ch5/ch5_ws/install/demo_python_tf:/home/nayr/FishRos/ch5/install/demo_python_tf:/opt/ros/humble /usr/bin/cmake --build /home/nayr/FishRos/ch5/ch5_ws/build/demo_cpp_tf -- -j4 -l4
[0.072s] [ 33%] Built target static_tf_broadcaster
[0.073s] [35m[1mConsolidate compiler generated dependencies of target tf_listener[0m
[0.078s] [ 66%] Built target tf_broadcaster
[0.086s] [ 83%] [32mBuilding CXX object CMakeFiles/tf_listener.dir/src/tf_listener.cpp.o[0m
[4.301s] [100%] [32m[1mLinking CXX executable tf_listener[0m
[4.556s] [100%] Built target tf_listener
[4.564s] Invoked command in '/home/nayr/FishRos/ch5/ch5_ws/build/demo_cpp_tf' returned '0': CMAKE_PREFIX_PATH=${CMAKE_PREFIX_PATH}:/home/nayr/FishRos/ch5/ch5_ws/install/demo_python_tf:/home/nayr/FishRos/ch5/install/demo_python_tf:/opt/ros/humble /usr/bin/cmake --build /home/nayr/FishRos/ch5/ch5_ws/build/demo_cpp_tf -- -j4 -l4
[4.569s] Invoking command in '/home/nayr/FishRos/ch5/ch5_ws/build/demo_cpp_tf': CMAKE_PREFIX_PATH=${CMAKE_PREFIX_PATH}:/home/nayr/FishRos/ch5/ch5_ws/install/demo_python_tf:/home/nayr/FishRos/ch5/install/demo_python_tf:/opt/ros/humble /usr/bin/cmake --install /home/nayr/FishRos/ch5/ch5_ws/build/demo_cpp_tf
[4.572s] -- Install configuration: ""
[4.572s] -- Up-to-date: /home/nayr/FishRos/ch5/ch5_ws/install/demo_cpp_tf/lib/demo_cpp_tf/static_tf_broadcaster
[4.572s] -- Up-to-date: /home/nayr/FishRos/ch5/ch5_ws/install/demo_cpp_tf/lib/demo_cpp_tf/tf_broadcaster
[4.573s] -- Installing: /home/nayr/FishRos/ch5/ch5_ws/install/demo_cpp_tf/lib/demo_cpp_tf/tf_listener
[4.575s] -- Set runtime path of "/home/nayr/FishRos/ch5/ch5_ws/install/demo_cpp_tf/lib/demo_cpp_tf/tf_listener" to ""
[4.576s] -- Up-to-date: /home/nayr/FishRos/ch5/ch5_ws/install/demo_cpp_tf/share/ament_index/resource_index/package_run_dependencies/demo_cpp_tf
[4.576s] -- Up-to-date: /home/nayr/FishRos/ch5/ch5_ws/install/demo_cpp_tf/share/ament_index/resource_index/parent_prefix_path/demo_cpp_tf
[4.576s] -- Up-to-date: /home/nayr/FishRos/ch5/ch5_ws/install/demo_cpp_tf/share/demo_cpp_tf/environment/ament_prefix_path.sh
[4.576s] -- Installing: /home/nayr/FishRos/ch5/ch5_ws/install/demo_cpp_tf/share/demo_cpp_tf/environment/ament_prefix_path.dsv
[4.577s] -- Up-to-date: /home/nayr/FishRos/ch5/ch5_ws/install/demo_cpp_tf/share/demo_cpp_tf/environment/path.sh
[4.577s] -- Installing: /home/nayr/FishRos/ch5/ch5_ws/install/demo_cpp_tf/share/demo_cpp_tf/environment/path.dsv
[4.577s] -- Up-to-date: /home/nayr/FishRos/ch5/ch5_ws/install/demo_cpp_tf/share/demo_cpp_tf/local_setup.bash
[4.577s] -- Up-to-date: /home/nayr/FishRos/ch5/ch5_ws/install/demo_cpp_tf/share/demo_cpp_tf/local_setup.sh
[4.577s] -- Up-to-date: /home/nayr/FishRos/ch5/ch5_ws/install/demo_cpp_tf/share/demo_cpp_tf/local_setup.zsh
[4.577s] -- Installing: /home/nayr/FishRos/ch5/ch5_ws/install/demo_cpp_tf/share/demo_cpp_tf/local_setup.dsv
[4.578s] -- Installing: /home/nayr/FishRos/ch5/ch5_ws/install/demo_cpp_tf/share/demo_cpp_tf/package.dsv
[4.578s] -- Up-to-date: /home/nayr/FishRos/ch5/ch5_ws/install/demo_cpp_tf/share/ament_index/resource_index/packages/demo_cpp_tf
[4.579s] -- Up-to-date: /home/nayr/FishRos/ch5/ch5_ws/install/demo_cpp_tf/share/demo_cpp_tf/cmake/demo_cpp_tfConfig.cmake
[4.579s] -- Up-to-date: /home/nayr/FishRos/ch5/ch5_ws/install/demo_cpp_tf/share/demo_cpp_tf/cmake/demo_cpp_tfConfig-version.cmake
[4.579s] -- Up-to-date: /home/nayr/FishRos/ch5/ch5_ws/install/demo_cpp_tf/share/demo_cpp_tf/package.xml
[4.580s] Invoked command in '/home/nayr/FishRos/ch5/ch5_ws/build/demo_cpp_tf' returned '0': CMAKE_PREFIX_PATH=${CMAKE_PREFIX_PATH}:/home/nayr/FishRos/ch5/ch5_ws/install/demo_python_tf:/home/nayr/FishRos/ch5/install/demo_python_tf:/opt/ros/humble /usr/bin/cmake --install /home/nayr/FishRos/ch5/ch5_ws/build/demo_cpp_tf
