[0.009s] Invoking command in '/home/nayr/FishRos/ch6/ch6_ws/build/fishbot_description': CMAKE_PREFIX_PATH=${CMAKE_PREFIX_PATH}:/opt/ros/humble /usr/bin/cmake --build /home/nayr/FishRos/ch6/ch6_ws/build/fishbot_description -- -j4 -l4
[0.040s] Invoked command in '/home/nayr/FishRos/ch6/ch6_ws/build/fishbot_description' returned '0': CMAKE_PREFIX_PATH=${CMAKE_PREFIX_PATH}:/opt/ros/humble /usr/bin/cmake --build /home/nayr/FishRos/ch6/ch6_ws/build/fishbot_description -- -j4 -l4
[0.043s] Invoking command in '/home/nayr/FishRos/ch6/ch6_ws/build/fishbot_description': CMAKE_PREFIX_PATH=${CMAKE_PREFIX_PATH}:/opt/ros/humble /usr/bin/cmake --install /home/nayr/FishRos/ch6/ch6_ws/build/fishbot_description
[0.047s] -- Install configuration: ""
[0.047s] -- Up-to-date: /home/nayr/FishRos/ch6/ch6_ws/install/fishbot_description/share/fishbot_description/launch
[0.047s] -- Installing: /home/nayr/FishRos/ch6/ch6_ws/install/fishbot_description/share/fishbot_description/launch/display_robot.launch.py
[0.047s] -- Up-to-date: /home/nayr/FishRos/ch6/ch6_ws/install/fishbot_description/share/fishbot_description/urdf
[0.047s] -- Up-to-date: /home/nayr/FishRos/ch6/ch6_ws/install/fishbot_description/share/fishbot_description/urdf/first_robot.pdf
[0.047s] -- Installing: /home/nayr/FishRos/ch6/ch6_ws/install/fishbot_description/share/fishbot_description/urdf/first_robot.urdf
[0.047s] -- Up-to-date: /home/nayr/FishRos/ch6/ch6_ws/install/fishbot_description/share/fishbot_description/urdf/first_robot.gv
[0.048s] -- Up-to-date: /home/nayr/FishRos/ch6/ch6_ws/install/fishbot_description/share/ament_index/resource_index/package_run_dependencies/fishbot_description
[0.048s] -- Up-to-date: /home/nayr/FishRos/ch6/ch6_ws/install/fishbot_description/share/ament_index/resource_index/parent_prefix_path/fishbot_description
[0.048s] -- Up-to-date: /home/nayr/FishRos/ch6/ch6_ws/install/fishbot_description/share/fishbot_description/environment/ament_prefix_path.sh
[0.048s] -- Up-to-date: /home/nayr/FishRos/ch6/ch6_ws/install/fishbot_description/share/fishbot_description/environment/ament_prefix_path.dsv
[0.048s] -- Up-to-date: /home/nayr/FishRos/ch6/ch6_ws/install/fishbot_description/share/fishbot_description/environment/path.sh
[0.048s] -- Up-to-date: /home/nayr/FishRos/ch6/ch6_ws/install/fishbot_description/share/fishbot_description/environment/path.dsv
[0.048s] -- Up-to-date: /home/nayr/FishRos/ch6/ch6_ws/install/fishbot_description/share/fishbot_description/local_setup.bash
[0.048s] -- Up-to-date: /home/nayr/FishRos/ch6/ch6_ws/install/fishbot_description/share/fishbot_description/local_setup.sh
[0.048s] -- Up-to-date: /home/nayr/FishRos/ch6/ch6_ws/install/fishbot_description/share/fishbot_description/local_setup.zsh
[0.048s] -- Up-to-date: /home/nayr/FishRos/ch6/ch6_ws/install/fishbot_description/share/fishbot_description/local_setup.dsv
[0.048s] -- Up-to-date: /home/nayr/FishRos/ch6/ch6_ws/install/fishbot_description/share/fishbot_description/package.dsv
[0.048s] -- Up-to-date: /home/nayr/FishRos/ch6/ch6_ws/install/fishbot_description/share/ament_index/resource_index/packages/fishbot_description
[0.048s] -- Up-to-date: /home/nayr/FishRos/ch6/ch6_ws/install/fishbot_description/share/fishbot_description/cmake/fishbot_descriptionConfig.cmake
[0.048s] -- Up-to-date: /home/nayr/FishRos/ch6/ch6_ws/install/fishbot_description/share/fishbot_description/cmake/fishbot_descriptionConfig-version.cmake
[0.048s] -- Up-to-date: /home/nayr/FishRos/ch6/ch6_ws/install/fishbot_description/share/fishbot_description/package.xml
[0.049s] Invoked command in '/home/nayr/FishRos/ch6/ch6_ws/build/fishbot_description' returned '0': CMAKE_PREFIX_PATH=${CMAKE_PREFIX_PATH}:/opt/ros/humble /usr/bin/cmake --install /home/nayr/FishRos/ch6/ch6_ws/build/fishbot_description
