[0.235s] Invoking command in '/home/nayr/FishRos/ch3/topic_practice_ws/src/status_publisher': PYTHONPATH=/home/nayr/FishRos/ch3/topic_practice_ws/build/status_publisher/prefix_override:/usr/lib/python3/dist-packages/colcon_core/task/python/colcon_distutils_commands:/home/nayr/FishRos/ch3/topic_practice_ws/install/status_publisher/lib/python3.10/site-packages:${PYTHONPATH} /usr/bin/python3 -W ignore:setup.py install is deprecated -W ignore:easy_install command is deprecated setup.py egg_info --egg-base ../../build/status_publisher build --build-base /home/nayr/FishRos/ch3/topic_practice_ws/build/status_publisher/build install --record /home/nayr/FishRos/ch3/topic_practice_ws/build/status_publisher/install.log --single-version-externally-managed install_data
[0.320s] running egg_info
[0.320s] writing ../../build/status_publisher/status_publisher.egg-info/PKG-INFO
[0.320s] writing dependency_links to ../../build/status_publisher/status_publisher.egg-info/dependency_links.txt
[0.321s] writing entry points to ../../build/status_publisher/status_publisher.egg-info/entry_points.txt
[0.321s] writing requirements to ../../build/status_publisher/status_publisher.egg-info/requires.txt
[0.321s] writing top-level names to ../../build/status_publisher/status_publisher.egg-info/top_level.txt
[0.322s] reading manifest file '../../build/status_publisher/status_publisher.egg-info/SOURCES.txt'
[0.322s] adding license file 'LICENSE'
[0.322s] writing manifest file '../../build/status_publisher/status_publisher.egg-info/SOURCES.txt'
[0.322s] running build
[0.322s] running build_py
[0.322s] copying status_publisher/sys_status_pub.py -> /home/nayr/FishRos/ch3/topic_practice_ws/build/status_publisher/build/lib/status_publisher
[0.323s] running install
[0.323s] running install_lib
[0.323s] copying /home/nayr/FishRos/ch3/topic_practice_ws/build/status_publisher/build/lib/status_publisher/sys_status_pub.py -> /home/nayr/FishRos/ch3/topic_practice_ws/install/status_publisher/lib/python3.10/site-packages/status_publisher
[0.323s] byte-compiling /home/nayr/FishRos/ch3/topic_practice_ws/install/status_publisher/lib/python3.10/site-packages/status_publisher/sys_status_pub.py to sys_status_pub.cpython-310.pyc
[0.323s] running install_data
[0.323s] running install_egg_info
[0.324s] removing '/home/nayr/FishRos/ch3/topic_practice_ws/install/status_publisher/lib/python3.10/site-packages/status_publisher-0.0.0-py3.10.egg-info' (and everything under it)
[0.324s] Copying ../../build/status_publisher/status_publisher.egg-info to /home/nayr/FishRos/ch3/topic_practice_ws/install/status_publisher/lib/python3.10/site-packages/status_publisher-0.0.0-py3.10.egg-info
[0.325s] running install_scripts
[0.332s] Installing sys_status_pub script to /home/nayr/FishRos/ch3/topic_practice_ws/install/status_publisher/lib/status_publisher
[0.333s] writing list of installed files to '/home/nayr/FishRos/ch3/topic_practice_ws/build/status_publisher/install.log'
[0.344s] Invoked command in '/home/nayr/FishRos/ch3/topic_practice_ws/src/status_publisher' returned '0': PYTHONPATH=/home/nayr/FishRos/ch3/topic_practice_ws/build/status_publisher/prefix_override:/usr/lib/python3/dist-packages/colcon_core/task/python/colcon_distutils_commands:/home/nayr/FishRos/ch3/topic_practice_ws/install/status_publisher/lib/python3.10/site-packages:${PYTHONPATH} /usr/bin/python3 -W ignore:setup.py install is deprecated -W ignore:easy_install command is deprecated setup.py egg_info --egg-base ../../build/status_publisher build --build-base /home/nayr/FishRos/ch3/topic_practice_ws/build/status_publisher/build install --record /home/nayr/FishRos/ch3/topic_practice_ws/build/status_publisher/install.log --single-version-externally-managed install_data
