[0.007s] Invoking command in '/home/nayr/ch2/ch2_ws/build/demo_cpp_pkg': CMAKE_PREFIX_PATH=${CMAKE_PREFIX_PATH}:/home/nayr/ch2/ch2_ws/install/demo_python_pkg:/opt/ros/humble /usr/bin/cmake --build /home/nayr/ch2/ch2_ws/build/demo_cpp_pkg -- -j4 -l4
[0.017s] -- Found ament_cmake: 1.3.12 (/opt/ros/humble/share/ament_cmake/cmake)
[0.071s] -- Found rclcpp: 16.0.14 (/opt/ros/humble/share/rclcpp/cmake)
[0.082s] -- Found rosidl_generator_c: 3.1.7 (/opt/ros/humble/share/rosidl_generator_c/cmake)
[0.083s] -- Found rosidl_adapter: 3.1.7 (/opt/ros/humble/share/rosidl_adapter/cmake)
[0.085s] -- Found rosidl_generator_cpp: 3.1.7 (/opt/ros/humble/share/rosidl_generator_cpp/cmake)
[0.088s] -- Using all available rosidl_typesupport_c: rosidl_typesupport_fastrtps_c;rosidl_typesupport_introspection_c
[0.093s] -- Using all available rosidl_typesupport_cpp: rosidl_typesupport_fastrtps_cpp;rosidl_typesupport_introspection_cpp
[0.105s] -- Found rmw_implementation_cmake: 6.1.2 (/opt/ros/humble/share/rmw_implementation_cmake/cmake)
[0.106s] -- Found rmw_fastrtps_cpp: 6.2.8 (/opt/ros/humble/share/rmw_fastrtps_cpp/cmake)
[0.149s] -- Using RMW implementation 'rmw_fastrtps_cpp' as default
[0.169s] -- Found ament_lint_auto: 0.12.14 (/opt/ros/humble/share/ament_lint_auto/cmake)
[0.195s] -- Added test 'cppcheck' to perform static code analysis on C / C++ code
[0.195s] -- Configured cppcheck include dirs: 
[0.195s] -- Configured cppcheck exclude dirs and/or files: 
[0.195s] -- Added test 'lint_cmake' to check CMake code style
[0.195s] -- Added test 'uncrustify' to check C / C++ code style
[0.195s] -- Configured uncrustify additional arguments: 
[0.195s] -- Added test 'xmllint' to check XML markup files
[0.195s] -- Configuring done
[0.200s] -- Generating done
[0.202s] -- Build files have been written to: /home/nayr/ch2/ch2_ws/build/demo_cpp_pkg
[0.218s] [35m[1mConsolidate compiler generated dependencies of target person_node[0m
[0.220s] [35m[1mConsolidate compiler generated dependencies of target cpp_node[0m
[0.226s] [ 25%] [32mBuilding CXX object CMakeFiles/person_node.dir/src/person_node.cpp.o[0m
[0.236s] [ 75%] Built target cpp_node
[1.244s] [100%] [32m[1mLinking CXX executable person_node[0m
[1.281s] [100%] Built target person_node
[1.285s] Invoked command in '/home/nayr/ch2/ch2_ws/build/demo_cpp_pkg' returned '0': CMAKE_PREFIX_PATH=${CMAKE_PREFIX_PATH}:/home/nayr/ch2/ch2_ws/install/demo_python_pkg:/opt/ros/humble /usr/bin/cmake --build /home/nayr/ch2/ch2_ws/build/demo_cpp_pkg -- -j4 -l4
[1.288s] Invoking command in '/home/nayr/ch2/ch2_ws/build/demo_cpp_pkg': CMAKE_PREFIX_PATH=${CMAKE_PREFIX_PATH}:/home/nayr/ch2/ch2_ws/install/demo_python_pkg:/opt/ros/humble /usr/bin/cmake --install /home/nayr/ch2/ch2_ws/build/demo_cpp_pkg
[1.290s] -- Install configuration: ""
[1.290s] -- Up-to-date: /home/nayr/ch2/ch2_ws/install/demo_cpp_pkg/lib/demo_cpp_pkg/cpp_node
[1.290s] -- Installing: /home/nayr/ch2/ch2_ws/install/demo_cpp_pkg/lib/demo_cpp_pkg/person_node
[1.291s] -- Set runtime path of "/home/nayr/ch2/ch2_ws/install/demo_cpp_pkg/lib/demo_cpp_pkg/person_node" to ""
[1.291s] -- Up-to-date: /home/nayr/ch2/ch2_ws/install/demo_cpp_pkg/share/ament_index/resource_index/package_run_dependencies/demo_cpp_pkg
[1.291s] -- Up-to-date: /home/nayr/ch2/ch2_ws/install/demo_cpp_pkg/share/ament_index/resource_index/parent_prefix_path/demo_cpp_pkg
[1.291s] -- Up-to-date: /home/nayr/ch2/ch2_ws/install/demo_cpp_pkg/share/demo_cpp_pkg/environment/ament_prefix_path.sh
[1.291s] -- Installing: /home/nayr/ch2/ch2_ws/install/demo_cpp_pkg/share/demo_cpp_pkg/environment/ament_prefix_path.dsv
[1.291s] -- Up-to-date: /home/nayr/ch2/ch2_ws/install/demo_cpp_pkg/share/demo_cpp_pkg/environment/path.sh
[1.291s] -- Installing: /home/nayr/ch2/ch2_ws/install/demo_cpp_pkg/share/demo_cpp_pkg/environment/path.dsv
[1.291s] -- Up-to-date: /home/nayr/ch2/ch2_ws/install/demo_cpp_pkg/share/demo_cpp_pkg/local_setup.bash
[1.291s] -- Up-to-date: /home/nayr/ch2/ch2_ws/install/demo_cpp_pkg/share/demo_cpp_pkg/local_setup.sh
[1.291s] -- Up-to-date: /home/nayr/ch2/ch2_ws/install/demo_cpp_pkg/share/demo_cpp_pkg/local_setup.zsh
[1.291s] -- Installing: /home/nayr/ch2/ch2_ws/install/demo_cpp_pkg/share/demo_cpp_pkg/local_setup.dsv
[1.291s] -- Installing: /home/nayr/ch2/ch2_ws/install/demo_cpp_pkg/share/demo_cpp_pkg/package.dsv
[1.291s] -- Up-to-date: /home/nayr/ch2/ch2_ws/install/demo_cpp_pkg/share/ament_index/resource_index/packages/demo_cpp_pkg
[1.291s] -- Up-to-date: /home/nayr/ch2/ch2_ws/install/demo_cpp_pkg/share/demo_cpp_pkg/cmake/demo_cpp_pkgConfig.cmake
[1.291s] -- Up-to-date: /home/nayr/ch2/ch2_ws/install/demo_cpp_pkg/share/demo_cpp_pkg/cmake/demo_cpp_pkgConfig-version.cmake
[1.291s] -- Up-to-date: /home/nayr/ch2/ch2_ws/install/demo_cpp_pkg/share/demo_cpp_pkg/package.xml
[1.292s] Invoked command in '/home/nayr/ch2/ch2_ws/build/demo_cpp_pkg' returned '0': CMAKE_PREFIX_PATH=${CMAKE_PREFIX_PATH}:/home/nayr/ch2/ch2_ws/install/demo_python_pkg:/opt/ros/humble /usr/bin/cmake --install /home/nayr/ch2/ch2_ws/build/demo_cpp_pkg
