[0.006s] Invoking command in '/home/nayr/FishRos/ch6/ch6_ws/build/fishbot_description': CMAKE_PREFIX_PATH=${CMAKE_PREFIX_PATH}:/opt/ros/humble /usr/bin/cmake --build /home/nayr/FishRos/ch6/ch6_ws/build/fishbot_description -- -j4 -l4
[0.031s] -- Found ament_cmake: 1.3.12 (/opt/ros/humble/share/ament_cmake/cmake)
[0.092s] -- Found rclcpp: 16.0.14 (/opt/ros/humble/share/rclcpp/cmake)
[0.121s] -- Found rosidl_generator_c: 3.1.7 (/opt/ros/humble/share/rosidl_generator_c/cmake)
[0.123s] -- Found rosidl_adapter: 3.1.7 (/opt/ros/humble/share/rosidl_adapter/cmake)
[0.127s] -- Found rosidl_generator_cpp: 3.1.7 (/opt/ros/humble/share/rosidl_generator_cpp/cmake)
[0.134s] -- Using all available rosidl_typesupport_c: rosidl_typesupport_fastrtps_c;rosidl_typesupport_introspection_c
[0.145s] -- Using all available rosidl_typesupport_cpp: rosidl_typesupport_fastrtps_cpp;rosidl_typesupport_introspection_cpp
[0.166s] -- Found rmw_implementation_cmake: 6.1.2 (/opt/ros/humble/share/rmw_implementation_cmake/cmake)
[0.167s] -- Found rmw_fastrtps_cpp: 6.2.8 (/opt/ros/humble/share/rmw_fastrtps_cpp/cmake)
[0.204s] -- Found OpenSSL: /usr/lib/aarch64-linux-gnu/libcrypto.so (found version "3.0.2")  
[0.218s] -- Found FastRTPS: /opt/ros/humble/include  
[0.237s] -- Using RMW implementation 'rmw_fastrtps_cpp' as default
[0.242s] -- Looking for pthread.h
[0.284s] -- Looking for pthread.h - found
[0.284s] -- Performing Test CMAKE_HAVE_LIBC_PTHREAD
[0.321s] -- Performing Test CMAKE_HAVE_LIBC_PTHREAD - Success
[0.322s] -- Found Threads: TRUE  
[0.352s] [31mCMake Error at CMakeLists.txt:14 (find_package):
[0.352s]   By not providing "Findlaunch_ros.cmake" in CMAKE_MODULE_PATH this project
[0.352s]   has asked CMake to find a package configuration file provided by
[0.352s]   "launch_ros", but CMake did not find one.
[0.352s] 
[0.352s]   Could not find a package configuration file provided by "launch_ros" with
[0.352s]   any of the following names:
[0.352s] 
[0.352s]     launch_rosConfig.cmake
[0.352s]     launch_ros-config.cmake
[0.352s] 
[0.352s]   Add the installation prefix of "launch_ros" to CMAKE_PREFIX_PATH or set
[0.352s]   "launch_ros_DIR" to a directory containing one of the above files.  If
[0.352s]   "launch_ros" provides a separate development package or SDK, be sure it has
[0.352s]   been installed.
[0.352s] 
[0.352s] [0m
[0.352s] -- Configuring incomplete, errors occurred!
[0.352s] See also "/home/nayr/FishRos/ch6/ch6_ws/build/fishbot_description/CMakeFiles/CMakeOutput.log".
[0.355s] gmake: *** [Makefile:226: cmake_check_build_system] Error 1
[0.356s] Invoked command in '/home/nayr/FishRos/ch6/ch6_ws/build/fishbot_description' returned '2': CMAKE_PREFIX_PATH=${CMAKE_PREFIX_PATH}:/opt/ros/humble /usr/bin/cmake --build /home/nayr/FishRos/ch6/ch6_ws/build/fishbot_description -- -j4 -l4
