[0.006s] Invoking command in '/home/nayr/ch2/ch2_ws/build/demo_cpp_pkg': CMAKE_PREFIX_PATH=${CMAKE_PREFIX_PATH}:/home/nayr/ch2/install/demo_python_pkg:/opt/ros/humble /usr/bin/cmake /home/nayr/ch2/ch2_ws/src/demo_cpp_pkg -DCMAKE_INSTALL_PREFIX=/home/nayr/ch2/ch2_ws/install/demo_cpp_pkg
[0.012s] -- Found ament_cmake: 1.3.12 (/opt/ros/humble/share/ament_cmake/cmake)
[0.071s] -- Found rclcpp: 16.0.14 (/opt/ros/humble/share/rclcpp/cmake)
[0.083s] -- Found rosidl_generator_c: 3.1.7 (/opt/ros/humble/share/rosidl_generator_c/cmake)
[0.084s] -- Found rosidl_adapter: 3.1.7 (/opt/ros/humble/share/rosidl_adapter/cmake)
[0.086s] -- Found rosidl_generator_cpp: 3.1.7 (/opt/ros/humble/share/rosidl_generator_cpp/cmake)
[0.090s] -- Using all available rosidl_typesupport_c: rosidl_typesupport_fastrtps_c;rosidl_typesupport_introspection_c
[0.095s] -- Using all available rosidl_typesupport_cpp: rosidl_typesupport_fastrtps_cpp;rosidl_typesupport_introspection_cpp
[0.107s] -- Found rmw_implementation_cmake: 6.1.2 (/opt/ros/humble/share/rmw_implementation_cmake/cmake)
[0.108s] -- Found rmw_fastrtps_cpp: 6.2.8 (/opt/ros/humble/share/rmw_fastrtps_cpp/cmake)
[0.152s] -- Using RMW implementation 'rmw_fastrtps_cpp' as default
[0.172s] [31mCMake Error at /opt/ros/humble/share/ament_cmake_target_dependencies/cmake/ament_target_dependencies.cmake:42 (message):
[0.172s]   ament_target_dependencies() the first argument must be a valid target name
[0.172s] Call Stack (most recent call first):
[0.172s]   CMakeLists.txt:16 (ament_target_dependencies)
[0.172s] 
[0.172s] [0m
[0.172s] -- Configuring incomplete, errors occurred!
[0.172s] See also "/home/nayr/ch2/ch2_ws/build/demo_cpp_pkg/CMakeFiles/CMakeOutput.log".
[0.175s] Invoked command in '/home/nayr/ch2/ch2_ws/build/demo_cpp_pkg' returned '1': CMAKE_PREFIX_PATH=${CMAKE_PREFIX_PATH}:/home/nayr/ch2/install/demo_python_pkg:/opt/ros/humble /usr/bin/cmake /home/nayr/ch2/ch2_ws/src/demo_cpp_pkg -DCMAKE_INSTALL_PREFIX=/home/nayr/ch2/ch2_ws/install/demo_cpp_pkg
