[0.307s] Invoking command in '/home/nayr/FishRos/ch3/topic_ws/src/demo_python_topic': PYTHONPATH=/home/nayr/FishRos/ch3/topic_ws/src/build/demo_python_topic/prefix_override:/usr/lib/python3/dist-packages/colcon_core/task/python/colcon_distutils_commands:/home/nayr/FishRos/ch3/topic_ws/src/install/demo_python_topic/lib/python3.10/site-packages:${PYTHONPATH} /usr/bin/python3 -W ignore:setup.py install is deprecated -W ignore:easy_install command is deprecated setup.py egg_info --egg-base ../build/demo_python_topic build --build-base /home/nayr/FishRos/ch3/topic_ws/src/build/demo_python_topic/build install --record /home/nayr/FishRos/ch3/topic_ws/src/build/demo_python_topic/install.log --single-version-externally-managed install_data
[0.416s] running egg_info
[0.416s] creating ../build/demo_python_topic/demo_python_topic.egg-info
[0.416s] writing ../build/demo_python_topic/demo_python_topic.egg-info/PKG-INFO
[0.416s] writing dependency_links to ../build/demo_python_topic/demo_python_topic.egg-info/dependency_links.txt
[0.416s] writing entry points to ../build/demo_python_topic/demo_python_topic.egg-info/entry_points.txt
[0.416s] writing requirements to ../build/demo_python_topic/demo_python_topic.egg-info/requires.txt
[0.417s] writing top-level names to ../build/demo_python_topic/demo_python_topic.egg-info/top_level.txt
[0.417s] writing manifest file '../build/demo_python_topic/demo_python_topic.egg-info/SOURCES.txt'
[0.417s] reading manifest file '../build/demo_python_topic/demo_python_topic.egg-info/SOURCES.txt'
[0.418s] writing manifest file '../build/demo_python_topic/demo_python_topic.egg-info/SOURCES.txt'
[0.418s] running build
[0.418s] running build_py
[0.418s] creating /home/nayr/FishRos/ch3/topic_ws/src/build/demo_python_topic/build
[0.418s] creating /home/nayr/FishRos/ch3/topic_ws/src/build/demo_python_topic/build/lib
[0.418s] creating /home/nayr/FishRos/ch3/topic_ws/src/build/demo_python_topic/build/lib/demo_python_topic
[0.418s] copying demo_python_topic/novel_pub_node.py -> /home/nayr/FishRos/ch3/topic_ws/src/build/demo_python_topic/build/lib/demo_python_topic
[0.419s] copying demo_python_topic/__init__.py -> /home/nayr/FishRos/ch3/topic_ws/src/build/demo_python_topic/build/lib/demo_python_topic
[0.419s] copying demo_python_topic/novel_sub_node.py -> /home/nayr/FishRos/ch3/topic_ws/src/build/demo_python_topic/build/lib/demo_python_topic
[0.419s] running install
[0.419s] running install_lib
[0.419s] creating /home/nayr/FishRos/ch3/topic_ws/src/install/demo_python_topic/lib/python3.10/site-packages/demo_python_topic
[0.420s] copying /home/nayr/FishRos/ch3/topic_ws/src/build/demo_python_topic/build/lib/demo_python_topic/novel_pub_node.py -> /home/nayr/FishRos/ch3/topic_ws/src/install/demo_python_topic/lib/python3.10/site-packages/demo_python_topic
[0.420s] copying /home/nayr/FishRos/ch3/topic_ws/src/build/demo_python_topic/build/lib/demo_python_topic/__init__.py -> /home/nayr/FishRos/ch3/topic_ws/src/install/demo_python_topic/lib/python3.10/site-packages/demo_python_topic
[0.420s] copying /home/nayr/FishRos/ch3/topic_ws/src/build/demo_python_topic/build/lib/demo_python_topic/novel_sub_node.py -> /home/nayr/FishRos/ch3/topic_ws/src/install/demo_python_topic/lib/python3.10/site-packages/demo_python_topic
[0.420s] byte-compiling /home/nayr/FishRos/ch3/topic_ws/src/install/demo_python_topic/lib/python3.10/site-packages/demo_python_topic/novel_pub_node.py to novel_pub_node.cpython-310.pyc
[0.420s] byte-compiling /home/nayr/FishRos/ch3/topic_ws/src/install/demo_python_topic/lib/python3.10/site-packages/demo_python_topic/__init__.py to __init__.cpython-310.pyc
[0.420s] byte-compiling /home/nayr/FishRos/ch3/topic_ws/src/install/demo_python_topic/lib/python3.10/site-packages/demo_python_topic/novel_sub_node.py to novel_sub_node.cpython-310.pyc
[0.421s] running install_data
[0.421s] creating /home/nayr/FishRos/ch3/topic_ws/src/install/demo_python_topic/share/ament_index
[0.421s] creating /home/nayr/FishRos/ch3/topic_ws/src/install/demo_python_topic/share/ament_index/resource_index
[0.421s] creating /home/nayr/FishRos/ch3/topic_ws/src/install/demo_python_topic/share/ament_index/resource_index/packages
[0.421s] copying resource/demo_python_topic -> /home/nayr/FishRos/ch3/topic_ws/src/install/demo_python_topic/share/ament_index/resource_index/packages
[0.421s] copying package.xml -> /home/nayr/FishRos/ch3/topic_ws/src/install/demo_python_topic/share/demo_python_topic
[0.421s] running install_egg_info
[0.422s] Copying ../build/demo_python_topic/demo_python_topic.egg-info to /home/nayr/FishRos/ch3/topic_ws/src/install/demo_python_topic/lib/python3.10/site-packages/demo_python_topic-0.0.0-py3.10.egg-info
[0.423s] running install_scripts
[0.432s] Installing novel_pub_node script to /home/nayr/FishRos/ch3/topic_ws/src/install/demo_python_topic/lib/demo_python_topic
[0.432s] Installing novel_sub_node script to /home/nayr/FishRos/ch3/topic_ws/src/install/demo_python_topic/lib/demo_python_topic
[0.432s] writing list of installed files to '/home/nayr/FishRos/ch3/topic_ws/src/build/demo_python_topic/install.log'
[0.445s] Invoked command in '/home/nayr/FishRos/ch3/topic_ws/src/demo_python_topic' returned '0': PYTHONPATH=/home/nayr/FishRos/ch3/topic_ws/src/build/demo_python_topic/prefix_override:/usr/lib/python3/dist-packages/colcon_core/task/python/colcon_distutils_commands:/home/nayr/FishRos/ch3/topic_ws/src/install/demo_python_topic/lib/python3.10/site-packages:${PYTHONPATH} /usr/bin/python3 -W ignore:setup.py install is deprecated -W ignore:easy_install command is deprecated setup.py egg_info --egg-base ../build/demo_python_topic build --build-base /home/nayr/FishRos/ch3/topic_ws/src/build/demo_python_topic/build install --record /home/nayr/FishRos/ch3/topic_ws/src/build/demo_python_topic/install.log --single-version-externally-managed install_data
