[0.239s] Invoking command in '/home/nayr/FishRos/ch3/topic_practice_ws/src/status_publisher': PYTHONPATH=/home/nayr/FishRos/ch3/topic_practice_ws/build/status_publisher/prefix_override:/usr/lib/python3/dist-packages/colcon_core/task/python/colcon_distutils_commands:/home/nayr/FishRos/ch3/topic_practice_ws/install/status_publisher/lib/python3.10/site-packages:${PYTHONPATH} /usr/bin/python3 -W ignore:setup.py install is deprecated -W ignore:easy_install command is deprecated setup.py egg_info --egg-base ../../build/status_publisher build --build-base /home/nayr/FishRos/ch3/topic_practice_ws/build/status_publisher/build install --record /home/nayr/FishRos/ch3/topic_practice_ws/build/status_publisher/install.log --single-version-externally-managed install_data
[0.328s] running egg_info
[0.328s] creating ../../build/status_publisher/status_publisher.egg-info
[0.328s] writing ../../build/status_publisher/status_publisher.egg-info/PKG-INFO
[0.329s] writing dependency_links to ../../build/status_publisher/status_publisher.egg-info/dependency_links.txt
[0.329s] writing entry points to ../../build/status_publisher/status_publisher.egg-info/entry_points.txt
[0.329s] writing requirements to ../../build/status_publisher/status_publisher.egg-info/requires.txt
[0.329s] writing top-level names to ../../build/status_publisher/status_publisher.egg-info/top_level.txt
[0.329s] writing manifest file '../../build/status_publisher/status_publisher.egg-info/SOURCES.txt'
[0.330s] reading manifest file '../../build/status_publisher/status_publisher.egg-info/SOURCES.txt'
[0.330s] adding license file 'LICENSE'
[0.330s] writing manifest file '../../build/status_publisher/status_publisher.egg-info/SOURCES.txt'
[0.330s] running build
[0.330s] running build_py
[0.330s] creating /home/nayr/FishRos/ch3/topic_practice_ws/build/status_publisher/build
[0.330s] creating /home/nayr/FishRos/ch3/topic_practice_ws/build/status_publisher/build/lib
[0.330s] creating /home/nayr/FishRos/ch3/topic_practice_ws/build/status_publisher/build/lib/status_publisher
[0.330s] copying status_publisher/sys_status_pub.py -> /home/nayr/FishRos/ch3/topic_practice_ws/build/status_publisher/build/lib/status_publisher
[0.331s] copying status_publisher/__init__.py -> /home/nayr/FishRos/ch3/topic_practice_ws/build/status_publisher/build/lib/status_publisher
[0.331s] running install
[0.331s] running install_lib
[0.331s] creating /home/nayr/FishRos/ch3/topic_practice_ws/install/status_publisher/lib/python3.10/site-packages/status_publisher
[0.331s] copying /home/nayr/FishRos/ch3/topic_practice_ws/build/status_publisher/build/lib/status_publisher/sys_status_pub.py -> /home/nayr/FishRos/ch3/topic_practice_ws/install/status_publisher/lib/python3.10/site-packages/status_publisher
[0.331s] copying /home/nayr/FishRos/ch3/topic_practice_ws/build/status_publisher/build/lib/status_publisher/__init__.py -> /home/nayr/FishRos/ch3/topic_practice_ws/install/status_publisher/lib/python3.10/site-packages/status_publisher
[0.332s] byte-compiling /home/nayr/FishRos/ch3/topic_practice_ws/install/status_publisher/lib/python3.10/site-packages/status_publisher/sys_status_pub.py to sys_status_pub.cpython-310.pyc
[0.332s] byte-compiling /home/nayr/FishRos/ch3/topic_practice_ws/install/status_publisher/lib/python3.10/site-packages/status_publisher/__init__.py to __init__.cpython-310.pyc
[0.332s] running install_data
[0.332s] creating /home/nayr/FishRos/ch3/topic_practice_ws/install/status_publisher/share/ament_index
[0.332s] creating /home/nayr/FishRos/ch3/topic_practice_ws/install/status_publisher/share/ament_index/resource_index
[0.332s] creating /home/nayr/FishRos/ch3/topic_practice_ws/install/status_publisher/share/ament_index/resource_index/packages
[0.332s] copying resource/status_publisher -> /home/nayr/FishRos/ch3/topic_practice_ws/install/status_publisher/share/ament_index/resource_index/packages
[0.332s] copying package.xml -> /home/nayr/FishRos/ch3/topic_practice_ws/install/status_publisher/share/status_publisher
[0.332s] running install_egg_info
[0.333s] Copying ../../build/status_publisher/status_publisher.egg-info to /home/nayr/FishRos/ch3/topic_practice_ws/install/status_publisher/lib/python3.10/site-packages/status_publisher-0.0.0-py3.10.egg-info
[0.334s] running install_scripts
[0.344s] Installing sys_status_pub script to /home/nayr/FishRos/ch3/topic_practice_ws/install/status_publisher/lib/status_publisher
[0.344s] writing list of installed files to '/home/nayr/FishRos/ch3/topic_practice_ws/build/status_publisher/install.log'
[0.356s] Invoked command in '/home/nayr/FishRos/ch3/topic_practice_ws/src/status_publisher' returned '0': PYTHONPATH=/home/nayr/FishRos/ch3/topic_practice_ws/build/status_publisher/prefix_override:/usr/lib/python3/dist-packages/colcon_core/task/python/colcon_distutils_commands:/home/nayr/FishRos/ch3/topic_practice_ws/install/status_publisher/lib/python3.10/site-packages:${PYTHONPATH} /usr/bin/python3 -W ignore:setup.py install is deprecated -W ignore:easy_install command is deprecated setup.py egg_info --egg-base ../../build/status_publisher build --build-base /home/nayr/FishRos/ch3/topic_practice_ws/build/status_publisher/build install --record /home/nayr/FishRos/ch3/topic_practice_ws/build/status_publisher/install.log --single-version-externally-managed install_data
