[0.008s] Invoking command in '/home/nayr/ch2/ch2_ws/build/demo_cpp_pkg': CMAKE_PREFIX_PATH=${CMAKE_PREFIX_PATH}:/home/nayr/ch2/install/demo_python_pkg:/opt/ros/humble /usr/bin/cmake /home/nayr/ch2/ch2_ws/src/demo_cpp_pkg -DCMAKE_INSTALL_PREFIX=/home/nayr/ch2/ch2_ws/install/demo_cpp_pkg
[0.122s] -- Found ament_cmake: 1.3.12 (/opt/ros/humble/share/ament_cmake/cmake)
[0.122s] -- Found rclcpp: 16.0.14 (/opt/ros/humble/share/rclcpp/cmake)
[0.122s] -- Found rosidl_generator_c: 3.1.7 (/opt/ros/humble/share/rosidl_generator_c/cmake)
[0.122s] -- Found rosidl_adapter: 3.1.7 (/opt/ros/humble/share/rosidl_adapter/cmake)
[0.122s] -- Found rosidl_generator_cpp: 3.1.7 (/opt/ros/humble/share/rosidl_generator_cpp/cmake)
[0.122s] -- Using all available rosidl_typesupport_c: rosidl_typesupport_fastrtps_c;rosidl_typesupport_introspection_c
[0.122s] -- Using all available rosidl_typesupport_cpp: rosidl_typesupport_fastrtps_cpp;rosidl_typesupport_introspection_cpp
[0.122s] -- Found rmw_implementation_cmake: 6.1.2 (/opt/ros/humble/share/rmw_implementation_cmake/cmake)
[0.122s] -- Found rmw_fastrtps_cpp: 6.2.8 (/opt/ros/humble/share/rmw_fastrtps_cpp/cmake)
[0.153s] -- Using RMW implementation 'rmw_fastrtps_cpp' as default
[0.174s] -- Found ament_lint_auto: 0.12.14 (/opt/ros/humble/share/ament_lint_auto/cmake)
[0.204s] -- Added test 'cppcheck' to perform static code analysis on C / C++ code
[0.204s] -- Configured cppcheck include dirs: 
[0.204s] -- Configured cppcheck exclude dirs and/or files: 
[0.204s] -- Added test 'lint_cmake' to check CMake code style
[0.204s] -- Added test 'uncrustify' to check C / C++ code style
[0.205s] -- Configured uncrustify additional arguments: 
[0.205s] -- Added test 'xmllint' to check XML markup files
[0.206s] -- Configuring done
[0.210s] -- Generating done
[0.212s] -- Build files have been written to: /home/nayr/ch2/ch2_ws/build/demo_cpp_pkg
[0.216s] Invoked command in '/home/nayr/ch2/ch2_ws/build/demo_cpp_pkg' returned '0': CMAKE_PREFIX_PATH=${CMAKE_PREFIX_PATH}:/home/nayr/ch2/install/demo_python_pkg:/opt/ros/humble /usr/bin/cmake /home/nayr/ch2/ch2_ws/src/demo_cpp_pkg -DCMAKE_INSTALL_PREFIX=/home/nayr/ch2/ch2_ws/install/demo_cpp_pkg
[0.216s] Invoking command in '/home/nayr/ch2/ch2_ws/build/demo_cpp_pkg': CMAKE_PREFIX_PATH=${CMAKE_PREFIX_PATH}:/home/nayr/ch2/install/demo_python_pkg:/opt/ros/humble /usr/bin/cmake --build /home/nayr/ch2/ch2_ws/build/demo_cpp_pkg -- -j4 -l4
[0.234s] [ 50%] [32mBuilding CXX object CMakeFiles/cpp_node.dir/src/cpp_node.cpp.o[0m
[1.300s] [100%] [32m[1mLinking CXX executable cpp_node[0m
[1.338s] [100%] Built target cpp_node
[1.342s] Invoked command in '/home/nayr/ch2/ch2_ws/build/demo_cpp_pkg' returned '0': CMAKE_PREFIX_PATH=${CMAKE_PREFIX_PATH}:/home/nayr/ch2/install/demo_python_pkg:/opt/ros/humble /usr/bin/cmake --build /home/nayr/ch2/ch2_ws/build/demo_cpp_pkg -- -j4 -l4
[1.347s] Invoking command in '/home/nayr/ch2/ch2_ws/build/demo_cpp_pkg': CMAKE_PREFIX_PATH=${CMAKE_PREFIX_PATH}:/home/nayr/ch2/install/demo_python_pkg:/opt/ros/humble /usr/bin/cmake --install /home/nayr/ch2/ch2_ws/build/demo_cpp_pkg
[1.348s] -- Install configuration: ""
[1.348s] -- Installing: /home/nayr/ch2/ch2_ws/install/demo_cpp_pkg/lib/demo_cpp_pkg/cpp_node
[1.348s] -- Set runtime path of "/home/nayr/ch2/ch2_ws/install/demo_cpp_pkg/lib/demo_cpp_pkg/cpp_node" to ""
[1.348s] -- Installing: /home/nayr/ch2/ch2_ws/install/demo_cpp_pkg/share/ament_index/resource_index/package_run_dependencies/demo_cpp_pkg
[1.348s] -- Installing: /home/nayr/ch2/ch2_ws/install/demo_cpp_pkg/share/ament_index/resource_index/parent_prefix_path/demo_cpp_pkg
[1.348s] -- Installing: /home/nayr/ch2/ch2_ws/install/demo_cpp_pkg/share/demo_cpp_pkg/environment/ament_prefix_path.sh
[1.349s] -- Installing: /home/nayr/ch2/ch2_ws/install/demo_cpp_pkg/share/demo_cpp_pkg/environment/ament_prefix_path.dsv
[1.349s] -- Installing: /home/nayr/ch2/ch2_ws/install/demo_cpp_pkg/share/demo_cpp_pkg/environment/path.sh
[1.349s] -- Installing: /home/nayr/ch2/ch2_ws/install/demo_cpp_pkg/share/demo_cpp_pkg/environment/path.dsv
[1.349s] -- Installing: /home/nayr/ch2/ch2_ws/install/demo_cpp_pkg/share/demo_cpp_pkg/local_setup.bash
[1.349s] -- Installing: /home/nayr/ch2/ch2_ws/install/demo_cpp_pkg/share/demo_cpp_pkg/local_setup.sh
[1.349s] -- Installing: /home/nayr/ch2/ch2_ws/install/demo_cpp_pkg/share/demo_cpp_pkg/local_setup.zsh
[1.349s] -- Installing: /home/nayr/ch2/ch2_ws/install/demo_cpp_pkg/share/demo_cpp_pkg/local_setup.dsv
[1.349s] -- Installing: /home/nayr/ch2/ch2_ws/install/demo_cpp_pkg/share/demo_cpp_pkg/package.dsv
[1.349s] -- Installing: /home/nayr/ch2/ch2_ws/install/demo_cpp_pkg/share/ament_index/resource_index/packages/demo_cpp_pkg
[1.349s] -- Installing: /home/nayr/ch2/ch2_ws/install/demo_cpp_pkg/share/demo_cpp_pkg/cmake/demo_cpp_pkgConfig.cmake
[1.349s] -- Installing: /home/nayr/ch2/ch2_ws/install/demo_cpp_pkg/share/demo_cpp_pkg/cmake/demo_cpp_pkgConfig-version.cmake
[1.349s] -- Installing: /home/nayr/ch2/ch2_ws/install/demo_cpp_pkg/share/demo_cpp_pkg/package.xml
[1.350s] Invoked command in '/home/nayr/ch2/ch2_ws/build/demo_cpp_pkg' returned '0': CMAKE_PREFIX_PATH=${CMAKE_PREFIX_PATH}:/home/nayr/ch2/install/demo_python_pkg:/opt/ros/humble /usr/bin/cmake --install /home/nayr/ch2/ch2_ws/build/demo_cpp_pkg
