[0.006s] Invoking command in '/home/nayr/FishRos/ch3/topic_ws/build/demo_cpp_topic': CMAKE_PREFIX_PATH=${CMAKE_PREFIX_PATH}:/home/nayr/FishRos/ch3/topic_ws/src/install/demo_python_topic:/opt/ros/humble /usr/bin/cmake /home/nayr/FishRos/ch3/topic_ws/src/demo_cpp_topic -DCMAKE_INSTALL_PREFIX=/home/nayr/FishRos/ch3/topic_ws/install/demo_cpp_topic
[0.015s] -- Found ament_cmake: 1.3.12 (/opt/ros/humble/share/ament_cmake/cmake)
[0.074s] -- Found rclcpp: 16.0.14 (/opt/ros/humble/share/rclcpp/cmake)
[0.087s] -- Found rosidl_generator_c: 3.1.7 (/opt/ros/humble/share/rosidl_generator_c/cmake)
[0.088s] -- Found rosidl_adapter: 3.1.7 (/opt/ros/humble/share/rosidl_adapter/cmake)
[0.090s] -- Found rosidl_generator_cpp: 3.1.7 (/opt/ros/humble/share/rosidl_generator_cpp/cmake)
[0.094s] -- Using all available rosidl_typesupport_c: rosidl_typesupport_fastrtps_c;rosidl_typesupport_introspection_c
[0.099s] -- Using all available rosidl_typesupport_cpp: rosidl_typesupport_fastrtps_cpp;rosidl_typesupport_introspection_cpp
[0.115s] -- Found rmw_implementation_cmake: 6.1.2 (/opt/ros/humble/share/rmw_implementation_cmake/cmake)
[0.115s] -- Found rmw_fastrtps_cpp: 6.2.8 (/opt/ros/humble/share/rmw_fastrtps_cpp/cmake)
[0.161s] -- Using RMW implementation 'rmw_fastrtps_cpp' as default
[0.181s] -- Found geometry_msgs: 4.9.0 (/opt/ros/humble/share/geometry_msgs/cmake)
[0.186s] -- Found turtlesim: 1.4.2 (/opt/ros/humble/share/turtlesim/cmake)
[0.202s] [31mCMake Error at /opt/ros/humble/share/ament_cmake_target_dependencies/cmake/ament_target_dependencies.cmake:42 (message):
[0.202s]   ament_target_dependencies() the first argument must be a valid target name
[0.202s] Call Stack (most recent call first):
[0.202s]   CMakeLists.txt:18 (ament_target_dependencies)
[0.202s] 
[0.202s] [0m
[0.202s] -- Configuring incomplete, errors occurred!
[0.202s] See also "/home/nayr/FishRos/ch3/topic_ws/build/demo_cpp_topic/CMakeFiles/CMakeOutput.log".
[0.205s] Invoked command in '/home/nayr/FishRos/ch3/topic_ws/build/demo_cpp_topic' returned '1': CMAKE_PREFIX_PATH=${CMAKE_PREFIX_PATH}:/home/nayr/FishRos/ch3/topic_ws/src/install/demo_python_topic:/opt/ros/humble /usr/bin/cmake /home/nayr/FishRos/ch3/topic_ws/src/demo_cpp_topic -DCMAKE_INSTALL_PREFIX=/home/nayr/FishRos/ch3/topic_ws/install/demo_cpp_topic
