[0.005s] Invoking command in '/home/nayr/FishRos/ch4/ch4_ws/build/ch4_interfaces': CMAKE_PREFIX_PATH=${CMAKE_PREFIX_PATH}:/home/nayr/FishRos/ch4/ch4_ws/install/demo_python_service:/opt/ros/humble /usr/bin/cmake --build /home/nayr/FishRos/ch4/ch4_ws/build/ch4_interfaces -- -j4 -l4
[0.029s] [  9%] Built target ch4_interfaces__rosidl_generator_c
[0.029s] [ 12%] Built target ch4_interfaces__cpp
[0.032s] [ 12%] Built target ament_cmake_python_copy_ch4_interfaces
[0.041s] [ 22%] Built target ch4_interfaces__rosidl_typesupport_cpp
[0.042s] [ 32%] Built target ch4_interfaces__rosidl_typesupport_fastrtps_cpp
[0.042s] [ 41%] Built target ch4_interfaces__rosidl_typesupport_c
[0.047s] [ 51%] Built target ch4_interfaces__rosidl_typesupport_introspection_c
[0.050s] [ 61%] Built target ch4_interfaces__rosidl_typesupport_introspection_cpp
[0.051s] [ 70%] Built target ch4_interfaces__rosidl_typesupport_fastrtps_c
[0.057s] [ 70%] Built target ch4_interfaces
[0.064s] [ 74%] Built target ch4_interfaces__py
[0.071s] [ 80%] Built target ch4_interfaces__rosidl_generator_py
[0.081s] [ 93%] Built target ch4_interfaces__rosidl_typesupport_c__pyext
[0.081s] [ 96%] Built target ch4_interfaces__rosidl_typesupport_introspection_c__pyext
[0.081s] [100%] Built target ch4_interfaces__rosidl_typesupport_fastrtps_c__pyext
[0.136s] running egg_info
[0.137s] writing ch4_interfaces.egg-info/PKG-INFO
[0.137s] writing dependency_links to ch4_interfaces.egg-info/dependency_links.txt
[0.137s] writing top-level names to ch4_interfaces.egg-info/top_level.txt
[0.138s] reading manifest file 'ch4_interfaces.egg-info/SOURCES.txt'
[0.138s] writing manifest file 'ch4_interfaces.egg-info/SOURCES.txt'
[0.149s] [100%] Built target ament_cmake_python_build_ch4_interfaces_egg
[0.152s] Invoked command in '/home/nayr/FishRos/ch4/ch4_ws/build/ch4_interfaces' returned '0': CMAKE_PREFIX_PATH=${CMAKE_PREFIX_PATH}:/home/nayr/FishRos/ch4/ch4_ws/install/demo_python_service:/opt/ros/humble /usr/bin/cmake --build /home/nayr/FishRos/ch4/ch4_ws/build/ch4_interfaces -- -j4 -l4
[0.156s] Invoking command in '/home/nayr/FishRos/ch4/ch4_ws/build/ch4_interfaces': CMAKE_PREFIX_PATH=${CMAKE_PREFIX_PATH}:/home/nayr/FishRos/ch4/ch4_ws/install/demo_python_service:/opt/ros/humble /usr/bin/cmake --install /home/nayr/FishRos/ch4/ch4_ws/build/ch4_interfaces
[0.158s] -- Install configuration: ""
[0.159s] -- Up-to-date: /home/nayr/FishRos/ch4/ch4_ws/install/ch4_interfaces/share/ament_index/resource_index/rosidl_interfaces/ch4_interfaces
[0.159s] -- Up-to-date: /home/nayr/FishRos/ch4/ch4_ws/install/ch4_interfaces/include/ch4_interfaces/ch4_interfaces
[0.159s] -- Up-to-date: /home/nayr/FishRos/ch4/ch4_ws/install/ch4_interfaces/include/ch4_interfaces/ch4_interfaces/srv
[0.159s] -- Up-to-date: /home/nayr/FishRos/ch4/ch4_ws/install/ch4_interfaces/include/ch4_interfaces/ch4_interfaces/srv/detail
[0.159s] -- Up-to-date: /home/nayr/FishRos/ch4/ch4_ws/install/ch4_interfaces/include/ch4_interfaces/ch4_interfaces/srv/detail/face_detector__type_support.h
[0.159s] -- Up-to-date: /home/nayr/FishRos/ch4/ch4_ws/install/ch4_interfaces/include/ch4_interfaces/ch4_interfaces/srv/detail/face_detector__functions.c
[0.159s] -- Up-to-date: /home/nayr/FishRos/ch4/ch4_ws/install/ch4_interfaces/include/ch4_interfaces/ch4_interfaces/srv/detail/face_detector__functions.h
[0.159s] -- Up-to-date: /home/nayr/FishRos/ch4/ch4_ws/install/ch4_interfaces/include/ch4_interfaces/ch4_interfaces/srv/detail/face_detector__struct.h
[0.159s] -- Up-to-date: /home/nayr/FishRos/ch4/ch4_ws/install/ch4_interfaces/include/ch4_interfaces/ch4_interfaces/srv/face_detector.h
[0.159s] -- Up-to-date: /home/nayr/FishRos/ch4/ch4_ws/install/ch4_interfaces/include/ch4_interfaces/ch4_interfaces/msg
[0.159s] -- Up-to-date: /home/nayr/FishRos/ch4/ch4_ws/install/ch4_interfaces/include/ch4_interfaces/ch4_interfaces/msg/rosidl_generator_c__visibility_control.h
[0.159s] -- Up-to-date: /home/nayr/FishRos/ch4/ch4_ws/install/ch4_interfaces/share/ch4_interfaces/environment/library_path.sh
[0.159s] -- Up-to-date: /home/nayr/FishRos/ch4/ch4_ws/install/ch4_interfaces/share/ch4_interfaces/environment/library_path.dsv
[0.159s] -- Up-to-date: /home/nayr/FishRos/ch4/ch4_ws/install/ch4_interfaces/lib/libch4_interfaces__rosidl_generator_c.so
[0.159s] -- Up-to-date: /home/nayr/FishRos/ch4/ch4_ws/install/ch4_interfaces/include/ch4_interfaces/ch4_interfaces
[0.159s] -- Up-to-date: /home/nayr/FishRos/ch4/ch4_ws/install/ch4_interfaces/include/ch4_interfaces/ch4_interfaces/srv
[0.159s] -- Up-to-date: /home/nayr/FishRos/ch4/ch4_ws/install/ch4_interfaces/include/ch4_interfaces/ch4_interfaces/srv/detail
[0.159s] -- Up-to-date: /home/nayr/FishRos/ch4/ch4_ws/install/ch4_interfaces/include/ch4_interfaces/ch4_interfaces/srv/detail/face_detector__rosidl_typesupport_fastrtps_c.h
[0.160s] -- Up-to-date: /home/nayr/FishRos/ch4/ch4_ws/install/ch4_interfaces/include/ch4_interfaces/ch4_interfaces/msg
[0.160s] -- Up-to-date: /home/nayr/FishRos/ch4/ch4_ws/install/ch4_interfaces/include/ch4_interfaces/ch4_interfaces/msg/rosidl_typesupport_fastrtps_c__visibility_control.h
[0.160s] -- Up-to-date: /home/nayr/FishRos/ch4/ch4_ws/install/ch4_interfaces/lib/libch4_interfaces__rosidl_typesupport_fastrtps_c.so
[0.160s] -- Up-to-date: /home/nayr/FishRos/ch4/ch4_ws/install/ch4_interfaces/include/ch4_interfaces/ch4_interfaces
[0.160s] -- Up-to-date: /home/nayr/FishRos/ch4/ch4_ws/install/ch4_interfaces/include/ch4_interfaces/ch4_interfaces/srv
[0.160s] -- Up-to-date: /home/nayr/FishRos/ch4/ch4_ws/install/ch4_interfaces/include/ch4_interfaces/ch4_interfaces/srv/detail
[0.160s] -- Up-to-date: /home/nayr/FishRos/ch4/ch4_ws/install/ch4_interfaces/include/ch4_interfaces/ch4_interfaces/srv/detail/face_detector__struct.hpp
[0.160s] -- Up-to-date: /home/nayr/FishRos/ch4/ch4_ws/install/ch4_interfaces/include/ch4_interfaces/ch4_interfaces/srv/detail/face_detector__builder.hpp
[0.160s] -- Up-to-date: /home/nayr/FishRos/ch4/ch4_ws/install/ch4_interfaces/include/ch4_interfaces/ch4_interfaces/srv/detail/face_detector__type_support.hpp
[0.160s] -- Up-to-date: /home/nayr/FishRos/ch4/ch4_ws/install/ch4_interfaces/include/ch4_interfaces/ch4_interfaces/srv/detail/face_detector__traits.hpp
[0.160s] -- Up-to-date: /home/nayr/FishRos/ch4/ch4_ws/install/ch4_interfaces/include/ch4_interfaces/ch4_interfaces/srv/face_detector.hpp
[0.160s] -- Up-to-date: /home/nayr/FishRos/ch4/ch4_ws/install/ch4_interfaces/include/ch4_interfaces/ch4_interfaces/msg
[0.160s] -- Up-to-date: /home/nayr/FishRos/ch4/ch4_ws/install/ch4_interfaces/include/ch4_interfaces/ch4_interfaces/msg/rosidl_generator_cpp__visibility_control.hpp
[0.160s] -- Up-to-date: /home/nayr/FishRos/ch4/ch4_ws/install/ch4_interfaces/include/ch4_interfaces/ch4_interfaces
[0.160s] -- Up-to-date: /home/nayr/FishRos/ch4/ch4_ws/install/ch4_interfaces/include/ch4_interfaces/ch4_interfaces/srv
[0.160s] -- Up-to-date: /home/nayr/FishRos/ch4/ch4_ws/install/ch4_interfaces/include/ch4_interfaces/ch4_interfaces/srv/detail
[0.160s] -- Up-to-date: /home/nayr/FishRos/ch4/ch4_ws/install/ch4_interfaces/include/ch4_interfaces/ch4_interfaces/srv/detail/face_detector__rosidl_typesupport_fastrtps_cpp.hpp
[0.160s] -- Up-to-date: /home/nayr/FishRos/ch4/ch4_ws/install/ch4_interfaces/include/ch4_interfaces/ch4_interfaces/srv/detail/dds_fastrtps
[0.160s] -- Up-to-date: /home/nayr/FishRos/ch4/ch4_ws/install/ch4_interfaces/include/ch4_interfaces/ch4_interfaces/msg
[0.160s] -- Up-to-date: /home/nayr/FishRos/ch4/ch4_ws/install/ch4_interfaces/include/ch4_interfaces/ch4_interfaces/msg/rosidl_typesupport_fastrtps_cpp__visibility_control.h
[0.160s] -- Up-to-date: /home/nayr/FishRos/ch4/ch4_ws/install/ch4_interfaces/lib/libch4_interfaces__rosidl_typesupport_fastrtps_cpp.so
[0.160s] -- Up-to-date: /home/nayr/FishRos/ch4/ch4_ws/install/ch4_interfaces/include/ch4_interfaces/ch4_interfaces
[0.160s] -- Up-to-date: /home/nayr/FishRos/ch4/ch4_ws/install/ch4_interfaces/include/ch4_interfaces/ch4_interfaces/srv
[0.160s] -- Up-to-date: /home/nayr/FishRos/ch4/ch4_ws/install/ch4_interfaces/include/ch4_interfaces/ch4_interfaces/srv/detail
[0.160s] -- Up-to-date: /home/nayr/FishRos/ch4/ch4_ws/install/ch4_interfaces/include/ch4_interfaces/ch4_interfaces/srv/detail/face_detector__type_support.c
[0.160s] -- Up-to-date: /home/nayr/FishRos/ch4/ch4_ws/install/ch4_interfaces/include/ch4_interfaces/ch4_interfaces/srv/detail/face_detector__rosidl_typesupport_introspection_c.h
[0.160s] -- Up-to-date: /home/nayr/FishRos/ch4/ch4_ws/install/ch4_interfaces/include/ch4_interfaces/ch4_interfaces/msg
[0.161s] -- Up-to-date: /home/nayr/FishRos/ch4/ch4_ws/install/ch4_interfaces/include/ch4_interfaces/ch4_interfaces/msg/rosidl_typesupport_introspection_c__visibility_control.h
[0.161s] -- Up-to-date: /home/nayr/FishRos/ch4/ch4_ws/install/ch4_interfaces/lib/libch4_interfaces__rosidl_typesupport_introspection_c.so
[0.161s] -- Up-to-date: /home/nayr/FishRos/ch4/ch4_ws/install/ch4_interfaces/lib/libch4_interfaces__rosidl_typesupport_c.so
[0.161s] -- Up-to-date: /home/nayr/FishRos/ch4/ch4_ws/install/ch4_interfaces/include/ch4_interfaces/ch4_interfaces
[0.161s] -- Up-to-date: /home/nayr/FishRos/ch4/ch4_ws/install/ch4_interfaces/include/ch4_interfaces/ch4_interfaces/srv
[0.161s] -- Up-to-date: /home/nayr/FishRos/ch4/ch4_ws/install/ch4_interfaces/include/ch4_interfaces/ch4_interfaces/srv/detail
[0.161s] -- Up-to-date: /home/nayr/FishRos/ch4/ch4_ws/install/ch4_interfaces/include/ch4_interfaces/ch4_interfaces/srv/detail/face_detector__type_support.cpp
[0.161s] -- Up-to-date: /home/nayr/FishRos/ch4/ch4_ws/install/ch4_interfaces/include/ch4_interfaces/ch4_interfaces/srv/detail/face_detector__rosidl_typesupport_introspection_cpp.hpp
[0.161s] -- Up-to-date: /home/nayr/FishRos/ch4/ch4_ws/install/ch4_interfaces/lib/libch4_interfaces__rosidl_typesupport_introspection_cpp.so
[0.161s] -- Up-to-date: /home/nayr/FishRos/ch4/ch4_ws/install/ch4_interfaces/lib/libch4_interfaces__rosidl_typesupport_cpp.so
[0.161s] -- Up-to-date: /home/nayr/FishRos/ch4/ch4_ws/install/ch4_interfaces/share/ch4_interfaces/environment/pythonpath.sh
[0.161s] -- Up-to-date: /home/nayr/FishRos/ch4/ch4_ws/install/ch4_interfaces/share/ch4_interfaces/environment/pythonpath.dsv
[0.161s] -- Up-to-date: /home/nayr/FishRos/ch4/ch4_ws/install/ch4_interfaces/local/lib/python3.10/dist-packages/ch4_interfaces-0.0.0-py3.10.egg-info
[0.161s] -- Installing: /home/nayr/FishRos/ch4/ch4_ws/install/ch4_interfaces/local/lib/python3.10/dist-packages/ch4_interfaces-0.0.0-py3.10.egg-info/top_level.txt
[0.161s] -- Installing: /home/nayr/FishRos/ch4/ch4_ws/install/ch4_interfaces/local/lib/python3.10/dist-packages/ch4_interfaces-0.0.0-py3.10.egg-info/SOURCES.txt
[0.161s] -- Installing: /home/nayr/FishRos/ch4/ch4_ws/install/ch4_interfaces/local/lib/python3.10/dist-packages/ch4_interfaces-0.0.0-py3.10.egg-info/PKG-INFO
[0.161s] -- Installing: /home/nayr/FishRos/ch4/ch4_ws/install/ch4_interfaces/local/lib/python3.10/dist-packages/ch4_interfaces-0.0.0-py3.10.egg-info/dependency_links.txt
[0.161s] -- Up-to-date: /home/nayr/FishRos/ch4/ch4_ws/install/ch4_interfaces/local/lib/python3.10/dist-packages/ch4_interfaces
[0.161s] -- Up-to-date: /home/nayr/FishRos/ch4/ch4_ws/install/ch4_interfaces/local/lib/python3.10/dist-packages/ch4_interfaces/ch4_interfaces_s__rosidl_typesupport_fastrtps_c.cpython-310-aarch64-linux-gnu.so
[0.161s] -- Up-to-date: /home/nayr/FishRos/ch4/ch4_ws/install/ch4_interfaces/local/lib/python3.10/dist-packages/ch4_interfaces/srv
[0.161s] -- Up-to-date: /home/nayr/FishRos/ch4/ch4_ws/install/ch4_interfaces/local/lib/python3.10/dist-packages/ch4_interfaces/srv/_face_detector_s.c
[0.161s] -- Up-to-date: /home/nayr/FishRos/ch4/ch4_ws/install/ch4_interfaces/local/lib/python3.10/dist-packages/ch4_interfaces/srv/_face_detector.py
[0.161s] -- Up-to-date: /home/nayr/FishRos/ch4/ch4_ws/install/ch4_interfaces/local/lib/python3.10/dist-packages/ch4_interfaces/srv/__init__.py
[0.161s] -- Up-to-date: /home/nayr/FishRos/ch4/ch4_ws/install/ch4_interfaces/local/lib/python3.10/dist-packages/ch4_interfaces/libch4_interfaces__rosidl_generator_py.so
[0.161s] -- Up-to-date: /home/nayr/FishRos/ch4/ch4_ws/install/ch4_interfaces/local/lib/python3.10/dist-packages/ch4_interfaces/_ch4_interfaces_s.ep.rosidl_typesupport_c.c
[0.161s] -- Up-to-date: /home/nayr/FishRos/ch4/ch4_ws/install/ch4_interfaces/local/lib/python3.10/dist-packages/ch4_interfaces/_ch4_interfaces_s.ep.rosidl_typesupport_fastrtps_c.c
[0.161s] -- Up-to-date: /home/nayr/FishRos/ch4/ch4_ws/install/ch4_interfaces/local/lib/python3.10/dist-packages/ch4_interfaces/_ch4_interfaces_s.ep.rosidl_typesupport_introspection_c.c
[0.161s] -- Up-to-date: /home/nayr/FishRos/ch4/ch4_ws/install/ch4_interfaces/local/lib/python3.10/dist-packages/ch4_interfaces/ch4_interfaces_s__rosidl_typesupport_c.cpython-310-aarch64-linux-gnu.so
[0.161s] -- Up-to-date: /home/nayr/FishRos/ch4/ch4_ws/install/ch4_interfaces/local/lib/python3.10/dist-packages/ch4_interfaces/ch4_interfaces_s__rosidl_typesupport_introspection_c.cpython-310-aarch64-linux-gnu.so
[0.161s] -- Up-to-date: /home/nayr/FishRos/ch4/ch4_ws/install/ch4_interfaces/local/lib/python3.10/dist-packages/ch4_interfaces/__init__.py
[0.173s] Listing '/home/nayr/FishRos/ch4/ch4_ws/install/ch4_interfaces/local/lib/python3.10/dist-packages/ch4_interfaces'...
[0.173s] Listing '/home/nayr/FishRos/ch4/ch4_ws/install/ch4_interfaces/local/lib/python3.10/dist-packages/ch4_interfaces/srv'...
[0.174s] -- Up-to-date: /home/nayr/FishRos/ch4/ch4_ws/install/ch4_interfaces/local/lib/python3.10/dist-packages/ch4_interfaces/ch4_interfaces_s__rosidl_typesupport_fastrtps_c.cpython-310-aarch64-linux-gnu.so
[0.175s] -- Up-to-date: /home/nayr/FishRos/ch4/ch4_ws/install/ch4_interfaces/local/lib/python3.10/dist-packages/ch4_interfaces/ch4_interfaces_s__rosidl_typesupport_introspection_c.cpython-310-aarch64-linux-gnu.so
[0.175s] -- Up-to-date: /home/nayr/FishRos/ch4/ch4_ws/install/ch4_interfaces/local/lib/python3.10/dist-packages/ch4_interfaces/ch4_interfaces_s__rosidl_typesupport_c.cpython-310-aarch64-linux-gnu.so
[0.175s] -- Up-to-date: /home/nayr/FishRos/ch4/ch4_ws/install/ch4_interfaces/lib/libch4_interfaces__rosidl_generator_py.so
[0.175s] -- Up-to-date: /home/nayr/FishRos/ch4/ch4_ws/install/ch4_interfaces/share/ch4_interfaces/srv/FaceDetector.idl
[0.175s] -- Up-to-date: /home/nayr/FishRos/ch4/ch4_ws/install/ch4_interfaces/share/ch4_interfaces/srv/FaceDetector.srv
[0.175s] -- Up-to-date: /home/nayr/FishRos/ch4/ch4_ws/install/ch4_interfaces/share/ch4_interfaces/srv/FaceDetector_Request.msg
[0.175s] -- Up-to-date: /home/nayr/FishRos/ch4/ch4_ws/install/ch4_interfaces/share/ch4_interfaces/srv/FaceDetector_Response.msg
[0.175s] -- Up-to-date: /home/nayr/FishRos/ch4/ch4_ws/install/ch4_interfaces/share/ament_index/resource_index/package_run_dependencies/ch4_interfaces
[0.175s] -- Up-to-date: /home/nayr/FishRos/ch4/ch4_ws/install/ch4_interfaces/share/ament_index/resource_index/parent_prefix_path/ch4_interfaces
[0.175s] -- Up-to-date: /home/nayr/FishRos/ch4/ch4_ws/install/ch4_interfaces/share/ch4_interfaces/environment/ament_prefix_path.sh
[0.175s] -- Up-to-date: /home/nayr/FishRos/ch4/ch4_ws/install/ch4_interfaces/share/ch4_interfaces/environment/ament_prefix_path.dsv
[0.175s] -- Up-to-date: /home/nayr/FishRos/ch4/ch4_ws/install/ch4_interfaces/share/ch4_interfaces/environment/path.sh
[0.175s] -- Up-to-date: /home/nayr/FishRos/ch4/ch4_ws/install/ch4_interfaces/share/ch4_interfaces/environment/path.dsv
[0.175s] -- Up-to-date: /home/nayr/FishRos/ch4/ch4_ws/install/ch4_interfaces/share/ch4_interfaces/local_setup.bash
[0.175s] -- Up-to-date: /home/nayr/FishRos/ch4/ch4_ws/install/ch4_interfaces/share/ch4_interfaces/local_setup.sh
[0.175s] -- Up-to-date: /home/nayr/FishRos/ch4/ch4_ws/install/ch4_interfaces/share/ch4_interfaces/local_setup.zsh
[0.176s] -- Up-to-date: /home/nayr/FishRos/ch4/ch4_ws/install/ch4_interfaces/share/ch4_interfaces/local_setup.dsv
[0.176s] -- Installing: /home/nayr/FishRos/ch4/ch4_ws/install/ch4_interfaces/share/ch4_interfaces/package.dsv
[0.176s] -- Up-to-date: /home/nayr/FishRos/ch4/ch4_ws/install/ch4_interfaces/share/ament_index/resource_index/packages/ch4_interfaces
[0.176s] -- Up-to-date: /home/nayr/FishRos/ch4/ch4_ws/install/ch4_interfaces/share/ch4_interfaces/cmake/export_ch4_interfaces__rosidl_generator_cExport.cmake
[0.176s] -- Up-to-date: /home/nayr/FishRos/ch4/ch4_ws/install/ch4_interfaces/share/ch4_interfaces/cmake/export_ch4_interfaces__rosidl_generator_cExport-noconfig.cmake
[0.176s] -- Up-to-date: /home/nayr/FishRos/ch4/ch4_ws/install/ch4_interfaces/share/ch4_interfaces/cmake/export_ch4_interfaces__rosidl_typesupport_fastrtps_cExport.cmake
[0.176s] -- Up-to-date: /home/nayr/FishRos/ch4/ch4_ws/install/ch4_interfaces/share/ch4_interfaces/cmake/export_ch4_interfaces__rosidl_typesupport_fastrtps_cExport-noconfig.cmake
[0.176s] -- Up-to-date: /home/nayr/FishRos/ch4/ch4_ws/install/ch4_interfaces/share/ch4_interfaces/cmake/export_ch4_interfaces__rosidl_generator_cppExport.cmake
[0.176s] -- Up-to-date: /home/nayr/FishRos/ch4/ch4_ws/install/ch4_interfaces/share/ch4_interfaces/cmake/export_ch4_interfaces__rosidl_typesupport_fastrtps_cppExport.cmake
[0.176s] -- Up-to-date: /home/nayr/FishRos/ch4/ch4_ws/install/ch4_interfaces/share/ch4_interfaces/cmake/export_ch4_interfaces__rosidl_typesupport_fastrtps_cppExport-noconfig.cmake
[0.176s] -- Up-to-date: /home/nayr/FishRos/ch4/ch4_ws/install/ch4_interfaces/share/ch4_interfaces/cmake/ch4_interfaces__rosidl_typesupport_introspection_cExport.cmake
[0.176s] -- Up-to-date: /home/nayr/FishRos/ch4/ch4_ws/install/ch4_interfaces/share/ch4_interfaces/cmake/ch4_interfaces__rosidl_typesupport_introspection_cExport-noconfig.cmake
[0.176s] -- Up-to-date: /home/nayr/FishRos/ch4/ch4_ws/install/ch4_interfaces/share/ch4_interfaces/cmake/ch4_interfaces__rosidl_typesupport_cExport.cmake
[0.176s] -- Up-to-date: /home/nayr/FishRos/ch4/ch4_ws/install/ch4_interfaces/share/ch4_interfaces/cmake/ch4_interfaces__rosidl_typesupport_cExport-noconfig.cmake
[0.176s] -- Up-to-date: /home/nayr/FishRos/ch4/ch4_ws/install/ch4_interfaces/share/ch4_interfaces/cmake/ch4_interfaces__rosidl_typesupport_introspection_cppExport.cmake
[0.176s] -- Up-to-date: /home/nayr/FishRos/ch4/ch4_ws/install/ch4_interfaces/share/ch4_interfaces/cmake/ch4_interfaces__rosidl_typesupport_introspection_cppExport-noconfig.cmake
[0.176s] -- Up-to-date: /home/nayr/FishRos/ch4/ch4_ws/install/ch4_interfaces/share/ch4_interfaces/cmake/ch4_interfaces__rosidl_typesupport_cppExport.cmake
[0.176s] -- Up-to-date: /home/nayr/FishRos/ch4/ch4_ws/install/ch4_interfaces/share/ch4_interfaces/cmake/ch4_interfaces__rosidl_typesupport_cppExport-noconfig.cmake
[0.176s] -- Up-to-date: /home/nayr/FishRos/ch4/ch4_ws/install/ch4_interfaces/share/ch4_interfaces/cmake/export_ch4_interfaces__rosidl_generator_pyExport.cmake
[0.176s] -- Up-to-date: /home/nayr/FishRos/ch4/ch4_ws/install/ch4_interfaces/share/ch4_interfaces/cmake/export_ch4_interfaces__rosidl_generator_pyExport-noconfig.cmake
[0.176s] -- Up-to-date: /home/nayr/FishRos/ch4/ch4_ws/install/ch4_interfaces/share/ch4_interfaces/cmake/rosidl_cmake-extras.cmake
[0.176s] -- Up-to-date: /home/nayr/FishRos/ch4/ch4_ws/install/ch4_interfaces/share/ch4_interfaces/cmake/ament_cmake_export_dependencies-extras.cmake
[0.176s] -- Up-to-date: /home/nayr/FishRos/ch4/ch4_ws/install/ch4_interfaces/share/ch4_interfaces/cmake/ament_cmake_export_include_directories-extras.cmake
[0.176s] -- Up-to-date: /home/nayr/FishRos/ch4/ch4_ws/install/ch4_interfaces/share/ch4_interfaces/cmake/ament_cmake_export_libraries-extras.cmake
[0.176s] -- Up-to-date: /home/nayr/FishRos/ch4/ch4_ws/install/ch4_interfaces/share/ch4_interfaces/cmake/ament_cmake_export_targets-extras.cmake
[0.176s] -- Up-to-date: /home/nayr/FishRos/ch4/ch4_ws/install/ch4_interfaces/share/ch4_interfaces/cmake/rosidl_cmake_export_typesupport_targets-extras.cmake
[0.176s] -- Up-to-date: /home/nayr/FishRos/ch4/ch4_ws/install/ch4_interfaces/share/ch4_interfaces/cmake/rosidl_cmake_export_typesupport_libraries-extras.cmake
[0.176s] -- Up-to-date: /home/nayr/FishRos/ch4/ch4_ws/install/ch4_interfaces/share/ch4_interfaces/cmake/ch4_interfacesConfig.cmake
[0.176s] -- Up-to-date: /home/nayr/FishRos/ch4/ch4_ws/install/ch4_interfaces/share/ch4_interfaces/cmake/ch4_interfacesConfig-version.cmake
[0.176s] -- Up-to-date: /home/nayr/FishRos/ch4/ch4_ws/install/ch4_interfaces/share/ch4_interfaces/package.xml
[0.177s] Invoked command in '/home/nayr/FishRos/ch4/ch4_ws/build/ch4_interfaces' returned '0': CMAKE_PREFIX_PATH=${CMAKE_PREFIX_PATH}:/home/nayr/FishRos/ch4/ch4_ws/install/demo_python_service:/opt/ros/humble /usr/bin/cmake --install /home/nayr/FishRos/ch4/ch4_ws/build/ch4_interfaces
