[0.269s] Invoking command in '/home/nayr/FishRos/ch3/topic_ws/src/demo_python_topic': PYTHONPATH=/home/nayr/FishRos/ch3/topic_ws/build/demo_python_topic/prefix_override:/usr/lib/python3/dist-packages/colcon_core/task/python/colcon_distutils_commands:/home/nayr/FishRos/ch3/topic_ws/install/demo_python_topic/lib/python3.10/site-packages:${PYTHONPATH} /usr/bin/python3 -W ignore:setup.py install is deprecated -W ignore:easy_install command is deprecated setup.py egg_info --egg-base ../../build/demo_python_topic build --build-base /home/nayr/FishRos/ch3/topic_ws/build/demo_python_topic/build install --record /home/nayr/FishRos/ch3/topic_ws/build/demo_python_topic/install.log --single-version-externally-managed install_data
[0.347s] running egg_info
[0.347s] creating ../../build/demo_python_topic/demo_python_topic.egg-info
[0.347s] writing ../../build/demo_python_topic/demo_python_topic.egg-info/PKG-INFO
[0.347s] writing dependency_links to ../../build/demo_python_topic/demo_python_topic.egg-info/dependency_links.txt
[0.347s] writing entry points to ../../build/demo_python_topic/demo_python_topic.egg-info/entry_points.txt
[0.347s] writing requirements to ../../build/demo_python_topic/demo_python_topic.egg-info/requires.txt
[0.347s] writing top-level names to ../../build/demo_python_topic/demo_python_topic.egg-info/top_level.txt
[0.347s] writing manifest file '../../build/demo_python_topic/demo_python_topic.egg-info/SOURCES.txt'
[0.348s] reading manifest file '../../build/demo_python_topic/demo_python_topic.egg-info/SOURCES.txt'
[0.348s] writing manifest file '../../build/demo_python_topic/demo_python_topic.egg-info/SOURCES.txt'
[0.348s] running build
[0.348s] running build_py
[0.348s] creating /home/nayr/FishRos/ch3/topic_ws/build/demo_python_topic/build
[0.348s] creating /home/nayr/FishRos/ch3/topic_ws/build/demo_python_topic/build/lib
[0.348s] creating /home/nayr/FishRos/ch3/topic_ws/build/demo_python_topic/build/lib/demo_python_topic
[0.348s] copying demo_python_topic/__init__.py -> /home/nayr/FishRos/ch3/topic_ws/build/demo_python_topic/build/lib/demo_python_topic
[0.348s] running install
[0.349s] running install_lib
[0.349s] creating /home/nayr/FishRos/ch3/topic_ws/install/demo_python_topic/lib/python3.10/site-packages/demo_python_topic
[0.349s] copying /home/nayr/FishRos/ch3/topic_ws/build/demo_python_topic/build/lib/demo_python_topic/__init__.py -> /home/nayr/FishRos/ch3/topic_ws/install/demo_python_topic/lib/python3.10/site-packages/demo_python_topic
[0.349s] byte-compiling /home/nayr/FishRos/ch3/topic_ws/install/demo_python_topic/lib/python3.10/site-packages/demo_python_topic/__init__.py to __init__.cpython-310.pyc
[0.349s] running install_data
[0.349s] creating /home/nayr/FishRos/ch3/topic_ws/install/demo_python_topic/share/ament_index
[0.349s] creating /home/nayr/FishRos/ch3/topic_ws/install/demo_python_topic/share/ament_index/resource_index
[0.349s] creating /home/nayr/FishRos/ch3/topic_ws/install/demo_python_topic/share/ament_index/resource_index/packages
[0.350s] copying resource/demo_python_topic -> /home/nayr/FishRos/ch3/topic_ws/install/demo_python_topic/share/ament_index/resource_index/packages
[0.350s] copying package.xml -> /home/nayr/FishRos/ch3/topic_ws/install/demo_python_topic/share/demo_python_topic
[0.350s] running install_egg_info
[0.350s] Copying ../../build/demo_python_topic/demo_python_topic.egg-info to /home/nayr/FishRos/ch3/topic_ws/install/demo_python_topic/lib/python3.10/site-packages/demo_python_topic-0.0.0-py3.10.egg-info
[0.350s] running install_scripts
[0.358s] writing list of installed files to '/home/nayr/FishRos/ch3/topic_ws/build/demo_python_topic/install.log'
[0.367s] Invoked command in '/home/nayr/FishRos/ch3/topic_ws/src/demo_python_topic' returned '0': PYTHONPATH=/home/nayr/FishRos/ch3/topic_ws/build/demo_python_topic/prefix_override:/usr/lib/python3/dist-packages/colcon_core/task/python/colcon_distutils_commands:/home/nayr/FishRos/ch3/topic_ws/install/demo_python_topic/lib/python3.10/site-packages:${PYTHONPATH} /usr/bin/python3 -W ignore:setup.py install is deprecated -W ignore:easy_install command is deprecated setup.py egg_info --egg-base ../../build/demo_python_topic build --build-base /home/nayr/FishRos/ch3/topic_ws/build/demo_python_topic/build install --record /home/nayr/FishRos/ch3/topic_ws/build/demo_python_topic/install.log --single-version-externally-managed install_data
