[0.006s] Invoking command in '/home/nayr/ch2/ch2_ws/build/demo_cpp_pkg': CMAKE_PREFIX_PATH=${CMAKE_PREFIX_PATH}:/home/nayr/ch2/ch2_ws/install/demo_python_pkg:/opt/ros/humble /usr/bin/cmake --build /home/nayr/ch2/ch2_ws/build/demo_cpp_pkg -- -j4 -l4
[0.023s] [35m[1mConsolidate compiler generated dependencies of target person_node[0m
[0.029s] [ 50%] Built target cpp_node
[0.030s] [100%] Built target person_node
[0.103s] Invoked command in '/home/nayr/ch2/ch2_ws/build/demo_cpp_pkg' returned '0': CMAKE_PREFIX_PATH=${CMAKE_PREFIX_PATH}:/home/nayr/ch2/ch2_ws/install/demo_python_pkg:/opt/ros/humble /usr/bin/cmake --build /home/nayr/ch2/ch2_ws/build/demo_cpp_pkg -- -j4 -l4
[0.107s] Invoking command in '/home/nayr/ch2/ch2_ws/build/demo_cpp_pkg': CMAKE_PREFIX_PATH=${CMAKE_PREFIX_PATH}:/home/nayr/ch2/ch2_ws/install/demo_python_pkg:/opt/ros/humble /usr/bin/cmake --install /home/nayr/ch2/ch2_ws/build/demo_cpp_pkg
[0.109s] -- Install configuration: ""
[0.109s] -- Up-to-date: /home/nayr/ch2/ch2_ws/install/demo_cpp_pkg/lib/demo_cpp_pkg/cpp_node
[0.109s] -- Up-to-date: /home/nayr/ch2/ch2_ws/install/demo_cpp_pkg/share/ament_index/resource_index/package_run_dependencies/demo_cpp_pkg
[0.109s] -- Up-to-date: /home/nayr/ch2/ch2_ws/install/demo_cpp_pkg/share/ament_index/resource_index/parent_prefix_path/demo_cpp_pkg
[0.109s] -- Up-to-date: /home/nayr/ch2/ch2_ws/install/demo_cpp_pkg/share/demo_cpp_pkg/environment/ament_prefix_path.sh
[0.109s] -- Up-to-date: /home/nayr/ch2/ch2_ws/install/demo_cpp_pkg/share/demo_cpp_pkg/environment/ament_prefix_path.dsv
[0.109s] -- Up-to-date: /home/nayr/ch2/ch2_ws/install/demo_cpp_pkg/share/demo_cpp_pkg/environment/path.sh
[0.109s] -- Up-to-date: /home/nayr/ch2/ch2_ws/install/demo_cpp_pkg/share/demo_cpp_pkg/environment/path.dsv
[0.109s] -- Up-to-date: /home/nayr/ch2/ch2_ws/install/demo_cpp_pkg/share/demo_cpp_pkg/local_setup.bash
[0.109s] -- Up-to-date: /home/nayr/ch2/ch2_ws/install/demo_cpp_pkg/share/demo_cpp_pkg/local_setup.sh
[0.109s] -- Up-to-date: /home/nayr/ch2/ch2_ws/install/demo_cpp_pkg/share/demo_cpp_pkg/local_setup.zsh
[0.109s] -- Up-to-date: /home/nayr/ch2/ch2_ws/install/demo_cpp_pkg/share/demo_cpp_pkg/local_setup.dsv
[0.109s] -- Installing: /home/nayr/ch2/ch2_ws/install/demo_cpp_pkg/share/demo_cpp_pkg/package.dsv
[0.109s] -- Up-to-date: /home/nayr/ch2/ch2_ws/install/demo_cpp_pkg/share/ament_index/resource_index/packages/demo_cpp_pkg
[0.109s] -- Up-to-date: /home/nayr/ch2/ch2_ws/install/demo_cpp_pkg/share/demo_cpp_pkg/cmake/demo_cpp_pkgConfig.cmake
[0.110s] -- Up-to-date: /home/nayr/ch2/ch2_ws/install/demo_cpp_pkg/share/demo_cpp_pkg/cmake/demo_cpp_pkgConfig-version.cmake
[0.110s] -- Up-to-date: /home/nayr/ch2/ch2_ws/install/demo_cpp_pkg/share/demo_cpp_pkg/package.xml
[0.116s] Invoked command in '/home/nayr/ch2/ch2_ws/build/demo_cpp_pkg' returned '0': CMAKE_PREFIX_PATH=${CMAKE_PREFIX_PATH}:/home/nayr/ch2/ch2_ws/install/demo_python_pkg:/opt/ros/humble /usr/bin/cmake --install /home/nayr/ch2/ch2_ws/build/demo_cpp_pkg
