[0.011s] Invoking command in '/home/nayr/FishRos/ch5/ch5_ws/build/demo_cpp_tf': CMAKE_PREFIX_PATH=${CMAKE_PREFIX_PATH}:/home/nayr/FishRos/ch5/ch5_ws/install/demo_python_tf:/home/nayr/FishRos/ch5/install/demo_python_tf:/opt/ros/humble /usr/bin/cmake --build /home/nayr/FishRos/ch5/ch5_ws/build/demo_cpp_tf -- -j4 -l4
[0.025s] -- Found ament_cmake: 1.3.12 (/opt/ros/humble/share/ament_cmake/cmake)
[0.100s] -- Found rclcpp: 16.0.14 (/opt/ros/humble/share/rclcpp/cmake)
[0.113s] -- Found rosidl_generator_c: 3.1.7 (/opt/ros/humble/share/rosidl_generator_c/cmake)
[0.114s] -- Found rosidl_adapter: 3.1.7 (/opt/ros/humble/share/rosidl_adapter/cmake)
[0.117s] -- Found rosidl_generator_cpp: 3.1.7 (/opt/ros/humble/share/rosidl_generator_cpp/cmake)
[0.122s] -- Using all available rosidl_typesupport_c: rosidl_typesupport_fastrtps_c;rosidl_typesupport_introspection_c
[0.127s] -- Using all available rosidl_typesupport_cpp: rosidl_typesupport_fastrtps_cpp;rosidl_typesupport_introspection_cpp
[0.141s] -- Found rmw_implementation_cmake: 6.1.2 (/opt/ros/humble/share/rmw_implementation_cmake/cmake)
[0.142s] -- Found rmw_fastrtps_cpp: 6.2.8 (/opt/ros/humble/share/rmw_fastrtps_cpp/cmake)
[0.189s] -- Using RMW implementation 'rmw_fastrtps_cpp' as default
[0.211s] -- Found tf2_ros: 0.25.16 (/opt/ros/humble/share/tf2_ros/cmake)
[0.257s] -- Found tf2_geometry_msgs: 0.25.16 (/opt/ros/humble/share/tf2_geometry_msgs/cmake)
[0.259s] -- Found eigen3_cmake_module: 0.1.1 (/opt/ros/humble/share/eigen3_cmake_module/cmake)
[0.260s] -- Ensuring Eigen3 include directory is part of orocos-kdl CMake target
[0.262s] -- Found ament_lint_auto: 0.12.14 (/opt/ros/humble/share/ament_lint_auto/cmake)
[0.300s] -- Added test 'cppcheck' to perform static code analysis on C / C++ code
[0.301s] -- Configured cppcheck include dirs: 
[0.301s] -- Configured cppcheck exclude dirs and/or files: 
[0.301s] -- Added test 'lint_cmake' to check CMake code style
[0.301s] -- Added test 'uncrustify' to check C / C++ code style
[0.301s] -- Configured uncrustify additional arguments: 
[0.301s] -- Added test 'xmllint' to check XML markup files
[0.301s] -- Configuring done
[0.313s] -- Generating done
[0.317s] -- Build files have been written to: /home/nayr/FishRos/ch5/ch5_ws/build/demo_cpp_tf
[0.330s] [35m[1mConsolidate compiler generated dependencies of target static_tf_broadcaster[0m
[0.334s] [ 25%] [32mBuilding CXX object CMakeFiles/tf_broadcaster.dir/src/dynamic_tf_broadcaster.cpp.o[0m
[0.340s] [ 75%] Built target static_tf_broadcaster
[2.320s] [100%] [32m[1mLinking CXX executable tf_broadcaster[0m
[2.406s] [100%] Built target tf_broadcaster
[2.410s] Invoked command in '/home/nayr/FishRos/ch5/ch5_ws/build/demo_cpp_tf' returned '0': CMAKE_PREFIX_PATH=${CMAKE_PREFIX_PATH}:/home/nayr/FishRos/ch5/ch5_ws/install/demo_python_tf:/home/nayr/FishRos/ch5/install/demo_python_tf:/opt/ros/humble /usr/bin/cmake --build /home/nayr/FishRos/ch5/ch5_ws/build/demo_cpp_tf -- -j4 -l4
[2.415s] Invoking command in '/home/nayr/FishRos/ch5/ch5_ws/build/demo_cpp_tf': CMAKE_PREFIX_PATH=${CMAKE_PREFIX_PATH}:/home/nayr/FishRos/ch5/ch5_ws/install/demo_python_tf:/home/nayr/FishRos/ch5/install/demo_python_tf:/opt/ros/humble /usr/bin/cmake --install /home/nayr/FishRos/ch5/ch5_ws/build/demo_cpp_tf
[2.417s] -- Install configuration: ""
[2.417s] -- Up-to-date: /home/nayr/FishRos/ch5/ch5_ws/install/demo_cpp_tf/lib/demo_cpp_tf/static_tf_broadcaster
[2.417s] -- Installing: /home/nayr/FishRos/ch5/ch5_ws/install/demo_cpp_tf/lib/demo_cpp_tf/tf_broadcaster
[2.418s] -- Set runtime path of "/home/nayr/FishRos/ch5/ch5_ws/install/demo_cpp_tf/lib/demo_cpp_tf/tf_broadcaster" to ""
[2.418s] -- Up-to-date: /home/nayr/FishRos/ch5/ch5_ws/install/demo_cpp_tf/share/ament_index/resource_index/package_run_dependencies/demo_cpp_tf
[2.418s] -- Installing: /home/nayr/FishRos/ch5/ch5_ws/install/demo_cpp_tf/share/ament_index/resource_index/parent_prefix_path/demo_cpp_tf
[2.418s] -- Up-to-date: /home/nayr/FishRos/ch5/ch5_ws/install/demo_cpp_tf/share/demo_cpp_tf/environment/ament_prefix_path.sh
[2.418s] -- Installing: /home/nayr/FishRos/ch5/ch5_ws/install/demo_cpp_tf/share/demo_cpp_tf/environment/ament_prefix_path.dsv
[2.418s] -- Up-to-date: /home/nayr/FishRos/ch5/ch5_ws/install/demo_cpp_tf/share/demo_cpp_tf/environment/path.sh
[2.419s] -- Installing: /home/nayr/FishRos/ch5/ch5_ws/install/demo_cpp_tf/share/demo_cpp_tf/environment/path.dsv
[2.419s] -- Up-to-date: /home/nayr/FishRos/ch5/ch5_ws/install/demo_cpp_tf/share/demo_cpp_tf/local_setup.bash
[2.419s] -- Up-to-date: /home/nayr/FishRos/ch5/ch5_ws/install/demo_cpp_tf/share/demo_cpp_tf/local_setup.sh
[2.419s] -- Up-to-date: /home/nayr/FishRos/ch5/ch5_ws/install/demo_cpp_tf/share/demo_cpp_tf/local_setup.zsh
[2.419s] -- Installing: /home/nayr/FishRos/ch5/ch5_ws/install/demo_cpp_tf/share/demo_cpp_tf/local_setup.dsv
[2.419s] -- Installing: /home/nayr/FishRos/ch5/ch5_ws/install/demo_cpp_tf/share/demo_cpp_tf/package.dsv
[2.419s] -- Up-to-date: /home/nayr/FishRos/ch5/ch5_ws/install/demo_cpp_tf/share/ament_index/resource_index/packages/demo_cpp_tf
[2.419s] -- Up-to-date: /home/nayr/FishRos/ch5/ch5_ws/install/demo_cpp_tf/share/demo_cpp_tf/cmake/demo_cpp_tfConfig.cmake
[2.419s] -- Up-to-date: /home/nayr/FishRos/ch5/ch5_ws/install/demo_cpp_tf/share/demo_cpp_tf/cmake/demo_cpp_tfConfig-version.cmake
[2.419s] -- Up-to-date: /home/nayr/FishRos/ch5/ch5_ws/install/demo_cpp_tf/share/demo_cpp_tf/package.xml
[2.420s] Invoked command in '/home/nayr/FishRos/ch5/ch5_ws/build/demo_cpp_tf' returned '0': CMAKE_PREFIX_PATH=${CMAKE_PREFIX_PATH}:/home/nayr/FishRos/ch5/ch5_ws/install/demo_python_tf:/home/nayr/FishRos/ch5/install/demo_python_tf:/opt/ros/humble /usr/bin/cmake --install /home/nayr/FishRos/ch5/ch5_ws/build/demo_cpp_tf
