[0.010s] Invoking command in '/home/nayr/FishRos/ch4/ch4_ws/build/demo_cpp_service': CMAKE_PREFIX_PATH=${CMAKE_PREFIX_PATH}:/home/nayr/FishRos/ch4/ch4_ws/install/demo_python_service:/opt/ros/humble /usr/bin/cmake --build /home/nayr/FishRos/ch4/ch4_ws/build/demo_cpp_service -- -j4 -l4
[0.038s] [35m[1mConsolidate compiler generated dependencies of target patrol_client[0m
[0.047s] [ 25%] [32mBuilding CXX object CMakeFiles/turtle_control.dir/src/turtle_control.cpp.o[0m
[0.057s] [ 75%] Built target patrol_client
[3.668s] [100%] [32m[1mLinking CXX executable turtle_control[0m
[3.896s] [100%] Built target turtle_control
[3.900s] Invoked command in '/home/nayr/FishRos/ch4/ch4_ws/build/demo_cpp_service' returned '0': CMAKE_PREFIX_PATH=${CMAKE_PREFIX_PATH}:/home/nayr/FishRos/ch4/ch4_ws/install/demo_python_service:/opt/ros/humble /usr/bin/cmake --build /home/nayr/FishRos/ch4/ch4_ws/build/demo_cpp_service -- -j4 -l4
[3.901s] Invoking command in '/home/nayr/FishRos/ch4/ch4_ws/build/demo_cpp_service': CMAKE_PREFIX_PATH=${CMAKE_PREFIX_PATH}:/home/nayr/FishRos/ch4/ch4_ws/install/demo_python_service:/opt/ros/humble /usr/bin/cmake --install /home/nayr/FishRos/ch4/ch4_ws/build/demo_cpp_service
[3.903s] -- Install configuration: ""
[3.903s] -- Installing: /home/nayr/FishRos/ch4/ch4_ws/install/demo_cpp_service/lib/demo_cpp_service/turtle_control
[3.904s] -- Set runtime path of "/home/nayr/FishRos/ch4/ch4_ws/install/demo_cpp_service/lib/demo_cpp_service/turtle_control" to ""
[3.904s] -- Up-to-date: /home/nayr/FishRos/ch4/ch4_ws/install/demo_cpp_service/lib/demo_cpp_service/patrol_client
[3.904s] -- Up-to-date: /home/nayr/FishRos/ch4/ch4_ws/install/demo_cpp_service/share/ament_index/resource_index/package_run_dependencies/demo_cpp_service
[3.904s] -- Up-to-date: /home/nayr/FishRos/ch4/ch4_ws/install/demo_cpp_service/share/ament_index/resource_index/parent_prefix_path/demo_cpp_service
[3.905s] -- Up-to-date: /home/nayr/FishRos/ch4/ch4_ws/install/demo_cpp_service/share/demo_cpp_service/environment/ament_prefix_path.sh
[3.905s] -- Up-to-date: /home/nayr/FishRos/ch4/ch4_ws/install/demo_cpp_service/share/demo_cpp_service/environment/ament_prefix_path.dsv
[3.905s] -- Up-to-date: /home/nayr/FishRos/ch4/ch4_ws/install/demo_cpp_service/share/demo_cpp_service/environment/path.sh
[3.905s] -- Up-to-date: /home/nayr/FishRos/ch4/ch4_ws/install/demo_cpp_service/share/demo_cpp_service/environment/path.dsv
[3.905s] -- Up-to-date: /home/nayr/FishRos/ch4/ch4_ws/install/demo_cpp_service/share/demo_cpp_service/local_setup.bash
[3.905s] -- Up-to-date: /home/nayr/FishRos/ch4/ch4_ws/install/demo_cpp_service/share/demo_cpp_service/local_setup.sh
[3.905s] -- Up-to-date: /home/nayr/FishRos/ch4/ch4_ws/install/demo_cpp_service/share/demo_cpp_service/local_setup.zsh
[3.905s] -- Up-to-date: /home/nayr/FishRos/ch4/ch4_ws/install/demo_cpp_service/share/demo_cpp_service/local_setup.dsv
[3.905s] -- Installing: /home/nayr/FishRos/ch4/ch4_ws/install/demo_cpp_service/share/demo_cpp_service/package.dsv
[3.905s] -- Up-to-date: /home/nayr/FishRos/ch4/ch4_ws/install/demo_cpp_service/share/ament_index/resource_index/packages/demo_cpp_service
[3.905s] -- Up-to-date: /home/nayr/FishRos/ch4/ch4_ws/install/demo_cpp_service/share/demo_cpp_service/cmake/demo_cpp_serviceConfig.cmake
[3.905s] -- Up-to-date: /home/nayr/FishRos/ch4/ch4_ws/install/demo_cpp_service/share/demo_cpp_service/cmake/demo_cpp_serviceConfig-version.cmake
[3.905s] -- Up-to-date: /home/nayr/FishRos/ch4/ch4_ws/install/demo_cpp_service/share/demo_cpp_service/package.xml
[3.906s] Invoked command in '/home/nayr/FishRos/ch4/ch4_ws/build/demo_cpp_service' returned '0': CMAKE_PREFIX_PATH=${CMAKE_PREFIX_PATH}:/home/nayr/FishRos/ch4/ch4_ws/install/demo_python_service:/opt/ros/humble /usr/bin/cmake --install /home/nayr/FishRos/ch4/ch4_ws/build/demo_cpp_service
