[0.007s] Invoking command in '/home/nayr/FishRos/ch4/ch4_ws/build/ch4_interfaces': CMAKE_PREFIX_PATH=${CMAKE_PREFIX_PATH}:/home/nayr/FishRos/ch4/ch4_ws/install/demo_python_service:/opt/ros/humble /usr/bin/cmake --build /home/nayr/FishRos/ch4/ch4_ws/build/ch4_interfaces -- -j4 -l4
[0.058s] [  2%] Built target ch4_interfaces__cpp
[0.064s] [ 12%] Built target ch4_interfaces__rosidl_generator_c
[0.069s] [ 23%] Built target ch4_interfaces__rosidl_typesupport_cpp
[0.070s] [ 23%] Built target ament_cmake_python_copy_ch4_interfaces
[0.071s] [ 33%] Built target ch4_interfaces__rosidl_typesupport_fastrtps_cpp
[0.080s] [ 43%] Built target ch4_interfaces__rosidl_typesupport_introspection_cpp
[0.086s] [ 53%] Built target ch4_interfaces__rosidl_typesupport_introspection_c
[0.086s] [ 64%] Built target ch4_interfaces__rosidl_typesupport_c
[0.086s] [ 74%] Built target ch4_interfaces__rosidl_typesupport_fastrtps_c
[0.093s] [ 74%] Built target ch4_interfaces
[0.106s] [ 76%] Built target ch4_interfaces__py
[0.116s] [ 84%] Built target ch4_interfaces__rosidl_generator_py
[0.126s] [ 89%] Built target ch4_interfaces__rosidl_typesupport_c__pyext
[0.137s] [ 94%] Built target ch4_interfaces__rosidl_typesupport_introspection_c__pyext
[0.138s] [100%] Built target ch4_interfaces__rosidl_typesupport_fastrtps_c__pyext
[0.193s] running egg_info
[0.193s] writing ch4_interfaces.egg-info/PKG-INFO
[0.194s] writing dependency_links to ch4_interfaces.egg-info/dependency_links.txt
[0.194s] writing top-level names to ch4_interfaces.egg-info/top_level.txt
[0.195s] reading manifest file 'ch4_interfaces.egg-info/SOURCES.txt'
[0.195s] writing manifest file 'ch4_interfaces.egg-info/SOURCES.txt'
[0.207s] [100%] Built target ament_cmake_python_build_ch4_interfaces_egg
[0.213s] Invoked command in '/home/nayr/FishRos/ch4/ch4_ws/build/ch4_interfaces' returned '0': CMAKE_PREFIX_PATH=${CMAKE_PREFIX_PATH}:/home/nayr/FishRos/ch4/ch4_ws/install/demo_python_service:/opt/ros/humble /usr/bin/cmake --build /home/nayr/FishRos/ch4/ch4_ws/build/ch4_interfaces -- -j4 -l4
[0.214s] Invoking command in '/home/nayr/FishRos/ch4/ch4_ws/build/ch4_interfaces': CMAKE_PREFIX_PATH=${CMAKE_PREFIX_PATH}:/home/nayr/FishRos/ch4/ch4_ws/install/demo_python_service:/opt/ros/humble /usr/bin/cmake --install /home/nayr/FishRos/ch4/ch4_ws/build/ch4_interfaces
[0.217s] -- Install configuration: ""
[0.217s] -- Up-to-date: /home/nayr/FishRos/ch4/ch4_ws/install/ch4_interfaces/share/ament_index/resource_index/rosidl_interfaces/ch4_interfaces
[0.217s] -- Up-to-date: /home/nayr/FishRos/ch4/ch4_ws/install/ch4_interfaces/include/ch4_interfaces/ch4_interfaces
[0.217s] -- Up-to-date: /home/nayr/FishRos/ch4/ch4_ws/install/ch4_interfaces/include/ch4_interfaces/ch4_interfaces/srv
[0.217s] -- Up-to-date: /home/nayr/FishRos/ch4/ch4_ws/install/ch4_interfaces/include/ch4_interfaces/ch4_interfaces/srv/detail
[0.217s] -- Up-to-date: /home/nayr/FishRos/ch4/ch4_ws/install/ch4_interfaces/include/ch4_interfaces/ch4_interfaces/srv/detail/face_detector__type_support.h
[0.217s] -- Up-to-date: /home/nayr/FishRos/ch4/ch4_ws/install/ch4_interfaces/include/ch4_interfaces/ch4_interfaces/srv/detail/face_detector__functions.c
[0.217s] -- Up-to-date: /home/nayr/FishRos/ch4/ch4_ws/install/ch4_interfaces/include/ch4_interfaces/ch4_interfaces/srv/detail/patrol__struct.h
[0.217s] -- Up-to-date: /home/nayr/FishRos/ch4/ch4_ws/install/ch4_interfaces/include/ch4_interfaces/ch4_interfaces/srv/detail/patrol__functions.h
[0.218s] -- Up-to-date: /home/nayr/FishRos/ch4/ch4_ws/install/ch4_interfaces/include/ch4_interfaces/ch4_interfaces/srv/detail/patrol__functions.c
[0.218s] -- Up-to-date: /home/nayr/FishRos/ch4/ch4_ws/install/ch4_interfaces/include/ch4_interfaces/ch4_interfaces/srv/detail/face_detector__functions.h
[0.218s] -- Up-to-date: /home/nayr/FishRos/ch4/ch4_ws/install/ch4_interfaces/include/ch4_interfaces/ch4_interfaces/srv/detail/face_detector__struct.h
[0.218s] -- Up-to-date: /home/nayr/FishRos/ch4/ch4_ws/install/ch4_interfaces/include/ch4_interfaces/ch4_interfaces/srv/detail/patrol__type_support.h
[0.218s] -- Up-to-date: /home/nayr/FishRos/ch4/ch4_ws/install/ch4_interfaces/include/ch4_interfaces/ch4_interfaces/srv/patrol.h
[0.218s] -- Up-to-date: /home/nayr/FishRos/ch4/ch4_ws/install/ch4_interfaces/include/ch4_interfaces/ch4_interfaces/srv/face_detector.h
[0.218s] -- Up-to-date: /home/nayr/FishRos/ch4/ch4_ws/install/ch4_interfaces/include/ch4_interfaces/ch4_interfaces/msg
[0.218s] -- Up-to-date: /home/nayr/FishRos/ch4/ch4_ws/install/ch4_interfaces/include/ch4_interfaces/ch4_interfaces/msg/rosidl_generator_c__visibility_control.h
[0.218s] -- Up-to-date: /home/nayr/FishRos/ch4/ch4_ws/install/ch4_interfaces/share/ch4_interfaces/environment/library_path.sh
[0.218s] -- Up-to-date: /home/nayr/FishRos/ch4/ch4_ws/install/ch4_interfaces/share/ch4_interfaces/environment/library_path.dsv
[0.218s] -- Up-to-date: /home/nayr/FishRos/ch4/ch4_ws/install/ch4_interfaces/lib/libch4_interfaces__rosidl_generator_c.so
[0.218s] -- Up-to-date: /home/nayr/FishRos/ch4/ch4_ws/install/ch4_interfaces/include/ch4_interfaces/ch4_interfaces
[0.218s] -- Up-to-date: /home/nayr/FishRos/ch4/ch4_ws/install/ch4_interfaces/include/ch4_interfaces/ch4_interfaces/srv
[0.218s] -- Up-to-date: /home/nayr/FishRos/ch4/ch4_ws/install/ch4_interfaces/include/ch4_interfaces/ch4_interfaces/srv/detail
[0.218s] -- Up-to-date: /home/nayr/FishRos/ch4/ch4_ws/install/ch4_interfaces/include/ch4_interfaces/ch4_interfaces/srv/detail/patrol__rosidl_typesupport_fastrtps_c.h
[0.218s] -- Up-to-date: /home/nayr/FishRos/ch4/ch4_ws/install/ch4_interfaces/include/ch4_interfaces/ch4_interfaces/srv/detail/face_detector__rosidl_typesupport_fastrtps_c.h
[0.218s] -- Up-to-date: /home/nayr/FishRos/ch4/ch4_ws/install/ch4_interfaces/include/ch4_interfaces/ch4_interfaces/msg
[0.218s] -- Up-to-date: /home/nayr/FishRos/ch4/ch4_ws/install/ch4_interfaces/include/ch4_interfaces/ch4_interfaces/msg/rosidl_typesupport_fastrtps_c__visibility_control.h
[0.218s] -- Up-to-date: /home/nayr/FishRos/ch4/ch4_ws/install/ch4_interfaces/lib/libch4_interfaces__rosidl_typesupport_fastrtps_c.so
[0.218s] -- Up-to-date: /home/nayr/FishRos/ch4/ch4_ws/install/ch4_interfaces/include/ch4_interfaces/ch4_interfaces
[0.218s] -- Up-to-date: /home/nayr/FishRos/ch4/ch4_ws/install/ch4_interfaces/include/ch4_interfaces/ch4_interfaces/srv
[0.219s] -- Up-to-date: /home/nayr/FishRos/ch4/ch4_ws/install/ch4_interfaces/include/ch4_interfaces/ch4_interfaces/srv/detail
[0.219s] -- Up-to-date: /home/nayr/FishRos/ch4/ch4_ws/install/ch4_interfaces/include/ch4_interfaces/ch4_interfaces/srv/detail/patrol__struct.hpp
[0.219s] -- Up-to-date: /home/nayr/FishRos/ch4/ch4_ws/install/ch4_interfaces/include/ch4_interfaces/ch4_interfaces/srv/detail/patrol__traits.hpp
[0.219s] -- Up-to-date: /home/nayr/FishRos/ch4/ch4_ws/install/ch4_interfaces/include/ch4_interfaces/ch4_interfaces/srv/detail/face_detector__struct.hpp
[0.219s] -- Up-to-date: /home/nayr/FishRos/ch4/ch4_ws/install/ch4_interfaces/include/ch4_interfaces/ch4_interfaces/srv/detail/face_detector__builder.hpp
[0.219s] -- Up-to-date: /home/nayr/FishRos/ch4/ch4_ws/install/ch4_interfaces/include/ch4_interfaces/ch4_interfaces/srv/detail/patrol__builder.hpp
[0.219s] -- Up-to-date: /home/nayr/FishRos/ch4/ch4_ws/install/ch4_interfaces/include/ch4_interfaces/ch4_interfaces/srv/detail/face_detector__type_support.hpp
[0.219s] -- Up-to-date: /home/nayr/FishRos/ch4/ch4_ws/install/ch4_interfaces/include/ch4_interfaces/ch4_interfaces/srv/detail/face_detector__traits.hpp
[0.219s] -- Up-to-date: /home/nayr/FishRos/ch4/ch4_ws/install/ch4_interfaces/include/ch4_interfaces/ch4_interfaces/srv/detail/patrol__type_support.hpp
[0.219s] -- Up-to-date: /home/nayr/FishRos/ch4/ch4_ws/install/ch4_interfaces/include/ch4_interfaces/ch4_interfaces/srv/patrol.hpp
[0.219s] -- Up-to-date: /home/nayr/FishRos/ch4/ch4_ws/install/ch4_interfaces/include/ch4_interfaces/ch4_interfaces/srv/face_detector.hpp
[0.219s] -- Up-to-date: /home/nayr/FishRos/ch4/ch4_ws/install/ch4_interfaces/include/ch4_interfaces/ch4_interfaces/msg
[0.219s] -- Up-to-date: /home/nayr/FishRos/ch4/ch4_ws/install/ch4_interfaces/include/ch4_interfaces/ch4_interfaces/msg/rosidl_generator_cpp__visibility_control.hpp
[0.219s] -- Up-to-date: /home/nayr/FishRos/ch4/ch4_ws/install/ch4_interfaces/include/ch4_interfaces/ch4_interfaces
[0.219s] -- Up-to-date: /home/nayr/FishRos/ch4/ch4_ws/install/ch4_interfaces/include/ch4_interfaces/ch4_interfaces/srv
[0.219s] -- Up-to-date: /home/nayr/FishRos/ch4/ch4_ws/install/ch4_interfaces/include/ch4_interfaces/ch4_interfaces/srv/detail
[0.219s] -- Up-to-date: /home/nayr/FishRos/ch4/ch4_ws/install/ch4_interfaces/include/ch4_interfaces/ch4_interfaces/srv/detail/patrol__rosidl_typesupport_fastrtps_cpp.hpp
[0.219s] -- Up-to-date: /home/nayr/FishRos/ch4/ch4_ws/install/ch4_interfaces/include/ch4_interfaces/ch4_interfaces/srv/detail/face_detector__rosidl_typesupport_fastrtps_cpp.hpp
[0.219s] -- Up-to-date: /home/nayr/FishRos/ch4/ch4_ws/install/ch4_interfaces/include/ch4_interfaces/ch4_interfaces/srv/detail/dds_fastrtps
[0.219s] -- Up-to-date: /home/nayr/FishRos/ch4/ch4_ws/install/ch4_interfaces/include/ch4_interfaces/ch4_interfaces/msg
[0.219s] -- Up-to-date: /home/nayr/FishRos/ch4/ch4_ws/install/ch4_interfaces/include/ch4_interfaces/ch4_interfaces/msg/rosidl_typesupport_fastrtps_cpp__visibility_control.h
[0.219s] -- Up-to-date: /home/nayr/FishRos/ch4/ch4_ws/install/ch4_interfaces/lib/libch4_interfaces__rosidl_typesupport_fastrtps_cpp.so
[0.219s] -- Up-to-date: /home/nayr/FishRos/ch4/ch4_ws/install/ch4_interfaces/include/ch4_interfaces/ch4_interfaces
[0.219s] -- Up-to-date: /home/nayr/FishRos/ch4/ch4_ws/install/ch4_interfaces/include/ch4_interfaces/ch4_interfaces/srv
[0.220s] -- Up-to-date: /home/nayr/FishRos/ch4/ch4_ws/install/ch4_interfaces/include/ch4_interfaces/ch4_interfaces/srv/detail
[0.220s] -- Up-to-date: /home/nayr/FishRos/ch4/ch4_ws/install/ch4_interfaces/include/ch4_interfaces/ch4_interfaces/srv/detail/face_detector__type_support.c
[0.220s] -- Up-to-date: /home/nayr/FishRos/ch4/ch4_ws/install/ch4_interfaces/include/ch4_interfaces/ch4_interfaces/srv/detail/face_detector__rosidl_typesupport_introspection_c.h
[0.220s] -- Up-to-date: /home/nayr/FishRos/ch4/ch4_ws/install/ch4_interfaces/include/ch4_interfaces/ch4_interfaces/srv/detail/patrol__rosidl_typesupport_introspection_c.h
[0.220s] -- Up-to-date: /home/nayr/FishRos/ch4/ch4_ws/install/ch4_interfaces/include/ch4_interfaces/ch4_interfaces/srv/detail/patrol__type_support.c
[0.220s] -- Up-to-date: /home/nayr/FishRos/ch4/ch4_ws/install/ch4_interfaces/include/ch4_interfaces/ch4_interfaces/msg
[0.220s] -- Up-to-date: /home/nayr/FishRos/ch4/ch4_ws/install/ch4_interfaces/include/ch4_interfaces/ch4_interfaces/msg/rosidl_typesupport_introspection_c__visibility_control.h
[0.220s] -- Up-to-date: /home/nayr/FishRos/ch4/ch4_ws/install/ch4_interfaces/lib/libch4_interfaces__rosidl_typesupport_introspection_c.so
[0.220s] -- Up-to-date: /home/nayr/FishRos/ch4/ch4_ws/install/ch4_interfaces/lib/libch4_interfaces__rosidl_typesupport_c.so
[0.220s] -- Up-to-date: /home/nayr/FishRos/ch4/ch4_ws/install/ch4_interfaces/include/ch4_interfaces/ch4_interfaces
[0.220s] -- Up-to-date: /home/nayr/FishRos/ch4/ch4_ws/install/ch4_interfaces/include/ch4_interfaces/ch4_interfaces/srv
[0.220s] -- Up-to-date: /home/nayr/FishRos/ch4/ch4_ws/install/ch4_interfaces/include/ch4_interfaces/ch4_interfaces/srv/detail
[0.220s] -- Up-to-date: /home/nayr/FishRos/ch4/ch4_ws/install/ch4_interfaces/include/ch4_interfaces/ch4_interfaces/srv/detail/face_detector__type_support.cpp
[0.220s] -- Up-to-date: /home/nayr/FishRos/ch4/ch4_ws/install/ch4_interfaces/include/ch4_interfaces/ch4_interfaces/srv/detail/patrol__rosidl_typesupport_introspection_cpp.hpp
[0.220s] -- Up-to-date: /home/nayr/FishRos/ch4/ch4_ws/install/ch4_interfaces/include/ch4_interfaces/ch4_interfaces/srv/detail/face_detector__rosidl_typesupport_introspection_cpp.hpp
[0.220s] -- Up-to-date: /home/nayr/FishRos/ch4/ch4_ws/install/ch4_interfaces/include/ch4_interfaces/ch4_interfaces/srv/detail/patrol__type_support.cpp
[0.220s] -- Up-to-date: /home/nayr/FishRos/ch4/ch4_ws/install/ch4_interfaces/lib/libch4_interfaces__rosidl_typesupport_introspection_cpp.so
[0.220s] -- Up-to-date: /home/nayr/FishRos/ch4/ch4_ws/install/ch4_interfaces/lib/libch4_interfaces__rosidl_typesupport_cpp.so
[0.220s] -- Up-to-date: /home/nayr/FishRos/ch4/ch4_ws/install/ch4_interfaces/share/ch4_interfaces/environment/pythonpath.sh
[0.220s] -- Up-to-date: /home/nayr/FishRos/ch4/ch4_ws/install/ch4_interfaces/share/ch4_interfaces/environment/pythonpath.dsv
[0.220s] -- Up-to-date: /home/nayr/FishRos/ch4/ch4_ws/install/ch4_interfaces/local/lib/python3.10/dist-packages/ch4_interfaces-0.0.0-py3.10.egg-info
[0.220s] -- Installing: /home/nayr/FishRos/ch4/ch4_ws/install/ch4_interfaces/local/lib/python3.10/dist-packages/ch4_interfaces-0.0.0-py3.10.egg-info/top_level.txt
[0.220s] -- Installing: /home/nayr/FishRos/ch4/ch4_ws/install/ch4_interfaces/local/lib/python3.10/dist-packages/ch4_interfaces-0.0.0-py3.10.egg-info/SOURCES.txt
[0.220s] -- Installing: /home/nayr/FishRos/ch4/ch4_ws/install/ch4_interfaces/local/lib/python3.10/dist-packages/ch4_interfaces-0.0.0-py3.10.egg-info/PKG-INFO
[0.220s] -- Installing: /home/nayr/FishRos/ch4/ch4_ws/install/ch4_interfaces/local/lib/python3.10/dist-packages/ch4_interfaces-0.0.0-py3.10.egg-info/dependency_links.txt
[0.220s] -- Up-to-date: /home/nayr/FishRos/ch4/ch4_ws/install/ch4_interfaces/local/lib/python3.10/dist-packages/ch4_interfaces
[0.220s] -- Up-to-date: /home/nayr/FishRos/ch4/ch4_ws/install/ch4_interfaces/local/lib/python3.10/dist-packages/ch4_interfaces/ch4_interfaces_s__rosidl_typesupport_fastrtps_c.cpython-310-aarch64-linux-gnu.so
[0.220s] -- Up-to-date: /home/nayr/FishRos/ch4/ch4_ws/install/ch4_interfaces/local/lib/python3.10/dist-packages/ch4_interfaces/srv
[0.220s] -- Up-to-date: /home/nayr/FishRos/ch4/ch4_ws/install/ch4_interfaces/local/lib/python3.10/dist-packages/ch4_interfaces/srv/_patrol.py
[0.220s] -- Up-to-date: /home/nayr/FishRos/ch4/ch4_ws/install/ch4_interfaces/local/lib/python3.10/dist-packages/ch4_interfaces/srv/_patrol_s.c
[0.221s] -- Up-to-date: /home/nayr/FishRos/ch4/ch4_ws/install/ch4_interfaces/local/lib/python3.10/dist-packages/ch4_interfaces/srv/_face_detector_s.c
[0.221s] -- Up-to-date: /home/nayr/FishRos/ch4/ch4_ws/install/ch4_interfaces/local/lib/python3.10/dist-packages/ch4_interfaces/srv/_face_detector.py
[0.221s] -- Up-to-date: /home/nayr/FishRos/ch4/ch4_ws/install/ch4_interfaces/local/lib/python3.10/dist-packages/ch4_interfaces/srv/__init__.py
[0.221s] -- Up-to-date: /home/nayr/FishRos/ch4/ch4_ws/install/ch4_interfaces/local/lib/python3.10/dist-packages/ch4_interfaces/libch4_interfaces__rosidl_generator_py.so
[0.221s] -- Up-to-date: /home/nayr/FishRos/ch4/ch4_ws/install/ch4_interfaces/local/lib/python3.10/dist-packages/ch4_interfaces/_ch4_interfaces_s.ep.rosidl_typesupport_c.c
[0.221s] -- Up-to-date: /home/nayr/FishRos/ch4/ch4_ws/install/ch4_interfaces/local/lib/python3.10/dist-packages/ch4_interfaces/_ch4_interfaces_s.ep.rosidl_typesupport_fastrtps_c.c
[0.221s] -- Up-to-date: /home/nayr/FishRos/ch4/ch4_ws/install/ch4_interfaces/local/lib/python3.10/dist-packages/ch4_interfaces/_ch4_interfaces_s.ep.rosidl_typesupport_introspection_c.c
[0.221s] -- Up-to-date: /home/nayr/FishRos/ch4/ch4_ws/install/ch4_interfaces/local/lib/python3.10/dist-packages/ch4_interfaces/ch4_interfaces_s__rosidl_typesupport_c.cpython-310-aarch64-linux-gnu.so
[0.221s] -- Up-to-date: /home/nayr/FishRos/ch4/ch4_ws/install/ch4_interfaces/local/lib/python3.10/dist-packages/ch4_interfaces/ch4_interfaces_s__rosidl_typesupport_introspection_c.cpython-310-aarch64-linux-gnu.so
[0.221s] -- Up-to-date: /home/nayr/FishRos/ch4/ch4_ws/install/ch4_interfaces/local/lib/python3.10/dist-packages/ch4_interfaces/__init__.py
[0.235s] Listing '/home/nayr/FishRos/ch4/ch4_ws/install/ch4_interfaces/local/lib/python3.10/dist-packages/ch4_interfaces'...
[0.235s] Listing '/home/nayr/FishRos/ch4/ch4_ws/install/ch4_interfaces/local/lib/python3.10/dist-packages/ch4_interfaces/srv'...
[0.238s] -- Up-to-date: /home/nayr/FishRos/ch4/ch4_ws/install/ch4_interfaces/local/lib/python3.10/dist-packages/ch4_interfaces/ch4_interfaces_s__rosidl_typesupport_fastrtps_c.cpython-310-aarch64-linux-gnu.so
[0.238s] -- Up-to-date: /home/nayr/FishRos/ch4/ch4_ws/install/ch4_interfaces/local/lib/python3.10/dist-packages/ch4_interfaces/ch4_interfaces_s__rosidl_typesupport_introspection_c.cpython-310-aarch64-linux-gnu.so
[0.238s] -- Up-to-date: /home/nayr/FishRos/ch4/ch4_ws/install/ch4_interfaces/local/lib/python3.10/dist-packages/ch4_interfaces/ch4_interfaces_s__rosidl_typesupport_c.cpython-310-aarch64-linux-gnu.so
[0.238s] -- Up-to-date: /home/nayr/FishRos/ch4/ch4_ws/install/ch4_interfaces/lib/libch4_interfaces__rosidl_generator_py.so
[0.238s] -- Up-to-date: /home/nayr/FishRos/ch4/ch4_ws/install/ch4_interfaces/share/ch4_interfaces/srv/FaceDetector.idl
[0.238s] -- Up-to-date: /home/nayr/FishRos/ch4/ch4_ws/install/ch4_interfaces/share/ch4_interfaces/srv/Patrol.idl
[0.238s] -- Up-to-date: /home/nayr/FishRos/ch4/ch4_ws/install/ch4_interfaces/share/ch4_interfaces/srv/FaceDetector.srv
[0.238s] -- Up-to-date: /home/nayr/FishRos/ch4/ch4_ws/install/ch4_interfaces/share/ch4_interfaces/srv/FaceDetector_Request.msg
[0.238s] -- Up-to-date: /home/nayr/FishRos/ch4/ch4_ws/install/ch4_interfaces/share/ch4_interfaces/srv/FaceDetector_Response.msg
[0.238s] -- Up-to-date: /home/nayr/FishRos/ch4/ch4_ws/install/ch4_interfaces/share/ch4_interfaces/srv/Patrol.srv
[0.238s] -- Up-to-date: /home/nayr/FishRos/ch4/ch4_ws/install/ch4_interfaces/share/ch4_interfaces/srv/Patrol_Request.msg
[0.239s] -- Up-to-date: /home/nayr/FishRos/ch4/ch4_ws/install/ch4_interfaces/share/ch4_interfaces/srv/Patrol_Response.msg
[0.239s] -- Up-to-date: /home/nayr/FishRos/ch4/ch4_ws/install/ch4_interfaces/share/ament_index/resource_index/package_run_dependencies/ch4_interfaces
[0.239s] -- Up-to-date: /home/nayr/FishRos/ch4/ch4_ws/install/ch4_interfaces/share/ament_index/resource_index/parent_prefix_path/ch4_interfaces
[0.239s] -- Up-to-date: /home/nayr/FishRos/ch4/ch4_ws/install/ch4_interfaces/share/ch4_interfaces/environment/ament_prefix_path.sh
[0.239s] -- Up-to-date: /home/nayr/FishRos/ch4/ch4_ws/install/ch4_interfaces/share/ch4_interfaces/environment/ament_prefix_path.dsv
[0.239s] -- Up-to-date: /home/nayr/FishRos/ch4/ch4_ws/install/ch4_interfaces/share/ch4_interfaces/environment/path.sh
[0.239s] -- Up-to-date: /home/nayr/FishRos/ch4/ch4_ws/install/ch4_interfaces/share/ch4_interfaces/environment/path.dsv
[0.239s] -- Up-to-date: /home/nayr/FishRos/ch4/ch4_ws/install/ch4_interfaces/share/ch4_interfaces/local_setup.bash
[0.239s] -- Up-to-date: /home/nayr/FishRos/ch4/ch4_ws/install/ch4_interfaces/share/ch4_interfaces/local_setup.sh
[0.239s] -- Up-to-date: /home/nayr/FishRos/ch4/ch4_ws/install/ch4_interfaces/share/ch4_interfaces/local_setup.zsh
[0.239s] -- Up-to-date: /home/nayr/FishRos/ch4/ch4_ws/install/ch4_interfaces/share/ch4_interfaces/local_setup.dsv
[0.239s] -- Installing: /home/nayr/FishRos/ch4/ch4_ws/install/ch4_interfaces/share/ch4_interfaces/package.dsv
[0.239s] -- Up-to-date: /home/nayr/FishRos/ch4/ch4_ws/install/ch4_interfaces/share/ament_index/resource_index/packages/ch4_interfaces
[0.239s] -- Up-to-date: /home/nayr/FishRos/ch4/ch4_ws/install/ch4_interfaces/share/ch4_interfaces/cmake/export_ch4_interfaces__rosidl_generator_cExport.cmake
[0.239s] -- Up-to-date: /home/nayr/FishRos/ch4/ch4_ws/install/ch4_interfaces/share/ch4_interfaces/cmake/export_ch4_interfaces__rosidl_generator_cExport-noconfig.cmake
[0.239s] -- Up-to-date: /home/nayr/FishRos/ch4/ch4_ws/install/ch4_interfaces/share/ch4_interfaces/cmake/export_ch4_interfaces__rosidl_typesupport_fastrtps_cExport.cmake
[0.239s] -- Up-to-date: /home/nayr/FishRos/ch4/ch4_ws/install/ch4_interfaces/share/ch4_interfaces/cmake/export_ch4_interfaces__rosidl_typesupport_fastrtps_cExport-noconfig.cmake
[0.239s] -- Up-to-date: /home/nayr/FishRos/ch4/ch4_ws/install/ch4_interfaces/share/ch4_interfaces/cmake/export_ch4_interfaces__rosidl_generator_cppExport.cmake
[0.239s] -- Up-to-date: /home/nayr/FishRos/ch4/ch4_ws/install/ch4_interfaces/share/ch4_interfaces/cmake/export_ch4_interfaces__rosidl_typesupport_fastrtps_cppExport.cmake
[0.239s] -- Up-to-date: /home/nayr/FishRos/ch4/ch4_ws/install/ch4_interfaces/share/ch4_interfaces/cmake/export_ch4_interfaces__rosidl_typesupport_fastrtps_cppExport-noconfig.cmake
[0.239s] -- Up-to-date: /home/nayr/FishRos/ch4/ch4_ws/install/ch4_interfaces/share/ch4_interfaces/cmake/ch4_interfaces__rosidl_typesupport_introspection_cExport.cmake
[0.240s] -- Up-to-date: /home/nayr/FishRos/ch4/ch4_ws/install/ch4_interfaces/share/ch4_interfaces/cmake/ch4_interfaces__rosidl_typesupport_introspection_cExport-noconfig.cmake
[0.240s] -- Up-to-date: /home/nayr/FishRos/ch4/ch4_ws/install/ch4_interfaces/share/ch4_interfaces/cmake/ch4_interfaces__rosidl_typesupport_cExport.cmake
[0.240s] -- Up-to-date: /home/nayr/FishRos/ch4/ch4_ws/install/ch4_interfaces/share/ch4_interfaces/cmake/ch4_interfaces__rosidl_typesupport_cExport-noconfig.cmake
[0.240s] -- Up-to-date: /home/nayr/FishRos/ch4/ch4_ws/install/ch4_interfaces/share/ch4_interfaces/cmake/ch4_interfaces__rosidl_typesupport_introspection_cppExport.cmake
[0.240s] -- Up-to-date: /home/nayr/FishRos/ch4/ch4_ws/install/ch4_interfaces/share/ch4_interfaces/cmake/ch4_interfaces__rosidl_typesupport_introspection_cppExport-noconfig.cmake
[0.240s] -- Up-to-date: /home/nayr/FishRos/ch4/ch4_ws/install/ch4_interfaces/share/ch4_interfaces/cmake/ch4_interfaces__rosidl_typesupport_cppExport.cmake
[0.240s] -- Up-to-date: /home/nayr/FishRos/ch4/ch4_ws/install/ch4_interfaces/share/ch4_interfaces/cmake/ch4_interfaces__rosidl_typesupport_cppExport-noconfig.cmake
[0.240s] -- Up-to-date: /home/nayr/FishRos/ch4/ch4_ws/install/ch4_interfaces/share/ch4_interfaces/cmake/export_ch4_interfaces__rosidl_generator_pyExport.cmake
[0.240s] -- Up-to-date: /home/nayr/FishRos/ch4/ch4_ws/install/ch4_interfaces/share/ch4_interfaces/cmake/export_ch4_interfaces__rosidl_generator_pyExport-noconfig.cmake
[0.240s] -- Up-to-date: /home/nayr/FishRos/ch4/ch4_ws/install/ch4_interfaces/share/ch4_interfaces/cmake/rosidl_cmake-extras.cmake
[0.240s] -- Up-to-date: /home/nayr/FishRos/ch4/ch4_ws/install/ch4_interfaces/share/ch4_interfaces/cmake/ament_cmake_export_dependencies-extras.cmake
[0.240s] -- Up-to-date: /home/nayr/FishRos/ch4/ch4_ws/install/ch4_interfaces/share/ch4_interfaces/cmake/ament_cmake_export_include_directories-extras.cmake
[0.240s] -- Up-to-date: /home/nayr/FishRos/ch4/ch4_ws/install/ch4_interfaces/share/ch4_interfaces/cmake/ament_cmake_export_libraries-extras.cmake
[0.240s] -- Up-to-date: /home/nayr/FishRos/ch4/ch4_ws/install/ch4_interfaces/share/ch4_interfaces/cmake/ament_cmake_export_targets-extras.cmake
[0.240s] -- Up-to-date: /home/nayr/FishRos/ch4/ch4_ws/install/ch4_interfaces/share/ch4_interfaces/cmake/rosidl_cmake_export_typesupport_targets-extras.cmake
[0.240s] -- Up-to-date: /home/nayr/FishRos/ch4/ch4_ws/install/ch4_interfaces/share/ch4_interfaces/cmake/rosidl_cmake_export_typesupport_libraries-extras.cmake
[0.240s] -- Up-to-date: /home/nayr/FishRos/ch4/ch4_ws/install/ch4_interfaces/share/ch4_interfaces/cmake/ch4_interfacesConfig.cmake
[0.240s] -- Up-to-date: /home/nayr/FishRos/ch4/ch4_ws/install/ch4_interfaces/share/ch4_interfaces/cmake/ch4_interfacesConfig-version.cmake
[0.240s] -- Up-to-date: /home/nayr/FishRos/ch4/ch4_ws/install/ch4_interfaces/share/ch4_interfaces/package.xml
[0.241s] Invoked command in '/home/nayr/FishRos/ch4/ch4_ws/build/ch4_interfaces' returned '0': CMAKE_PREFIX_PATH=${CMAKE_PREFIX_PATH}:/home/nayr/FishRos/ch4/ch4_ws/install/demo_python_service:/opt/ros/humble /usr/bin/cmake --install /home/nayr/FishRos/ch4/ch4_ws/build/ch4_interfaces
