[0.041s] DEBUG:colcon:Command line arguments: ['/usr/bin/colcon', 'build']
[0.041s] DEBUG:colcon:Parsed command line arguments: Namespace(log_base=None, log_level=None, verb_name='build', build_base='build', install_base='install', merge_install=False, symlink_install=False, test_result_base=None, continue_on_error=False, executor='parallel', parallel_workers=4, event_handlers=None, ignore_user_meta=False, metas=['./colcon.meta'], base_paths=['.'], packages_ignore=None, packages_ignore_regex=None, paths=None, packages_up_to=None, packages_up_to_regex=None, packages_above=None, packages_above_and_dependencies=None, packages_above_depth=None, packages_select_by_dep=None, packages_skip_by_dep=None, packages_skip_up_to=None, packages_select_build_failed=False, packages_skip_build_finished=False, packages_select_test_failures=False, packages_skip_test_passed=False, packages_select=None, packages_skip=None, packages_select_regex=None, packages_skip_regex=None, packages_start=None, packages_end=None, allow_overriding=[], cmake_args=None, cmake_target=None, cmake_target_skip_unavailable=False, cmake_clean_cache=False, cmake_clean_first=False, cmake_force_configure=False, ament_cmake_args=None, catkin_cmake_args=None, catkin_skip_building_tests=False, mixin_files=None, mixin=None, verb_parser=<colcon_mixin.mixin.mixin_argument.MixinArgumentDecorator object at 0xffffab01de10>, verb_extension=<colcon_core.verb.build.BuildVerb object at 0xffffab01d6f0>, main=<bound method BuildVerb.main of <colcon_core.verb.build.BuildVerb object at 0xffffab01d6f0>>, mixin_verb=('build',))
[0.101s] Level 1:colcon.colcon_core.package_discovery:discover_packages(colcon_meta) check parameters
[0.101s] Level 1:colcon.colcon_core.package_discovery:discover_packages(recursive) check parameters
[0.101s] Level 1:colcon.colcon_core.package_discovery:discover_packages(ignore) check parameters
[0.101s] Level 1:colcon.colcon_core.package_discovery:discover_packages(path) check parameters
[0.101s] Level 1:colcon.colcon_core.package_discovery:discover_packages(colcon_meta) discover
[0.101s] Level 1:colcon.colcon_core.package_discovery:discover_packages(recursive) discover
[0.101s] INFO:colcon.colcon_core.package_discovery:Crawling recursively for packages in '/home/nayr/FishRos/ch2'
[0.101s] Level 1:colcon.colcon_core.package_identification:_identify(.) by extensions ['ignore', 'ignore_ament_install']
[0.101s] Level 1:colcon.colcon_core.package_identification:_identify(.) by extension 'ignore'
[0.101s] Level 1:colcon.colcon_core.package_identification:_identify(.) by extension 'ignore_ament_install'
[0.101s] Level 1:colcon.colcon_core.package_identification:_identify(.) by extensions ['colcon_pkg']
[0.101s] Level 1:colcon.colcon_core.package_identification:_identify(.) by extension 'colcon_pkg'
[0.101s] Level 1:colcon.colcon_core.package_identification:_identify(.) by extensions ['colcon_meta']
[0.101s] Level 1:colcon.colcon_core.package_identification:_identify(.) by extension 'colcon_meta'
[0.101s] Level 1:colcon.colcon_core.package_identification:_identify(.) by extensions ['ros']
[0.101s] Level 1:colcon.colcon_core.package_identification:_identify(.) by extension 'ros'
[0.106s] Level 1:colcon.colcon_core.package_identification:_identify(.) by extensions ['cmake', 'python']
[0.106s] Level 1:colcon.colcon_core.package_identification:_identify(.) by extension 'cmake'
[0.106s] Level 1:colcon.colcon_core.package_identification:_identify(.) by extension 'python'
[0.106s] Level 1:colcon.colcon_core.package_identification:_identify(.) by extensions ['python_setup_py']
[0.106s] Level 1:colcon.colcon_core.package_identification:_identify(.) by extension 'python_setup_py'
[0.106s] Level 1:colcon.colcon_core.package_identification:_identify(build) by extensions ['ignore', 'ignore_ament_install']
[0.106s] Level 1:colcon.colcon_core.package_identification:_identify(build) by extension 'ignore'
[0.106s] Level 1:colcon.colcon_core.package_identification:_identify(build) ignored
[0.106s] Level 1:colcon.colcon_core.package_identification:_identify(ch2_ws) by extensions ['ignore', 'ignore_ament_install']
[0.106s] Level 1:colcon.colcon_core.package_identification:_identify(ch2_ws) by extension 'ignore'
[0.106s] Level 1:colcon.colcon_core.package_identification:_identify(ch2_ws) by extension 'ignore_ament_install'
[0.106s] Level 1:colcon.colcon_core.package_identification:_identify(ch2_ws) by extensions ['colcon_pkg']
[0.106s] Level 1:colcon.colcon_core.package_identification:_identify(ch2_ws) by extension 'colcon_pkg'
[0.106s] Level 1:colcon.colcon_core.package_identification:_identify(ch2_ws) by extensions ['colcon_meta']
[0.106s] Level 1:colcon.colcon_core.package_identification:_identify(ch2_ws) by extension 'colcon_meta'
[0.106s] Level 1:colcon.colcon_core.package_identification:_identify(ch2_ws) by extensions ['ros']
[0.106s] Level 1:colcon.colcon_core.package_identification:_identify(ch2_ws) by extension 'ros'
[0.106s] Level 1:colcon.colcon_core.package_identification:_identify(ch2_ws) by extensions ['cmake', 'python']
[0.106s] Level 1:colcon.colcon_core.package_identification:_identify(ch2_ws) by extension 'cmake'
[0.106s] Level 1:colcon.colcon_core.package_identification:_identify(ch2_ws) by extension 'python'
[0.106s] Level 1:colcon.colcon_core.package_identification:_identify(ch2_ws) by extensions ['python_setup_py']
[0.106s] Level 1:colcon.colcon_core.package_identification:_identify(ch2_ws) by extension 'python_setup_py'
[0.106s] Level 1:colcon.colcon_core.package_identification:_identify(ch2_ws/build) by extensions ['ignore', 'ignore_ament_install']
[0.107s] Level 1:colcon.colcon_core.package_identification:_identify(ch2_ws/build) by extension 'ignore'
[0.107s] Level 1:colcon.colcon_core.package_identification:_identify(ch2_ws/build) ignored
[0.107s] Level 1:colcon.colcon_core.package_identification:_identify(ch2_ws/install) by extensions ['ignore', 'ignore_ament_install']
[0.107s] Level 1:colcon.colcon_core.package_identification:_identify(ch2_ws/install) by extension 'ignore'
[0.107s] Level 1:colcon.colcon_core.package_identification:_identify(ch2_ws/install) ignored
[0.107s] Level 1:colcon.colcon_core.package_identification:_identify(ch2_ws/log) by extensions ['ignore', 'ignore_ament_install']
[0.107s] Level 1:colcon.colcon_core.package_identification:_identify(ch2_ws/log) by extension 'ignore'
[0.107s] Level 1:colcon.colcon_core.package_identification:_identify(ch2_ws/log) ignored
[0.107s] Level 1:colcon.colcon_core.package_identification:_identify(ch2_ws/src) by extensions ['ignore', 'ignore_ament_install']
[0.107s] Level 1:colcon.colcon_core.package_identification:_identify(ch2_ws/src) by extension 'ignore'
[0.107s] Level 1:colcon.colcon_core.package_identification:_identify(ch2_ws/src) by extension 'ignore_ament_install'
[0.107s] Level 1:colcon.colcon_core.package_identification:_identify(ch2_ws/src) by extensions ['colcon_pkg']
[0.107s] Level 1:colcon.colcon_core.package_identification:_identify(ch2_ws/src) by extension 'colcon_pkg'
[0.107s] Level 1:colcon.colcon_core.package_identification:_identify(ch2_ws/src) by extensions ['colcon_meta']
[0.107s] Level 1:colcon.colcon_core.package_identification:_identify(ch2_ws/src) by extension 'colcon_meta'
[0.107s] Level 1:colcon.colcon_core.package_identification:_identify(ch2_ws/src) by extensions ['ros']
[0.107s] Level 1:colcon.colcon_core.package_identification:_identify(ch2_ws/src) by extension 'ros'
[0.107s] Level 1:colcon.colcon_core.package_identification:_identify(ch2_ws/src) by extensions ['cmake', 'python']
[0.107s] Level 1:colcon.colcon_core.package_identification:_identify(ch2_ws/src) by extension 'cmake'
[0.107s] Level 1:colcon.colcon_core.package_identification:_identify(ch2_ws/src) by extension 'python'
[0.107s] Level 1:colcon.colcon_core.package_identification:_identify(ch2_ws/src) by extensions ['python_setup_py']
[0.107s] Level 1:colcon.colcon_core.package_identification:_identify(ch2_ws/src) by extension 'python_setup_py'
[0.107s] Level 1:colcon.colcon_core.package_identification:_identify(ch2_ws/src/demo_cpp_pkg) by extensions ['ignore', 'ignore_ament_install']
[0.107s] Level 1:colcon.colcon_core.package_identification:_identify(ch2_ws/src/demo_cpp_pkg) by extension 'ignore'
[0.107s] Level 1:colcon.colcon_core.package_identification:_identify(ch2_ws/src/demo_cpp_pkg) by extension 'ignore_ament_install'
[0.107s] Level 1:colcon.colcon_core.package_identification:_identify(ch2_ws/src/demo_cpp_pkg) by extensions ['colcon_pkg']
[0.107s] Level 1:colcon.colcon_core.package_identification:_identify(ch2_ws/src/demo_cpp_pkg) by extension 'colcon_pkg'
[0.107s] Level 1:colcon.colcon_core.package_identification:_identify(ch2_ws/src/demo_cpp_pkg) by extensions ['colcon_meta']
[0.107s] Level 1:colcon.colcon_core.package_identification:_identify(ch2_ws/src/demo_cpp_pkg) by extension 'colcon_meta'
[0.107s] Level 1:colcon.colcon_core.package_identification:_identify(ch2_ws/src/demo_cpp_pkg) by extensions ['ros']
[0.107s] Level 1:colcon.colcon_core.package_identification:_identify(ch2_ws/src/demo_cpp_pkg) by extension 'ros'
[0.108s] DEBUG:colcon.colcon_core.package_identification:Package 'ch2_ws/src/demo_cpp_pkg' with type 'ros.ament_cmake' and name 'demo_cpp_pkg'
[0.108s] Level 1:colcon.colcon_core.package_identification:_identify(ch2_ws/src/demo_python_pkg) by extensions ['ignore', 'ignore_ament_install']
[0.108s] Level 1:colcon.colcon_core.package_identification:_identify(ch2_ws/src/demo_python_pkg) by extension 'ignore'
[0.108s] Level 1:colcon.colcon_core.package_identification:_identify(ch2_ws/src/demo_python_pkg) by extension 'ignore_ament_install'
[0.108s] Level 1:colcon.colcon_core.package_identification:_identify(ch2_ws/src/demo_python_pkg) by extensions ['colcon_pkg']
[0.108s] Level 1:colcon.colcon_core.package_identification:_identify(ch2_ws/src/demo_python_pkg) by extension 'colcon_pkg'
[0.108s] Level 1:colcon.colcon_core.package_identification:_identify(ch2_ws/src/demo_python_pkg) by extensions ['colcon_meta']
[0.108s] Level 1:colcon.colcon_core.package_identification:_identify(ch2_ws/src/demo_python_pkg) by extension 'colcon_meta'
[0.108s] Level 1:colcon.colcon_core.package_identification:_identify(ch2_ws/src/demo_python_pkg) by extensions ['ros']
[0.108s] Level 1:colcon.colcon_core.package_identification:_identify(ch2_ws/src/demo_python_pkg) by extension 'ros'
[0.108s] DEBUG:colcon.colcon_core.package_identification:Package 'ch2_ws/src/demo_python_pkg' with type 'ros.ament_python' and name 'demo_python_pkg'
[0.108s] Level 1:colcon.colcon_core.package_identification:_identify(install) by extensions ['ignore', 'ignore_ament_install']
[0.108s] Level 1:colcon.colcon_core.package_identification:_identify(install) by extension 'ignore'
[0.108s] Level 1:colcon.colcon_core.package_identification:_identify(install) ignored
[0.109s] Level 1:colcon.colcon_core.package_identification:_identify(log) by extensions ['ignore', 'ignore_ament_install']
[0.109s] Level 1:colcon.colcon_core.package_identification:_identify(log) by extension 'ignore'
[0.109s] Level 1:colcon.colcon_core.package_identification:_identify(log) ignored
[0.109s] Level 1:colcon.colcon_core.package_discovery:discover_packages(recursive) using defaults
[0.109s] Level 1:colcon.colcon_core.package_discovery:discover_packages(ignore) discover
[0.109s] Level 1:colcon.colcon_core.package_discovery:discover_packages(ignore) using defaults
[0.109s] Level 1:colcon.colcon_core.package_discovery:discover_packages(path) discover
[0.109s] Level 1:colcon.colcon_core.package_discovery:discover_packages(path) using defaults
[0.124s] Level 1:colcon.colcon_core.package_discovery:discover_packages(prefix_path) check parameters
[0.124s] Level 1:colcon.colcon_core.package_discovery:discover_packages(prefix_path) discover
[0.124s] DEBUG:colcon.colcon_installed_package_information.package_discovery:Found 271 installed packages in /opt/ros/humble
[0.125s] Level 1:colcon.colcon_core.package_discovery:discover_packages(prefix_path) using defaults
[0.141s] Level 5:colcon.colcon_core.verb:set package 'demo_cpp_pkg' build argument 'cmake_args' from command line to 'None'
[0.141s] Level 5:colcon.colcon_core.verb:set package 'demo_cpp_pkg' build argument 'cmake_target' from command line to 'None'
[0.141s] Level 5:colcon.colcon_core.verb:set package 'demo_cpp_pkg' build argument 'cmake_target_skip_unavailable' from command line to 'False'
[0.141s] Level 5:colcon.colcon_core.verb:set package 'demo_cpp_pkg' build argument 'cmake_clean_cache' from command line to 'False'
[0.141s] Level 5:colcon.colcon_core.verb:set package 'demo_cpp_pkg' build argument 'cmake_clean_first' from command line to 'False'
[0.141s] Level 5:colcon.colcon_core.verb:set package 'demo_cpp_pkg' build argument 'cmake_force_configure' from command line to 'False'
[0.141s] Level 5:colcon.colcon_core.verb:set package 'demo_cpp_pkg' build argument 'ament_cmake_args' from command line to 'None'
[0.141s] Level 5:colcon.colcon_core.verb:set package 'demo_cpp_pkg' build argument 'catkin_cmake_args' from command line to 'None'
[0.141s] Level 5:colcon.colcon_core.verb:set package 'demo_cpp_pkg' build argument 'catkin_skip_building_tests' from command line to 'False'
[0.141s] DEBUG:colcon.colcon_core.verb:Building package 'demo_cpp_pkg' with the following arguments: {'ament_cmake_args': None, 'build_base': '/home/nayr/FishRos/ch2/build/demo_cpp_pkg', 'catkin_cmake_args': None, 'catkin_skip_building_tests': False, 'cmake_args': None, 'cmake_clean_cache': False, 'cmake_clean_first': False, 'cmake_force_configure': False, 'cmake_target': None, 'cmake_target_skip_unavailable': False, 'install_base': '/home/nayr/FishRos/ch2/install/demo_cpp_pkg', 'merge_install': False, 'path': '/home/nayr/FishRos/ch2/ch2_ws/src/demo_cpp_pkg', 'symlink_install': False, 'test_result_base': None}
[0.141s] Level 5:colcon.colcon_core.verb:set package 'demo_python_pkg' build argument 'cmake_args' from command line to 'None'
[0.141s] Level 5:colcon.colcon_core.verb:set package 'demo_python_pkg' build argument 'cmake_target' from command line to 'None'
[0.141s] Level 5:colcon.colcon_core.verb:set package 'demo_python_pkg' build argument 'cmake_target_skip_unavailable' from command line to 'False'
[0.141s] Level 5:colcon.colcon_core.verb:set package 'demo_python_pkg' build argument 'cmake_clean_cache' from command line to 'False'
[0.141s] Level 5:colcon.colcon_core.verb:set package 'demo_python_pkg' build argument 'cmake_clean_first' from command line to 'False'
[0.141s] Level 5:colcon.colcon_core.verb:set package 'demo_python_pkg' build argument 'cmake_force_configure' from command line to 'False'
[0.141s] Level 5:colcon.colcon_core.verb:set package 'demo_python_pkg' build argument 'ament_cmake_args' from command line to 'None'
[0.141s] Level 5:colcon.colcon_core.verb:set package 'demo_python_pkg' build argument 'catkin_cmake_args' from command line to 'None'
[0.141s] Level 5:colcon.colcon_core.verb:set package 'demo_python_pkg' build argument 'catkin_skip_building_tests' from command line to 'False'
[0.141s] DEBUG:colcon.colcon_core.verb:Building package 'demo_python_pkg' with the following arguments: {'ament_cmake_args': None, 'build_base': '/home/nayr/FishRos/ch2/build/demo_python_pkg', 'catkin_cmake_args': None, 'catkin_skip_building_tests': False, 'cmake_args': None, 'cmake_clean_cache': False, 'cmake_clean_first': False, 'cmake_force_configure': False, 'cmake_target': None, 'cmake_target_skip_unavailable': False, 'install_base': '/home/nayr/FishRos/ch2/install/demo_python_pkg', 'merge_install': False, 'path': '/home/nayr/FishRos/ch2/ch2_ws/src/demo_python_pkg', 'symlink_install': False, 'test_result_base': None}
[0.141s] INFO:colcon.colcon_core.executor:Executing jobs using 'parallel' executor
[0.142s] DEBUG:colcon.colcon_parallel_executor.executor.parallel:run_until_complete
[0.142s] INFO:colcon.colcon_ros.task.ament_cmake.build:Building ROS package in '/home/nayr/FishRos/ch2/ch2_ws/src/demo_cpp_pkg' with build type 'ament_cmake'
[0.142s] INFO:colcon.colcon_cmake.task.cmake.build:Building CMake package in '/home/nayr/FishRos/ch2/ch2_ws/src/demo_cpp_pkg'
[0.142s] INFO:colcon.colcon_core.plugin_system:Skipping extension 'colcon_core.shell.bat': Not used on non-Windows systems
[0.142s] INFO:colcon.colcon_core.shell:Skip shell extension 'powershell' for command environment: Not usable outside of PowerShell
[0.142s] DEBUG:colcon.colcon_core.shell:Skip shell extension 'dsv' for command environment
[0.144s] INFO:colcon.colcon_ros.task.ament_python.build:Building ROS package in '/home/nayr/FishRos/ch2/ch2_ws/src/demo_python_pkg' with build type 'ament_python'
[0.144s] Level 1:colcon.colcon_core.shell:create_environment_hook('demo_python_pkg', 'ament_prefix_path')
[0.144s] INFO:colcon.colcon_core.shell:Creating environment hook '/home/nayr/FishRos/ch2/install/demo_python_pkg/share/demo_python_pkg/hook/ament_prefix_path.ps1'
[0.144s] INFO:colcon.colcon_core.shell:Creating environment descriptor '/home/nayr/FishRos/ch2/install/demo_python_pkg/share/demo_python_pkg/hook/ament_prefix_path.dsv'
[0.145s] INFO:colcon.colcon_core.shell:Creating environment hook '/home/nayr/FishRos/ch2/install/demo_python_pkg/share/demo_python_pkg/hook/ament_prefix_path.sh'
[0.145s] INFO:colcon.colcon_core.shell:Skip shell extension 'powershell' for command environment: Not usable outside of PowerShell
[0.145s] DEBUG:colcon.colcon_core.shell:Skip shell extension 'dsv' for command environment
[0.149s] DEBUG:colcon.colcon_core.event_handler.log_command:Invoking command in '/home/nayr/FishRos/ch2/build/demo_cpp_pkg': CMAKE_PREFIX_PATH=/opt/ros/humble /usr/bin/cmake --build /home/nayr/FishRos/ch2/build/demo_cpp_pkg -- -j4 -l4
[0.252s] INFO:colcon.colcon_core.task.python.build:Building Python package in '/home/nayr/FishRos/ch2/ch2_ws/src/demo_python_pkg'
[0.252s] INFO:colcon.colcon_core.shell:Skip shell extension 'powershell' for command environment: Not usable outside of PowerShell
[0.252s] DEBUG:colcon.colcon_core.shell:Skip shell extension 'dsv' for command environment
[0.255s] DEBUG:colcon.colcon_core.event_handler.log_command:Invoked command in '/home/nayr/FishRos/ch2/build/demo_cpp_pkg' returned '0': CMAKE_PREFIX_PATH=/opt/ros/humble /usr/bin/cmake --build /home/nayr/FishRos/ch2/build/demo_cpp_pkg -- -j4 -l4
[0.259s] DEBUG:colcon.colcon_core.event_handler.log_command:Invoking command in '/home/nayr/FishRos/ch2/build/demo_cpp_pkg': CMAKE_PREFIX_PATH=/opt/ros/humble /usr/bin/cmake --install /home/nayr/FishRos/ch2/build/demo_cpp_pkg
[0.262s] Level 1:colcon.colcon_core.environment:create_environment_scripts_only(demo_cpp_pkg)
[0.263s] DEBUG:colcon.colcon_core.event_handler.log_command:Invoked command in '/home/nayr/FishRos/ch2/build/demo_cpp_pkg' returned '0': CMAKE_PREFIX_PATH=/opt/ros/humble /usr/bin/cmake --install /home/nayr/FishRos/ch2/build/demo_cpp_pkg
[0.263s] Level 1:colcon.colcon_core.environment:checking '/home/nayr/FishRos/ch2/install/demo_cpp_pkg' for CMake module files
[0.264s] Level 1:colcon.colcon_core.environment:checking '/home/nayr/FishRos/ch2/install/demo_cpp_pkg' for CMake config files
[0.264s] Level 1:colcon.colcon_core.shell:create_environment_hook('demo_cpp_pkg', 'cmake_prefix_path')
[0.264s] INFO:colcon.colcon_core.shell:Creating environment hook '/home/nayr/FishRos/ch2/install/demo_cpp_pkg/share/demo_cpp_pkg/hook/cmake_prefix_path.ps1'
[0.264s] INFO:colcon.colcon_core.shell:Creating environment descriptor '/home/nayr/FishRos/ch2/install/demo_cpp_pkg/share/demo_cpp_pkg/hook/cmake_prefix_path.dsv'
[0.264s] INFO:colcon.colcon_core.shell:Creating environment hook '/home/nayr/FishRos/ch2/install/demo_cpp_pkg/share/demo_cpp_pkg/hook/cmake_prefix_path.sh'
[0.264s] Level 1:colcon.colcon_core.environment:checking '/home/nayr/FishRos/ch2/install/demo_cpp_pkg/lib'
[0.265s] Level 1:colcon.colcon_core.environment:checking '/home/nayr/FishRos/ch2/install/demo_cpp_pkg/bin'
[0.265s] Level 1:colcon.colcon_core.environment:checking '/home/nayr/FishRos/ch2/install/demo_cpp_pkg/lib/pkgconfig/demo_cpp_pkg.pc'
[0.265s] Level 1:colcon.colcon_core.environment:checking '/home/nayr/FishRos/ch2/install/demo_cpp_pkg/lib/python3.10/site-packages'
[0.265s] Level 1:colcon.colcon_core.environment:checking '/home/nayr/FishRos/ch2/install/demo_cpp_pkg/bin'
[0.265s] INFO:colcon.colcon_core.shell:Creating package script '/home/nayr/FishRos/ch2/install/demo_cpp_pkg/share/demo_cpp_pkg/package.ps1'
[0.265s] INFO:colcon.colcon_core.shell:Creating package descriptor '/home/nayr/FishRos/ch2/install/demo_cpp_pkg/share/demo_cpp_pkg/package.dsv'
[0.265s] INFO:colcon.colcon_core.shell:Creating package script '/home/nayr/FishRos/ch2/install/demo_cpp_pkg/share/demo_cpp_pkg/package.sh'
[0.266s] INFO:colcon.colcon_core.shell:Creating package script '/home/nayr/FishRos/ch2/install/demo_cpp_pkg/share/demo_cpp_pkg/package.bash'
[0.266s] INFO:colcon.colcon_core.shell:Creating package script '/home/nayr/FishRos/ch2/install/demo_cpp_pkg/share/demo_cpp_pkg/package.zsh'
[0.266s] Level 1:colcon.colcon_core.environment:create_file_with_runtime_dependencies(/home/nayr/FishRos/ch2/install/demo_cpp_pkg/share/colcon-core/packages/demo_cpp_pkg)
[0.267s] Level 1:colcon.colcon_core.environment:create_environment_scripts_only(demo_cpp_pkg)
[0.267s] Level 1:colcon.colcon_core.environment:checking '/home/nayr/FishRos/ch2/install/demo_cpp_pkg' for CMake module files
[0.267s] Level 1:colcon.colcon_core.environment:checking '/home/nayr/FishRos/ch2/install/demo_cpp_pkg' for CMake config files
[0.267s] Level 1:colcon.colcon_core.shell:create_environment_hook('demo_cpp_pkg', 'cmake_prefix_path')
[0.267s] INFO:colcon.colcon_core.shell:Creating environment hook '/home/nayr/FishRos/ch2/install/demo_cpp_pkg/share/demo_cpp_pkg/hook/cmake_prefix_path.ps1'
[0.267s] INFO:colcon.colcon_core.shell:Creating environment descriptor '/home/nayr/FishRos/ch2/install/demo_cpp_pkg/share/demo_cpp_pkg/hook/cmake_prefix_path.dsv'
[0.268s] INFO:colcon.colcon_core.shell:Creating environment hook '/home/nayr/FishRos/ch2/install/demo_cpp_pkg/share/demo_cpp_pkg/hook/cmake_prefix_path.sh'
[0.268s] Level 1:colcon.colcon_core.environment:checking '/home/nayr/FishRos/ch2/install/demo_cpp_pkg/lib'
[0.268s] Level 1:colcon.colcon_core.environment:checking '/home/nayr/FishRos/ch2/install/demo_cpp_pkg/bin'
[0.268s] Level 1:colcon.colcon_core.environment:checking '/home/nayr/FishRos/ch2/install/demo_cpp_pkg/lib/pkgconfig/demo_cpp_pkg.pc'
[0.268s] Level 1:colcon.colcon_core.environment:checking '/home/nayr/FishRos/ch2/install/demo_cpp_pkg/lib/python3.10/site-packages'
[0.268s] Level 1:colcon.colcon_core.environment:checking '/home/nayr/FishRos/ch2/install/demo_cpp_pkg/bin'
[0.268s] INFO:colcon.colcon_core.shell:Creating package script '/home/nayr/FishRos/ch2/install/demo_cpp_pkg/share/demo_cpp_pkg/package.ps1'
[0.268s] INFO:colcon.colcon_core.shell:Creating package descriptor '/home/nayr/FishRos/ch2/install/demo_cpp_pkg/share/demo_cpp_pkg/package.dsv'
[0.269s] INFO:colcon.colcon_core.shell:Creating package script '/home/nayr/FishRos/ch2/install/demo_cpp_pkg/share/demo_cpp_pkg/package.sh'
[0.269s] INFO:colcon.colcon_core.shell:Creating package script '/home/nayr/FishRos/ch2/install/demo_cpp_pkg/share/demo_cpp_pkg/package.bash'
[0.269s] INFO:colcon.colcon_core.shell:Creating package script '/home/nayr/FishRos/ch2/install/demo_cpp_pkg/share/demo_cpp_pkg/package.zsh'
[0.269s] Level 1:colcon.colcon_core.environment:create_file_with_runtime_dependencies(/home/nayr/FishRos/ch2/install/demo_cpp_pkg/share/colcon-core/packages/demo_cpp_pkg)
[0.390s] DEBUG:colcon.colcon_core.event_handler.log_command:Invoking command in '/home/nayr/FishRos/ch2/ch2_ws/src/demo_python_pkg': PYTHONPATH=/home/nayr/FishRos/ch2/build/demo_python_pkg/prefix_override:/usr/lib/python3/dist-packages/colcon_core/task/python/colcon_distutils_commands:/home/nayr/FishRos/ch2/install/demo_python_pkg/lib/python3.10/site-packages:${PYTHONPATH} /usr/bin/python3 -W ignore:setup.py install is deprecated -W ignore:easy_install command is deprecated setup.py egg_info --egg-base ../../../build/demo_python_pkg build --build-base /home/nayr/FishRos/ch2/build/demo_python_pkg/build install --record /home/nayr/FishRos/ch2/build/demo_python_pkg/install.log --single-version-externally-managed install_data
[0.501s] Level 1:colcon.colcon_core.environment:checking '/home/nayr/FishRos/ch2/install/demo_python_pkg' for CMake module files
[0.502s] DEBUG:colcon.colcon_core.event_handler.log_command:Invoked command in '/home/nayr/FishRos/ch2/ch2_ws/src/demo_python_pkg' returned '0': PYTHONPATH=/home/nayr/FishRos/ch2/build/demo_python_pkg/prefix_override:/usr/lib/python3/dist-packages/colcon_core/task/python/colcon_distutils_commands:/home/nayr/FishRos/ch2/install/demo_python_pkg/lib/python3.10/site-packages:${PYTHONPATH} /usr/bin/python3 -W ignore:setup.py install is deprecated -W ignore:easy_install command is deprecated setup.py egg_info --egg-base ../../../build/demo_python_pkg build --build-base /home/nayr/FishRos/ch2/build/demo_python_pkg/build install --record /home/nayr/FishRos/ch2/build/demo_python_pkg/install.log --single-version-externally-managed install_data
[0.502s] Level 1:colcon.colcon_core.environment:checking '/home/nayr/FishRos/ch2/install/demo_python_pkg' for CMake config files
[0.502s] Level 1:colcon.colcon_core.environment:checking '/home/nayr/FishRos/ch2/install/demo_python_pkg/lib'
[0.502s] Level 1:colcon.colcon_core.environment:checking '/home/nayr/FishRos/ch2/install/demo_python_pkg/bin'
[0.502s] Level 1:colcon.colcon_core.environment:checking '/home/nayr/FishRos/ch2/install/demo_python_pkg/lib/pkgconfig/demo_python_pkg.pc'
[0.502s] Level 1:colcon.colcon_core.environment:checking '/home/nayr/FishRos/ch2/install/demo_python_pkg/lib/python3.10/site-packages'
[0.502s] Level 1:colcon.colcon_core.shell:create_environment_hook('demo_python_pkg', 'pythonpath')
[0.502s] INFO:colcon.colcon_core.shell:Creating environment hook '/home/nayr/FishRos/ch2/install/demo_python_pkg/share/demo_python_pkg/hook/pythonpath.ps1'
[0.503s] INFO:colcon.colcon_core.shell:Creating environment descriptor '/home/nayr/FishRos/ch2/install/demo_python_pkg/share/demo_python_pkg/hook/pythonpath.dsv'
[0.503s] INFO:colcon.colcon_core.shell:Creating environment hook '/home/nayr/FishRos/ch2/install/demo_python_pkg/share/demo_python_pkg/hook/pythonpath.sh'
[0.503s] Level 1:colcon.colcon_core.environment:checking '/home/nayr/FishRos/ch2/install/demo_python_pkg/bin'
[0.503s] Level 1:colcon.colcon_core.environment:create_environment_scripts_only(demo_python_pkg)
[0.503s] INFO:colcon.colcon_core.shell:Creating package script '/home/nayr/FishRos/ch2/install/demo_python_pkg/share/demo_python_pkg/package.ps1'
[0.503s] INFO:colcon.colcon_core.shell:Creating package descriptor '/home/nayr/FishRos/ch2/install/demo_python_pkg/share/demo_python_pkg/package.dsv'
[0.504s] INFO:colcon.colcon_core.shell:Creating package script '/home/nayr/FishRos/ch2/install/demo_python_pkg/share/demo_python_pkg/package.sh'
[0.504s] INFO:colcon.colcon_core.shell:Creating package script '/home/nayr/FishRos/ch2/install/demo_python_pkg/share/demo_python_pkg/package.bash'
[0.504s] INFO:colcon.colcon_core.shell:Creating package script '/home/nayr/FishRos/ch2/install/demo_python_pkg/share/demo_python_pkg/package.zsh'
[0.504s] Level 1:colcon.colcon_core.environment:create_file_with_runtime_dependencies(/home/nayr/FishRos/ch2/install/demo_python_pkg/share/colcon-core/packages/demo_python_pkg)
[0.504s] DEBUG:colcon.colcon_parallel_executor.executor.parallel:closing loop
[0.504s] DEBUG:colcon.colcon_parallel_executor.executor.parallel:loop closed
[0.504s] DEBUG:colcon.colcon_parallel_executor.executor.parallel:run_until_complete finished with '0'
[0.504s] DEBUG:colcon.colcon_core.event_reactor:joining thread
[0.507s] INFO:colcon.colcon_core.plugin_system:Skipping extension 'colcon_notification.desktop_notification.terminal_notifier': Not used on non-Darwin systems
[0.507s] INFO:colcon.colcon_core.plugin_system:Skipping extension 'colcon_notification.desktop_notification.win32': Not used on non-Windows systems
[0.507s] INFO:colcon.colcon_notification.desktop_notification:Sending desktop notification using 'notify2'
[0.512s] DEBUG:colcon.colcon_core.event_reactor:joined thread
[0.512s] INFO:colcon.colcon_core.shell:Creating prefix script '/home/nayr/FishRos/ch2/install/local_setup.ps1'
[0.513s] INFO:colcon.colcon_core.shell:Creating prefix util module '/home/nayr/FishRos/ch2/install/_local_setup_util_ps1.py'
[0.513s] INFO:colcon.colcon_core.shell:Creating prefix chain script '/home/nayr/FishRos/ch2/install/setup.ps1'
[0.514s] INFO:colcon.colcon_core.shell:Creating prefix script '/home/nayr/FishRos/ch2/install/local_setup.sh'
[0.516s] INFO:colcon.colcon_core.shell:Creating prefix util module '/home/nayr/FishRos/ch2/install/_local_setup_util_sh.py'
[0.516s] INFO:colcon.colcon_core.shell:Creating prefix chain script '/home/nayr/FishRos/ch2/install/setup.sh'
[0.517s] INFO:colcon.colcon_core.shell:Creating prefix script '/home/nayr/FishRos/ch2/install/local_setup.bash'
[0.517s] INFO:colcon.colcon_core.shell:Creating prefix chain script '/home/nayr/FishRos/ch2/install/setup.bash'
[0.518s] INFO:colcon.colcon_core.shell:Creating prefix script '/home/nayr/FishRos/ch2/install/local_setup.zsh'
[0.518s] INFO:colcon.colcon_core.shell:Creating prefix chain script '/home/nayr/FishRos/ch2/install/setup.zsh'
