[0.005s] Invoking command in '/home/nayr/FishRos/ch3/topic_practice_ws/build/status_display': CMAKE_PREFIX_PATH=/home/nayr/FishRos/ch3/topic_practice_ws/install/status_interfaces:/home/nayr/FishRos/ch3/topic_practice_ws/install/status_display:/home/nayr/FishRos/ch3/topic_practice_ws/install/status_publisher:/opt/ros/humble /usr/bin/cmake --build /home/nayr/FishRos/ch3/topic_practice_ws/build/status_display -- -j4 -l4
[0.015s] -- Found ament_cmake: 1.3.12 (/opt/ros/humble/share/ament_cmake/cmake)
[0.068s] -- Found rclcpp: 16.0.14 (/opt/ros/humble/share/rclcpp/cmake)
[0.082s] -- Found rosidl_generator_c: 3.1.7 (/opt/ros/humble/share/rosidl_generator_c/cmake)
[0.083s] -- Found rosidl_adapter: 3.1.7 (/opt/ros/humble/share/rosidl_adapter/cmake)
[0.086s] -- Found rosidl_generator_cpp: 3.1.7 (/opt/ros/humble/share/rosidl_generator_cpp/cmake)
[0.090s] -- Using all available rosidl_typesupport_c: rosidl_typesupport_fastrtps_c;rosidl_typesupport_introspection_c
[0.094s] -- Using all available rosidl_typesupport_cpp: rosidl_typesupport_fastrtps_cpp;rosidl_typesupport_introspection_cpp
[0.107s] -- Found rmw_implementation_cmake: 6.1.2 (/opt/ros/humble/share/rmw_implementation_cmake/cmake)
[0.108s] -- Found rmw_fastrtps_cpp: 6.2.8 (/opt/ros/humble/share/rmw_fastrtps_cpp/cmake)
[0.152s] -- Using RMW implementation 'rmw_fastrtps_cpp' as default
[0.173s] -- Found status_interfaces: 0.0.0 (/home/nayr/FishRos/ch3/topic_practice_ws/install/status_interfaces/share/status_interfaces/cmake)
[0.181s] -- Found ament_lint_auto: 0.12.14 (/opt/ros/humble/share/ament_lint_auto/cmake)
[0.208s] -- Added test 'cppcheck' to perform static code analysis on C / C++ code
[0.208s] -- Configured cppcheck include dirs: 
[0.208s] -- Configured cppcheck exclude dirs and/or files: 
[0.208s] -- Added test 'lint_cmake' to check CMake code style
[0.208s] -- Added test 'uncrustify' to check C / C++ code style
[0.208s] -- Configured uncrustify additional arguments: 
[0.209s] -- Added test 'xmllint' to check XML markup files
[0.209s] -- Configuring done
[0.215s] -- Generating done
[0.217s] -- Build files have been written to: /home/nayr/FishRos/ch3/topic_practice_ws/build/status_display
[0.227s] [35m[1mConsolidate compiler generated dependencies of target hello_qt[0m
[0.232s] [ 25%] [32mBuilding CXX object CMakeFiles/sys_status_display.dir/src/sys_status_display.cpp.o[0m
[0.234s] [ 75%] Built target hello_qt
[3.887s] [100%] [32m[1mLinking CXX executable sys_status_display[0m
[4.312s] [100%] Built target sys_status_display
[4.318s] Invoked command in '/home/nayr/FishRos/ch3/topic_practice_ws/build/status_display' returned '0': CMAKE_PREFIX_PATH=/home/nayr/FishRos/ch3/topic_practice_ws/install/status_interfaces:/home/nayr/FishRos/ch3/topic_practice_ws/install/status_display:/home/nayr/FishRos/ch3/topic_practice_ws/install/status_publisher:/opt/ros/humble /usr/bin/cmake --build /home/nayr/FishRos/ch3/topic_practice_ws/build/status_display -- -j4 -l4
[4.319s] Invoking command in '/home/nayr/FishRos/ch3/topic_practice_ws/build/status_display': CMAKE_PREFIX_PATH=/home/nayr/FishRos/ch3/topic_practice_ws/install/status_interfaces:/home/nayr/FishRos/ch3/topic_practice_ws/install/status_display:/home/nayr/FishRos/ch3/topic_practice_ws/install/status_publisher:/opt/ros/humble /usr/bin/cmake --install /home/nayr/FishRos/ch3/topic_practice_ws/build/status_display
[4.322s] -- Install configuration: ""
[4.322s] -- Up-to-date: /home/nayr/FishRos/ch3/topic_practice_ws/install/status_display/lib/status_display/hello_qt
[4.322s] -- Installing: /home/nayr/FishRos/ch3/topic_practice_ws/install/status_display/lib/status_display/sys_status_display
[4.323s] -- Set runtime path of "/home/nayr/FishRos/ch3/topic_practice_ws/install/status_display/lib/status_display/sys_status_display" to ""
[4.323s] -- Up-to-date: /home/nayr/FishRos/ch3/topic_practice_ws/install/status_display/share/ament_index/resource_index/package_run_dependencies/status_display
[4.323s] -- Installing: /home/nayr/FishRos/ch3/topic_practice_ws/install/status_display/share/ament_index/resource_index/parent_prefix_path/status_display
[4.324s] -- Up-to-date: /home/nayr/FishRos/ch3/topic_practice_ws/install/status_display/share/status_display/environment/ament_prefix_path.sh
[4.324s] -- Installing: /home/nayr/FishRos/ch3/topic_practice_ws/install/status_display/share/status_display/environment/ament_prefix_path.dsv
[4.324s] -- Up-to-date: /home/nayr/FishRos/ch3/topic_practice_ws/install/status_display/share/status_display/environment/path.sh
[4.324s] -- Installing: /home/nayr/FishRos/ch3/topic_practice_ws/install/status_display/share/status_display/environment/path.dsv
[4.324s] -- Up-to-date: /home/nayr/FishRos/ch3/topic_practice_ws/install/status_display/share/status_display/local_setup.bash
[4.324s] -- Up-to-date: /home/nayr/FishRos/ch3/topic_practice_ws/install/status_display/share/status_display/local_setup.sh
[4.324s] -- Up-to-date: /home/nayr/FishRos/ch3/topic_practice_ws/install/status_display/share/status_display/local_setup.zsh
[4.324s] -- Installing: /home/nayr/FishRos/ch3/topic_practice_ws/install/status_display/share/status_display/local_setup.dsv
[4.324s] -- Installing: /home/nayr/FishRos/ch3/topic_practice_ws/install/status_display/share/status_display/package.dsv
[4.324s] -- Up-to-date: /home/nayr/FishRos/ch3/topic_practice_ws/install/status_display/share/ament_index/resource_index/packages/status_display
[4.324s] -- Up-to-date: /home/nayr/FishRos/ch3/topic_practice_ws/install/status_display/share/status_display/cmake/status_displayConfig.cmake
[4.324s] -- Up-to-date: /home/nayr/FishRos/ch3/topic_practice_ws/install/status_display/share/status_display/cmake/status_displayConfig-version.cmake
[4.324s] -- Up-to-date: /home/nayr/FishRos/ch3/topic_practice_ws/install/status_display/share/status_display/package.xml
[4.325s] Invoked command in '/home/nayr/FishRos/ch3/topic_practice_ws/build/status_display' returned '0': CMAKE_PREFIX_PATH=/home/nayr/FishRos/ch3/topic_practice_ws/install/status_interfaces:/home/nayr/FishRos/ch3/topic_practice_ws/install/status_display:/home/nayr/FishRos/ch3/topic_practice_ws/install/status_publisher:/opt/ros/humble /usr/bin/cmake --install /home/nayr/FishRos/ch3/topic_practice_ws/build/status_display
