[0.231s] Invoking command in '/home/nayr/FishRos/ch4/ch4_ws/src/demo_python_service': CMAKE_PREFIX_PATH=/home/nayr/FishRos/ch4/ch4_ws/install/ch4_interfaces:/home/nayr/FishRos/ch4/ch4_ws/install/demo_cpp_service PYTHONPATH=/home/nayr/FishRos/ch4/ch4_ws/build/demo_python_service/prefix_override:/usr/lib/python3/dist-packages/colcon_core/task/python/colcon_distutils_commands:/home/nayr/FishRos/ch4/ch4_ws/install/demo_python_service/lib/python3.10/site-packages:${PYTHONPATH} /usr/bin/python3 -W ignore:setup.py install is deprecated -W ignore:easy_install command is deprecated setup.py egg_info --egg-base ../../build/demo_python_service build --build-base /home/nayr/FishRos/ch4/ch4_ws/build/demo_python_service/build install --record /home/nayr/FishRos/ch4/ch4_ws/build/demo_python_service/install.log --single-version-externally-managed install_data
[0.315s] running egg_info
[0.316s] writing ../../build/demo_python_service/demo_python_service.egg-info/PKG-INFO
[0.316s] writing dependency_links to ../../build/demo_python_service/demo_python_service.egg-info/dependency_links.txt
[0.316s] writing entry points to ../../build/demo_python_service/demo_python_service.egg-info/entry_points.txt
[0.316s] writing requirements to ../../build/demo_python_service/demo_python_service.egg-info/requires.txt
[0.317s] writing top-level names to ../../build/demo_python_service/demo_python_service.egg-info/top_level.txt
[0.317s] reading manifest file '../../build/demo_python_service/demo_python_service.egg-info/SOURCES.txt'
[0.318s] adding license file 'LICENSE'
[0.318s] writing manifest file '../../build/demo_python_service/demo_python_service.egg-info/SOURCES.txt'
[0.318s] running build
[0.318s] running build_py
[0.318s] running install
[0.318s] running install_lib
[0.319s] running install_data
[0.319s] running install_egg_info
[0.320s] removing '/home/nayr/FishRos/ch4/ch4_ws/install/demo_python_service/lib/python3.10/site-packages/demo_python_service-0.0.0-py3.10.egg-info' (and everything under it)
[0.320s] Copying ../../build/demo_python_service/demo_python_service.egg-info to /home/nayr/FishRos/ch4/ch4_ws/install/demo_python_service/lib/python3.10/site-packages/demo_python_service-0.0.0-py3.10.egg-info
[0.320s] running install_scripts
[0.328s] Installing face_detect_client_node script to /home/nayr/FishRos/ch4/ch4_ws/install/demo_python_service/lib/demo_python_service
[0.328s] Installing face_detect_node script to /home/nayr/FishRos/ch4/ch4_ws/install/demo_python_service/lib/demo_python_service
[0.328s] Installing learn_face_detect script to /home/nayr/FishRos/ch4/ch4_ws/install/demo_python_service/lib/demo_python_service
[0.328s] writing list of installed files to '/home/nayr/FishRos/ch4/ch4_ws/build/demo_python_service/install.log'
[0.340s] Invoked command in '/home/nayr/FishRos/ch4/ch4_ws/src/demo_python_service' returned '0': CMAKE_PREFIX_PATH=/home/nayr/FishRos/ch4/ch4_ws/install/ch4_interfaces:/home/nayr/FishRos/ch4/ch4_ws/install/demo_cpp_service PYTHONPATH=/home/nayr/FishRos/ch4/ch4_ws/build/demo_python_service/prefix_override:/usr/lib/python3/dist-packages/colcon_core/task/python/colcon_distutils_commands:/home/nayr/FishRos/ch4/ch4_ws/install/demo_python_service/lib/python3.10/site-packages:${PYTHONPATH} /usr/bin/python3 -W ignore:setup.py install is deprecated -W ignore:easy_install command is deprecated setup.py egg_info --egg-base ../../build/demo_python_service build --build-base /home/nayr/FishRos/ch4/ch4_ws/build/demo_python_service/build install --record /home/nayr/FishRos/ch4/ch4_ws/build/demo_python_service/install.log --single-version-externally-managed install_data
