[0.004s] Invoking command in '/home/nayr/FishRos/ch3/topic_practice_ws/build/status_display': CMAKE_PREFIX_PATH=${CMAKE_PREFIX_PATH}:/home/nayr/FishRos/ch3/topic_practice_ws/install/status_publisher:/opt/ros/humble /usr/bin/cmake /home/nayr/FishRos/ch3/topic_practice_ws/src/status_display -DCMAKE_INSTALL_PREFIX=/home/nayr/FishRos/ch3/topic_practice_ws/install/status_display
[0.048s] -- The C compiler identification is GNU 11.4.0
[0.076s] -- The CXX compiler identification is GNU 11.4.0
[0.078s] -- Detecting C compiler ABI info
[0.118s] -- Detecting C compiler ABI info - done
[0.121s] -- Check for working C compiler: /usr/bin/cc - skipped
[0.121s] -- Detecting C compile features
[0.121s] -- Detecting C compile features - done
[0.123s] -- Detecting CXX compiler ABI info
[0.154s] -- Detecting CXX compiler ABI info - done
[0.157s] -- Check for working CXX compiler: /usr/bin/c++ - skipped
[0.157s] -- Detecting CXX compile features
[0.157s] -- Detecting CXX compile features - done
[0.159s] -- Found ament_cmake: 1.3.12 (/opt/ros/humble/share/ament_cmake/cmake)
[0.220s] -- Found Python3: /usr/bin/python3 (found version "3.10.12") found components: Interpreter 
[0.260s] -- Found rclcpp: 16.0.14 (/opt/ros/humble/share/rclcpp/cmake)
[0.280s] -- Found rosidl_generator_c: 3.1.7 (/opt/ros/humble/share/rosidl_generator_c/cmake)
[0.284s] -- Found rosidl_adapter: 3.1.7 (/opt/ros/humble/share/rosidl_adapter/cmake)
[0.286s] -- Found rosidl_generator_cpp: 3.1.7 (/opt/ros/humble/share/rosidl_generator_cpp/cmake)
[0.292s] -- Using all available rosidl_typesupport_c: rosidl_typesupport_fastrtps_c;rosidl_typesupport_introspection_c
[0.299s] -- Using all available rosidl_typesupport_cpp: rosidl_typesupport_fastrtps_cpp;rosidl_typesupport_introspection_cpp
[0.320s] -- Found rmw_implementation_cmake: 6.1.2 (/opt/ros/humble/share/rmw_implementation_cmake/cmake)
[0.320s] -- Found rmw_fastrtps_cpp: 6.2.8 (/opt/ros/humble/share/rmw_fastrtps_cpp/cmake)
[0.354s] -- Found OpenSSL: /usr/lib/aarch64-linux-gnu/libcrypto.so (found version "3.0.2")  
[0.366s] -- Found FastRTPS: /opt/ros/humble/include  
[0.385s] -- Using RMW implementation 'rmw_fastrtps_cpp' as default
[0.389s] -- Looking for pthread.h
[0.425s] -- Looking for pthread.h - found
[0.425s] -- Performing Test CMAKE_HAVE_LIBC_PTHREAD
[0.455s] -- Performing Test CMAKE_HAVE_LIBC_PTHREAD - Success
[0.456s] -- Found Threads: TRUE  
[0.477s] -- Found status_interfaces: 0.0.0 (/home/nayr/FishRos/ch3/topic_practice_ws/install/status_interfaces/share/status_interfaces/cmake)
[0.495s] -- Found ament_lint_auto: 0.12.14 (/opt/ros/humble/share/ament_lint_auto/cmake)
[0.528s] -- Added test 'cppcheck' to perform static code analysis on C / C++ code
[0.528s] -- Configured cppcheck include dirs: 
[0.528s] -- Configured cppcheck exclude dirs and/or files: 
[0.528s] -- Added test 'lint_cmake' to check CMake code style
[0.529s] -- Added test 'uncrustify' to check C / C++ code style
[0.529s] -- Configured uncrustify additional arguments: 
[0.529s] -- Added test 'xmllint' to check XML markup files
[0.530s] -- Configuring done
[0.533s] -- Generating done
[0.535s] -- Build files have been written to: /home/nayr/FishRos/ch3/topic_practice_ws/build/status_display
[0.541s] Invoked command in '/home/nayr/FishRos/ch3/topic_practice_ws/build/status_display' returned '0': CMAKE_PREFIX_PATH=${CMAKE_PREFIX_PATH}:/home/nayr/FishRos/ch3/topic_practice_ws/install/status_publisher:/opt/ros/humble /usr/bin/cmake /home/nayr/FishRos/ch3/topic_practice_ws/src/status_display -DCMAKE_INSTALL_PREFIX=/home/nayr/FishRos/ch3/topic_practice_ws/install/status_display
[0.542s] Invoking command in '/home/nayr/FishRos/ch3/topic_practice_ws/build/status_display': CMAKE_PREFIX_PATH=${CMAKE_PREFIX_PATH}:/home/nayr/FishRos/ch3/topic_practice_ws/install/status_publisher:/opt/ros/humble /usr/bin/cmake --build /home/nayr/FishRos/ch3/topic_practice_ws/build/status_display -- -j4 -l4
[0.560s] [ 50%] [32mBuilding CXX object CMakeFiles/hello_qt.dir/src/hello_qt.cpp.o[0m
[0.985s] [100%] [32m[1mLinking CXX executable hello_qt[0m
[1.093s] [100%] Built target hello_qt
[1.097s] Invoked command in '/home/nayr/FishRos/ch3/topic_practice_ws/build/status_display' returned '0': CMAKE_PREFIX_PATH=${CMAKE_PREFIX_PATH}:/home/nayr/FishRos/ch3/topic_practice_ws/install/status_publisher:/opt/ros/humble /usr/bin/cmake --build /home/nayr/FishRos/ch3/topic_practice_ws/build/status_display -- -j4 -l4
[1.098s] Invoking command in '/home/nayr/FishRos/ch3/topic_practice_ws/build/status_display': CMAKE_PREFIX_PATH=${CMAKE_PREFIX_PATH}:/home/nayr/FishRos/ch3/topic_practice_ws/install/status_publisher:/opt/ros/humble /usr/bin/cmake --install /home/nayr/FishRos/ch3/topic_practice_ws/build/status_display
[1.100s] -- Install configuration: ""
[1.100s] -- Installing: /home/nayr/FishRos/ch3/topic_practice_ws/install/status_display/lib/status_display/hello_qt
[1.100s] -- Installing: /home/nayr/FishRos/ch3/topic_practice_ws/install/status_display/share/ament_index/resource_index/package_run_dependencies/status_display
[1.100s] -- Installing: /home/nayr/FishRos/ch3/topic_practice_ws/install/status_display/share/ament_index/resource_index/parent_prefix_path/status_display
[1.100s] -- Installing: /home/nayr/FishRos/ch3/topic_practice_ws/install/status_display/share/status_display/environment/ament_prefix_path.sh
[1.100s] -- Installing: /home/nayr/FishRos/ch3/topic_practice_ws/install/status_display/share/status_display/environment/ament_prefix_path.dsv
[1.100s] -- Installing: /home/nayr/FishRos/ch3/topic_practice_ws/install/status_display/share/status_display/environment/path.sh
[1.100s] -- Installing: /home/nayr/FishRos/ch3/topic_practice_ws/install/status_display/share/status_display/environment/path.dsv
[1.100s] -- Installing: /home/nayr/FishRos/ch3/topic_practice_ws/install/status_display/share/status_display/local_setup.bash
[1.100s] -- Installing: /home/nayr/FishRos/ch3/topic_practice_ws/install/status_display/share/status_display/local_setup.sh
[1.101s] -- Installing: /home/nayr/FishRos/ch3/topic_practice_ws/install/status_display/share/status_display/local_setup.zsh
[1.101s] -- Installing: /home/nayr/FishRos/ch3/topic_practice_ws/install/status_display/share/status_display/local_setup.dsv
[1.101s] -- Installing: /home/nayr/FishRos/ch3/topic_practice_ws/install/status_display/share/status_display/package.dsv
[1.101s] -- Installing: /home/nayr/FishRos/ch3/topic_practice_ws/install/status_display/share/ament_index/resource_index/packages/status_display
[1.101s] -- Installing: /home/nayr/FishRos/ch3/topic_practice_ws/install/status_display/share/status_display/cmake/status_displayConfig.cmake
[1.101s] -- Installing: /home/nayr/FishRos/ch3/topic_practice_ws/install/status_display/share/status_display/cmake/status_displayConfig-version.cmake
[1.101s] -- Installing: /home/nayr/FishRos/ch3/topic_practice_ws/install/status_display/share/status_display/package.xml
[1.106s] Invoked command in '/home/nayr/FishRos/ch3/topic_practice_ws/build/status_display' returned '0': CMAKE_PREFIX_PATH=${CMAKE_PREFIX_PATH}:/home/nayr/FishRos/ch3/topic_practice_ws/install/status_publisher:/opt/ros/humble /usr/bin/cmake --install /home/nayr/FishRos/ch3/topic_practice_ws/build/status_display
