[0.251s] Invoking command in '/home/nayr/FishRos/ch4/ch4_ws/src/demo_python_service': PYTHONPATH=/home/nayr/FishRos/ch4/ch4_ws/build/demo_python_service/prefix_override:/usr/lib/python3/dist-packages/colcon_core/task/python/colcon_distutils_commands:/home/nayr/FishRos/ch4/ch4_ws/install/demo_python_service/lib/python3.10/site-packages:${PYTHONPATH} /usr/bin/python3 -W ignore:setup.py install is deprecated -W ignore:easy_install command is deprecated setup.py egg_info --egg-base ../../build/demo_python_service build --build-base /home/nayr/FishRos/ch4/ch4_ws/build/demo_python_service/build install --record /home/nayr/FishRos/ch4/ch4_ws/build/demo_python_service/install.log --single-version-externally-managed install_data
[0.340s] running egg_info
[0.340s] writing ../../build/demo_python_service/demo_python_service.egg-info/PKG-INFO
[0.340s] writing dependency_links to ../../build/demo_python_service/demo_python_service.egg-info/dependency_links.txt
[0.341s] writing entry points to ../../build/demo_python_service/demo_python_service.egg-info/entry_points.txt
[0.341s] writing requirements to ../../build/demo_python_service/demo_python_service.egg-info/requires.txt
[0.341s] writing top-level names to ../../build/demo_python_service/demo_python_service.egg-info/top_level.txt
[0.342s] reading manifest file '../../build/demo_python_service/demo_python_service.egg-info/SOURCES.txt'
[0.342s] adding license file 'LICENSE'
[0.343s] writing manifest file '../../build/demo_python_service/demo_python_service.egg-info/SOURCES.txt'
[0.343s] running build
[0.343s] running build_py
[0.343s] copying demo_python_service/face_detect_client_node.py -> /home/nayr/FishRos/ch4/ch4_ws/build/demo_python_service/build/lib/demo_python_service
[0.343s] running install
[0.343s] running install_lib
[0.343s] copying /home/nayr/FishRos/ch4/ch4_ws/build/demo_python_service/build/lib/demo_python_service/face_detect_client_node.py -> /home/nayr/FishRos/ch4/ch4_ws/install/demo_python_service/lib/python3.10/site-packages/demo_python_service
[0.344s] byte-compiling /home/nayr/FishRos/ch4/ch4_ws/install/demo_python_service/lib/python3.10/site-packages/demo_python_service/face_detect_client_node.py to face_detect_client_node.cpython-310.pyc
[0.344s] running install_data
[0.344s] running install_egg_info
[0.345s] removing '/home/nayr/FishRos/ch4/ch4_ws/install/demo_python_service/lib/python3.10/site-packages/demo_python_service-0.0.0-py3.10.egg-info' (and everything under it)
[0.345s] Copying ../../build/demo_python_service/demo_python_service.egg-info to /home/nayr/FishRos/ch4/ch4_ws/install/demo_python_service/lib/python3.10/site-packages/demo_python_service-0.0.0-py3.10.egg-info
[0.346s] running install_scripts
[0.353s] Installing face_detect_node script to /home/nayr/FishRos/ch4/ch4_ws/install/demo_python_service/lib/demo_python_service
[0.353s] Installing learn_face_detect script to /home/nayr/FishRos/ch4/ch4_ws/install/demo_python_service/lib/demo_python_service
[0.353s] writing list of installed files to '/home/nayr/FishRos/ch4/ch4_ws/build/demo_python_service/install.log'
[0.363s] Invoked command in '/home/nayr/FishRos/ch4/ch4_ws/src/demo_python_service' returned '0': PYTHONPATH=/home/nayr/FishRos/ch4/ch4_ws/build/demo_python_service/prefix_override:/usr/lib/python3/dist-packages/colcon_core/task/python/colcon_distutils_commands:/home/nayr/FishRos/ch4/ch4_ws/install/demo_python_service/lib/python3.10/site-packages:${PYTHONPATH} /usr/bin/python3 -W ignore:setup.py install is deprecated -W ignore:easy_install command is deprecated setup.py egg_info --egg-base ../../build/demo_python_service build --build-base /home/nayr/FishRos/ch4/ch4_ws/build/demo_python_service/build install --record /home/nayr/FishRos/ch4/ch4_ws/build/demo_python_service/install.log --single-version-externally-managed install_data
