[0.403s] Invoking command in '/home/nayr/FishRos/ch5/ch5_ws/src/demo_python_tf': PYTHONPATH=/home/nayr/FishRos/ch5/ch5_ws/build/demo_python_tf/prefix_override:/usr/lib/python3/dist-packages/colcon_core/task/python/colcon_distutils_commands:/home/nayr/FishRos/ch5/ch5_ws/install/demo_python_tf/lib/python3.10/site-packages:${PYTHONPATH} /usr/bin/python3 -W ignore:setup.py install is deprecated -W ignore:easy_install command is deprecated setup.py egg_info --egg-base ../../build/demo_python_tf build --build-base /home/nayr/FishRos/ch5/ch5_ws/build/demo_python_tf/build install --record /home/nayr/FishRos/ch5/ch5_ws/build/demo_python_tf/install.log --single-version-externally-managed install_data
[0.523s] running egg_info
[0.523s] writing ../../build/demo_python_tf/demo_python_tf.egg-info/PKG-INFO
[0.523s] writing dependency_links to ../../build/demo_python_tf/demo_python_tf.egg-info/dependency_links.txt
[0.523s] writing entry points to ../../build/demo_python_tf/demo_python_tf.egg-info/entry_points.txt
[0.523s] writing requirements to ../../build/demo_python_tf/demo_python_tf.egg-info/requires.txt
[0.523s] writing top-level names to ../../build/demo_python_tf/demo_python_tf.egg-info/top_level.txt
[0.524s] reading manifest file '../../build/demo_python_tf/demo_python_tf.egg-info/SOURCES.txt'
[0.524s] adding license file 'LICENSE'
[0.524s] writing manifest file '../../build/demo_python_tf/demo_python_tf.egg-info/SOURCES.txt'
[0.525s] running build
[0.525s] running build_py
[0.525s] running install
[0.525s] running install_lib
[0.526s] running install_data
[0.526s] running install_egg_info
[0.527s] removing '/home/nayr/FishRos/ch5/ch5_ws/install/demo_python_tf/lib/python3.10/site-packages/demo_python_tf-0.0.0-py3.10.egg-info' (and everything under it)
[0.527s] Copying ../../build/demo_python_tf/demo_python_tf.egg-info to /home/nayr/FishRos/ch5/ch5_ws/install/demo_python_tf/lib/python3.10/site-packages/demo_python_tf-0.0.0-py3.10.egg-info
[0.530s] running install_scripts
[0.539s] Installing static_tf_broadcaster script to /home/nayr/FishRos/ch5/ch5_ws/install/demo_python_tf/lib/demo_python_tf
[0.539s] Installing tf_broadcaster script to /home/nayr/FishRos/ch5/ch5_ws/install/demo_python_tf/lib/demo_python_tf
[0.540s] Installing tf_listener script to /home/nayr/FishRos/ch5/ch5_ws/install/demo_python_tf/lib/demo_python_tf
[0.540s] writing list of installed files to '/home/nayr/FishRos/ch5/ch5_ws/build/demo_python_tf/install.log'
[0.575s] Invoked command in '/home/nayr/FishRos/ch5/ch5_ws/src/demo_python_tf' returned '0': PYTHONPATH=/home/nayr/FishRos/ch5/ch5_ws/build/demo_python_tf/prefix_override:/usr/lib/python3/dist-packages/colcon_core/task/python/colcon_distutils_commands:/home/nayr/FishRos/ch5/ch5_ws/install/demo_python_tf/lib/python3.10/site-packages:${PYTHONPATH} /usr/bin/python3 -W ignore:setup.py install is deprecated -W ignore:easy_install command is deprecated setup.py egg_info --egg-base ../../build/demo_python_tf build --build-base /home/nayr/FishRos/ch5/ch5_ws/build/demo_python_tf/build install --record /home/nayr/FishRos/ch5/ch5_ws/build/demo_python_tf/install.log --single-version-externally-managed install_data
