[0.009s] Invoking command in '/home/nayr/FishRos/ch5/ch5_ws/build/demo_cpp_tf': CMAKE_PREFIX_PATH=${CMAKE_PREFIX_PATH}:/home/nayr/FishRos/ch5/ch5_ws/install/demo_python_tf:/home/nayr/FishRos/ch5/install/demo_python_tf:/opt/ros/humble /usr/bin/cmake --build /home/nayr/FishRos/ch5/ch5_ws/build/demo_cpp_tf -- -j4 -l4
[0.032s] -- Found ament_cmake: 1.3.12 (/opt/ros/humble/share/ament_cmake/cmake)
[0.092s] -- Found rclcpp: 16.0.14 (/opt/ros/humble/share/rclcpp/cmake)
[0.105s] -- Found rosidl_generator_c: 3.1.7 (/opt/ros/humble/share/rosidl_generator_c/cmake)
[0.106s] -- Found rosidl_adapter: 3.1.7 (/opt/ros/humble/share/rosidl_adapter/cmake)
[0.110s] -- Found rosidl_generator_cpp: 3.1.7 (/opt/ros/humble/share/rosidl_generator_cpp/cmake)
[0.114s] -- Using all available rosidl_typesupport_c: rosidl_typesupport_fastrtps_c;rosidl_typesupport_introspection_c
[0.119s] -- Using all available rosidl_typesupport_cpp: rosidl_typesupport_fastrtps_cpp;rosidl_typesupport_introspection_cpp
[0.133s] -- Found rmw_implementation_cmake: 6.1.2 (/opt/ros/humble/share/rmw_implementation_cmake/cmake)
[0.134s] -- Found rmw_fastrtps_cpp: 6.2.8 (/opt/ros/humble/share/rmw_fastrtps_cpp/cmake)
[0.182s] -- Using RMW implementation 'rmw_fastrtps_cpp' as default
[0.204s] -- Found tf2_ros: 0.25.16 (/opt/ros/humble/share/tf2_ros/cmake)
[0.246s] -- Found tf2_geometry_msgs: 0.25.16 (/opt/ros/humble/share/tf2_geometry_msgs/cmake)
[0.248s] -- Found eigen3_cmake_module: 0.1.1 (/opt/ros/humble/share/eigen3_cmake_module/cmake)
[0.249s] -- Ensuring Eigen3 include directory is part of orocos-kdl CMake target
[0.249s] [31mCMake Error at /opt/ros/humble/share/ament_cmake_target_dependencies/cmake/ament_target_dependencies.cmake:77 (message):
[0.249s]   ament_target_dependencies() the passed package name 'tf_broadcaster' was
[0.249s]   not found before
[0.249s] Call Stack (most recent call first):
[0.249s]   CMakeLists.txt:17 (ament_target_dependencies)
[0.249s] 
[0.249s] [0m
[0.250s] -- Configuring incomplete, errors occurred!
[0.250s] See also "/home/nayr/FishRos/ch5/ch5_ws/build/demo_cpp_tf/CMakeFiles/CMakeOutput.log".
[0.253s] gmake: *** [Makefile:267: cmake_check_build_system] Error 1
[0.254s] Invoked command in '/home/nayr/FishRos/ch5/ch5_ws/build/demo_cpp_tf' returned '2': CMAKE_PREFIX_PATH=${CMAKE_PREFIX_PATH}:/home/nayr/FishRos/ch5/ch5_ws/install/demo_python_tf:/home/nayr/FishRos/ch5/install/demo_python_tf:/opt/ros/humble /usr/bin/cmake --build /home/nayr/FishRos/ch5/ch5_ws/build/demo_cpp_tf -- -j4 -l4
