[0.062s] DEBUG:colcon:Command line arguments: ['/usr/bin/colcon', 'build']
[0.062s] DEBUG:colcon:Parsed command line arguments: Namespace(log_base=None, log_level=None, verb_name='build', build_base='build', install_base='install', merge_install=False, symlink_install=False, test_result_base=None, continue_on_error=False, executor='parallel', parallel_workers=4, event_handlers=None, ignore_user_meta=False, metas=['./colcon.meta'], base_paths=['.'], packages_ignore=None, packages_ignore_regex=None, paths=None, packages_up_to=None, packages_up_to_regex=None, packages_above=None, packages_above_and_dependencies=None, packages_above_depth=None, packages_select_by_dep=None, packages_skip_by_dep=None, packages_skip_up_to=None, packages_select_build_failed=False, packages_skip_build_finished=False, packages_select_test_failures=False, packages_skip_test_passed=False, packages_select=None, packages_skip=None, packages_select_regex=None, packages_skip_regex=None, packages_start=None, packages_end=None, allow_overriding=[], cmake_args=None, cmake_target=None, cmake_target_skip_unavailable=False, cmake_clean_cache=False, cmake_clean_first=False, cmake_force_configure=False, ament_cmake_args=None, catkin_cmake_args=None, catkin_skip_building_tests=False, mixin_files=None, mixin=None, verb_parser=<colcon_mixin.mixin.mixin_argument.MixinArgumentDecorator object at 0xffffa2fce7d0>, verb_extension=<colcon_core.verb.build.BuildVerb object at 0xffffa2fce0b0>, main=<bound method BuildVerb.main of <colcon_core.verb.build.BuildVerb object at 0xffffa2fce0b0>>, mixin_verb=('build',))
[0.134s] Level 1:colcon.colcon_core.package_discovery:discover_packages(colcon_meta) check parameters
[0.134s] Level 1:colcon.colcon_core.package_discovery:discover_packages(recursive) check parameters
[0.134s] Level 1:colcon.colcon_core.package_discovery:discover_packages(ignore) check parameters
[0.134s] Level 1:colcon.colcon_core.package_discovery:discover_packages(path) check parameters
[0.134s] Level 1:colcon.colcon_core.package_discovery:discover_packages(colcon_meta) discover
[0.134s] Level 1:colcon.colcon_core.package_discovery:discover_packages(recursive) discover
[0.134s] INFO:colcon.colcon_core.package_discovery:Crawling recursively for packages in '/home/nayr/FishRos/ch4/ch4_ws'
[0.134s] Level 1:colcon.colcon_core.package_identification:_identify(.) by extensions ['ignore', 'ignore_ament_install']
[0.134s] Level 1:colcon.colcon_core.package_identification:_identify(.) by extension 'ignore'
[0.134s] Level 1:colcon.colcon_core.package_identification:_identify(.) by extension 'ignore_ament_install'
[0.134s] Level 1:colcon.colcon_core.package_identification:_identify(.) by extensions ['colcon_pkg']
[0.134s] Level 1:colcon.colcon_core.package_identification:_identify(.) by extension 'colcon_pkg'
[0.134s] Level 1:colcon.colcon_core.package_identification:_identify(.) by extensions ['colcon_meta']
[0.134s] Level 1:colcon.colcon_core.package_identification:_identify(.) by extension 'colcon_meta'
[0.135s] Level 1:colcon.colcon_core.package_identification:_identify(.) by extensions ['ros']
[0.135s] Level 1:colcon.colcon_core.package_identification:_identify(.) by extension 'ros'
[0.140s] Level 1:colcon.colcon_core.package_identification:_identify(.) by extensions ['cmake', 'python']
[0.140s] Level 1:colcon.colcon_core.package_identification:_identify(.) by extension 'cmake'
[0.140s] Level 1:colcon.colcon_core.package_identification:_identify(.) by extension 'python'
[0.140s] Level 1:colcon.colcon_core.package_identification:_identify(.) by extensions ['python_setup_py']
[0.140s] Level 1:colcon.colcon_core.package_identification:_identify(.) by extension 'python_setup_py'
[0.140s] Level 1:colcon.colcon_core.package_identification:_identify(build) by extensions ['ignore', 'ignore_ament_install']
[0.140s] Level 1:colcon.colcon_core.package_identification:_identify(build) by extension 'ignore'
[0.140s] Level 1:colcon.colcon_core.package_identification:_identify(build) ignored
[0.140s] Level 1:colcon.colcon_core.package_identification:_identify(install) by extensions ['ignore', 'ignore_ament_install']
[0.141s] Level 1:colcon.colcon_core.package_identification:_identify(install) by extension 'ignore'
[0.141s] Level 1:colcon.colcon_core.package_identification:_identify(install) ignored
[0.141s] Level 1:colcon.colcon_core.package_identification:_identify(log) by extensions ['ignore', 'ignore_ament_install']
[0.141s] Level 1:colcon.colcon_core.package_identification:_identify(log) by extension 'ignore'
[0.141s] Level 1:colcon.colcon_core.package_identification:_identify(log) ignored
[0.141s] Level 1:colcon.colcon_core.package_identification:_identify(src) by extensions ['ignore', 'ignore_ament_install']
[0.141s] Level 1:colcon.colcon_core.package_identification:_identify(src) by extension 'ignore'
[0.141s] Level 1:colcon.colcon_core.package_identification:_identify(src) by extension 'ignore_ament_install'
[0.141s] Level 1:colcon.colcon_core.package_identification:_identify(src) by extensions ['colcon_pkg']
[0.141s] Level 1:colcon.colcon_core.package_identification:_identify(src) by extension 'colcon_pkg'
[0.141s] Level 1:colcon.colcon_core.package_identification:_identify(src) by extensions ['colcon_meta']
[0.141s] Level 1:colcon.colcon_core.package_identification:_identify(src) by extension 'colcon_meta'
[0.141s] Level 1:colcon.colcon_core.package_identification:_identify(src) by extensions ['ros']
[0.141s] Level 1:colcon.colcon_core.package_identification:_identify(src) by extension 'ros'
[0.141s] Level 1:colcon.colcon_core.package_identification:_identify(src) by extensions ['cmake', 'python']
[0.141s] Level 1:colcon.colcon_core.package_identification:_identify(src) by extension 'cmake'
[0.141s] Level 1:colcon.colcon_core.package_identification:_identify(src) by extension 'python'
[0.141s] Level 1:colcon.colcon_core.package_identification:_identify(src) by extensions ['python_setup_py']
[0.141s] Level 1:colcon.colcon_core.package_identification:_identify(src) by extension 'python_setup_py'
[0.141s] Level 1:colcon.colcon_core.package_identification:_identify(src/ch4_interfaces) by extensions ['ignore', 'ignore_ament_install']
[0.141s] Level 1:colcon.colcon_core.package_identification:_identify(src/ch4_interfaces) by extension 'ignore'
[0.141s] Level 1:colcon.colcon_core.package_identification:_identify(src/ch4_interfaces) by extension 'ignore_ament_install'
[0.141s] Level 1:colcon.colcon_core.package_identification:_identify(src/ch4_interfaces) by extensions ['colcon_pkg']
[0.141s] Level 1:colcon.colcon_core.package_identification:_identify(src/ch4_interfaces) by extension 'colcon_pkg'
[0.141s] Level 1:colcon.colcon_core.package_identification:_identify(src/ch4_interfaces) by extensions ['colcon_meta']
[0.142s] Level 1:colcon.colcon_core.package_identification:_identify(src/ch4_interfaces) by extension 'colcon_meta'
[0.142s] Level 1:colcon.colcon_core.package_identification:_identify(src/ch4_interfaces) by extensions ['ros']
[0.142s] Level 1:colcon.colcon_core.package_identification:_identify(src/ch4_interfaces) by extension 'ros'
[0.144s] DEBUG:colcon.colcon_core.package_identification:Package 'src/ch4_interfaces' with type 'ros.ament_cmake' and name 'ch4_interfaces'
[0.144s] Level 1:colcon.colcon_core.package_identification:_identify(src/demo_cpp_service) by extensions ['ignore', 'ignore_ament_install']
[0.144s] Level 1:colcon.colcon_core.package_identification:_identify(src/demo_cpp_service) by extension 'ignore'
[0.144s] Level 1:colcon.colcon_core.package_identification:_identify(src/demo_cpp_service) by extension 'ignore_ament_install'
[0.144s] Level 1:colcon.colcon_core.package_identification:_identify(src/demo_cpp_service) by extensions ['colcon_pkg']
[0.144s] Level 1:colcon.colcon_core.package_identification:_identify(src/demo_cpp_service) by extension 'colcon_pkg'
[0.144s] Level 1:colcon.colcon_core.package_identification:_identify(src/demo_cpp_service) by extensions ['colcon_meta']
[0.144s] Level 1:colcon.colcon_core.package_identification:_identify(src/demo_cpp_service) by extension 'colcon_meta'
[0.144s] Level 1:colcon.colcon_core.package_identification:_identify(src/demo_cpp_service) by extensions ['ros']
[0.144s] Level 1:colcon.colcon_core.package_identification:_identify(src/demo_cpp_service) by extension 'ros'
[0.145s] DEBUG:colcon.colcon_core.package_identification:Package 'src/demo_cpp_service' with type 'ros.ament_cmake' and name 'demo_cpp_service'
[0.145s] Level 1:colcon.colcon_core.package_identification:_identify(src/demo_python_service) by extensions ['ignore', 'ignore_ament_install']
[0.145s] Level 1:colcon.colcon_core.package_identification:_identify(src/demo_python_service) by extension 'ignore'
[0.145s] Level 1:colcon.colcon_core.package_identification:_identify(src/demo_python_service) by extension 'ignore_ament_install'
[0.145s] Level 1:colcon.colcon_core.package_identification:_identify(src/demo_python_service) by extensions ['colcon_pkg']
[0.145s] Level 1:colcon.colcon_core.package_identification:_identify(src/demo_python_service) by extension 'colcon_pkg'
[0.145s] Level 1:colcon.colcon_core.package_identification:_identify(src/demo_python_service) by extensions ['colcon_meta']
[0.145s] Level 1:colcon.colcon_core.package_identification:_identify(src/demo_python_service) by extension 'colcon_meta'
[0.145s] Level 1:colcon.colcon_core.package_identification:_identify(src/demo_python_service) by extensions ['ros']
[0.145s] Level 1:colcon.colcon_core.package_identification:_identify(src/demo_python_service) by extension 'ros'
[0.146s] DEBUG:colcon.colcon_core.package_identification:Package 'src/demo_python_service' with type 'ros.ament_python' and name 'demo_python_service'
[0.146s] Level 1:colcon.colcon_core.package_discovery:discover_packages(recursive) using defaults
[0.146s] Level 1:colcon.colcon_core.package_discovery:discover_packages(ignore) discover
[0.146s] Level 1:colcon.colcon_core.package_discovery:discover_packages(ignore) using defaults
[0.146s] Level 1:colcon.colcon_core.package_discovery:discover_packages(path) discover
[0.146s] Level 1:colcon.colcon_core.package_discovery:discover_packages(path) using defaults
[0.160s] Level 1:colcon.colcon_core.package_discovery:discover_packages(prefix_path) check parameters
[0.160s] Level 1:colcon.colcon_core.package_discovery:discover_packages(prefix_path) discover
[0.161s] DEBUG:colcon.colcon_installed_package_information.package_discovery:Found 3 installed packages in /home/nayr/FishRos/ch4/ch4_ws/install
[0.162s] DEBUG:colcon.colcon_installed_package_information.package_discovery:Found 271 installed packages in /opt/ros/humble
[0.162s] Level 1:colcon.colcon_core.package_discovery:discover_packages(prefix_path) using defaults
[0.178s] Level 5:colcon.colcon_core.verb:set package 'ch4_interfaces' build argument 'cmake_args' from command line to 'None'
[0.178s] Level 5:colcon.colcon_core.verb:set package 'ch4_interfaces' build argument 'cmake_target' from command line to 'None'
[0.178s] Level 5:colcon.colcon_core.verb:set package 'ch4_interfaces' build argument 'cmake_target_skip_unavailable' from command line to 'False'
[0.178s] Level 5:colcon.colcon_core.verb:set package 'ch4_interfaces' build argument 'cmake_clean_cache' from command line to 'False'
[0.178s] Level 5:colcon.colcon_core.verb:set package 'ch4_interfaces' build argument 'cmake_clean_first' from command line to 'False'
[0.178s] Level 5:colcon.colcon_core.verb:set package 'ch4_interfaces' build argument 'cmake_force_configure' from command line to 'False'
[0.178s] Level 5:colcon.colcon_core.verb:set package 'ch4_interfaces' build argument 'ament_cmake_args' from command line to 'None'
[0.178s] Level 5:colcon.colcon_core.verb:set package 'ch4_interfaces' build argument 'catkin_cmake_args' from command line to 'None'
[0.178s] Level 5:colcon.colcon_core.verb:set package 'ch4_interfaces' build argument 'catkin_skip_building_tests' from command line to 'False'
[0.178s] DEBUG:colcon.colcon_core.verb:Building package 'ch4_interfaces' with the following arguments: {'ament_cmake_args': None, 'build_base': '/home/nayr/FishRos/ch4/ch4_ws/build/ch4_interfaces', 'catkin_cmake_args': None, 'catkin_skip_building_tests': False, 'cmake_args': None, 'cmake_clean_cache': False, 'cmake_clean_first': False, 'cmake_force_configure': False, 'cmake_target': None, 'cmake_target_skip_unavailable': False, 'install_base': '/home/nayr/FishRos/ch4/ch4_ws/install/ch4_interfaces', 'merge_install': False, 'path': '/home/nayr/FishRos/ch4/ch4_ws/src/ch4_interfaces', 'symlink_install': False, 'test_result_base': None}
[0.178s] Level 5:colcon.colcon_core.verb:set package 'demo_cpp_service' build argument 'cmake_args' from command line to 'None'
[0.178s] Level 5:colcon.colcon_core.verb:set package 'demo_cpp_service' build argument 'cmake_target' from command line to 'None'
[0.178s] Level 5:colcon.colcon_core.verb:set package 'demo_cpp_service' build argument 'cmake_target_skip_unavailable' from command line to 'False'
[0.178s] Level 5:colcon.colcon_core.verb:set package 'demo_cpp_service' build argument 'cmake_clean_cache' from command line to 'False'
[0.178s] Level 5:colcon.colcon_core.verb:set package 'demo_cpp_service' build argument 'cmake_clean_first' from command line to 'False'
[0.178s] Level 5:colcon.colcon_core.verb:set package 'demo_cpp_service' build argument 'cmake_force_configure' from command line to 'False'
[0.178s] Level 5:colcon.colcon_core.verb:set package 'demo_cpp_service' build argument 'ament_cmake_args' from command line to 'None'
[0.178s] Level 5:colcon.colcon_core.verb:set package 'demo_cpp_service' build argument 'catkin_cmake_args' from command line to 'None'
[0.178s] Level 5:colcon.colcon_core.verb:set package 'demo_cpp_service' build argument 'catkin_skip_building_tests' from command line to 'False'
[0.178s] DEBUG:colcon.colcon_core.verb:Building package 'demo_cpp_service' with the following arguments: {'ament_cmake_args': None, 'build_base': '/home/nayr/FishRos/ch4/ch4_ws/build/demo_cpp_service', 'catkin_cmake_args': None, 'catkin_skip_building_tests': False, 'cmake_args': None, 'cmake_clean_cache': False, 'cmake_clean_first': False, 'cmake_force_configure': False, 'cmake_target': None, 'cmake_target_skip_unavailable': False, 'install_base': '/home/nayr/FishRos/ch4/ch4_ws/install/demo_cpp_service', 'merge_install': False, 'path': '/home/nayr/FishRos/ch4/ch4_ws/src/demo_cpp_service', 'symlink_install': False, 'test_result_base': None}
[0.178s] Level 5:colcon.colcon_core.verb:set package 'demo_python_service' build argument 'cmake_args' from command line to 'None'
[0.178s] Level 5:colcon.colcon_core.verb:set package 'demo_python_service' build argument 'cmake_target' from command line to 'None'
[0.178s] Level 5:colcon.colcon_core.verb:set package 'demo_python_service' build argument 'cmake_target_skip_unavailable' from command line to 'False'
[0.178s] Level 5:colcon.colcon_core.verb:set package 'demo_python_service' build argument 'cmake_clean_cache' from command line to 'False'
[0.178s] Level 5:colcon.colcon_core.verb:set package 'demo_python_service' build argument 'cmake_clean_first' from command line to 'False'
[0.178s] Level 5:colcon.colcon_core.verb:set package 'demo_python_service' build argument 'cmake_force_configure' from command line to 'False'
[0.178s] Level 5:colcon.colcon_core.verb:set package 'demo_python_service' build argument 'ament_cmake_args' from command line to 'None'
[0.178s] Level 5:colcon.colcon_core.verb:set package 'demo_python_service' build argument 'catkin_cmake_args' from command line to 'None'
[0.178s] Level 5:colcon.colcon_core.verb:set package 'demo_python_service' build argument 'catkin_skip_building_tests' from command line to 'False'
[0.178s] DEBUG:colcon.colcon_core.verb:Building package 'demo_python_service' with the following arguments: {'ament_cmake_args': None, 'build_base': '/home/nayr/FishRos/ch4/ch4_ws/build/demo_python_service', 'catkin_cmake_args': None, 'catkin_skip_building_tests': False, 'cmake_args': None, 'cmake_clean_cache': False, 'cmake_clean_first': False, 'cmake_force_configure': False, 'cmake_target': None, 'cmake_target_skip_unavailable': False, 'install_base': '/home/nayr/FishRos/ch4/ch4_ws/install/demo_python_service', 'merge_install': False, 'path': '/home/nayr/FishRos/ch4/ch4_ws/src/demo_python_service', 'symlink_install': False, 'test_result_base': None}
[0.178s] INFO:colcon.colcon_core.executor:Executing jobs using 'parallel' executor
[0.179s] DEBUG:colcon.colcon_parallel_executor.executor.parallel:run_until_complete
[0.179s] INFO:colcon.colcon_ros.task.ament_cmake.build:Building ROS package in '/home/nayr/FishRos/ch4/ch4_ws/src/ch4_interfaces' with build type 'ament_cmake'
[0.179s] INFO:colcon.colcon_cmake.task.cmake.build:Building CMake package in '/home/nayr/FishRos/ch4/ch4_ws/src/ch4_interfaces'
[0.180s] INFO:colcon.colcon_core.plugin_system:Skipping extension 'colcon_core.shell.bat': Not used on non-Windows systems
[0.180s] INFO:colcon.colcon_core.shell:Skip shell extension 'powershell' for command environment: Not usable outside of PowerShell
[0.180s] DEBUG:colcon.colcon_core.shell:Skip shell extension 'dsv' for command environment
[0.182s] INFO:colcon.colcon_ros.task.ament_cmake.build:Building ROS package in '/home/nayr/FishRos/ch4/ch4_ws/src/demo_cpp_service' with build type 'ament_cmake'
[0.182s] INFO:colcon.colcon_cmake.task.cmake.build:Building CMake package in '/home/nayr/FishRos/ch4/ch4_ws/src/demo_cpp_service'
[0.182s] INFO:colcon.colcon_core.shell:Skip shell extension 'powershell' for command environment: Not usable outside of PowerShell
[0.182s] DEBUG:colcon.colcon_core.shell:Skip shell extension 'dsv' for command environment
[0.187s] DEBUG:colcon.colcon_core.event_handler.log_command:Invoking command in '/home/nayr/FishRos/ch4/ch4_ws/build/ch4_interfaces': CMAKE_PREFIX_PATH=${CMAKE_PREFIX_PATH}:/home/nayr/FishRos/ch4/ch4_ws/install/demo_python_service:/opt/ros/humble /usr/bin/cmake --build /home/nayr/FishRos/ch4/ch4_ws/build/ch4_interfaces -- -j4 -l4
[0.192s] DEBUG:colcon.colcon_core.event_handler.log_command:Invoking command in '/home/nayr/FishRos/ch4/ch4_ws/build/demo_cpp_service': CMAKE_PREFIX_PATH=${CMAKE_PREFIX_PATH}:/home/nayr/FishRos/ch4/ch4_ws/install/demo_python_service:/opt/ros/humble /usr/bin/cmake --build /home/nayr/FishRos/ch4/ch4_ws/build/demo_cpp_service -- -j4 -l4
[0.247s] DEBUG:colcon.colcon_core.event_handler.log_command:Invoked command in '/home/nayr/FishRos/ch4/ch4_ws/build/demo_cpp_service' returned '0': CMAKE_PREFIX_PATH=${CMAKE_PREFIX_PATH}:/home/nayr/FishRos/ch4/ch4_ws/install/demo_python_service:/opt/ros/humble /usr/bin/cmake --build /home/nayr/FishRos/ch4/ch4_ws/build/demo_cpp_service -- -j4 -l4
[0.250s] DEBUG:colcon.colcon_core.event_handler.log_command:Invoking command in '/home/nayr/FishRos/ch4/ch4_ws/build/demo_cpp_service': CMAKE_PREFIX_PATH=${CMAKE_PREFIX_PATH}:/home/nayr/FishRos/ch4/ch4_ws/install/demo_python_service:/opt/ros/humble /usr/bin/cmake --install /home/nayr/FishRos/ch4/ch4_ws/build/demo_cpp_service
[0.256s] Level 1:colcon.colcon_core.environment:create_environment_scripts_only(demo_cpp_service)
[0.257s] DEBUG:colcon.colcon_core.event_handler.log_command:Invoked command in '/home/nayr/FishRos/ch4/ch4_ws/build/demo_cpp_service' returned '0': CMAKE_PREFIX_PATH=${CMAKE_PREFIX_PATH}:/home/nayr/FishRos/ch4/ch4_ws/install/demo_python_service:/opt/ros/humble /usr/bin/cmake --install /home/nayr/FishRos/ch4/ch4_ws/build/demo_cpp_service
[0.257s] Level 1:colcon.colcon_core.environment:checking '/home/nayr/FishRos/ch4/ch4_ws/install/demo_cpp_service' for CMake module files
[0.258s] Level 1:colcon.colcon_core.environment:checking '/home/nayr/FishRos/ch4/ch4_ws/install/demo_cpp_service' for CMake config files
[0.258s] Level 1:colcon.colcon_core.shell:create_environment_hook('demo_cpp_service', 'cmake_prefix_path')
[0.258s] INFO:colcon.colcon_core.shell:Creating environment hook '/home/nayr/FishRos/ch4/ch4_ws/install/demo_cpp_service/share/demo_cpp_service/hook/cmake_prefix_path.ps1'
[0.258s] INFO:colcon.colcon_core.shell:Creating environment descriptor '/home/nayr/FishRos/ch4/ch4_ws/install/demo_cpp_service/share/demo_cpp_service/hook/cmake_prefix_path.dsv'
[0.258s] INFO:colcon.colcon_core.shell:Creating environment hook '/home/nayr/FishRos/ch4/ch4_ws/install/demo_cpp_service/share/demo_cpp_service/hook/cmake_prefix_path.sh'
[0.259s] Level 1:colcon.colcon_core.environment:checking '/home/nayr/FishRos/ch4/ch4_ws/install/demo_cpp_service/lib'
[0.259s] Level 1:colcon.colcon_core.environment:checking '/home/nayr/FishRos/ch4/ch4_ws/install/demo_cpp_service/bin'
[0.259s] Level 1:colcon.colcon_core.environment:checking '/home/nayr/FishRos/ch4/ch4_ws/install/demo_cpp_service/lib/pkgconfig/demo_cpp_service.pc'
[0.259s] Level 1:colcon.colcon_core.environment:checking '/home/nayr/FishRos/ch4/ch4_ws/install/demo_cpp_service/lib/python3.10/site-packages'
[0.260s] Level 1:colcon.colcon_core.environment:checking '/home/nayr/FishRos/ch4/ch4_ws/install/demo_cpp_service/bin'
[0.260s] INFO:colcon.colcon_core.shell:Creating package script '/home/nayr/FishRos/ch4/ch4_ws/install/demo_cpp_service/share/demo_cpp_service/package.ps1'
[0.260s] INFO:colcon.colcon_core.shell:Creating package descriptor '/home/nayr/FishRos/ch4/ch4_ws/install/demo_cpp_service/share/demo_cpp_service/package.dsv'
[0.260s] INFO:colcon.colcon_core.shell:Creating package script '/home/nayr/FishRos/ch4/ch4_ws/install/demo_cpp_service/share/demo_cpp_service/package.sh'
[0.260s] INFO:colcon.colcon_core.shell:Creating package script '/home/nayr/FishRos/ch4/ch4_ws/install/demo_cpp_service/share/demo_cpp_service/package.bash'
[0.261s] INFO:colcon.colcon_core.shell:Creating package script '/home/nayr/FishRos/ch4/ch4_ws/install/demo_cpp_service/share/demo_cpp_service/package.zsh'
[0.261s] Level 1:colcon.colcon_core.environment:create_file_with_runtime_dependencies(/home/nayr/FishRos/ch4/ch4_ws/install/demo_cpp_service/share/colcon-core/packages/demo_cpp_service)
[0.261s] Level 1:colcon.colcon_core.environment:create_environment_scripts_only(demo_cpp_service)
[0.261s] Level 1:colcon.colcon_core.environment:checking '/home/nayr/FishRos/ch4/ch4_ws/install/demo_cpp_service' for CMake module files
[0.262s] Level 1:colcon.colcon_core.environment:checking '/home/nayr/FishRos/ch4/ch4_ws/install/demo_cpp_service' for CMake config files
[0.262s] Level 1:colcon.colcon_core.shell:create_environment_hook('demo_cpp_service', 'cmake_prefix_path')
[0.262s] INFO:colcon.colcon_core.shell:Creating environment hook '/home/nayr/FishRos/ch4/ch4_ws/install/demo_cpp_service/share/demo_cpp_service/hook/cmake_prefix_path.ps1'
[0.262s] INFO:colcon.colcon_core.shell:Creating environment descriptor '/home/nayr/FishRos/ch4/ch4_ws/install/demo_cpp_service/share/demo_cpp_service/hook/cmake_prefix_path.dsv'
[0.263s] INFO:colcon.colcon_core.shell:Creating environment hook '/home/nayr/FishRos/ch4/ch4_ws/install/demo_cpp_service/share/demo_cpp_service/hook/cmake_prefix_path.sh'
[0.263s] Level 1:colcon.colcon_core.environment:checking '/home/nayr/FishRos/ch4/ch4_ws/install/demo_cpp_service/lib'
[0.263s] Level 1:colcon.colcon_core.environment:checking '/home/nayr/FishRos/ch4/ch4_ws/install/demo_cpp_service/bin'
[0.263s] Level 1:colcon.colcon_core.environment:checking '/home/nayr/FishRos/ch4/ch4_ws/install/demo_cpp_service/lib/pkgconfig/demo_cpp_service.pc'
[0.263s] Level 1:colcon.colcon_core.environment:checking '/home/nayr/FishRos/ch4/ch4_ws/install/demo_cpp_service/lib/python3.10/site-packages'
[0.263s] Level 1:colcon.colcon_core.environment:checking '/home/nayr/FishRos/ch4/ch4_ws/install/demo_cpp_service/bin'
[0.263s] INFO:colcon.colcon_core.shell:Creating package script '/home/nayr/FishRos/ch4/ch4_ws/install/demo_cpp_service/share/demo_cpp_service/package.ps1'
[0.264s] INFO:colcon.colcon_core.shell:Creating package descriptor '/home/nayr/FishRos/ch4/ch4_ws/install/demo_cpp_service/share/demo_cpp_service/package.dsv'
[0.264s] INFO:colcon.colcon_core.shell:Creating package script '/home/nayr/FishRos/ch4/ch4_ws/install/demo_cpp_service/share/demo_cpp_service/package.sh'
[0.264s] INFO:colcon.colcon_core.shell:Creating package script '/home/nayr/FishRos/ch4/ch4_ws/install/demo_cpp_service/share/demo_cpp_service/package.bash'
[0.264s] INFO:colcon.colcon_core.shell:Creating package script '/home/nayr/FishRos/ch4/ch4_ws/install/demo_cpp_service/share/demo_cpp_service/package.zsh'
[0.264s] Level 1:colcon.colcon_core.environment:create_file_with_runtime_dependencies(/home/nayr/FishRos/ch4/ch4_ws/install/demo_cpp_service/share/colcon-core/packages/demo_cpp_service)
[0.369s] DEBUG:colcon.colcon_core.event_handler.log_command:Invoked command in '/home/nayr/FishRos/ch4/ch4_ws/build/ch4_interfaces' returned '0': CMAKE_PREFIX_PATH=${CMAKE_PREFIX_PATH}:/home/nayr/FishRos/ch4/ch4_ws/install/demo_python_service:/opt/ros/humble /usr/bin/cmake --build /home/nayr/FishRos/ch4/ch4_ws/build/ch4_interfaces -- -j4 -l4
[0.370s] DEBUG:colcon.colcon_core.event_handler.log_command:Invoking command in '/home/nayr/FishRos/ch4/ch4_ws/build/ch4_interfaces': CMAKE_PREFIX_PATH=${CMAKE_PREFIX_PATH}:/home/nayr/FishRos/ch4/ch4_ws/install/demo_python_service:/opt/ros/humble /usr/bin/cmake --install /home/nayr/FishRos/ch4/ch4_ws/build/ch4_interfaces
[0.394s] Level 1:colcon.colcon_core.environment:create_environment_scripts_only(ch4_interfaces)
[0.394s] Level 1:colcon.colcon_core.environment:checking '/home/nayr/FishRos/ch4/ch4_ws/install/ch4_interfaces' for CMake module files
[0.394s] Level 1:colcon.colcon_core.environment:checking '/home/nayr/FishRos/ch4/ch4_ws/install/ch4_interfaces' for CMake config files
[0.395s] DEBUG:colcon.colcon_core.event_handler.log_command:Invoked command in '/home/nayr/FishRos/ch4/ch4_ws/build/ch4_interfaces' returned '0': CMAKE_PREFIX_PATH=${CMAKE_PREFIX_PATH}:/home/nayr/FishRos/ch4/ch4_ws/install/demo_python_service:/opt/ros/humble /usr/bin/cmake --install /home/nayr/FishRos/ch4/ch4_ws/build/ch4_interfaces
[0.395s] Level 1:colcon.colcon_core.shell:create_environment_hook('ch4_interfaces', 'cmake_prefix_path')
[0.395s] INFO:colcon.colcon_core.shell:Creating environment hook '/home/nayr/FishRos/ch4/ch4_ws/install/ch4_interfaces/share/ch4_interfaces/hook/cmake_prefix_path.ps1'
[0.396s] INFO:colcon.colcon_core.shell:Creating environment descriptor '/home/nayr/FishRos/ch4/ch4_ws/install/ch4_interfaces/share/ch4_interfaces/hook/cmake_prefix_path.dsv'
[0.396s] INFO:colcon.colcon_core.shell:Creating environment hook '/home/nayr/FishRos/ch4/ch4_ws/install/ch4_interfaces/share/ch4_interfaces/hook/cmake_prefix_path.sh'
[0.396s] Level 1:colcon.colcon_core.environment:checking '/home/nayr/FishRos/ch4/ch4_ws/install/ch4_interfaces/lib'
[0.396s] Level 1:colcon.colcon_core.shell:create_environment_hook('ch4_interfaces', 'ld_library_path_lib')
[0.396s] INFO:colcon.colcon_core.shell:Creating environment hook '/home/nayr/FishRos/ch4/ch4_ws/install/ch4_interfaces/share/ch4_interfaces/hook/ld_library_path_lib.ps1'
[0.396s] INFO:colcon.colcon_core.shell:Creating environment descriptor '/home/nayr/FishRos/ch4/ch4_ws/install/ch4_interfaces/share/ch4_interfaces/hook/ld_library_path_lib.dsv'
[0.397s] INFO:colcon.colcon_core.shell:Creating environment hook '/home/nayr/FishRos/ch4/ch4_ws/install/ch4_interfaces/share/ch4_interfaces/hook/ld_library_path_lib.sh'
[0.397s] Level 1:colcon.colcon_core.environment:checking '/home/nayr/FishRos/ch4/ch4_ws/install/ch4_interfaces/bin'
[0.397s] Level 1:colcon.colcon_core.environment:checking '/home/nayr/FishRos/ch4/ch4_ws/install/ch4_interfaces/lib/pkgconfig/ch4_interfaces.pc'
[0.397s] Level 1:colcon.colcon_core.environment:checking '/home/nayr/FishRos/ch4/ch4_ws/install/ch4_interfaces/lib/python3.10/site-packages'
[0.397s] Level 1:colcon.colcon_core.environment:checking '/home/nayr/FishRos/ch4/ch4_ws/install/ch4_interfaces/bin'
[0.397s] INFO:colcon.colcon_core.shell:Creating package script '/home/nayr/FishRos/ch4/ch4_ws/install/ch4_interfaces/share/ch4_interfaces/package.ps1'
[0.397s] INFO:colcon.colcon_core.shell:Creating package descriptor '/home/nayr/FishRos/ch4/ch4_ws/install/ch4_interfaces/share/ch4_interfaces/package.dsv'
[0.398s] INFO:colcon.colcon_core.shell:Creating package script '/home/nayr/FishRos/ch4/ch4_ws/install/ch4_interfaces/share/ch4_interfaces/package.sh'
[0.398s] INFO:colcon.colcon_core.shell:Creating package script '/home/nayr/FishRos/ch4/ch4_ws/install/ch4_interfaces/share/ch4_interfaces/package.bash'
[0.398s] INFO:colcon.colcon_core.shell:Creating package script '/home/nayr/FishRos/ch4/ch4_ws/install/ch4_interfaces/share/ch4_interfaces/package.zsh'
[0.398s] Level 1:colcon.colcon_core.environment:create_file_with_runtime_dependencies(/home/nayr/FishRos/ch4/ch4_ws/install/ch4_interfaces/share/colcon-core/packages/ch4_interfaces)
[0.399s] Level 1:colcon.colcon_core.environment:create_environment_scripts_only(ch4_interfaces)
[0.399s] Level 1:colcon.colcon_core.environment:checking '/home/nayr/FishRos/ch4/ch4_ws/install/ch4_interfaces' for CMake module files
[0.399s] Level 1:colcon.colcon_core.environment:checking '/home/nayr/FishRos/ch4/ch4_ws/install/ch4_interfaces' for CMake config files
[0.400s] Level 1:colcon.colcon_core.shell:create_environment_hook('ch4_interfaces', 'cmake_prefix_path')
[0.401s] INFO:colcon.colcon_core.shell:Creating environment hook '/home/nayr/FishRos/ch4/ch4_ws/install/ch4_interfaces/share/ch4_interfaces/hook/cmake_prefix_path.ps1'
[0.401s] INFO:colcon.colcon_core.shell:Creating environment descriptor '/home/nayr/FishRos/ch4/ch4_ws/install/ch4_interfaces/share/ch4_interfaces/hook/cmake_prefix_path.dsv'
[0.401s] INFO:colcon.colcon_core.shell:Creating environment hook '/home/nayr/FishRos/ch4/ch4_ws/install/ch4_interfaces/share/ch4_interfaces/hook/cmake_prefix_path.sh'
[0.401s] Level 1:colcon.colcon_core.environment:checking '/home/nayr/FishRos/ch4/ch4_ws/install/ch4_interfaces/lib'
[0.401s] Level 1:colcon.colcon_core.shell:create_environment_hook('ch4_interfaces', 'ld_library_path_lib')
[0.401s] INFO:colcon.colcon_core.shell:Creating environment hook '/home/nayr/FishRos/ch4/ch4_ws/install/ch4_interfaces/share/ch4_interfaces/hook/ld_library_path_lib.ps1'
[0.401s] INFO:colcon.colcon_core.shell:Creating environment descriptor '/home/nayr/FishRos/ch4/ch4_ws/install/ch4_interfaces/share/ch4_interfaces/hook/ld_library_path_lib.dsv'
[0.402s] INFO:colcon.colcon_core.shell:Creating environment hook '/home/nayr/FishRos/ch4/ch4_ws/install/ch4_interfaces/share/ch4_interfaces/hook/ld_library_path_lib.sh'
[0.402s] Level 1:colcon.colcon_core.environment:checking '/home/nayr/FishRos/ch4/ch4_ws/install/ch4_interfaces/bin'
[0.402s] Level 1:colcon.colcon_core.environment:checking '/home/nayr/FishRos/ch4/ch4_ws/install/ch4_interfaces/lib/pkgconfig/ch4_interfaces.pc'
[0.402s] Level 1:colcon.colcon_core.environment:checking '/home/nayr/FishRos/ch4/ch4_ws/install/ch4_interfaces/lib/python3.10/site-packages'
[0.402s] Level 1:colcon.colcon_core.environment:checking '/home/nayr/FishRos/ch4/ch4_ws/install/ch4_interfaces/bin'
[0.402s] INFO:colcon.colcon_core.shell:Creating package script '/home/nayr/FishRos/ch4/ch4_ws/install/ch4_interfaces/share/ch4_interfaces/package.ps1'
[0.402s] INFO:colcon.colcon_core.shell:Creating package descriptor '/home/nayr/FishRos/ch4/ch4_ws/install/ch4_interfaces/share/ch4_interfaces/package.dsv'
[0.403s] INFO:colcon.colcon_core.shell:Creating package script '/home/nayr/FishRos/ch4/ch4_ws/install/ch4_interfaces/share/ch4_interfaces/package.sh'
[0.403s] INFO:colcon.colcon_core.shell:Creating package script '/home/nayr/FishRos/ch4/ch4_ws/install/ch4_interfaces/share/ch4_interfaces/package.bash'
[0.403s] INFO:colcon.colcon_core.shell:Creating package script '/home/nayr/FishRos/ch4/ch4_ws/install/ch4_interfaces/share/ch4_interfaces/package.zsh'
[0.403s] Level 1:colcon.colcon_core.environment:create_file_with_runtime_dependencies(/home/nayr/FishRos/ch4/ch4_ws/install/ch4_interfaces/share/colcon-core/packages/ch4_interfaces)
[0.404s] INFO:colcon.colcon_ros.task.ament_python.build:Building ROS package in '/home/nayr/FishRos/ch4/ch4_ws/src/demo_python_service' with build type 'ament_python'
[0.404s] Level 1:colcon.colcon_core.shell:create_environment_hook('demo_python_service', 'ament_prefix_path')
[0.404s] INFO:colcon.colcon_core.shell:Creating environment hook '/home/nayr/FishRos/ch4/ch4_ws/install/demo_python_service/share/demo_python_service/hook/ament_prefix_path.ps1'
[0.404s] INFO:colcon.colcon_core.shell:Creating environment descriptor '/home/nayr/FishRos/ch4/ch4_ws/install/demo_python_service/share/demo_python_service/hook/ament_prefix_path.dsv'
[0.404s] INFO:colcon.colcon_core.shell:Creating environment hook '/home/nayr/FishRos/ch4/ch4_ws/install/demo_python_service/share/demo_python_service/hook/ament_prefix_path.sh'
[0.405s] INFO:colcon.colcon_core.shell:Skip shell extension 'powershell' for command environment: Not usable outside of PowerShell
[0.405s] DEBUG:colcon.colcon_core.shell:Skip shell extension 'dsv' for command environment
[0.503s] INFO:colcon.colcon_core.task.python.build:Building Python package in '/home/nayr/FishRos/ch4/ch4_ws/src/demo_python_service'
[0.503s] INFO:colcon.colcon_core.shell:Skip shell extension 'powershell' for command environment: Not usable outside of PowerShell
[0.503s] DEBUG:colcon.colcon_core.shell:Skip shell extension 'dsv' for command environment
[0.643s] DEBUG:colcon.colcon_core.event_handler.log_command:Invoking command in '/home/nayr/FishRos/ch4/ch4_ws/src/demo_python_service': CMAKE_PREFIX_PATH=/home/nayr/FishRos/ch4/ch4_ws/install/ch4_interfaces:/home/nayr/FishRos/ch4/ch4_ws/install/demo_cpp_service PYTHONPATH=/home/nayr/FishRos/ch4/ch4_ws/build/demo_python_service/prefix_override:/usr/lib/python3/dist-packages/colcon_core/task/python/colcon_distutils_commands:/home/nayr/FishRos/ch4/ch4_ws/install/demo_python_service/lib/python3.10/site-packages:${PYTHONPATH} /usr/bin/python3 -W ignore:setup.py install is deprecated -W ignore:easy_install command is deprecated setup.py egg_info --egg-base ../../build/demo_python_service build --build-base /home/nayr/FishRos/ch4/ch4_ws/build/demo_python_service/build install --record /home/nayr/FishRos/ch4/ch4_ws/build/demo_python_service/install.log --single-version-externally-managed install_data
[0.750s] Level 1:colcon.colcon_core.environment:checking '/home/nayr/FishRos/ch4/ch4_ws/install/demo_python_service' for CMake module files
[0.750s] DEBUG:colcon.colcon_core.event_handler.log_command:Invoked command in '/home/nayr/FishRos/ch4/ch4_ws/src/demo_python_service' returned '0': CMAKE_PREFIX_PATH=/home/nayr/FishRos/ch4/ch4_ws/install/ch4_interfaces:/home/nayr/FishRos/ch4/ch4_ws/install/demo_cpp_service PYTHONPATH=/home/nayr/FishRos/ch4/ch4_ws/build/demo_python_service/prefix_override:/usr/lib/python3/dist-packages/colcon_core/task/python/colcon_distutils_commands:/home/nayr/FishRos/ch4/ch4_ws/install/demo_python_service/lib/python3.10/site-packages:${PYTHONPATH} /usr/bin/python3 -W ignore:setup.py install is deprecated -W ignore:easy_install command is deprecated setup.py egg_info --egg-base ../../build/demo_python_service build --build-base /home/nayr/FishRos/ch4/ch4_ws/build/demo_python_service/build install --record /home/nayr/FishRos/ch4/ch4_ws/build/demo_python_service/install.log --single-version-externally-managed install_data
[0.751s] Level 1:colcon.colcon_core.environment:checking '/home/nayr/FishRos/ch4/ch4_ws/install/demo_python_service' for CMake config files
[0.751s] Level 1:colcon.colcon_core.environment:checking '/home/nayr/FishRos/ch4/ch4_ws/install/demo_python_service/lib'
[0.751s] Level 1:colcon.colcon_core.environment:checking '/home/nayr/FishRos/ch4/ch4_ws/install/demo_python_service/bin'
[0.751s] Level 1:colcon.colcon_core.environment:checking '/home/nayr/FishRos/ch4/ch4_ws/install/demo_python_service/lib/pkgconfig/demo_python_service.pc'
[0.751s] Level 1:colcon.colcon_core.environment:checking '/home/nayr/FishRos/ch4/ch4_ws/install/demo_python_service/lib/python3.10/site-packages'
[0.751s] Level 1:colcon.colcon_core.shell:create_environment_hook('demo_python_service', 'pythonpath')
[0.751s] INFO:colcon.colcon_core.shell:Creating environment hook '/home/nayr/FishRos/ch4/ch4_ws/install/demo_python_service/share/demo_python_service/hook/pythonpath.ps1'
[0.752s] INFO:colcon.colcon_core.shell:Creating environment descriptor '/home/nayr/FishRos/ch4/ch4_ws/install/demo_python_service/share/demo_python_service/hook/pythonpath.dsv'
[0.752s] INFO:colcon.colcon_core.shell:Creating environment hook '/home/nayr/FishRos/ch4/ch4_ws/install/demo_python_service/share/demo_python_service/hook/pythonpath.sh'
[0.752s] Level 1:colcon.colcon_core.environment:checking '/home/nayr/FishRos/ch4/ch4_ws/install/demo_python_service/bin'
[0.752s] Level 1:colcon.colcon_core.environment:create_environment_scripts_only(demo_python_service)
[0.752s] INFO:colcon.colcon_core.shell:Creating package script '/home/nayr/FishRos/ch4/ch4_ws/install/demo_python_service/share/demo_python_service/package.ps1'
[0.752s] INFO:colcon.colcon_core.shell:Creating package descriptor '/home/nayr/FishRos/ch4/ch4_ws/install/demo_python_service/share/demo_python_service/package.dsv'
[0.753s] INFO:colcon.colcon_core.shell:Creating package script '/home/nayr/FishRos/ch4/ch4_ws/install/demo_python_service/share/demo_python_service/package.sh'
[0.753s] INFO:colcon.colcon_core.shell:Creating package script '/home/nayr/FishRos/ch4/ch4_ws/install/demo_python_service/share/demo_python_service/package.bash'
[0.753s] INFO:colcon.colcon_core.shell:Creating package script '/home/nayr/FishRos/ch4/ch4_ws/install/demo_python_service/share/demo_python_service/package.zsh'
[0.754s] Level 1:colcon.colcon_core.environment:create_file_with_runtime_dependencies(/home/nayr/FishRos/ch4/ch4_ws/install/demo_python_service/share/colcon-core/packages/demo_python_service)
[0.754s] DEBUG:colcon.colcon_parallel_executor.executor.parallel:closing loop
[0.754s] DEBUG:colcon.colcon_parallel_executor.executor.parallel:loop closed
[0.754s] DEBUG:colcon.colcon_parallel_executor.executor.parallel:run_until_complete finished with '0'
[0.754s] DEBUG:colcon.colcon_core.event_reactor:joining thread
[0.757s] INFO:colcon.colcon_core.plugin_system:Skipping extension 'colcon_notification.desktop_notification.terminal_notifier': Not used on non-Darwin systems
[0.757s] INFO:colcon.colcon_core.plugin_system:Skipping extension 'colcon_notification.desktop_notification.win32': Not used on non-Windows systems
[0.757s] INFO:colcon.colcon_notification.desktop_notification:Sending desktop notification using 'notify2'
[0.773s] DEBUG:colcon.colcon_core.event_reactor:joined thread
[0.773s] INFO:colcon.colcon_core.shell:Creating prefix script '/home/nayr/FishRos/ch4/ch4_ws/install/local_setup.ps1'
[0.773s] INFO:colcon.colcon_core.shell:Creating prefix util module '/home/nayr/FishRos/ch4/ch4_ws/install/_local_setup_util_ps1.py'
[0.774s] INFO:colcon.colcon_core.shell:Creating prefix chain script '/home/nayr/FishRos/ch4/ch4_ws/install/setup.ps1'
[0.775s] INFO:colcon.colcon_core.shell:Creating prefix script '/home/nayr/FishRos/ch4/ch4_ws/install/local_setup.sh'
[0.775s] INFO:colcon.colcon_core.shell:Creating prefix util module '/home/nayr/FishRos/ch4/ch4_ws/install/_local_setup_util_sh.py'
[0.775s] INFO:colcon.colcon_core.shell:Creating prefix chain script '/home/nayr/FishRos/ch4/ch4_ws/install/setup.sh'
[0.776s] INFO:colcon.colcon_core.shell:Creating prefix script '/home/nayr/FishRos/ch4/ch4_ws/install/local_setup.bash'
[0.776s] INFO:colcon.colcon_core.shell:Creating prefix chain script '/home/nayr/FishRos/ch4/ch4_ws/install/setup.bash'
[0.777s] INFO:colcon.colcon_core.shell:Creating prefix script '/home/nayr/FishRos/ch4/ch4_ws/install/local_setup.zsh'
[0.777s] INFO:colcon.colcon_core.shell:Creating prefix chain script '/home/nayr/FishRos/ch4/ch4_ws/install/setup.zsh'
