[0.254s] Invoking command in '/home/nayr/FishRos/ch2/ch2_ws/src/demo_python_pkg': PYTHONPATH=/home/nayr/FishRos/ch2/build/demo_python_pkg/prefix_override:/usr/lib/python3/dist-packages/colcon_core/task/python/colcon_distutils_commands:/home/nayr/FishRos/ch2/install/demo_python_pkg/lib/python3.10/site-packages:${PYTHONPATH} /usr/bin/python3 -W ignore:setup.py install is deprecated -W ignore:easy_install command is deprecated setup.py egg_info --egg-base ../../../build/demo_python_pkg build --build-base /home/nayr/FishRos/ch2/build/demo_python_pkg/build install --record /home/nayr/FishRos/ch2/build/demo_python_pkg/install.log --single-version-externally-managed install_data
[0.345s] running egg_info
[0.345s] creating ../../../build/demo_python_pkg/demo_python_pkg.egg-info
[0.345s] writing ../../../build/demo_python_pkg/demo_python_pkg.egg-info/PKG-INFO
[0.345s] writing dependency_links to ../../../build/demo_python_pkg/demo_python_pkg.egg-info/dependency_links.txt
[0.345s] writing entry points to ../../../build/demo_python_pkg/demo_python_pkg.egg-info/entry_points.txt
[0.346s] writing requirements to ../../../build/demo_python_pkg/demo_python_pkg.egg-info/requires.txt
[0.346s] writing top-level names to ../../../build/demo_python_pkg/demo_python_pkg.egg-info/top_level.txt
[0.346s] writing manifest file '../../../build/demo_python_pkg/demo_python_pkg.egg-info/SOURCES.txt'
[0.347s] reading manifest file '../../../build/demo_python_pkg/demo_python_pkg.egg-info/SOURCES.txt'
[0.347s] adding license file 'LICENSE'
[0.347s] writing manifest file '../../../build/demo_python_pkg/demo_python_pkg.egg-info/SOURCES.txt'
[0.347s] running build
[0.347s] running build_py
[0.347s] creating /home/nayr/FishRos/ch2/build/demo_python_pkg/build
[0.347s] creating /home/nayr/FishRos/ch2/build/demo_python_pkg/build/lib
[0.347s] creating /home/nayr/FishRos/ch2/build/demo_python_pkg/build/lib/demo_python_pkg
[0.347s] copying demo_python_pkg/person_node.py -> /home/nayr/FishRos/ch2/build/demo_python_pkg/build/lib/demo_python_pkg
[0.347s] copying demo_python_pkg/writer_node.py -> /home/nayr/FishRos/ch2/build/demo_python_pkg/build/lib/demo_python_pkg
[0.347s] copying demo_python_pkg/python_node.py -> /home/nayr/FishRos/ch2/build/demo_python_pkg/build/lib/demo_python_pkg
[0.347s] copying demo_python_pkg/__init__.py -> /home/nayr/FishRos/ch2/build/demo_python_pkg/build/lib/demo_python_pkg
[0.347s] running install
[0.348s] running install_lib
[0.348s] creating /home/nayr/FishRos/ch2/install/demo_python_pkg/lib/python3.10/site-packages/demo_python_pkg
[0.348s] copying /home/nayr/FishRos/ch2/build/demo_python_pkg/build/lib/demo_python_pkg/person_node.py -> /home/nayr/FishRos/ch2/install/demo_python_pkg/lib/python3.10/site-packages/demo_python_pkg
[0.348s] copying /home/nayr/FishRos/ch2/build/demo_python_pkg/build/lib/demo_python_pkg/writer_node.py -> /home/nayr/FishRos/ch2/install/demo_python_pkg/lib/python3.10/site-packages/demo_python_pkg
[0.348s] copying /home/nayr/FishRos/ch2/build/demo_python_pkg/build/lib/demo_python_pkg/python_node.py -> /home/nayr/FishRos/ch2/install/demo_python_pkg/lib/python3.10/site-packages/demo_python_pkg
[0.348s] copying /home/nayr/FishRos/ch2/build/demo_python_pkg/build/lib/demo_python_pkg/__init__.py -> /home/nayr/FishRos/ch2/install/demo_python_pkg/lib/python3.10/site-packages/demo_python_pkg
[0.348s] byte-compiling /home/nayr/FishRos/ch2/install/demo_python_pkg/lib/python3.10/site-packages/demo_python_pkg/person_node.py to person_node.cpython-310.pyc
[0.349s] byte-compiling /home/nayr/FishRos/ch2/install/demo_python_pkg/lib/python3.10/site-packages/demo_python_pkg/writer_node.py to writer_node.cpython-310.pyc
[0.349s] byte-compiling /home/nayr/FishRos/ch2/install/demo_python_pkg/lib/python3.10/site-packages/demo_python_pkg/python_node.py to python_node.cpython-310.pyc
[0.349s] byte-compiling /home/nayr/FishRos/ch2/install/demo_python_pkg/lib/python3.10/site-packages/demo_python_pkg/__init__.py to __init__.cpython-310.pyc
[0.349s] running install_data
[0.349s] creating /home/nayr/FishRos/ch2/install/demo_python_pkg/share/ament_index
[0.349s] creating /home/nayr/FishRos/ch2/install/demo_python_pkg/share/ament_index/resource_index
[0.349s] creating /home/nayr/FishRos/ch2/install/demo_python_pkg/share/ament_index/resource_index/packages
[0.349s] copying resource/demo_python_pkg -> /home/nayr/FishRos/ch2/install/demo_python_pkg/share/ament_index/resource_index/packages
[0.349s] copying package.xml -> /home/nayr/FishRos/ch2/install/demo_python_pkg/share/demo_python_pkg
[0.349s] running install_egg_info
[0.350s] Copying ../../../build/demo_python_pkg/demo_python_pkg.egg-info to /home/nayr/FishRos/ch2/install/demo_python_pkg/lib/python3.10/site-packages/demo_python_pkg-0.0.0-py3.10.egg-info
[0.350s] running install_scripts
[0.359s] Installing person_node script to /home/nayr/FishRos/ch2/install/demo_python_pkg/lib/demo_python_pkg
[0.359s] Installing python_node script to /home/nayr/FishRos/ch2/install/demo_python_pkg/lib/demo_python_pkg
[0.359s] Installing writer_node script to /home/nayr/FishRos/ch2/install/demo_python_pkg/lib/demo_python_pkg
[0.359s] writing list of installed files to '/home/nayr/FishRos/ch2/build/demo_python_pkg/install.log'
[0.374s] Invoked command in '/home/nayr/FishRos/ch2/ch2_ws/src/demo_python_pkg' returned '0': PYTHONPATH=/home/nayr/FishRos/ch2/build/demo_python_pkg/prefix_override:/usr/lib/python3/dist-packages/colcon_core/task/python/colcon_distutils_commands:/home/nayr/FishRos/ch2/install/demo_python_pkg/lib/python3.10/site-packages:${PYTHONPATH} /usr/bin/python3 -W ignore:setup.py install is deprecated -W ignore:easy_install command is deprecated setup.py egg_info --egg-base ../../../build/demo_python_pkg build --build-base /home/nayr/FishRos/ch2/build/demo_python_pkg/build install --record /home/nayr/FishRos/ch2/build/demo_python_pkg/install.log --single-version-externally-managed install_data
