[0.243s] Invoking command in '/home/nayr/FishRos/ch2/ch2_ws/src/demo_python_pkg': PYTHONPATH=/home/nayr/FishRos/ch2/build/demo_python_pkg/prefix_override:/usr/lib/python3/dist-packages/colcon_core/task/python/colcon_distutils_commands:/home/nayr/FishRos/ch2/install/demo_python_pkg/lib/python3.10/site-packages:${PYTHONPATH} /usr/bin/python3 -W ignore:setup.py install is deprecated -W ignore:easy_install command is deprecated setup.py egg_info --egg-base ../../../build/demo_python_pkg build --build-base /home/nayr/FishRos/ch2/build/demo_python_pkg/build install --record /home/nayr/FishRos/ch2/build/demo_python_pkg/install.log --single-version-externally-managed install_data
[0.335s] running egg_info
[0.335s] writing ../../../build/demo_python_pkg/demo_python_pkg.egg-info/PKG-INFO
[0.335s] writing dependency_links to ../../../build/demo_python_pkg/demo_python_pkg.egg-info/dependency_links.txt
[0.335s] writing entry points to ../../../build/demo_python_pkg/demo_python_pkg.egg-info/entry_points.txt
[0.335s] writing requirements to ../../../build/demo_python_pkg/demo_python_pkg.egg-info/requires.txt
[0.335s] writing top-level names to ../../../build/demo_python_pkg/demo_python_pkg.egg-info/top_level.txt
[0.336s] reading manifest file '../../../build/demo_python_pkg/demo_python_pkg.egg-info/SOURCES.txt'
[0.336s] adding license file 'LICENSE'
[0.336s] writing manifest file '../../../build/demo_python_pkg/demo_python_pkg.egg-info/SOURCES.txt'
[0.336s] running build
[0.336s] running build_py
[0.337s] running install
[0.337s] running install_lib
[0.337s] running install_data
[0.337s] running install_egg_info
[0.338s] removing '/home/nayr/FishRos/ch2/install/demo_python_pkg/lib/python3.10/site-packages/demo_python_pkg-0.0.0-py3.10.egg-info' (and everything under it)
[0.338s] Copying ../../../build/demo_python_pkg/demo_python_pkg.egg-info to /home/nayr/FishRos/ch2/install/demo_python_pkg/lib/python3.10/site-packages/demo_python_pkg-0.0.0-py3.10.egg-info
[0.338s] running install_scripts
[0.347s] Installing person_node script to /home/nayr/FishRos/ch2/install/demo_python_pkg/lib/demo_python_pkg
[0.347s] Installing python_node script to /home/nayr/FishRos/ch2/install/demo_python_pkg/lib/demo_python_pkg
[0.347s] Installing writer_node script to /home/nayr/FishRos/ch2/install/demo_python_pkg/lib/demo_python_pkg
[0.347s] writing list of installed files to '/home/nayr/FishRos/ch2/build/demo_python_pkg/install.log'
[0.357s] Invoked command in '/home/nayr/FishRos/ch2/ch2_ws/src/demo_python_pkg' returned '0': PYTHONPATH=/home/nayr/FishRos/ch2/build/demo_python_pkg/prefix_override:/usr/lib/python3/dist-packages/colcon_core/task/python/colcon_distutils_commands:/home/nayr/FishRos/ch2/install/demo_python_pkg/lib/python3.10/site-packages:${PYTHONPATH} /usr/bin/python3 -W ignore:setup.py install is deprecated -W ignore:easy_install command is deprecated setup.py egg_info --egg-base ../../../build/demo_python_pkg build --build-base /home/nayr/FishRos/ch2/build/demo_python_pkg/build install --record /home/nayr/FishRos/ch2/build/demo_python_pkg/install.log --single-version-externally-managed install_data
