[0.261s] Invoking command in '/home/nayr/FishRos/ch3/topic_practice_ws/src/status_publisher': CMAKE_PREFIX_PATH=/home/nayr/FishRos/ch3/topic_practice_ws/install/status_interfaces:/home/nayr/FishRos/ch3/topic_practice_ws/install/status_display PYTHONPATH=/home/nayr/FishRos/ch3/topic_practice_ws/build/status_publisher/prefix_override:/usr/lib/python3/dist-packages/colcon_core/task/python/colcon_distutils_commands:/home/nayr/FishRos/ch3/topic_practice_ws/install/status_publisher/lib/python3.10/site-packages:${PYTHONPATH} /usr/bin/python3 -W ignore:setup.py install is deprecated -W ignore:easy_install command is deprecated setup.py egg_info --egg-base ../../build/status_publisher build --build-base /home/nayr/FishRos/ch3/topic_practice_ws/build/status_publisher/build install --record /home/nayr/FishRos/ch3/topic_practice_ws/build/status_publisher/install.log --single-version-externally-managed install_data
[0.359s] running egg_info
[0.360s] writing ../../build/status_publisher/status_publisher.egg-info/PKG-INFO
[0.360s] writing dependency_links to ../../build/status_publisher/status_publisher.egg-info/dependency_links.txt
[0.360s] writing entry points to ../../build/status_publisher/status_publisher.egg-info/entry_points.txt
[0.360s] writing requirements to ../../build/status_publisher/status_publisher.egg-info/requires.txt
[0.360s] writing top-level names to ../../build/status_publisher/status_publisher.egg-info/top_level.txt
[0.361s] reading manifest file '../../build/status_publisher/status_publisher.egg-info/SOURCES.txt'
[0.361s] adding license file 'LICENSE'
[0.362s] writing manifest file '../../build/status_publisher/status_publisher.egg-info/SOURCES.txt'
[0.362s] running build
[0.362s] running build_py
[0.362s] running install
[0.362s] running install_lib
[0.362s] running install_data
[0.362s] running install_egg_info
[0.363s] removing '/home/nayr/FishRos/ch3/topic_practice_ws/install/status_publisher/lib/python3.10/site-packages/status_publisher-0.0.0-py3.10.egg-info' (and everything under it)
[0.364s] Copying ../../build/status_publisher/status_publisher.egg-info to /home/nayr/FishRos/ch3/topic_practice_ws/install/status_publisher/lib/python3.10/site-packages/status_publisher-0.0.0-py3.10.egg-info
[0.364s] running install_scripts
[0.373s] Installing sys_status_pub script to /home/nayr/FishRos/ch3/topic_practice_ws/install/status_publisher/lib/status_publisher
[0.374s] writing list of installed files to '/home/nayr/FishRos/ch3/topic_practice_ws/build/status_publisher/install.log'
[0.390s] Invoked command in '/home/nayr/FishRos/ch3/topic_practice_ws/src/status_publisher' returned '0': CMAKE_PREFIX_PATH=/home/nayr/FishRos/ch3/topic_practice_ws/install/status_interfaces:/home/nayr/FishRos/ch3/topic_practice_ws/install/status_display PYTHONPATH=/home/nayr/FishRos/ch3/topic_practice_ws/build/status_publisher/prefix_override:/usr/lib/python3/dist-packages/colcon_core/task/python/colcon_distutils_commands:/home/nayr/FishRos/ch3/topic_practice_ws/install/status_publisher/lib/python3.10/site-packages:${PYTHONPATH} /usr/bin/python3 -W ignore:setup.py install is deprecated -W ignore:easy_install command is deprecated setup.py egg_info --egg-base ../../build/status_publisher build --build-base /home/nayr/FishRos/ch3/topic_practice_ws/build/status_publisher/build install --record /home/nayr/FishRos/ch3/topic_practice_ws/build/status_publisher/install.log --single-version-externally-managed install_data
