[0.011s] Invoking command in '/home/nayr/FishRos/ch2/build/demo_cpp_pkg': CMAKE_PREFIX_PATH=${CMAKE_PREFIX_PATH}:/home/nayr/FishRos/ch2/install/demo_python_pkg:/opt/ros/humble /usr/bin/cmake --build /home/nayr/FishRos/ch2/build/demo_cpp_pkg -- -j4 -l4
[0.109s] [ 20%] Built target learn_auto
[0.109s] [ 60%] Built target cpp_node
[0.109s] [ 60%] Built target person_node
[0.109s] [ 80%] Built target learn_shared_ptr
[0.109s] [35m[1mConsolidate compiler generated dependencies of target learn_lambda[0m
[0.109s] [ 90%] [32mBuilding CXX object CMakeFiles/learn_lambda.dir/src/learn_lambda.cpp.o[0m
[0.208s] [100%] [32m[1mLinking CXX executable learn_lambda[0m
[0.247s] [100%] Built target learn_lambda
[0.255s] Invoked command in '/home/nayr/FishRos/ch2/build/demo_cpp_pkg' returned '0': CMAKE_PREFIX_PATH=${CMAKE_PREFIX_PATH}:/home/nayr/FishRos/ch2/install/demo_python_pkg:/opt/ros/humble /usr/bin/cmake --build /home/nayr/FishRos/ch2/build/demo_cpp_pkg -- -j4 -l4
[0.260s] Invoking command in '/home/nayr/FishRos/ch2/build/demo_cpp_pkg': CMAKE_PREFIX_PATH=${CMAKE_PREFIX_PATH}:/home/nayr/FishRos/ch2/install/demo_python_pkg:/opt/ros/humble /usr/bin/cmake --install /home/nayr/FishRos/ch2/build/demo_cpp_pkg
[0.263s] -- Install configuration: ""
[0.263s] -- Up-to-date: /home/nayr/FishRos/ch2/install/demo_cpp_pkg/lib/demo_cpp_pkg/cpp_node
[0.263s] -- Up-to-date: /home/nayr/FishRos/ch2/install/demo_cpp_pkg/lib/demo_cpp_pkg/person_node
[0.263s] -- Up-to-date: /home/nayr/FishRos/ch2/install/demo_cpp_pkg/lib/demo_cpp_pkg/learn_auto
[0.263s] -- Installing: /home/nayr/FishRos/ch2/install/demo_cpp_pkg/lib/demo_cpp_pkg/learn_shared_ptr
[0.263s] -- Set runtime path of "/home/nayr/FishRos/ch2/install/demo_cpp_pkg/lib/demo_cpp_pkg/learn_shared_ptr" to ""
[0.264s] -- Installing: /home/nayr/FishRos/ch2/install/demo_cpp_pkg/lib/demo_cpp_pkg/learn_lambda
[0.264s] -- Set runtime path of "/home/nayr/FishRos/ch2/install/demo_cpp_pkg/lib/demo_cpp_pkg/learn_lambda" to ""
[0.264s] -- Up-to-date: /home/nayr/FishRos/ch2/install/demo_cpp_pkg/share/ament_index/resource_index/package_run_dependencies/demo_cpp_pkg
[0.264s] -- Up-to-date: /home/nayr/FishRos/ch2/install/demo_cpp_pkg/share/ament_index/resource_index/parent_prefix_path/demo_cpp_pkg
[0.264s] -- Up-to-date: /home/nayr/FishRos/ch2/install/demo_cpp_pkg/share/demo_cpp_pkg/environment/ament_prefix_path.sh
[0.264s] -- Installing: /home/nayr/FishRos/ch2/install/demo_cpp_pkg/share/demo_cpp_pkg/environment/ament_prefix_path.dsv
[0.264s] -- Up-to-date: /home/nayr/FishRos/ch2/install/demo_cpp_pkg/share/demo_cpp_pkg/environment/path.sh
[0.264s] -- Installing: /home/nayr/FishRos/ch2/install/demo_cpp_pkg/share/demo_cpp_pkg/environment/path.dsv
[0.264s] -- Up-to-date: /home/nayr/FishRos/ch2/install/demo_cpp_pkg/share/demo_cpp_pkg/local_setup.bash
[0.264s] -- Up-to-date: /home/nayr/FishRos/ch2/install/demo_cpp_pkg/share/demo_cpp_pkg/local_setup.sh
[0.264s] -- Up-to-date: /home/nayr/FishRos/ch2/install/demo_cpp_pkg/share/demo_cpp_pkg/local_setup.zsh
[0.264s] -- Installing: /home/nayr/FishRos/ch2/install/demo_cpp_pkg/share/demo_cpp_pkg/local_setup.dsv
[0.264s] -- Installing: /home/nayr/FishRos/ch2/install/demo_cpp_pkg/share/demo_cpp_pkg/package.dsv
[0.264s] -- Up-to-date: /home/nayr/FishRos/ch2/install/demo_cpp_pkg/share/ament_index/resource_index/packages/demo_cpp_pkg
[0.264s] -- Up-to-date: /home/nayr/FishRos/ch2/install/demo_cpp_pkg/share/demo_cpp_pkg/cmake/demo_cpp_pkgConfig.cmake
[0.264s] -- Up-to-date: /home/nayr/FishRos/ch2/install/demo_cpp_pkg/share/demo_cpp_pkg/cmake/demo_cpp_pkgConfig-version.cmake
[0.265s] -- Up-to-date: /home/nayr/FishRos/ch2/install/demo_cpp_pkg/share/demo_cpp_pkg/package.xml
[0.266s] Invoked command in '/home/nayr/FishRos/ch2/build/demo_cpp_pkg' returned '0': CMAKE_PREFIX_PATH=${CMAKE_PREFIX_PATH}:/home/nayr/FishRos/ch2/install/demo_python_pkg:/opt/ros/humble /usr/bin/cmake --install /home/nayr/FishRos/ch2/build/demo_cpp_pkg
