[0.005s] Invoking command in '/home/nayr/FishRos/ch3/topic_ws/build/demo_cpp_topic': CMAKE_PREFIX_PATH=${CMAKE_PREFIX_PATH}:/home/nayr/FishRos/ch3/topic_ws/src/install/demo_python_topic:/opt/ros/humble /usr/bin/cmake /home/nayr/FishRos/ch3/topic_ws/src/demo_cpp_topic -DCMAKE_INSTALL_PREFIX=/home/nayr/FishRos/ch3/topic_ws/install/demo_cpp_topic
[0.046s] -- The C compiler identification is GNU 11.4.0
[0.076s] -- The CXX compiler identification is GNU 11.4.0
[0.080s] -- Detecting C compiler ABI info
[0.115s] -- Detecting C compiler ABI info - done
[0.119s] -- Check for working C compiler: /usr/bin/cc - skipped
[0.120s] -- Detecting C compile features
[0.120s] -- Detecting C compile features - done
[0.123s] -- Detecting CXX compiler ABI info
[0.158s] -- Detecting CXX compiler ABI info - done
[0.161s] -- Check for working CXX compiler: /usr/bin/c++ - skipped
[0.161s] -- Detecting CXX compile features
[0.162s] -- Detecting CXX compile features - done
[0.163s] -- Found ament_cmake: 1.3.12 (/opt/ros/humble/share/ament_cmake/cmake)
[0.234s] -- Found Python3: /usr/bin/python3 (found version "3.10.12") found components: Interpreter 
[0.276s] -- Found rclcpp: 16.0.14 (/opt/ros/humble/share/rclcpp/cmake)
[0.295s] -- Found rosidl_generator_c: 3.1.7 (/opt/ros/humble/share/rosidl_generator_c/cmake)
[0.297s] -- Found rosidl_adapter: 3.1.7 (/opt/ros/humble/share/rosidl_adapter/cmake)
[0.301s] -- Found rosidl_generator_cpp: 3.1.7 (/opt/ros/humble/share/rosidl_generator_cpp/cmake)
[0.306s] -- Using all available rosidl_typesupport_c: rosidl_typesupport_fastrtps_c;rosidl_typesupport_introspection_c
[0.314s] -- Using all available rosidl_typesupport_cpp: rosidl_typesupport_fastrtps_cpp;rosidl_typesupport_introspection_cpp
[0.333s] -- Found rmw_implementation_cmake: 6.1.2 (/opt/ros/humble/share/rmw_implementation_cmake/cmake)
[0.334s] -- Found rmw_fastrtps_cpp: 6.2.8 (/opt/ros/humble/share/rmw_fastrtps_cpp/cmake)
[0.365s] -- Found OpenSSL: /usr/lib/aarch64-linux-gnu/libcrypto.so (found version "3.0.2")  
[0.377s] -- Found FastRTPS: /opt/ros/humble/include  
[0.395s] -- Using RMW implementation 'rmw_fastrtps_cpp' as default
[0.400s] -- Looking for pthread.h
[0.434s] -- Looking for pthread.h - found
[0.435s] -- Performing Test CMAKE_HAVE_LIBC_PTHREAD
[0.468s] -- Performing Test CMAKE_HAVE_LIBC_PTHREAD - Success
[0.468s] -- Found Threads: TRUE  
[0.492s] -- Found geometry_msgs: 4.9.0 (/opt/ros/humble/share/geometry_msgs/cmake)
[0.498s] -- Found turtlesim: 1.4.2 (/opt/ros/humble/share/turtlesim/cmake)
[0.516s] [31mCMake Error at /opt/ros/humble/share/ament_cmake_target_dependencies/cmake/ament_target_dependencies.cmake:42 (message):
[0.516s]   ament_target_dependencies() the first argument must be a valid target name
[0.516s] Call Stack (most recent call first):
[0.516s]   CMakeLists.txt:17 (ament_target_dependencies)
[0.517s] 
[0.517s] [0m
[0.517s] -- Configuring incomplete, errors occurred!
[0.517s] See also "/home/nayr/FishRos/ch3/topic_ws/build/demo_cpp_topic/CMakeFiles/CMakeOutput.log".
[0.522s] Invoked command in '/home/nayr/FishRos/ch3/topic_ws/build/demo_cpp_topic' returned '1': CMAKE_PREFIX_PATH=${CMAKE_PREFIX_PATH}:/home/nayr/FishRos/ch3/topic_ws/src/install/demo_python_topic:/opt/ros/humble /usr/bin/cmake /home/nayr/FishRos/ch3/topic_ws/src/demo_cpp_topic -DCMAKE_INSTALL_PREFIX=/home/nayr/FishRos/ch3/topic_ws/install/demo_cpp_topic
