[0.008s] Invoking command in '/home/nayr/FishRos/ch3/topic_ws/src/build/demo_cpp_topic': CMAKE_PREFIX_PATH=${CMAKE_PREFIX_PATH}:/home/nayr/FishRos/ch3/topic_ws/src/install/demo_python_topic:/opt/ros/humble /usr/bin/cmake --build /home/nayr/FishRos/ch3/topic_ws/src/build/demo_cpp_topic -- -j4 -l4
[0.041s] [35m[1mConsolidate compiler generated dependencies of target turtle_circle[0m
[0.051s] [ 50%] [32mBuilding CXX object CMakeFiles/turtle_circle.dir/src/turtle_circle.cpp.o[0m
[1.842s] [100%] [32m[1mLinking CXX executable turtle_circle[0m
[1.931s] [100%] Built target turtle_circle
[1.936s] Invoked command in '/home/nayr/FishRos/ch3/topic_ws/src/build/demo_cpp_topic' returned '0': CMAKE_PREFIX_PATH=${CMAKE_PREFIX_PATH}:/home/nayr/FishRos/ch3/topic_ws/src/install/demo_python_topic:/opt/ros/humble /usr/bin/cmake --build /home/nayr/FishRos/ch3/topic_ws/src/build/demo_cpp_topic -- -j4 -l4
[1.941s] Invoking command in '/home/nayr/FishRos/ch3/topic_ws/src/build/demo_cpp_topic': CMAKE_PREFIX_PATH=${CMAKE_PREFIX_PATH}:/home/nayr/FishRos/ch3/topic_ws/src/install/demo_python_topic:/opt/ros/humble /usr/bin/cmake --install /home/nayr/FishRos/ch3/topic_ws/src/build/demo_cpp_topic
[1.944s] -- Install configuration: ""
[1.944s] -- Installing: /home/nayr/FishRos/ch3/topic_ws/src/install/demo_cpp_topic/lib/demo_cpp_topic/turtle_circle
[1.945s] -- Set runtime path of "/home/nayr/FishRos/ch3/topic_ws/src/install/demo_cpp_topic/lib/demo_cpp_topic/turtle_circle" to ""
[1.945s] -- Up-to-date: /home/nayr/FishRos/ch3/topic_ws/src/install/demo_cpp_topic/share/ament_index/resource_index/package_run_dependencies/demo_cpp_topic
[1.945s] -- Up-to-date: /home/nayr/FishRos/ch3/topic_ws/src/install/demo_cpp_topic/share/ament_index/resource_index/parent_prefix_path/demo_cpp_topic
[1.945s] -- Up-to-date: /home/nayr/FishRos/ch3/topic_ws/src/install/demo_cpp_topic/share/demo_cpp_topic/environment/ament_prefix_path.sh
[1.945s] -- Up-to-date: /home/nayr/FishRos/ch3/topic_ws/src/install/demo_cpp_topic/share/demo_cpp_topic/environment/ament_prefix_path.dsv
[1.945s] -- Up-to-date: /home/nayr/FishRos/ch3/topic_ws/src/install/demo_cpp_topic/share/demo_cpp_topic/environment/path.sh
[1.945s] -- Up-to-date: /home/nayr/FishRos/ch3/topic_ws/src/install/demo_cpp_topic/share/demo_cpp_topic/environment/path.dsv
[1.945s] -- Up-to-date: /home/nayr/FishRos/ch3/topic_ws/src/install/demo_cpp_topic/share/demo_cpp_topic/local_setup.bash
[1.946s] -- Up-to-date: /home/nayr/FishRos/ch3/topic_ws/src/install/demo_cpp_topic/share/demo_cpp_topic/local_setup.sh
[1.946s] -- Up-to-date: /home/nayr/FishRos/ch3/topic_ws/src/install/demo_cpp_topic/share/demo_cpp_topic/local_setup.zsh
[1.946s] -- Up-to-date: /home/nayr/FishRos/ch3/topic_ws/src/install/demo_cpp_topic/share/demo_cpp_topic/local_setup.dsv
[1.946s] -- Installing: /home/nayr/FishRos/ch3/topic_ws/src/install/demo_cpp_topic/share/demo_cpp_topic/package.dsv
[1.946s] -- Up-to-date: /home/nayr/FishRos/ch3/topic_ws/src/install/demo_cpp_topic/share/ament_index/resource_index/packages/demo_cpp_topic
[1.946s] -- Up-to-date: /home/nayr/FishRos/ch3/topic_ws/src/install/demo_cpp_topic/share/demo_cpp_topic/cmake/demo_cpp_topicConfig.cmake
[1.946s] -- Up-to-date: /home/nayr/FishRos/ch3/topic_ws/src/install/demo_cpp_topic/share/demo_cpp_topic/cmake/demo_cpp_topicConfig-version.cmake
[1.946s] -- Up-to-date: /home/nayr/FishRos/ch3/topic_ws/src/install/demo_cpp_topic/share/demo_cpp_topic/package.xml
[1.946s] Invoked command in '/home/nayr/FishRos/ch3/topic_ws/src/build/demo_cpp_topic' returned '0': CMAKE_PREFIX_PATH=${CMAKE_PREFIX_PATH}:/home/nayr/FishRos/ch3/topic_ws/src/install/demo_python_topic:/opt/ros/humble /usr/bin/cmake --install /home/nayr/FishRos/ch3/topic_ws/src/build/demo_cpp_topic
