[0.010s] Invoking command in '/home/nayr/FishRos/ch4/ch4_ws/build/demo_cpp_service': CMAKE_PREFIX_PATH=${CMAKE_PREFIX_PATH}:/home/nayr/FishRos/ch4/ch4_ws/install/demo_python_service:/opt/ros/humble /usr/bin/cmake --build /home/nayr/FishRos/ch4/ch4_ws/build/demo_cpp_service -- -j4 -l4
[0.029s] -- Found ament_cmake: 1.3.12 (/opt/ros/humble/share/ament_cmake/cmake)
[0.105s] -- Found ch4_interfaces: 0.0.0 (/home/nayr/FishRos/ch4/ch4_ws/install/ch4_interfaces/share/ch4_interfaces/cmake)
[0.118s] -- Found rosidl_generator_c: 3.1.7 (/opt/ros/humble/share/rosidl_generator_c/cmake)
[0.119s] -- Found rosidl_adapter: 3.1.7 (/opt/ros/humble/share/rosidl_adapter/cmake)
[0.125s] -- Found rosidl_generator_cpp: 3.1.7 (/opt/ros/humble/share/rosidl_generator_cpp/cmake)
[0.130s] -- Using all available rosidl_typesupport_c: rosidl_typesupport_fastrtps_c;rosidl_typesupport_introspection_c
[0.135s] -- Using all available rosidl_typesupport_cpp: rosidl_typesupport_fastrtps_cpp;rosidl_typesupport_introspection_cpp
[0.167s] -- Found rclcpp: 16.0.14 (/opt/ros/humble/share/rclcpp/cmake)
[0.183s] -- Found rmw_implementation_cmake: 6.1.2 (/opt/ros/humble/share/rmw_implementation_cmake/cmake)
[0.183s] -- Found rmw_fastrtps_cpp: 6.2.8 (/opt/ros/humble/share/rmw_fastrtps_cpp/cmake)
[0.234s] -- Using RMW implementation 'rmw_fastrtps_cpp' as default
[0.256s] -- Found turtlesim: 1.4.2 (/opt/ros/humble/share/turtlesim/cmake)
[0.274s] -- Found ament_lint_auto: 0.12.14 (/opt/ros/humble/share/ament_lint_auto/cmake)
[0.305s] -- Added test 'cppcheck' to perform static code analysis on C / C++ code
[0.305s] -- Configured cppcheck include dirs: 
[0.305s] -- Configured cppcheck exclude dirs and/or files: 
[0.307s] -- Added test 'flake8' to check Python code syntax and style conventions
[0.307s] -- Added test 'lint_cmake' to check CMake code style
[0.307s] -- Added test 'pep257' to check Python code against some of the docstring style conventions in PEP 257
[0.307s] -- Added test 'uncrustify' to check C / C++ code style
[0.307s] -- Configured uncrustify additional arguments: 
[0.307s] -- Added test 'xmllint' to check XML markup files
[0.308s] -- Configuring done
[0.319s] -- Generating done
[0.323s] -- Build files have been written to: /home/nayr/FishRos/ch4/ch4_ws/build/demo_cpp_service
[0.336s] [35m[1mConsolidate compiler generated dependencies of target turtle_control[0m
[0.336s] [35m[1mConsolidate compiler generated dependencies of target patrol_client[0m
[0.348s] [ 25%] [32mBuilding CXX object CMakeFiles/patrol_client.dir/src/patrol_client.cpp.o[0m
[0.350s] [ 75%] Built target turtle_control
[2.780s] [100%] [32m[1mLinking CXX executable patrol_client[0m
[2.877s] [100%] Built target patrol_client
[2.881s] Invoked command in '/home/nayr/FishRos/ch4/ch4_ws/build/demo_cpp_service' returned '0': CMAKE_PREFIX_PATH=${CMAKE_PREFIX_PATH}:/home/nayr/FishRos/ch4/ch4_ws/install/demo_python_service:/opt/ros/humble /usr/bin/cmake --build /home/nayr/FishRos/ch4/ch4_ws/build/demo_cpp_service -- -j4 -l4
[2.883s] Invoking command in '/home/nayr/FishRos/ch4/ch4_ws/build/demo_cpp_service': CMAKE_PREFIX_PATH=${CMAKE_PREFIX_PATH}:/home/nayr/FishRos/ch4/ch4_ws/install/demo_python_service:/opt/ros/humble /usr/bin/cmake --install /home/nayr/FishRos/ch4/ch4_ws/build/demo_cpp_service
[2.885s] -- Install configuration: ""
[2.885s] -- Up-to-date: /home/nayr/FishRos/ch4/ch4_ws/install/demo_cpp_service/lib/demo_cpp_service/turtle_control
[2.885s] -- Installing: /home/nayr/FishRos/ch4/ch4_ws/install/demo_cpp_service/lib/demo_cpp_service/patrol_client
[2.887s] -- Set runtime path of "/home/nayr/FishRos/ch4/ch4_ws/install/demo_cpp_service/lib/demo_cpp_service/patrol_client" to ""
[2.887s] -- Installing: /home/nayr/FishRos/ch4/ch4_ws/install/demo_cpp_service/share/demo_cpp_service/launch
[2.888s] -- Installing: /home/nayr/FishRos/ch4/ch4_ws/install/demo_cpp_service/share/demo_cpp_service/launch/demo_launch.py
[2.888s] -- Up-to-date: /home/nayr/FishRos/ch4/ch4_ws/install/demo_cpp_service/share/ament_index/resource_index/package_run_dependencies/demo_cpp_service
[2.888s] -- Up-to-date: /home/nayr/FishRos/ch4/ch4_ws/install/demo_cpp_service/share/ament_index/resource_index/parent_prefix_path/demo_cpp_service
[2.888s] -- Up-to-date: /home/nayr/FishRos/ch4/ch4_ws/install/demo_cpp_service/share/demo_cpp_service/environment/ament_prefix_path.sh
[2.888s] -- Installing: /home/nayr/FishRos/ch4/ch4_ws/install/demo_cpp_service/share/demo_cpp_service/environment/ament_prefix_path.dsv
[2.888s] -- Up-to-date: /home/nayr/FishRos/ch4/ch4_ws/install/demo_cpp_service/share/demo_cpp_service/environment/path.sh
[2.888s] -- Installing: /home/nayr/FishRos/ch4/ch4_ws/install/demo_cpp_service/share/demo_cpp_service/environment/path.dsv
[2.888s] -- Up-to-date: /home/nayr/FishRos/ch4/ch4_ws/install/demo_cpp_service/share/demo_cpp_service/local_setup.bash
[2.888s] -- Up-to-date: /home/nayr/FishRos/ch4/ch4_ws/install/demo_cpp_service/share/demo_cpp_service/local_setup.sh
[2.888s] -- Up-to-date: /home/nayr/FishRos/ch4/ch4_ws/install/demo_cpp_service/share/demo_cpp_service/local_setup.zsh
[2.888s] -- Installing: /home/nayr/FishRos/ch4/ch4_ws/install/demo_cpp_service/share/demo_cpp_service/local_setup.dsv
[2.888s] -- Installing: /home/nayr/FishRos/ch4/ch4_ws/install/demo_cpp_service/share/demo_cpp_service/package.dsv
[2.888s] -- Up-to-date: /home/nayr/FishRos/ch4/ch4_ws/install/demo_cpp_service/share/ament_index/resource_index/packages/demo_cpp_service
[2.888s] -- Up-to-date: /home/nayr/FishRos/ch4/ch4_ws/install/demo_cpp_service/share/demo_cpp_service/cmake/demo_cpp_serviceConfig.cmake
[2.888s] -- Up-to-date: /home/nayr/FishRos/ch4/ch4_ws/install/demo_cpp_service/share/demo_cpp_service/cmake/demo_cpp_serviceConfig-version.cmake
[2.888s] -- Up-to-date: /home/nayr/FishRos/ch4/ch4_ws/install/demo_cpp_service/share/demo_cpp_service/package.xml
[2.889s] Invoked command in '/home/nayr/FishRos/ch4/ch4_ws/build/demo_cpp_service' returned '0': CMAKE_PREFIX_PATH=${CMAKE_PREFIX_PATH}:/home/nayr/FishRos/ch4/ch4_ws/install/demo_python_service:/opt/ros/humble /usr/bin/cmake --install /home/nayr/FishRos/ch4/ch4_ws/build/demo_cpp_service
