[0.004s] Invoking command in '/home/nayr/FishRos/ch3/topic_practice_ws/build/status_interfaces': CMAKE_PREFIX_PATH=/opt/ros/humble /usr/bin/cmake /home/nayr/FishRos/ch3/topic_practice_ws/src/status_interfaces -DCMAKE_INSTALL_PREFIX=/home/nayr/FishRos/ch3/topic_practice_ws/install/status_interfaces
[0.016s] -- Found ament_cmake: 1.3.12 (/opt/ros/humble/share/ament_cmake/cmake)
[0.091s] -- Found builtin_interfaces: 1.2.2 (/opt/ros/humble/share/builtin_interfaces/cmake)
[0.102s] -- Found rosidl_generator_c: 3.1.7 (/opt/ros/humble/share/rosidl_generator_c/cmake)
[0.104s] -- Found rosidl_adapter: 3.1.7 (/opt/ros/humble/share/rosidl_adapter/cmake)
[0.107s] -- Found rosidl_generator_cpp: 3.1.7 (/opt/ros/humble/share/rosidl_generator_cpp/cmake)
[0.111s] -- Using all available rosidl_typesupport_c: rosidl_typesupport_fastrtps_c;rosidl_typesupport_introspection_c
[0.116s] -- Using all available rosidl_typesupport_cpp: rosidl_typesupport_fastrtps_cpp;rosidl_typesupport_introspection_cpp
[0.121s] -- Found rosidl_default_generators: 1.2.0 (/opt/ros/humble/share/rosidl_default_generators/cmake)
[0.244s] -- Found ament_cmake_ros: 0.10.0 (/opt/ros/humble/share/ament_cmake_ros/cmake)
[0.382s] -- Using all available rosidl_typesupport_c: rosidl_typesupport_fastrtps_c;rosidl_typesupport_introspection_c
[0.435s] -- Using all available rosidl_typesupport_cpp: rosidl_typesupport_fastrtps_cpp;rosidl_typesupport_introspection_cpp
[0.445s] -- Found PythonInterp: /usr/bin/python3 (found suitable version "3.10.12", minimum required is "3.6") 
[0.446s] -- Found python_cmake_module: 0.10.0 (/opt/ros/humble/share/python_cmake_module/cmake)
[0.459s] -- Found PythonLibs: /usr/lib/aarch64-linux-gnu/libpython3.10.so (found suitable version "3.10.12", minimum required is "3.5") 
[0.459s] -- Using PYTHON_EXECUTABLE: /usr/bin/python3
[0.459s] -- Using PYTHON_INCLUDE_DIRS: /usr/include/python3.10
[0.459s] -- Using PYTHON_LIBRARIES: /usr/lib/aarch64-linux-gnu/libpython3.10.so
[0.468s] -- Found PythonExtra: .so  
[0.483s] -- Found ament_lint_auto: 0.12.14 (/opt/ros/humble/share/ament_lint_auto/cmake)
[0.492s] -- Added test 'lint_cmake' to check CMake code style
[0.493s] -- Added test 'xmllint' to check XML markup files
[0.494s] -- Configuring done
[0.508s] -- Generating done
[0.512s] -- Build files have been written to: /home/nayr/FishRos/ch3/topic_practice_ws/build/status_interfaces
[0.516s] Invoked command in '/home/nayr/FishRos/ch3/topic_practice_ws/build/status_interfaces' returned '0': CMAKE_PREFIX_PATH=/opt/ros/humble /usr/bin/cmake /home/nayr/FishRos/ch3/topic_practice_ws/src/status_interfaces -DCMAKE_INSTALL_PREFIX=/home/nayr/FishRos/ch3/topic_practice_ws/install/status_interfaces
[0.517s] Invoking command in '/home/nayr/FishRos/ch3/topic_practice_ws/build/status_interfaces': CMAKE_PREFIX_PATH=/opt/ros/humble /usr/bin/cmake --build /home/nayr/FishRos/ch3/topic_practice_ws/build/status_interfaces -- -j4 -l4
[0.532s] [  3%] [34m[1mGenerating C code for ROS interfaces[0m
[0.536s] [  6%] [34m[1mGenerating C++ code for ROS interfaces[0m
[0.539s] [  6%] Built target ament_cmake_python_copy_status_interfaces
[0.649s] running egg_info
[0.650s] creating status_interfaces.egg-info
[0.651s] writing status_interfaces.egg-info/PKG-INFO
[0.651s] writing dependency_links to status_interfaces.egg-info/dependency_links.txt
[0.651s] writing top-level names to status_interfaces.egg-info/top_level.txt
[0.651s] writing manifest file 'status_interfaces.egg-info/SOURCES.txt'
[0.652s] reading manifest file 'status_interfaces.egg-info/SOURCES.txt'
[0.653s] writing manifest file 'status_interfaces.egg-info/SOURCES.txt'
[0.660s] [  6%] Built target status_interfaces__cpp
[0.664s] [  9%] [34m[1mGenerating C++ type support dispatch for ROS interfaces[0m
[0.664s] [ 12%] [34m[1mGenerating C++ type support for eProsima Fast-RTPS[0m
[0.666s] [ 16%] [32mBuilding C object CMakeFiles/status_interfaces__rosidl_generator_c.dir/rosidl_generator_c/status_interfaces/msg/detail/system_status__functions.c.o[0m
[0.669s] [ 16%] Built target ament_cmake_python_build_status_interfaces_egg
[0.679s] [ 19%] [34m[1mGenerating C++ introspection for ROS interfaces[0m
[0.720s] [ 22%] [32m[1mLinking C shared library libstatus_interfaces__rosidl_generator_c.so[0m
[0.744s] [ 22%] Built target status_interfaces__rosidl_generator_c
[0.749s] [ 25%] [34m[1mGenerating C type support for eProsima Fast-RTPS[0m
[0.778s] [ 29%] [32mBuilding CXX object CMakeFiles/status_interfaces__rosidl_typesupport_cpp.dir/rosidl_typesupport_cpp/status_interfaces/msg/system_status__type_support.cpp.o[0m
[0.821s] [ 32%] [32mBuilding CXX object CMakeFiles/status_interfaces__rosidl_typesupport_fastrtps_cpp.dir/rosidl_typesupport_fastrtps_cpp/status_interfaces/msg/detail/dds_fastrtps/system_status__type_support.cpp.o[0m
[0.853s] [ 35%] [32mBuilding CXX object CMakeFiles/status_interfaces__rosidl_typesupport_introspection_cpp.dir/rosidl_typesupport_introspection_cpp/status_interfaces/msg/detail/system_status__type_support.cpp.o[0m
[0.907s] [ 38%] [32m[1mLinking CXX shared library libstatus_interfaces__rosidl_typesupport_cpp.so[0m
[0.908s] [ 41%] [32mBuilding CXX object CMakeFiles/status_interfaces__rosidl_typesupport_fastrtps_c.dir/rosidl_typesupport_fastrtps_c/status_interfaces/msg/detail/system_status__type_support_c.cpp.o[0m
[0.956s] [ 41%] Built target status_interfaces__rosidl_typesupport_cpp
[0.961s] [ 45%] [34m[1mGenerating C introspection for ROS interfaces[0m
[1.065s] [ 48%] [32m[1mLinking CXX shared library libstatus_interfaces__rosidl_typesupport_introspection_cpp.so[0m
[1.068s] [ 51%] [32m[1mLinking CXX shared library libstatus_interfaces__rosidl_typesupport_fastrtps_cpp.so[0m
[1.090s] [ 54%] [32m[1mLinking CXX shared library libstatus_interfaces__rosidl_typesupport_fastrtps_c.so[0m
[1.093s] [ 54%] Built target status_interfaces__rosidl_typesupport_introspection_cpp
[1.098s] [ 58%] [34m[1mGenerating C type support dispatch for ROS interfaces[0m
[1.099s] [ 61%] [32mBuilding C object CMakeFiles/status_interfaces__rosidl_typesupport_introspection_c.dir/rosidl_typesupport_introspection_c/status_interfaces/msg/detail/system_status__type_support.c.o[0m
[1.099s] [ 61%] Built target status_interfaces__rosidl_typesupport_fastrtps_cpp
[1.115s] [ 64%] [32m[1mLinking C shared library libstatus_interfaces__rosidl_typesupport_introspection_c.so[0m
[1.119s] [ 64%] Built target status_interfaces__rosidl_typesupport_fastrtps_c
[1.131s] [ 64%] Built target status_interfaces__rosidl_typesupport_introspection_c
[1.209s] [ 67%] [32mBuilding CXX object CMakeFiles/status_interfaces__rosidl_typesupport_c.dir/rosidl_typesupport_c/status_interfaces/msg/system_status__type_support.cpp.o[0m
[1.229s] [ 70%] [32m[1mLinking CXX shared library libstatus_interfaces__rosidl_typesupport_c.so[0m
[1.245s] [ 70%] Built target status_interfaces__rosidl_typesupport_c
[1.253s] [ 70%] Built target status_interfaces
[1.261s] [ 74%] [34m[1mGenerating Python code for ROS interfaces[0m
[1.402s] [ 74%] Built target status_interfaces__py
[1.409s] [ 77%] [32mBuilding C object CMakeFiles/status_interfaces__rosidl_generator_py.dir/rosidl_generator_py/status_interfaces/msg/_system_status_s.c.o[0m
[1.461s] [ 80%] [32m[1mLinking C shared library rosidl_generator_py/status_interfaces/libstatus_interfaces__rosidl_generator_py.so[0m
[1.479s] [ 80%] Built target status_interfaces__rosidl_generator_py
[1.487s] [ 87%] [32mBuilding C object CMakeFiles/status_interfaces__rosidl_typesupport_fastrtps_c__pyext.dir/rosidl_generator_py/status_interfaces/_status_interfaces_s.ep.rosidl_typesupport_fastrtps_c.c.o[0m
[1.487s] [ 87%] [32mBuilding C object CMakeFiles/status_interfaces__rosidl_typesupport_introspection_c__pyext.dir/rosidl_generator_py/status_interfaces/_status_interfaces_s.ep.rosidl_typesupport_introspection_c.c.o[0m
[1.487s] [ 90%] [32mBuilding C object CMakeFiles/status_interfaces__rosidl_typesupport_c__pyext.dir/rosidl_generator_py/status_interfaces/_status_interfaces_s.ep.rosidl_typesupport_c.c.o[0m
[1.531s] [ 93%] [32m[1mLinking C shared library rosidl_generator_py/status_interfaces/status_interfaces_s__rosidl_typesupport_c.cpython-310-aarch64-linux-gnu.so[0m
[1.534s] [ 96%] [32m[1mLinking C shared library rosidl_generator_py/status_interfaces/status_interfaces_s__rosidl_typesupport_introspection_c.cpython-310-aarch64-linux-gnu.so[0m
[1.538s] [100%] [32m[1mLinking C shared library rosidl_generator_py/status_interfaces/status_interfaces_s__rosidl_typesupport_fastrtps_c.cpython-310-aarch64-linux-gnu.so[0m
[1.548s] [100%] Built target status_interfaces__rosidl_typesupport_c__pyext
[1.548s] [100%] Built target status_interfaces__rosidl_typesupport_introspection_c__pyext
[1.555s] [100%] Built target status_interfaces__rosidl_typesupport_fastrtps_c__pyext
[1.560s] Invoked command in '/home/nayr/FishRos/ch3/topic_practice_ws/build/status_interfaces' returned '0': CMAKE_PREFIX_PATH=/opt/ros/humble /usr/bin/cmake --build /home/nayr/FishRos/ch3/topic_practice_ws/build/status_interfaces -- -j4 -l4
[1.564s] Invoking command in '/home/nayr/FishRos/ch3/topic_practice_ws/build/status_interfaces': CMAKE_PREFIX_PATH=/opt/ros/humble /usr/bin/cmake --install /home/nayr/FishRos/ch3/topic_practice_ws/build/status_interfaces
[1.566s] -- Install configuration: ""
[1.566s] -- Installing: /home/nayr/FishRos/ch3/topic_practice_ws/install/status_interfaces/share/ament_index/resource_index/rosidl_interfaces/status_interfaces
[1.567s] -- Installing: /home/nayr/FishRos/ch3/topic_practice_ws/install/status_interfaces/include/status_interfaces/status_interfaces
[1.567s] -- Installing: /home/nayr/FishRos/ch3/topic_practice_ws/install/status_interfaces/include/status_interfaces/status_interfaces/msg
[1.567s] -- Installing: /home/nayr/FishRos/ch3/topic_practice_ws/install/status_interfaces/include/status_interfaces/status_interfaces/msg/detail
[1.567s] -- Installing: /home/nayr/FishRos/ch3/topic_practice_ws/install/status_interfaces/include/status_interfaces/status_interfaces/msg/detail/system_status__functions.h
[1.567s] -- Installing: /home/nayr/FishRos/ch3/topic_practice_ws/install/status_interfaces/include/status_interfaces/status_interfaces/msg/detail/system_status__type_support.h
[1.567s] -- Installing: /home/nayr/FishRos/ch3/topic_practice_ws/install/status_interfaces/include/status_interfaces/status_interfaces/msg/detail/system_status__functions.c
[1.567s] -- Installing: /home/nayr/FishRos/ch3/topic_practice_ws/install/status_interfaces/include/status_interfaces/status_interfaces/msg/detail/system_status__struct.h
[1.567s] -- Installing: /home/nayr/FishRos/ch3/topic_practice_ws/install/status_interfaces/include/status_interfaces/status_interfaces/msg/rosidl_generator_c__visibility_control.h
[1.567s] -- Installing: /home/nayr/FishRos/ch3/topic_practice_ws/install/status_interfaces/include/status_interfaces/status_interfaces/msg/system_status.h
[1.567s] -- Installing: /home/nayr/FishRos/ch3/topic_practice_ws/install/status_interfaces/share/status_interfaces/environment/library_path.sh
[1.567s] -- Installing: /home/nayr/FishRos/ch3/topic_practice_ws/install/status_interfaces/share/status_interfaces/environment/library_path.dsv
[1.567s] -- Installing: /home/nayr/FishRos/ch3/topic_practice_ws/install/status_interfaces/lib/libstatus_interfaces__rosidl_generator_c.so
[1.567s] -- Set runtime path of "/home/nayr/FishRos/ch3/topic_practice_ws/install/status_interfaces/lib/libstatus_interfaces__rosidl_generator_c.so" to ""
[1.567s] -- Up-to-date: /home/nayr/FishRos/ch3/topic_practice_ws/install/status_interfaces/include/status_interfaces/status_interfaces
[1.567s] -- Up-to-date: /home/nayr/FishRos/ch3/topic_practice_ws/install/status_interfaces/include/status_interfaces/status_interfaces/msg
[1.567s] -- Up-to-date: /home/nayr/FishRos/ch3/topic_practice_ws/install/status_interfaces/include/status_interfaces/status_interfaces/msg/detail
[1.567s] -- Installing: /home/nayr/FishRos/ch3/topic_practice_ws/install/status_interfaces/include/status_interfaces/status_interfaces/msg/detail/system_status__rosidl_typesupport_fastrtps_c.h
[1.568s] -- Installing: /home/nayr/FishRos/ch3/topic_practice_ws/install/status_interfaces/include/status_interfaces/status_interfaces/msg/rosidl_typesupport_fastrtps_c__visibility_control.h
[1.568s] -- Installing: /home/nayr/FishRos/ch3/topic_practice_ws/install/status_interfaces/lib/libstatus_interfaces__rosidl_typesupport_fastrtps_c.so
[1.568s] -- Set runtime path of "/home/nayr/FishRos/ch3/topic_practice_ws/install/status_interfaces/lib/libstatus_interfaces__rosidl_typesupport_fastrtps_c.so" to ""
[1.568s] -- Up-to-date: /home/nayr/FishRos/ch3/topic_practice_ws/install/status_interfaces/include/status_interfaces/status_interfaces
[1.568s] -- Up-to-date: /home/nayr/FishRos/ch3/topic_practice_ws/install/status_interfaces/include/status_interfaces/status_interfaces/msg
[1.568s] -- Up-to-date: /home/nayr/FishRos/ch3/topic_practice_ws/install/status_interfaces/include/status_interfaces/status_interfaces/msg/detail
[1.568s] -- Installing: /home/nayr/FishRos/ch3/topic_practice_ws/install/status_interfaces/include/status_interfaces/status_interfaces/msg/detail/system_status__traits.hpp
[1.568s] -- Installing: /home/nayr/FishRos/ch3/topic_practice_ws/install/status_interfaces/include/status_interfaces/status_interfaces/msg/detail/system_status__type_support.hpp
[1.568s] -- Installing: /home/nayr/FishRos/ch3/topic_practice_ws/install/status_interfaces/include/status_interfaces/status_interfaces/msg/detail/system_status__builder.hpp
[1.568s] -- Installing: /home/nayr/FishRos/ch3/topic_practice_ws/install/status_interfaces/include/status_interfaces/status_interfaces/msg/detail/system_status__struct.hpp
[1.568s] -- Installing: /home/nayr/FishRos/ch3/topic_practice_ws/install/status_interfaces/include/status_interfaces/status_interfaces/msg/system_status.hpp
[1.568s] -- Installing: /home/nayr/FishRos/ch3/topic_practice_ws/install/status_interfaces/include/status_interfaces/status_interfaces/msg/rosidl_generator_cpp__visibility_control.hpp
[1.568s] -- Up-to-date: /home/nayr/FishRos/ch3/topic_practice_ws/install/status_interfaces/include/status_interfaces/status_interfaces
[1.568s] -- Up-to-date: /home/nayr/FishRos/ch3/topic_practice_ws/install/status_interfaces/include/status_interfaces/status_interfaces/msg
[1.568s] -- Up-to-date: /home/nayr/FishRos/ch3/topic_practice_ws/install/status_interfaces/include/status_interfaces/status_interfaces/msg/detail
[1.568s] -- Installing: /home/nayr/FishRos/ch3/topic_practice_ws/install/status_interfaces/include/status_interfaces/status_interfaces/msg/detail/system_status__rosidl_typesupport_fastrtps_cpp.hpp
[1.569s] -- Installing: /home/nayr/FishRos/ch3/topic_practice_ws/install/status_interfaces/include/status_interfaces/status_interfaces/msg/detail/dds_fastrtps
[1.569s] -- Installing: /home/nayr/FishRos/ch3/topic_practice_ws/install/status_interfaces/include/status_interfaces/status_interfaces/msg/rosidl_typesupport_fastrtps_cpp__visibility_control.h
[1.569s] -- Installing: /home/nayr/FishRos/ch3/topic_practice_ws/install/status_interfaces/lib/libstatus_interfaces__rosidl_typesupport_fastrtps_cpp.so
[1.569s] -- Set runtime path of "/home/nayr/FishRos/ch3/topic_practice_ws/install/status_interfaces/lib/libstatus_interfaces__rosidl_typesupport_fastrtps_cpp.so" to ""
[1.569s] -- Up-to-date: /home/nayr/FishRos/ch3/topic_practice_ws/install/status_interfaces/include/status_interfaces/status_interfaces
[1.569s] -- Up-to-date: /home/nayr/FishRos/ch3/topic_practice_ws/install/status_interfaces/include/status_interfaces/status_interfaces/msg
[1.569s] -- Up-to-date: /home/nayr/FishRos/ch3/topic_practice_ws/install/status_interfaces/include/status_interfaces/status_interfaces/msg/detail
[1.569s] -- Installing: /home/nayr/FishRos/ch3/topic_practice_ws/install/status_interfaces/include/status_interfaces/status_interfaces/msg/detail/system_status__rosidl_typesupport_introspection_c.h
[1.569s] -- Installing: /home/nayr/FishRos/ch3/topic_practice_ws/install/status_interfaces/include/status_interfaces/status_interfaces/msg/detail/system_status__type_support.c
[1.569s] -- Installing: /home/nayr/FishRos/ch3/topic_practice_ws/install/status_interfaces/include/status_interfaces/status_interfaces/msg/rosidl_typesupport_introspection_c__visibility_control.h
[1.569s] -- Installing: /home/nayr/FishRos/ch3/topic_practice_ws/install/status_interfaces/lib/libstatus_interfaces__rosidl_typesupport_introspection_c.so
[1.569s] -- Set runtime path of "/home/nayr/FishRos/ch3/topic_practice_ws/install/status_interfaces/lib/libstatus_interfaces__rosidl_typesupport_introspection_c.so" to ""
[1.569s] -- Installing: /home/nayr/FishRos/ch3/topic_practice_ws/install/status_interfaces/lib/libstatus_interfaces__rosidl_typesupport_c.so
[1.569s] -- Set runtime path of "/home/nayr/FishRos/ch3/topic_practice_ws/install/status_interfaces/lib/libstatus_interfaces__rosidl_typesupport_c.so" to ""
[1.569s] -- Up-to-date: /home/nayr/FishRos/ch3/topic_practice_ws/install/status_interfaces/include/status_interfaces/status_interfaces
[1.569s] -- Up-to-date: /home/nayr/FishRos/ch3/topic_practice_ws/install/status_interfaces/include/status_interfaces/status_interfaces/msg
[1.569s] -- Up-to-date: /home/nayr/FishRos/ch3/topic_practice_ws/install/status_interfaces/include/status_interfaces/status_interfaces/msg/detail
[1.569s] -- Installing: /home/nayr/FishRos/ch3/topic_practice_ws/install/status_interfaces/include/status_interfaces/status_interfaces/msg/detail/system_status__rosidl_typesupport_introspection_cpp.hpp
[1.569s] -- Installing: /home/nayr/FishRos/ch3/topic_practice_ws/install/status_interfaces/include/status_interfaces/status_interfaces/msg/detail/system_status__type_support.cpp
[1.569s] -- Installing: /home/nayr/FishRos/ch3/topic_practice_ws/install/status_interfaces/lib/libstatus_interfaces__rosidl_typesupport_introspection_cpp.so
[1.569s] -- Set runtime path of "/home/nayr/FishRos/ch3/topic_practice_ws/install/status_interfaces/lib/libstatus_interfaces__rosidl_typesupport_introspection_cpp.so" to ""
[1.569s] -- Installing: /home/nayr/FishRos/ch3/topic_practice_ws/install/status_interfaces/lib/libstatus_interfaces__rosidl_typesupport_cpp.so
[1.569s] -- Set runtime path of "/home/nayr/FishRos/ch3/topic_practice_ws/install/status_interfaces/lib/libstatus_interfaces__rosidl_typesupport_cpp.so" to ""
[1.570s] -- Installing: /home/nayr/FishRos/ch3/topic_practice_ws/install/status_interfaces/share/status_interfaces/environment/pythonpath.sh
[1.570s] -- Installing: /home/nayr/FishRos/ch3/topic_practice_ws/install/status_interfaces/share/status_interfaces/environment/pythonpath.dsv
[1.570s] -- Installing: /home/nayr/FishRos/ch3/topic_practice_ws/install/status_interfaces/local/lib/python3.10/dist-packages/status_interfaces-0.0.0-py3.10.egg-info
[1.570s] -- Installing: /home/nayr/FishRos/ch3/topic_practice_ws/install/status_interfaces/local/lib/python3.10/dist-packages/status_interfaces-0.0.0-py3.10.egg-info/top_level.txt
[1.570s] -- Installing: /home/nayr/FishRos/ch3/topic_practice_ws/install/status_interfaces/local/lib/python3.10/dist-packages/status_interfaces-0.0.0-py3.10.egg-info/SOURCES.txt
[1.570s] -- Installing: /home/nayr/FishRos/ch3/topic_practice_ws/install/status_interfaces/local/lib/python3.10/dist-packages/status_interfaces-0.0.0-py3.10.egg-info/PKG-INFO
[1.570s] -- Installing: /home/nayr/FishRos/ch3/topic_practice_ws/install/status_interfaces/local/lib/python3.10/dist-packages/status_interfaces-0.0.0-py3.10.egg-info/dependency_links.txt
[1.570s] -- Installing: /home/nayr/FishRos/ch3/topic_practice_ws/install/status_interfaces/local/lib/python3.10/dist-packages/status_interfaces
[1.570s] -- Installing: /home/nayr/FishRos/ch3/topic_practice_ws/install/status_interfaces/local/lib/python3.10/dist-packages/status_interfaces/status_interfaces_s__rosidl_typesupport_c.cpython-310-aarch64-linux-gnu.so
[1.570s] -- Installing: /home/nayr/FishRos/ch3/topic_practice_ws/install/status_interfaces/local/lib/python3.10/dist-packages/status_interfaces/_status_interfaces_s.ep.rosidl_typesupport_c.c
[1.570s] -- Installing: /home/nayr/FishRos/ch3/topic_practice_ws/install/status_interfaces/local/lib/python3.10/dist-packages/status_interfaces/status_interfaces_s__rosidl_typesupport_fastrtps_c.cpython-310-aarch64-linux-gnu.so
[1.570s] -- Installing: /home/nayr/FishRos/ch3/topic_practice_ws/install/status_interfaces/local/lib/python3.10/dist-packages/status_interfaces/_status_interfaces_s.ep.rosidl_typesupport_fastrtps_c.c
[1.570s] -- Installing: /home/nayr/FishRos/ch3/topic_practice_ws/install/status_interfaces/local/lib/python3.10/dist-packages/status_interfaces/libstatus_interfaces__rosidl_generator_py.so
[1.570s] -- Installing: /home/nayr/FishRos/ch3/topic_practice_ws/install/status_interfaces/local/lib/python3.10/dist-packages/status_interfaces/_status_interfaces_s.ep.rosidl_typesupport_introspection_c.c
[1.570s] -- Installing: /home/nayr/FishRos/ch3/topic_practice_ws/install/status_interfaces/local/lib/python3.10/dist-packages/status_interfaces/msg
[1.570s] -- Installing: /home/nayr/FishRos/ch3/topic_practice_ws/install/status_interfaces/local/lib/python3.10/dist-packages/status_interfaces/msg/_system_status_s.c
[1.570s] -- Installing: /home/nayr/FishRos/ch3/topic_practice_ws/install/status_interfaces/local/lib/python3.10/dist-packages/status_interfaces/msg/_system_status.py
[1.570s] -- Installing: /home/nayr/FishRos/ch3/topic_practice_ws/install/status_interfaces/local/lib/python3.10/dist-packages/status_interfaces/msg/__init__.py
[1.570s] -- Installing: /home/nayr/FishRos/ch3/topic_practice_ws/install/status_interfaces/local/lib/python3.10/dist-packages/status_interfaces/status_interfaces_s__rosidl_typesupport_introspection_c.cpython-310-aarch64-linux-gnu.so
[1.570s] -- Installing: /home/nayr/FishRos/ch3/topic_practice_ws/install/status_interfaces/local/lib/python3.10/dist-packages/status_interfaces/__init__.py
[1.585s] Listing '/home/nayr/FishRos/ch3/topic_practice_ws/install/status_interfaces/local/lib/python3.10/dist-packages/status_interfaces'...
[1.585s] Compiling '/home/nayr/FishRos/ch3/topic_practice_ws/install/status_interfaces/local/lib/python3.10/dist-packages/status_interfaces/__init__.py'...
[1.585s] Listing '/home/nayr/FishRos/ch3/topic_practice_ws/install/status_interfaces/local/lib/python3.10/dist-packages/status_interfaces/msg'...
[1.585s] Compiling '/home/nayr/FishRos/ch3/topic_practice_ws/install/status_interfaces/local/lib/python3.10/dist-packages/status_interfaces/msg/__init__.py'...
[1.585s] Compiling '/home/nayr/FishRos/ch3/topic_practice_ws/install/status_interfaces/local/lib/python3.10/dist-packages/status_interfaces/msg/_system_status.py'...
[1.587s] -- Installing: /home/nayr/FishRos/ch3/topic_practice_ws/install/status_interfaces/local/lib/python3.10/dist-packages/status_interfaces/status_interfaces_s__rosidl_typesupport_fastrtps_c.cpython-310-aarch64-linux-gnu.so
[1.587s] -- Set runtime path of "/home/nayr/FishRos/ch3/topic_practice_ws/install/status_interfaces/local/lib/python3.10/dist-packages/status_interfaces/status_interfaces_s__rosidl_typesupport_fastrtps_c.cpython-310-aarch64-linux-gnu.so" to ""
[1.588s] -- Installing: /home/nayr/FishRos/ch3/topic_practice_ws/install/status_interfaces/local/lib/python3.10/dist-packages/status_interfaces/status_interfaces_s__rosidl_typesupport_introspection_c.cpython-310-aarch64-linux-gnu.so
[1.588s] -- Set runtime path of "/home/nayr/FishRos/ch3/topic_practice_ws/install/status_interfaces/local/lib/python3.10/dist-packages/status_interfaces/status_interfaces_s__rosidl_typesupport_introspection_c.cpython-310-aarch64-linux-gnu.so" to ""
[1.588s] -- Installing: /home/nayr/FishRos/ch3/topic_practice_ws/install/status_interfaces/local/lib/python3.10/dist-packages/status_interfaces/status_interfaces_s__rosidl_typesupport_c.cpython-310-aarch64-linux-gnu.so
[1.588s] -- Set runtime path of "/home/nayr/FishRos/ch3/topic_practice_ws/install/status_interfaces/local/lib/python3.10/dist-packages/status_interfaces/status_interfaces_s__rosidl_typesupport_c.cpython-310-aarch64-linux-gnu.so" to ""
[1.588s] -- Installing: /home/nayr/FishRos/ch3/topic_practice_ws/install/status_interfaces/lib/libstatus_interfaces__rosidl_generator_py.so
[1.588s] -- Set runtime path of "/home/nayr/FishRos/ch3/topic_practice_ws/install/status_interfaces/lib/libstatus_interfaces__rosidl_generator_py.so" to ""
[1.588s] -- Installing: /home/nayr/FishRos/ch3/topic_practice_ws/install/status_interfaces/share/status_interfaces/msg/SystemStatus.idl
[1.588s] -- Installing: /home/nayr/FishRos/ch3/topic_practice_ws/install/status_interfaces/share/status_interfaces/msg/SystemStatus.msg
[1.588s] -- Installing: /home/nayr/FishRos/ch3/topic_practice_ws/install/status_interfaces/share/ament_index/resource_index/package_run_dependencies/status_interfaces
[1.589s] -- Installing: /home/nayr/FishRos/ch3/topic_practice_ws/install/status_interfaces/share/ament_index/resource_index/parent_prefix_path/status_interfaces
[1.589s] -- Installing: /home/nayr/FishRos/ch3/topic_practice_ws/install/status_interfaces/share/status_interfaces/environment/ament_prefix_path.sh
[1.589s] -- Installing: /home/nayr/FishRos/ch3/topic_practice_ws/install/status_interfaces/share/status_interfaces/environment/ament_prefix_path.dsv
[1.589s] -- Installing: /home/nayr/FishRos/ch3/topic_practice_ws/install/status_interfaces/share/status_interfaces/environment/path.sh
[1.589s] -- Installing: /home/nayr/FishRos/ch3/topic_practice_ws/install/status_interfaces/share/status_interfaces/environment/path.dsv
[1.589s] -- Installing: /home/nayr/FishRos/ch3/topic_practice_ws/install/status_interfaces/share/status_interfaces/local_setup.bash
[1.589s] -- Installing: /home/nayr/FishRos/ch3/topic_practice_ws/install/status_interfaces/share/status_interfaces/local_setup.sh
[1.589s] -- Installing: /home/nayr/FishRos/ch3/topic_practice_ws/install/status_interfaces/share/status_interfaces/local_setup.zsh
[1.589s] -- Installing: /home/nayr/FishRos/ch3/topic_practice_ws/install/status_interfaces/share/status_interfaces/local_setup.dsv
[1.590s] -- Installing: /home/nayr/FishRos/ch3/topic_practice_ws/install/status_interfaces/share/status_interfaces/package.dsv
[1.590s] -- Installing: /home/nayr/FishRos/ch3/topic_practice_ws/install/status_interfaces/share/ament_index/resource_index/packages/status_interfaces
[1.590s] -- Installing: /home/nayr/FishRos/ch3/topic_practice_ws/install/status_interfaces/share/status_interfaces/cmake/export_status_interfaces__rosidl_generator_cExport.cmake
[1.590s] -- Installing: /home/nayr/FishRos/ch3/topic_practice_ws/install/status_interfaces/share/status_interfaces/cmake/export_status_interfaces__rosidl_generator_cExport-noconfig.cmake
[1.590s] -- Installing: /home/nayr/FishRos/ch3/topic_practice_ws/install/status_interfaces/share/status_interfaces/cmake/export_status_interfaces__rosidl_typesupport_fastrtps_cExport.cmake
[1.590s] -- Installing: /home/nayr/FishRos/ch3/topic_practice_ws/install/status_interfaces/share/status_interfaces/cmake/export_status_interfaces__rosidl_typesupport_fastrtps_cExport-noconfig.cmake
[1.590s] -- Installing: /home/nayr/FishRos/ch3/topic_practice_ws/install/status_interfaces/share/status_interfaces/cmake/export_status_interfaces__rosidl_generator_cppExport.cmake
[1.590s] -- Installing: /home/nayr/FishRos/ch3/topic_practice_ws/install/status_interfaces/share/status_interfaces/cmake/export_status_interfaces__rosidl_typesupport_fastrtps_cppExport.cmake
[1.590s] -- Installing: /home/nayr/FishRos/ch3/topic_practice_ws/install/status_interfaces/share/status_interfaces/cmake/export_status_interfaces__rosidl_typesupport_fastrtps_cppExport-noconfig.cmake
[1.590s] -- Installing: /home/nayr/FishRos/ch3/topic_practice_ws/install/status_interfaces/share/status_interfaces/cmake/status_interfaces__rosidl_typesupport_introspection_cExport.cmake
[1.590s] -- Installing: /home/nayr/FishRos/ch3/topic_practice_ws/install/status_interfaces/share/status_interfaces/cmake/status_interfaces__rosidl_typesupport_introspection_cExport-noconfig.cmake
[1.590s] -- Installing: /home/nayr/FishRos/ch3/topic_practice_ws/install/status_interfaces/share/status_interfaces/cmake/status_interfaces__rosidl_typesupport_cExport.cmake
[1.590s] -- Installing: /home/nayr/FishRos/ch3/topic_practice_ws/install/status_interfaces/share/status_interfaces/cmake/status_interfaces__rosidl_typesupport_cExport-noconfig.cmake
[1.590s] -- Installing: /home/nayr/FishRos/ch3/topic_practice_ws/install/status_interfaces/share/status_interfaces/cmake/status_interfaces__rosidl_typesupport_introspection_cppExport.cmake
[1.590s] -- Installing: /home/nayr/FishRos/ch3/topic_practice_ws/install/status_interfaces/share/status_interfaces/cmake/status_interfaces__rosidl_typesupport_introspection_cppExport-noconfig.cmake
[1.591s] -- Installing: /home/nayr/FishRos/ch3/topic_practice_ws/install/status_interfaces/share/status_interfaces/cmake/status_interfaces__rosidl_typesupport_cppExport.cmake
[1.591s] -- Installing: /home/nayr/FishRos/ch3/topic_practice_ws/install/status_interfaces/share/status_interfaces/cmake/status_interfaces__rosidl_typesupport_cppExport-noconfig.cmake
[1.591s] -- Installing: /home/nayr/FishRos/ch3/topic_practice_ws/install/status_interfaces/share/status_interfaces/cmake/export_status_interfaces__rosidl_generator_pyExport.cmake
[1.591s] -- Installing: /home/nayr/FishRos/ch3/topic_practice_ws/install/status_interfaces/share/status_interfaces/cmake/export_status_interfaces__rosidl_generator_pyExport-noconfig.cmake
[1.591s] -- Installing: /home/nayr/FishRos/ch3/topic_practice_ws/install/status_interfaces/share/status_interfaces/cmake/rosidl_cmake-extras.cmake
[1.591s] -- Installing: /home/nayr/FishRos/ch3/topic_practice_ws/install/status_interfaces/share/status_interfaces/cmake/ament_cmake_export_dependencies-extras.cmake
[1.591s] -- Installing: /home/nayr/FishRos/ch3/topic_practice_ws/install/status_interfaces/share/status_interfaces/cmake/ament_cmake_export_include_directories-extras.cmake
[1.591s] -- Installing: /home/nayr/FishRos/ch3/topic_practice_ws/install/status_interfaces/share/status_interfaces/cmake/ament_cmake_export_libraries-extras.cmake
[1.591s] -- Installing: /home/nayr/FishRos/ch3/topic_practice_ws/install/status_interfaces/share/status_interfaces/cmake/ament_cmake_export_targets-extras.cmake
[1.591s] -- Installing: /home/nayr/FishRos/ch3/topic_practice_ws/install/status_interfaces/share/status_interfaces/cmake/rosidl_cmake_export_typesupport_targets-extras.cmake
[1.591s] -- Installing: /home/nayr/FishRos/ch3/topic_practice_ws/install/status_interfaces/share/status_interfaces/cmake/rosidl_cmake_export_typesupport_libraries-extras.cmake
[1.591s] -- Installing: /home/nayr/FishRos/ch3/topic_practice_ws/install/status_interfaces/share/status_interfaces/cmake/status_interfacesConfig.cmake
[1.591s] -- Installing: /home/nayr/FishRos/ch3/topic_practice_ws/install/status_interfaces/share/status_interfaces/cmake/status_interfacesConfig-version.cmake
[1.591s] -- Installing: /home/nayr/FishRos/ch3/topic_practice_ws/install/status_interfaces/share/status_interfaces/package.xml
[1.592s] Invoked command in '/home/nayr/FishRos/ch3/topic_practice_ws/build/status_interfaces' returned '0': CMAKE_PREFIX_PATH=/opt/ros/humble /usr/bin/cmake --install /home/nayr/FishRos/ch3/topic_practice_ws/build/status_interfaces
