[0.006s] Invoking command in '/home/nayr/FishRos/ch4/ch4_ws/build/demo_cpp_service': CMAKE_PREFIX_PATH=${CMAKE_PREFIX_PATH}:/home/nayr/FishRos/ch4/ch4_ws/install/demo_python_service:/opt/ros/humble /usr/bin/cmake --build /home/nayr/FishRos/ch4/ch4_ws/build/demo_cpp_service -- -j4 -l4
[0.041s] [ 50%] Built target patrol_client
[0.043s] [100%] Built target turtle_control
[0.049s] Invoked command in '/home/nayr/FishRos/ch4/ch4_ws/build/demo_cpp_service' returned '0': CMAKE_PREFIX_PATH=${CMAKE_PREFIX_PATH}:/home/nayr/FishRos/ch4/ch4_ws/install/demo_python_service:/opt/ros/humble /usr/bin/cmake --build /home/nayr/FishRos/ch4/ch4_ws/build/demo_cpp_service -- -j4 -l4
[0.052s] Invoking command in '/home/nayr/FishRos/ch4/ch4_ws/build/demo_cpp_service': CMAKE_PREFIX_PATH=${CMAKE_PREFIX_PATH}:/home/nayr/FishRos/ch4/ch4_ws/install/demo_python_service:/opt/ros/humble /usr/bin/cmake --install /home/nayr/FishRos/ch4/ch4_ws/build/demo_cpp_service
[0.055s] -- Install configuration: ""
[0.056s] -- Up-to-date: /home/nayr/FishRos/ch4/ch4_ws/install/demo_cpp_service/lib/demo_cpp_service/turtle_control
[0.056s] -- Up-to-date: /home/nayr/FishRos/ch4/ch4_ws/install/demo_cpp_service/lib/demo_cpp_service/patrol_client
[0.056s] -- Up-to-date: /home/nayr/FishRos/ch4/ch4_ws/install/demo_cpp_service/share/demo_cpp_service/launch
[0.056s] -- Installing: /home/nayr/FishRos/ch4/ch4_ws/install/demo_cpp_service/share/demo_cpp_service/launch/demo.launch.py
[0.056s] -- Up-to-date: /home/nayr/FishRos/ch4/ch4_ws/install/demo_cpp_service/share/ament_index/resource_index/package_run_dependencies/demo_cpp_service
[0.056s] -- Up-to-date: /home/nayr/FishRos/ch4/ch4_ws/install/demo_cpp_service/share/ament_index/resource_index/parent_prefix_path/demo_cpp_service
[0.056s] -- Up-to-date: /home/nayr/FishRos/ch4/ch4_ws/install/demo_cpp_service/share/demo_cpp_service/environment/ament_prefix_path.sh
[0.056s] -- Up-to-date: /home/nayr/FishRos/ch4/ch4_ws/install/demo_cpp_service/share/demo_cpp_service/environment/ament_prefix_path.dsv
[0.056s] -- Up-to-date: /home/nayr/FishRos/ch4/ch4_ws/install/demo_cpp_service/share/demo_cpp_service/environment/path.sh
[0.056s] -- Up-to-date: /home/nayr/FishRos/ch4/ch4_ws/install/demo_cpp_service/share/demo_cpp_service/environment/path.dsv
[0.056s] -- Up-to-date: /home/nayr/FishRos/ch4/ch4_ws/install/demo_cpp_service/share/demo_cpp_service/local_setup.bash
[0.057s] -- Up-to-date: /home/nayr/FishRos/ch4/ch4_ws/install/demo_cpp_service/share/demo_cpp_service/local_setup.sh
[0.057s] -- Up-to-date: /home/nayr/FishRos/ch4/ch4_ws/install/demo_cpp_service/share/demo_cpp_service/local_setup.zsh
[0.057s] -- Up-to-date: /home/nayr/FishRos/ch4/ch4_ws/install/demo_cpp_service/share/demo_cpp_service/local_setup.dsv
[0.057s] -- Installing: /home/nayr/FishRos/ch4/ch4_ws/install/demo_cpp_service/share/demo_cpp_service/package.dsv
[0.057s] -- Up-to-date: /home/nayr/FishRos/ch4/ch4_ws/install/demo_cpp_service/share/ament_index/resource_index/packages/demo_cpp_service
[0.057s] -- Up-to-date: /home/nayr/FishRos/ch4/ch4_ws/install/demo_cpp_service/share/demo_cpp_service/cmake/demo_cpp_serviceConfig.cmake
[0.057s] -- Up-to-date: /home/nayr/FishRos/ch4/ch4_ws/install/demo_cpp_service/share/demo_cpp_service/cmake/demo_cpp_serviceConfig-version.cmake
[0.057s] -- Up-to-date: /home/nayr/FishRos/ch4/ch4_ws/install/demo_cpp_service/share/demo_cpp_service/package.xml
[0.061s] Invoked command in '/home/nayr/FishRos/ch4/ch4_ws/build/demo_cpp_service' returned '0': CMAKE_PREFIX_PATH=${CMAKE_PREFIX_PATH}:/home/nayr/FishRos/ch4/ch4_ws/install/demo_python_service:/opt/ros/humble /usr/bin/cmake --install /home/nayr/FishRos/ch4/ch4_ws/build/demo_cpp_service
