[01m[K/home/nayr/FishRos/ch3/topic_ws/src/demo_cpp_topic/src/turtle_circle.cpp:32:52:[m[K [01;35m[Kwarning: [m[Kcharacter constant too long for its type
   32 | = std::make_shared<TurtleCircleNode>([01;35m[K'turtle_circle_node'[m[K);
      |                                      [01;35m[K^~~~~~~~~~~~~~~~~~~~[m[K

In file included from [01m[K/usr/include/aarch64-linux-gnu/c++/11/bits/c++allocator.h:33[m[K,
                 from [01m[K/usr/include/c++/11/bits/allocator.h:46[m[K,
                 from [01m[K/usr/include/c++/11/memory:64[m[K,
                 from [01m[K/opt/ros/humble/include/rclcpp/rclcpp/rclcpp.hpp:153[m[K,
                 from [01m[K/home/nayr/FishRos/ch3/topic_ws/src/demo_cpp_topic/src/turtle_circle.cpp:1[m[K:
/usr/include/c++/11/ext/new_allocator.h: In instantiation of ‘[01m[Kvoid __gnu_cxx::new_allocator<_Tp>::construct(_Up*, _Args&& ...) [with _Up = TurtleCircleNode; _Args = {int}; _Tp = TurtleCircleNode][m[K’:
[01m[K/usr/include/c++/11/bits/alloc_traits.h:516:17:[m[K   required from ‘[01m[Kstatic void std::allocator_traits<std::allocator<_Tp1> >::construct(std::allocator_traits<std::allocator<_Tp1> >::allocator_type&, _Up*, _Args&& ...) [with _Up = TurtleCircleNode; _Args = {int}; _Tp = TurtleCircleNode; std::allocator_traits<std::allocator<_Tp1> >::allocator_type = std::allocator<TurtleCircleNode>][m[K’
[01m[K/usr/include/c++/11/bits/shared_ptr_base.h:519:39:[m[K   required from ‘[01m[Kstd::_Sp_counted_ptr_inplace<_Tp, _Alloc, _Lp>::_Sp_counted_ptr_inplace(_Alloc, _Args&& ...) [with _Args = {int}; _Tp = TurtleCircleNode; _Alloc = std::allocator<TurtleCircleNode>; __gnu_cxx::_Lock_policy _Lp = __gnu_cxx::_S_atomic][m[K’
[01m[K/usr/include/c++/11/bits/shared_ptr_base.h:650:16:[m[K   required from ‘[01m[Kstd::__shared_count<_Lp>::__shared_count(_Tp*&, std::_Sp_alloc_shared_tag<_Alloc>, _Args&& ...) [with _Tp = TurtleCircleNode; _Alloc = std::allocator<TurtleCircleNode>; _Args = {int}; __gnu_cxx::_Lock_policy _Lp = __gnu_cxx::_S_atomic][m[K’
[01m[K/usr/include/c++/11/bits/shared_ptr_base.h:1342:14:[m[K   required from ‘[01m[Kstd::__shared_ptr<_Tp, _Lp>::__shared_ptr(std::_Sp_alloc_shared_tag<_Tp>, _Args&& ...) [with _Alloc = std::allocator<TurtleCircleNode>; _Args = {int}; _Tp = TurtleCircleNode; __gnu_cxx::_Lock_policy _Lp = __gnu_cxx::_S_atomic][m[K’
[01m[K/usr/include/c++/11/bits/shared_ptr.h:409:59:[m[K   required from ‘[01m[Kstd::shared_ptr<_Tp>::shared_ptr(std::_Sp_alloc_shared_tag<_Tp>, _Args&& ...) [with _Alloc = std::allocator<TurtleCircleNode>; _Args = {int}; _Tp = TurtleCircleNode][m[K’
[01m[K/usr/include/c++/11/bits/shared_ptr.h:862:14:[m[K   required from ‘[01m[Kstd::shared_ptr<_Tp> std::allocate_shared(const _Alloc&, _Args&& ...) [with _Tp = TurtleCircleNode; _Alloc = std::allocator<TurtleCircleNode>; _Args = {int}][m[K’
[01m[K/usr/include/c++/11/bits/shared_ptr.h:878:39:[m[K   required from ‘[01m[Kstd::shared_ptr<_Tp> std::make_shared(_Args&& ...) [with _Tp = TurtleCircleNode; _Args = {int}][m[K’
[01m[K/home/nayr/FishRos/ch3/topic_ws/src/demo_cpp_topic/src/turtle_circle.cpp:32:51:[m[K   required from here
[01m[K/usr/include/c++/11/ext/new_allocator.h:162:11:[m[K [01;31m[Kerror: [m[Kno matching function for call to ‘[01m[KTurtleCircleNode::TurtleCircleNode(int)[m[K’
  162 |         { [01;31m[K::new((void *)__p) _Up(std::forward<_Args>(__args)...)[m[K; }
      |           [01;31m[K^~~~~~~~~~~~~~~~~~~~~~~~~~~~~~~~~~~~~~~~~~~~~~~~~~~~~~[m[K
[01m[K/home/nayr/FishRos/ch3/topic_ws/src/demo_cpp_topic/src/turtle_circle.cpp:14:14:[m[K [01;36m[Knote: [m[Kcandidate: ‘[01m[KTurtleCircleNode::TurtleCircleNode(const string&)[m[K’
   14 |     explicit [01;36m[KTurtleCircleNode[m[K(const std::string &node_name) : Node(node_name)
      |              [01;36m[K^~~~~~~~~~~~~~~~[m[K
[01m[K/home/nayr/FishRos/ch3/topic_ws/src/demo_cpp_topic/src/turtle_circle.cpp:14:50:[m[K [01;36m[Knote: [m[K  no known conversion for argument 1 from ‘[01m[Kint[m[K’ to ‘[01m[Kconst string&[m[K’ {aka ‘[01m[Kconst std::__cxx11::basic_string<char>&[m[K’}
   14 |  TurtleCircleNode([01;36m[Kconst std::string &node_name[m[K) : Node(node_name)
      |                   [01;36m[K~~~~~~~~~~~~~~~~~~~^~~~~~~~~[m[K

gmake[2]: *** [CMakeFiles/turtle_circle.dir/build.make:76: CMakeFiles/turtle_circle.dir/src/turtle_circle.cpp.o] Error 1
gmake[1]: *** [CMakeFiles/Makefile2:137: CMakeFiles/turtle_circle.dir/all] Error 2
gmake: *** [Makefile:146: all] Error 2
