[0.007s] Invoking command in '/home/nayr/FishRos/ch3/topic_ws/src/build/demo_cpp_topic': CMAKE_PREFIX_PATH=/home/nayr/FishRos/ch3/topic_ws/src/install/demo_python_topic:/opt/ros/humble /usr/bin/cmake /home/nayr/FishRos/ch3/topic_ws/src/demo_cpp_topic -DCMAKE_INSTALL_PREFIX=/home/nayr/FishRos/ch3/topic_ws/src/install/demo_cpp_topic
[0.018s] -- Found ament_cmake: 1.3.12 (/opt/ros/humble/share/ament_cmake/cmake)
[0.077s] -- Found rclcpp: 16.0.14 (/opt/ros/humble/share/rclcpp/cmake)
[0.089s] -- Found rosidl_generator_c: 3.1.7 (/opt/ros/humble/share/rosidl_generator_c/cmake)
[0.090s] -- Found rosidl_adapter: 3.1.7 (/opt/ros/humble/share/rosidl_adapter/cmake)
[0.092s] -- Found rosidl_generator_cpp: 3.1.7 (/opt/ros/humble/share/rosidl_generator_cpp/cmake)
[0.096s] -- Using all available rosidl_typesupport_c: rosidl_typesupport_fastrtps_c;rosidl_typesupport_introspection_c
[0.101s] -- Using all available rosidl_typesupport_cpp: rosidl_typesupport_fastrtps_cpp;rosidl_typesupport_introspection_cpp
[0.115s] -- Found rmw_implementation_cmake: 6.1.2 (/opt/ros/humble/share/rmw_implementation_cmake/cmake)
[0.115s] -- Found rmw_fastrtps_cpp: 6.2.8 (/opt/ros/humble/share/rmw_fastrtps_cpp/cmake)
[0.161s] -- Using RMW implementation 'rmw_fastrtps_cpp' as default
[0.182s] -- Found geometry_msgs: 4.9.0 (/opt/ros/humble/share/geometry_msgs/cmake)
[0.188s] -- Found turtlesim: 1.4.2 (/opt/ros/humble/share/turtlesim/cmake)
[0.203s] -- Found ament_lint_auto: 0.12.14 (/opt/ros/humble/share/ament_lint_auto/cmake)
[0.237s] -- Added test 'cppcheck' to perform static code analysis on C / C++ code
[0.237s] -- Configured cppcheck include dirs: 
[0.237s] -- Configured cppcheck exclude dirs and/or files: 
[0.237s] -- Added test 'lint_cmake' to check CMake code style
[0.237s] -- Added test 'uncrustify' to check C / C++ code style
[0.237s] -- Configured uncrustify additional arguments: 
[0.237s] -- Added test 'xmllint' to check XML markup files
[0.238s] -- Configuring done
[0.244s] -- Generating done
[0.245s] -- Build files have been written to: /home/nayr/FishRos/ch3/topic_ws/src/build/demo_cpp_topic
[0.249s] Invoked command in '/home/nayr/FishRos/ch3/topic_ws/src/build/demo_cpp_topic' returned '0': CMAKE_PREFIX_PATH=/home/nayr/FishRos/ch3/topic_ws/src/install/demo_python_topic:/opt/ros/humble /usr/bin/cmake /home/nayr/FishRos/ch3/topic_ws/src/demo_cpp_topic -DCMAKE_INSTALL_PREFIX=/home/nayr/FishRos/ch3/topic_ws/src/install/demo_cpp_topic
[0.250s] Invoking command in '/home/nayr/FishRos/ch3/topic_ws/src/build/demo_cpp_topic': CMAKE_PREFIX_PATH=/home/nayr/FishRos/ch3/topic_ws/src/install/demo_python_topic:/opt/ros/humble /usr/bin/cmake --build /home/nayr/FishRos/ch3/topic_ws/src/build/demo_cpp_topic -- -j4 -l4
[0.268s] [ 50%] [32mBuilding CXX object CMakeFiles/turtle_circle.dir/src/turtle_circle.cpp.o[0m
[0.376s] [01m[K/home/nayr/FishRos/ch3/topic_ws/src/demo_cpp_topic/src/turtle_circle.cpp:32:52:[m[K [01;35m[Kwarning: [m[Kcharacter constant too long for its type
[0.376s]    32 | = std::make_shared<TurtleCircleNode>([01;35m[K'turtle_circle_node'[m[K);
[0.377s]       |                                      [01;35m[K^~~~~~~~~~~~~~~~~~~~[m[K
[0.377s] 
[1.446s] In file included from [01m[K/usr/include/aarch64-linux-gnu/c++/11/bits/c++allocator.h:33[m[K,
[1.446s]                  from [01m[K/usr/include/c++/11/bits/allocator.h:46[m[K,
[1.446s]                  from [01m[K/usr/include/c++/11/memory:64[m[K,
[1.446s]                  from [01m[K/opt/ros/humble/include/rclcpp/rclcpp/rclcpp.hpp:153[m[K,
[1.446s]                  from [01m[K/home/nayr/FishRos/ch3/topic_ws/src/demo_cpp_topic/src/turtle_circle.cpp:1[m[K:
[1.446s] /usr/include/c++/11/ext/new_allocator.h: In instantiation of ‘[01m[Kvoid __gnu_cxx::new_allocator<_Tp>::construct(_Up*, _Args&& ...) [with _Up = TurtleCircleNode; _Args = {int}; _Tp = TurtleCircleNode][m[K’:
[1.446s] [01m[K/usr/include/c++/11/bits/alloc_traits.h:516:17:[m[K   required from ‘[01m[Kstatic void std::allocator_traits<std::allocator<_Tp1> >::construct(std::allocator_traits<std::allocator<_Tp1> >::allocator_type&, _Up*, _Args&& ...) [with _Up = TurtleCircleNode; _Args = {int}; _Tp = TurtleCircleNode; std::allocator_traits<std::allocator<_Tp1> >::allocator_type = std::allocator<TurtleCircleNode>][m[K’
[1.446s] [01m[K/usr/include/c++/11/bits/shared_ptr_base.h:519:39:[m[K   required from ‘[01m[Kstd::_Sp_counted_ptr_inplace<_Tp, _Alloc, _Lp>::_Sp_counted_ptr_inplace(_Alloc, _Args&& ...) [with _Args = {int}; _Tp = TurtleCircleNode; _Alloc = std::allocator<TurtleCircleNode>; __gnu_cxx::_Lock_policy _Lp = __gnu_cxx::_S_atomic][m[K’
[1.446s] [01m[K/usr/include/c++/11/bits/shared_ptr_base.h:650:16:[m[K   required from ‘[01m[Kstd::__shared_count<_Lp>::__shared_count(_Tp*&, std::_Sp_alloc_shared_tag<_Alloc>, _Args&& ...) [with _Tp = TurtleCircleNode; _Alloc = std::allocator<TurtleCircleNode>; _Args = {int}; __gnu_cxx::_Lock_policy _Lp = __gnu_cxx::_S_atomic][m[K’
[1.446s] [01m[K/usr/include/c++/11/bits/shared_ptr_base.h:1342:14:[m[K   required from ‘[01m[Kstd::__shared_ptr<_Tp, _Lp>::__shared_ptr(std::_Sp_alloc_shared_tag<_Tp>, _Args&& ...) [with _Alloc = std::allocator<TurtleCircleNode>; _Args = {int}; _Tp = TurtleCircleNode; __gnu_cxx::_Lock_policy _Lp = __gnu_cxx::_S_atomic][m[K’
[1.446s] [01m[K/usr/include/c++/11/bits/shared_ptr.h:409:59:[m[K   required from ‘[01m[Kstd::shared_ptr<_Tp>::shared_ptr(std::_Sp_alloc_shared_tag<_Tp>, _Args&& ...) [with _Alloc = std::allocator<TurtleCircleNode>; _Args = {int}; _Tp = TurtleCircleNode][m[K’
[1.446s] [01m[K/usr/include/c++/11/bits/shared_ptr.h:862:14:[m[K   required from ‘[01m[Kstd::shared_ptr<_Tp> std::allocate_shared(const _Alloc&, _Args&& ...) [with _Tp = TurtleCircleNode; _Alloc = std::allocator<TurtleCircleNode>; _Args = {int}][m[K’
[1.446s] [01m[K/usr/include/c++/11/bits/shared_ptr.h:878:39:[m[K   required from ‘[01m[Kstd::shared_ptr<_Tp> std::make_shared(_Args&& ...) [with _Tp = TurtleCircleNode; _Args = {int}][m[K’
[1.446s] [01m[K/home/nayr/FishRos/ch3/topic_ws/src/demo_cpp_topic/src/turtle_circle.cpp:32:51:[m[K   required from here
[1.446s] [01m[K/usr/include/c++/11/ext/new_allocator.h:162:11:[m[K [01;31m[Kerror: [m[Kno matching function for call to ‘[01m[KTurtleCircleNode::TurtleCircleNode(int)[m[K’
[1.446s]   162 |         { [01;31m[K::new((void *)__p) _Up(std::forward<_Args>(__args)...)[m[K; }
[1.446s]       |           [01;31m[K^~~~~~~~~~~~~~~~~~~~~~~~~~~~~~~~~~~~~~~~~~~~~~~~~~~~~~[m[K
[1.446s] [01m[K/home/nayr/FishRos/ch3/topic_ws/src/demo_cpp_topic/src/turtle_circle.cpp:14:14:[m[K [01;36m[Knote: [m[Kcandidate: ‘[01m[KTurtleCircleNode::TurtleCircleNode(const string&)[m[K’
[1.446s]    14 |     explicit [01;36m[KTurtleCircleNode[m[K(const std::string &node_name) : Node(node_name)
[1.446s]       |              [01;36m[K^~~~~~~~~~~~~~~~[m[K
[1.446s] [01m[K/home/nayr/FishRos/ch3/topic_ws/src/demo_cpp_topic/src/turtle_circle.cpp:14:50:[m[K [01;36m[Knote: [m[K  no known conversion for argument 1 from ‘[01m[Kint[m[K’ to ‘[01m[Kconst string&[m[K’ {aka ‘[01m[Kconst std::__cxx11::basic_string<char>&[m[K’}
[1.446s]    14 |  TurtleCircleNode([01;36m[Kconst std::string &node_name[m[K) : Node(node_name)
[1.446s]       |                   [01;36m[K~~~~~~~~~~~~~~~~~~~^~~~~~~~~[m[K
[1.446s] 
[1.568s] gmake[2]: *** [CMakeFiles/turtle_circle.dir/build.make:76: CMakeFiles/turtle_circle.dir/src/turtle_circle.cpp.o] Error 1
[1.569s] gmake[1]: *** [CMakeFiles/Makefile2:137: CMakeFiles/turtle_circle.dir/all] Error 2
[1.569s] gmake: *** [Makefile:146: all] Error 2
[1.570s] Invoked command in '/home/nayr/FishRos/ch3/topic_ws/src/build/demo_cpp_topic' returned '2': CMAKE_PREFIX_PATH=/home/nayr/FishRos/ch3/topic_ws/src/install/demo_python_topic:/opt/ros/humble /usr/bin/cmake --build /home/nayr/FishRos/ch3/topic_ws/src/build/demo_cpp_topic -- -j4 -l4
