[0.228s] Invoking command in '/home/nayr/FishRos/ch3/topic_ws/src/demo_python_topic': PYTHONPATH=/home/nayr/FishRos/ch3/topic_ws/build/demo_python_topic/prefix_override:/usr/lib/python3/dist-packages/colcon_core/task/python/colcon_distutils_commands:/home/nayr/FishRos/ch3/topic_ws/install/demo_python_topic/lib/python3.10/site-packages:${PYTHONPATH} /usr/bin/python3 -W ignore:setup.py install is deprecated -W ignore:easy_install command is deprecated setup.py egg_info --egg-base ../../build/demo_python_topic build --build-base /home/nayr/FishRos/ch3/topic_ws/build/demo_python_topic/build install --record /home/nayr/FishRos/ch3/topic_ws/build/demo_python_topic/install.log --single-version-externally-managed install_data
[0.324s] running egg_info
[0.324s] writing ../../build/demo_python_topic/demo_python_topic.egg-info/PKG-INFO
[0.324s] writing dependency_links to ../../build/demo_python_topic/demo_python_topic.egg-info/dependency_links.txt
[0.324s] writing entry points to ../../build/demo_python_topic/demo_python_topic.egg-info/entry_points.txt
[0.325s] writing requirements to ../../build/demo_python_topic/demo_python_topic.egg-info/requires.txt
[0.325s] writing top-level names to ../../build/demo_python_topic/demo_python_topic.egg-info/top_level.txt
[0.325s] reading manifest file '../../build/demo_python_topic/demo_python_topic.egg-info/SOURCES.txt'
[0.326s] writing manifest file '../../build/demo_python_topic/demo_python_topic.egg-info/SOURCES.txt'
[0.326s] running build
[0.326s] running build_py
[0.326s] copying demo_python_topic/novel_pub_node.py -> /home/nayr/FishRos/ch3/topic_ws/build/demo_python_topic/build/lib/demo_python_topic
[0.326s] running install
[0.326s] running install_lib
[0.327s] copying /home/nayr/FishRos/ch3/topic_ws/build/demo_python_topic/build/lib/demo_python_topic/novel_pub_node.py -> /home/nayr/FishRos/ch3/topic_ws/install/demo_python_topic/lib/python3.10/site-packages/demo_python_topic
[0.327s] byte-compiling /home/nayr/FishRos/ch3/topic_ws/install/demo_python_topic/lib/python3.10/site-packages/demo_python_topic/novel_pub_node.py to novel_pub_node.cpython-310.pyc
[0.328s] running install_data
[0.329s] running install_egg_info
[0.329s] removing '/home/nayr/FishRos/ch3/topic_ws/install/demo_python_topic/lib/python3.10/site-packages/demo_python_topic-0.0.0-py3.10.egg-info' (and everything under it)
[0.329s] Copying ../../build/demo_python_topic/demo_python_topic.egg-info to /home/nayr/FishRos/ch3/topic_ws/install/demo_python_topic/lib/python3.10/site-packages/demo_python_topic-0.0.0-py3.10.egg-info
[0.329s] running install_scripts
[0.337s] Installing novel_pub_node script to /home/nayr/FishRos/ch3/topic_ws/install/demo_python_topic/lib/demo_python_topic
[0.338s] Installing novel_sub_node script to /home/nayr/FishRos/ch3/topic_ws/install/demo_python_topic/lib/demo_python_topic
[0.338s] writing list of installed files to '/home/nayr/FishRos/ch3/topic_ws/build/demo_python_topic/install.log'
[0.349s] Invoked command in '/home/nayr/FishRos/ch3/topic_ws/src/demo_python_topic' returned '0': PYTHONPATH=/home/nayr/FishRos/ch3/topic_ws/build/demo_python_topic/prefix_override:/usr/lib/python3/dist-packages/colcon_core/task/python/colcon_distutils_commands:/home/nayr/FishRos/ch3/topic_ws/install/demo_python_topic/lib/python3.10/site-packages:${PYTHONPATH} /usr/bin/python3 -W ignore:setup.py install is deprecated -W ignore:easy_install command is deprecated setup.py egg_info --egg-base ../../build/demo_python_topic build --build-base /home/nayr/FishRos/ch3/topic_ws/build/demo_python_topic/build install --record /home/nayr/FishRos/ch3/topic_ws/build/demo_python_topic/install.log --single-version-externally-managed install_data
