[0.247s] Invoking command in '/home/nayr/FishRos/ch5/ch5_ws/src/demo_python_tf': PYTHONPATH=/home/nayr/FishRos/ch5/build/demo_python_tf/prefix_override:/usr/lib/python3/dist-packages/colcon_core/task/python/colcon_distutils_commands:/home/nayr/FishRos/ch5/install/demo_python_tf/lib/python3.10/site-packages:${PYTHONPATH} /usr/bin/python3 -W ignore:setup.py install is deprecated -W ignore:easy_install command is deprecated setup.py egg_info --egg-base ../../../build/demo_python_tf build --build-base /home/nayr/FishRos/ch5/build/demo_python_tf/build install --record /home/nayr/FishRos/ch5/build/demo_python_tf/install.log --single-version-externally-managed install_data
[0.335s] running egg_info
[0.335s] creating ../../../build/demo_python_tf/demo_python_tf.egg-info
[0.335s] writing ../../../build/demo_python_tf/demo_python_tf.egg-info/PKG-INFO
[0.335s] writing dependency_links to ../../../build/demo_python_tf/demo_python_tf.egg-info/dependency_links.txt
[0.335s] writing entry points to ../../../build/demo_python_tf/demo_python_tf.egg-info/entry_points.txt
[0.335s] writing requirements to ../../../build/demo_python_tf/demo_python_tf.egg-info/requires.txt
[0.335s] writing top-level names to ../../../build/demo_python_tf/demo_python_tf.egg-info/top_level.txt
[0.335s] writing manifest file '../../../build/demo_python_tf/demo_python_tf.egg-info/SOURCES.txt'
[0.336s] reading manifest file '../../../build/demo_python_tf/demo_python_tf.egg-info/SOURCES.txt'
[0.336s] adding license file 'LICENSE'
[0.337s] writing manifest file '../../../build/demo_python_tf/demo_python_tf.egg-info/SOURCES.txt'
[0.337s] running build
[0.337s] running build_py
[0.337s] creating /home/nayr/FishRos/ch5/build/demo_python_tf/build
[0.337s] creating /home/nayr/FishRos/ch5/build/demo_python_tf/build/lib
[0.337s] creating /home/nayr/FishRos/ch5/build/demo_python_tf/build/lib/demo_python_tf
[0.337s] copying demo_python_tf/static_tf_broadcaster.py -> /home/nayr/FishRos/ch5/build/demo_python_tf/build/lib/demo_python_tf
[0.337s] copying demo_python_tf/__init__.py -> /home/nayr/FishRos/ch5/build/demo_python_tf/build/lib/demo_python_tf
[0.337s] running install
[0.337s] running install_lib
[0.337s] creating /home/nayr/FishRos/ch5/install/demo_python_tf/lib/python3.10/site-packages/demo_python_tf
[0.337s] copying /home/nayr/FishRos/ch5/build/demo_python_tf/build/lib/demo_python_tf/static_tf_broadcaster.py -> /home/nayr/FishRos/ch5/install/demo_python_tf/lib/python3.10/site-packages/demo_python_tf
[0.337s] copying /home/nayr/FishRos/ch5/build/demo_python_tf/build/lib/demo_python_tf/__init__.py -> /home/nayr/FishRos/ch5/install/demo_python_tf/lib/python3.10/site-packages/demo_python_tf
[0.338s] byte-compiling /home/nayr/FishRos/ch5/install/demo_python_tf/lib/python3.10/site-packages/demo_python_tf/static_tf_broadcaster.py to static_tf_broadcaster.cpython-310.pyc
[0.338s] byte-compiling /home/nayr/FishRos/ch5/install/demo_python_tf/lib/python3.10/site-packages/demo_python_tf/__init__.py to __init__.cpython-310.pyc
[0.338s] running install_data
[0.338s] creating /home/nayr/FishRos/ch5/install/demo_python_tf/share/ament_index
[0.338s] creating /home/nayr/FishRos/ch5/install/demo_python_tf/share/ament_index/resource_index
[0.338s] creating /home/nayr/FishRos/ch5/install/demo_python_tf/share/ament_index/resource_index/packages
[0.338s] copying resource/demo_python_tf -> /home/nayr/FishRos/ch5/install/demo_python_tf/share/ament_index/resource_index/packages
[0.338s] copying package.xml -> /home/nayr/FishRos/ch5/install/demo_python_tf/share/demo_python_tf
[0.338s] running install_egg_info
[0.339s] Copying ../../../build/demo_python_tf/demo_python_tf.egg-info to /home/nayr/FishRos/ch5/install/demo_python_tf/lib/python3.10/site-packages/demo_python_tf-0.0.0-py3.10.egg-info
[0.339s] running install_scripts
[0.347s] Installing static_tf_broadcaster script to /home/nayr/FishRos/ch5/install/demo_python_tf/lib/demo_python_tf
[0.347s] writing list of installed files to '/home/nayr/FishRos/ch5/build/demo_python_tf/install.log'
[0.358s] Invoked command in '/home/nayr/FishRos/ch5/ch5_ws/src/demo_python_tf' returned '0': PYTHONPATH=/home/nayr/FishRos/ch5/build/demo_python_tf/prefix_override:/usr/lib/python3/dist-packages/colcon_core/task/python/colcon_distutils_commands:/home/nayr/FishRos/ch5/install/demo_python_tf/lib/python3.10/site-packages:${PYTHONPATH} /usr/bin/python3 -W ignore:setup.py install is deprecated -W ignore:easy_install command is deprecated setup.py egg_info --egg-base ../../../build/demo_python_tf build --build-base /home/nayr/FishRos/ch5/build/demo_python_tf/build install --record /home/nayr/FishRos/ch5/build/demo_python_tf/install.log --single-version-externally-managed install_data
