[0.006s] Invoking command in '/home/nayr/FishRos/ch5/ch5_ws/build/demo_cpp_tf': CMAKE_PREFIX_PATH=/home/nayr/FishRos/ch5/install/demo_python_tf:/opt/ros/humble /usr/bin/cmake --build /home/nayr/FishRos/ch5/ch5_ws/build/demo_cpp_tf -- -j4 -l4
[0.056s] [35m[1mConsolidate compiler generated dependencies of target static_tf_broadcaster[0m
[0.066s] [ 50%] [32mBuilding CXX object CMakeFiles/static_tf_broadcaster.dir/src/static_tf_broadcaster.cpp.o[0m
[2.062s] [100%] [32m[1mLinking CXX executable static_tf_broadcaster[0m
[2.159s] [100%] Built target static_tf_broadcaster
[2.164s] Invoked command in '/home/nayr/FishRos/ch5/ch5_ws/build/demo_cpp_tf' returned '0': CMAKE_PREFIX_PATH=/home/nayr/FishRos/ch5/install/demo_python_tf:/opt/ros/humble /usr/bin/cmake --build /home/nayr/FishRos/ch5/ch5_ws/build/demo_cpp_tf -- -j4 -l4
[2.169s] Invoking command in '/home/nayr/FishRos/ch5/ch5_ws/build/demo_cpp_tf': CMAKE_PREFIX_PATH=/home/nayr/FishRos/ch5/install/demo_python_tf:/opt/ros/humble /usr/bin/cmake --install /home/nayr/FishRos/ch5/ch5_ws/build/demo_cpp_tf
[2.171s] -- Install configuration: ""
[2.171s] -- Installing: /home/nayr/FishRos/ch5/ch5_ws/install/demo_cpp_tf/lib/demo_cpp_tf/static_tf_broadcaster
[2.172s] -- Set runtime path of "/home/nayr/FishRos/ch5/ch5_ws/install/demo_cpp_tf/lib/demo_cpp_tf/static_tf_broadcaster" to ""
[2.172s] -- Up-to-date: /home/nayr/FishRos/ch5/ch5_ws/install/demo_cpp_tf/share/ament_index/resource_index/package_run_dependencies/demo_cpp_tf
[2.172s] -- Up-to-date: /home/nayr/FishRos/ch5/ch5_ws/install/demo_cpp_tf/share/ament_index/resource_index/parent_prefix_path/demo_cpp_tf
[2.172s] -- Up-to-date: /home/nayr/FishRos/ch5/ch5_ws/install/demo_cpp_tf/share/demo_cpp_tf/environment/ament_prefix_path.sh
[2.172s] -- Up-to-date: /home/nayr/FishRos/ch5/ch5_ws/install/demo_cpp_tf/share/demo_cpp_tf/environment/ament_prefix_path.dsv
[2.172s] -- Up-to-date: /home/nayr/FishRos/ch5/ch5_ws/install/demo_cpp_tf/share/demo_cpp_tf/environment/path.sh
[2.172s] -- Up-to-date: /home/nayr/FishRos/ch5/ch5_ws/install/demo_cpp_tf/share/demo_cpp_tf/environment/path.dsv
[2.173s] -- Up-to-date: /home/nayr/FishRos/ch5/ch5_ws/install/demo_cpp_tf/share/demo_cpp_tf/local_setup.bash
[2.173s] -- Up-to-date: /home/nayr/FishRos/ch5/ch5_ws/install/demo_cpp_tf/share/demo_cpp_tf/local_setup.sh
[2.173s] -- Up-to-date: /home/nayr/FishRos/ch5/ch5_ws/install/demo_cpp_tf/share/demo_cpp_tf/local_setup.zsh
[2.173s] -- Up-to-date: /home/nayr/FishRos/ch5/ch5_ws/install/demo_cpp_tf/share/demo_cpp_tf/local_setup.dsv
[2.173s] -- Installing: /home/nayr/FishRos/ch5/ch5_ws/install/demo_cpp_tf/share/demo_cpp_tf/package.dsv
[2.173s] -- Up-to-date: /home/nayr/FishRos/ch5/ch5_ws/install/demo_cpp_tf/share/ament_index/resource_index/packages/demo_cpp_tf
[2.173s] -- Up-to-date: /home/nayr/FishRos/ch5/ch5_ws/install/demo_cpp_tf/share/demo_cpp_tf/cmake/demo_cpp_tfConfig.cmake
[2.173s] -- Up-to-date: /home/nayr/FishRos/ch5/ch5_ws/install/demo_cpp_tf/share/demo_cpp_tf/cmake/demo_cpp_tfConfig-version.cmake
[2.173s] -- Up-to-date: /home/nayr/FishRos/ch5/ch5_ws/install/demo_cpp_tf/share/demo_cpp_tf/package.xml
[2.174s] Invoked command in '/home/nayr/FishRos/ch5/ch5_ws/build/demo_cpp_tf' returned '0': CMAKE_PREFIX_PATH=/home/nayr/FishRos/ch5/install/demo_python_tf:/opt/ros/humble /usr/bin/cmake --install /home/nayr/FishRos/ch5/ch5_ws/build/demo_cpp_tf
