[0.006s] Invoking command in '/home/nayr/ch2/ch2_ws/build/demo_cpp_pkg': CMAKE_PREFIX_PATH=${CMAKE_PREFIX_PATH}:/home/nayr/ch2/install/demo_python_pkg:/opt/ros/humble /usr/bin/cmake /home/nayr/ch2/ch2_ws/src/demo_cpp_pkg -DCMAKE_INSTALL_PREFIX=/home/nayr/ch2/ch2_ws/install/demo_cpp_pkg
[0.032s] -- The C compiler identification is GNU 11.4.0
[0.055s] -- The CXX compiler identification is GNU 11.4.0
[0.058s] -- Detecting C compiler ABI info
[0.083s] -- Detecting C compiler ABI info - done
[0.086s] -- Check for working C compiler: /usr/bin/cc - skipped
[0.086s] -- Detecting C compile features
[0.086s] -- Detecting C compile features - done
[0.087s] -- Detecting CXX compiler ABI info
[0.118s] -- Detecting CXX compiler ABI info - done
[0.120s] -- Check for working CXX compiler: /usr/bin/c++ - skipped
[0.121s] -- Detecting CXX compile features
[0.121s] -- Detecting CXX compile features - done
[0.122s] -- Found ament_cmake: 1.3.12 (/opt/ros/humble/share/ament_cmake/cmake)
[0.180s] -- Found Python3: /usr/bin/python3 (found version "3.10.12") found components: Interpreter 
[0.215s] -- Found rclcpp: 16.0.14 (/opt/ros/humble/share/rclcpp/cmake)
[0.231s] -- Found rosidl_generator_c: 3.1.7 (/opt/ros/humble/share/rosidl_generator_c/cmake)
[0.234s] -- Found rosidl_adapter: 3.1.7 (/opt/ros/humble/share/rosidl_adapter/cmake)
[0.237s] -- Found rosidl_generator_cpp: 3.1.7 (/opt/ros/humble/share/rosidl_generator_cpp/cmake)
[0.243s] -- Using all available rosidl_typesupport_c: rosidl_typesupport_fastrtps_c;rosidl_typesupport_introspection_c
[0.251s] -- Using all available rosidl_typesupport_cpp: rosidl_typesupport_fastrtps_cpp;rosidl_typesupport_introspection_cpp
[0.270s] -- Found rmw_implementation_cmake: 6.1.2 (/opt/ros/humble/share/rmw_implementation_cmake/cmake)
[0.271s] -- Found rmw_fastrtps_cpp: 6.2.8 (/opt/ros/humble/share/rmw_fastrtps_cpp/cmake)
[0.300s] -- Found OpenSSL: /usr/lib/aarch64-linux-gnu/libcrypto.so (found version "3.0.2")  
[0.313s] -- Found FastRTPS: /opt/ros/humble/include  
[0.333s] -- Using RMW implementation 'rmw_fastrtps_cpp' as default
[0.337s] -- Looking for pthread.h
[0.367s] -- Looking for pthread.h - found
[0.367s] -- Performing Test CMAKE_HAVE_LIBC_PTHREAD
[0.399s] -- Performing Test CMAKE_HAVE_LIBC_PTHREAD - Success
[0.400s] -- Found Threads: TRUE  
[0.422s] [31mCMake Error at /opt/ros/humble/share/ament_cmake_target_dependencies/cmake/ament_target_dependencies.cmake:42 (message):
[0.422s]   ament_target_dependencies() the first argument must be a valid target name
[0.422s] Call Stack (most recent call first):
[0.422s]   CMakeLists.txt:15 (ament_target_dependencies)
[0.422s] 
[0.422s] [0m
[0.422s] -- Configuring incomplete, errors occurred!
[0.422s] See also "/home/nayr/ch2/ch2_ws/build/demo_cpp_pkg/CMakeFiles/CMakeOutput.log".
[0.427s] Invoked command in '/home/nayr/ch2/ch2_ws/build/demo_cpp_pkg' returned '1': CMAKE_PREFIX_PATH=${CMAKE_PREFIX_PATH}:/home/nayr/ch2/install/demo_python_pkg:/opt/ros/humble /usr/bin/cmake /home/nayr/ch2/ch2_ws/src/demo_cpp_pkg -DCMAKE_INSTALL_PREFIX=/home/nayr/ch2/ch2_ws/install/demo_cpp_pkg
