[0.007s] Invoking command in '/home/nayr/FishRos/ch4/ch4_ws/build/demo_cpp_service': CMAKE_PREFIX_PATH=${CMAKE_PREFIX_PATH}:/home/nayr/FishRos/ch4/ch4_ws/install/demo_python_service:/opt/ros/humble /usr/bin/cmake --build /home/nayr/FishRos/ch4/ch4_ws/build/demo_cpp_service -- -j4 -l4
[0.035s] [35m[1mConsolidate compiler generated dependencies of target turtle_control[0m
[0.044s] [ 50%] [32mBuilding CXX object CMakeFiles/turtle_control.dir/src/turtle_control.cpp.o[0m
[4.267s] [100%] [32m[1mLinking CXX executable turtle_control[0m
[4.538s] [100%] Built target turtle_control
[4.544s] Invoked command in '/home/nayr/FishRos/ch4/ch4_ws/build/demo_cpp_service' returned '0': CMAKE_PREFIX_PATH=${CMAKE_PREFIX_PATH}:/home/nayr/FishRos/ch4/ch4_ws/install/demo_python_service:/opt/ros/humble /usr/bin/cmake --build /home/nayr/FishRos/ch4/ch4_ws/build/demo_cpp_service -- -j4 -l4
[4.545s] Invoking command in '/home/nayr/FishRos/ch4/ch4_ws/build/demo_cpp_service': CMAKE_PREFIX_PATH=${CMAKE_PREFIX_PATH}:/home/nayr/FishRos/ch4/ch4_ws/install/demo_python_service:/opt/ros/humble /usr/bin/cmake --install /home/nayr/FishRos/ch4/ch4_ws/build/demo_cpp_service
[4.549s] -- Install configuration: ""
[4.549s] -- Installing: /home/nayr/FishRos/ch4/ch4_ws/install/demo_cpp_service/lib/demo_cpp_service/turtle_control
[4.551s] -- Set runtime path of "/home/nayr/FishRos/ch4/ch4_ws/install/demo_cpp_service/lib/demo_cpp_service/turtle_control" to ""
[4.551s] -- Installing: /home/nayr/FishRos/ch4/ch4_ws/install/demo_cpp_service/share/ament_index/resource_index/package_run_dependencies/demo_cpp_service
[4.551s] -- Installing: /home/nayr/FishRos/ch4/ch4_ws/install/demo_cpp_service/share/ament_index/resource_index/parent_prefix_path/demo_cpp_service
[4.551s] -- Installing: /home/nayr/FishRos/ch4/ch4_ws/install/demo_cpp_service/share/demo_cpp_service/environment/ament_prefix_path.sh
[4.551s] -- Installing: /home/nayr/FishRos/ch4/ch4_ws/install/demo_cpp_service/share/demo_cpp_service/environment/ament_prefix_path.dsv
[4.551s] -- Installing: /home/nayr/FishRos/ch4/ch4_ws/install/demo_cpp_service/share/demo_cpp_service/environment/path.sh
[4.551s] -- Installing: /home/nayr/FishRos/ch4/ch4_ws/install/demo_cpp_service/share/demo_cpp_service/environment/path.dsv
[4.551s] -- Installing: /home/nayr/FishRos/ch4/ch4_ws/install/demo_cpp_service/share/demo_cpp_service/local_setup.bash
[4.551s] -- Installing: /home/nayr/FishRos/ch4/ch4_ws/install/demo_cpp_service/share/demo_cpp_service/local_setup.sh
[4.551s] -- Installing: /home/nayr/FishRos/ch4/ch4_ws/install/demo_cpp_service/share/demo_cpp_service/local_setup.zsh
[4.551s] -- Installing: /home/nayr/FishRos/ch4/ch4_ws/install/demo_cpp_service/share/demo_cpp_service/local_setup.dsv
[4.552s] -- Installing: /home/nayr/FishRos/ch4/ch4_ws/install/demo_cpp_service/share/demo_cpp_service/package.dsv
[4.552s] -- Installing: /home/nayr/FishRos/ch4/ch4_ws/install/demo_cpp_service/share/ament_index/resource_index/packages/demo_cpp_service
[4.552s] -- Installing: /home/nayr/FishRos/ch4/ch4_ws/install/demo_cpp_service/share/demo_cpp_service/cmake/demo_cpp_serviceConfig.cmake
[4.552s] -- Installing: /home/nayr/FishRos/ch4/ch4_ws/install/demo_cpp_service/share/demo_cpp_service/cmake/demo_cpp_serviceConfig-version.cmake
[4.552s] -- Installing: /home/nayr/FishRos/ch4/ch4_ws/install/demo_cpp_service/share/demo_cpp_service/package.xml
[4.559s] Invoked command in '/home/nayr/FishRos/ch4/ch4_ws/build/demo_cpp_service' returned '0': CMAKE_PREFIX_PATH=${CMAKE_PREFIX_PATH}:/home/nayr/FishRos/ch4/ch4_ws/install/demo_python_service:/opt/ros/humble /usr/bin/cmake --install /home/nayr/FishRos/ch4/ch4_ws/build/demo_cpp_service
