[0.008s] Invoking command in '/home/nayr/FishRos/ch3/topic_practice_ws/build/status_display': CMAKE_PREFIX_PATH=/home/nayr/FishRos/ch3/topic_practice_ws/install/status_interfaces:/home/nayr/FishRos/ch3/topic_practice_ws/install/status_display:/home/nayr/FishRos/ch3/topic_practice_ws/install/status_publisher:/opt/ros/humble /usr/bin/cmake --build /home/nayr/FishRos/ch3/topic_practice_ws/build/status_display -- -j4 -l4
[0.040s] [35m[1mConsolidate compiler generated dependencies of target sys_status_display[0m
[0.048s] [ 50%] Built target hello_qt
[0.055s] [ 75%] [32mBuilding CXX object CMakeFiles/sys_status_display.dir/src/sys_status_display.cpp.o[0m
[3.861s] [100%] [32m[1mLinking CXX executable sys_status_display[0m
[4.239s] [100%] Built target sys_status_display
[4.245s] Invoked command in '/home/nayr/FishRos/ch3/topic_practice_ws/build/status_display' returned '0': CMAKE_PREFIX_PATH=/home/nayr/FishRos/ch3/topic_practice_ws/install/status_interfaces:/home/nayr/FishRos/ch3/topic_practice_ws/install/status_display:/home/nayr/FishRos/ch3/topic_practice_ws/install/status_publisher:/opt/ros/humble /usr/bin/cmake --build /home/nayr/FishRos/ch3/topic_practice_ws/build/status_display -- -j4 -l4
[4.246s] Invoking command in '/home/nayr/FishRos/ch3/topic_practice_ws/build/status_display': CMAKE_PREFIX_PATH=/home/nayr/FishRos/ch3/topic_practice_ws/install/status_interfaces:/home/nayr/FishRos/ch3/topic_practice_ws/install/status_display:/home/nayr/FishRos/ch3/topic_practice_ws/install/status_publisher:/opt/ros/humble /usr/bin/cmake --install /home/nayr/FishRos/ch3/topic_practice_ws/build/status_display
[4.249s] -- Install configuration: ""
[4.249s] -- Up-to-date: /home/nayr/FishRos/ch3/topic_practice_ws/install/status_display/lib/status_display/hello_qt
[4.249s] -- Installing: /home/nayr/FishRos/ch3/topic_practice_ws/install/status_display/lib/status_display/sys_status_display
[4.253s] -- Set runtime path of "/home/nayr/FishRos/ch3/topic_practice_ws/install/status_display/lib/status_display/sys_status_display" to ""
[4.253s] -- Up-to-date: /home/nayr/FishRos/ch3/topic_practice_ws/install/status_display/share/ament_index/resource_index/package_run_dependencies/status_display
[4.253s] -- Up-to-date: /home/nayr/FishRos/ch3/topic_practice_ws/install/status_display/share/ament_index/resource_index/parent_prefix_path/status_display
[4.253s] -- Up-to-date: /home/nayr/FishRos/ch3/topic_practice_ws/install/status_display/share/status_display/environment/ament_prefix_path.sh
[4.253s] -- Up-to-date: /home/nayr/FishRos/ch3/topic_practice_ws/install/status_display/share/status_display/environment/ament_prefix_path.dsv
[4.253s] -- Up-to-date: /home/nayr/FishRos/ch3/topic_practice_ws/install/status_display/share/status_display/environment/path.sh
[4.253s] -- Up-to-date: /home/nayr/FishRos/ch3/topic_practice_ws/install/status_display/share/status_display/environment/path.dsv
[4.253s] -- Up-to-date: /home/nayr/FishRos/ch3/topic_practice_ws/install/status_display/share/status_display/local_setup.bash
[4.253s] -- Up-to-date: /home/nayr/FishRos/ch3/topic_practice_ws/install/status_display/share/status_display/local_setup.sh
[4.253s] -- Up-to-date: /home/nayr/FishRos/ch3/topic_practice_ws/install/status_display/share/status_display/local_setup.zsh
[4.253s] -- Up-to-date: /home/nayr/FishRos/ch3/topic_practice_ws/install/status_display/share/status_display/local_setup.dsv
[4.253s] -- Installing: /home/nayr/FishRos/ch3/topic_practice_ws/install/status_display/share/status_display/package.dsv
[4.253s] -- Up-to-date: /home/nayr/FishRos/ch3/topic_practice_ws/install/status_display/share/ament_index/resource_index/packages/status_display
[4.253s] -- Up-to-date: /home/nayr/FishRos/ch3/topic_practice_ws/install/status_display/share/status_display/cmake/status_displayConfig.cmake
[4.253s] -- Up-to-date: /home/nayr/FishRos/ch3/topic_practice_ws/install/status_display/share/status_display/cmake/status_displayConfig-version.cmake
[4.253s] -- Up-to-date: /home/nayr/FishRos/ch3/topic_practice_ws/install/status_display/share/status_display/package.xml
[4.255s] Invoked command in '/home/nayr/FishRos/ch3/topic_practice_ws/build/status_display' returned '0': CMAKE_PREFIX_PATH=/home/nayr/FishRos/ch3/topic_practice_ws/install/status_interfaces:/home/nayr/FishRos/ch3/topic_practice_ws/install/status_display:/home/nayr/FishRos/ch3/topic_practice_ws/install/status_publisher:/opt/ros/humble /usr/bin/cmake --install /home/nayr/FishRos/ch3/topic_practice_ws/build/status_display
