-- Found ament_cmake: 1.3.12 (/opt/ros/humble/share/ament_cmake/cmake)
-- Found rclcpp: 16.0.14 (/opt/ros/humble/share/rclcpp/cmake)
-- Found rosidl_generator_c: 3.1.7 (/opt/ros/humble/share/rosidl_generator_c/cmake)
-- Found rosidl_adapter: 3.1.7 (/opt/ros/humble/share/rosidl_adapter/cmake)
-- Found rosidl_generator_cpp: 3.1.7 (/opt/ros/humble/share/rosidl_generator_cpp/cmake)
-- Using all available rosidl_typesupport_c: rosidl_typesupport_fastrtps_c;rosidl_typesupport_introspection_c
-- Using all available rosidl_typesupport_cpp: rosidl_typesupport_fastrtps_cpp;rosidl_typesupport_introspection_cpp
-- Found rmw_implementation_cmake: 6.1.2 (/opt/ros/humble/share/rmw_implementation_cmake/cmake)
-- Found rmw_fastrtps_cpp: 6.2.8 (/opt/ros/humble/share/rmw_fastrtps_cpp/cmake)
-- Using RMW implementation 'rmw_fastrtps_cpp' as default
-- Found ament_lint_auto: 0.12.14 (/opt/ros/humble/share/ament_lint_auto/cmake)
-- Added test 'flake8' to check Python code syntax and style conventions
-- Added test 'lint_cmake' to check CMake code style
-- Added test 'pep257' to check Python code against some of the docstring style conventions in PEP 257
-- Added test 'xmllint' to check XML markup files
-- Configuring done
-- Generating done
-- Build files have been written to: /home/nayr/FishRos/ch6/ch6_ws/build/fishbot_description
-- Install configuration: ""
-- Up-to-date: /home/nayr/FishRos/ch6/ch6_ws/install/fishbot_description/share/fishbot_description/launch
-- Up-to-date: /home/nayr/FishRos/ch6/ch6_ws/install/fishbot_description/share/fishbot_description/launch/display_robot.launch.py
-- Up-to-date: /home/nayr/FishRos/ch6/ch6_ws/install/fishbot_description/share/fishbot_description/urdf
-- Up-to-date: /home/nayr/FishRos/ch6/ch6_ws/install/fishbot_description/share/fishbot_description/urdf/first_robot.pdf
-- Up-to-date: /home/nayr/FishRos/ch6/ch6_ws/install/fishbot_description/share/fishbot_description/urdf/first_robot.urdf
-- Up-to-date: /home/nayr/FishRos/ch6/ch6_ws/install/fishbot_description/share/fishbot_description/urdf/first_robot.gv
