[0.006s] Invoking command in '/home/nayr/FishRos/ch6/ch6_ws/build/fishbot_description': CMAKE_PREFIX_PATH=${CMAKE_PREFIX_PATH}:/opt/ros/humble /usr/bin/cmake --build /home/nayr/FishRos/ch6/ch6_ws/build/fishbot_description -- -j4 -l4
[0.029s] -- Found ament_cmake: 1.3.12 (/opt/ros/humble/share/ament_cmake/cmake)
[0.093s] -- Found rclcpp: 16.0.14 (/opt/ros/humble/share/rclcpp/cmake)
[0.107s] -- Found rosidl_generator_c: 3.1.7 (/opt/ros/humble/share/rosidl_generator_c/cmake)
[0.108s] -- Found rosidl_adapter: 3.1.7 (/opt/ros/humble/share/rosidl_adapter/cmake)
[0.110s] -- Found rosidl_generator_cpp: 3.1.7 (/opt/ros/humble/share/rosidl_generator_cpp/cmake)
[0.115s] -- Using all available rosidl_typesupport_c: rosidl_typesupport_fastrtps_c;rosidl_typesupport_introspection_c
[0.122s] -- Using all available rosidl_typesupport_cpp: rosidl_typesupport_fastrtps_cpp;rosidl_typesupport_introspection_cpp
[0.135s] -- Found rmw_implementation_cmake: 6.1.2 (/opt/ros/humble/share/rmw_implementation_cmake/cmake)
[0.136s] -- Found rmw_fastrtps_cpp: 6.2.8 (/opt/ros/humble/share/rmw_fastrtps_cpp/cmake)
[0.182s] -- Using RMW implementation 'rmw_fastrtps_cpp' as default
[0.205s] -- Found ament_lint_auto: 0.12.14 (/opt/ros/humble/share/ament_lint_auto/cmake)
[0.239s] -- Added test 'flake8' to check Python code syntax and style conventions
[0.239s] -- Added test 'lint_cmake' to check CMake code style
[0.239s] -- Added test 'pep257' to check Python code against some of the docstring style conventions in PEP 257
[0.240s] -- Added test 'xmllint' to check XML markup files
[0.240s] -- Configuring done
[0.244s] -- Generating done
[0.246s] -- Build files have been written to: /home/nayr/FishRos/ch6/ch6_ws/build/fishbot_description
[0.257s] Invoked command in '/home/nayr/FishRos/ch6/ch6_ws/build/fishbot_description' returned '0': CMAKE_PREFIX_PATH=${CMAKE_PREFIX_PATH}:/opt/ros/humble /usr/bin/cmake --build /home/nayr/FishRos/ch6/ch6_ws/build/fishbot_description -- -j4 -l4
[0.260s] Invoking command in '/home/nayr/FishRos/ch6/ch6_ws/build/fishbot_description': CMAKE_PREFIX_PATH=${CMAKE_PREFIX_PATH}:/opt/ros/humble /usr/bin/cmake --install /home/nayr/FishRos/ch6/ch6_ws/build/fishbot_description
[0.263s] -- Install configuration: ""
[0.263s] -- Up-to-date: /home/nayr/FishRos/ch6/ch6_ws/install/fishbot_description/share/fishbot_description/launch
[0.263s] -- Up-to-date: /home/nayr/FishRos/ch6/ch6_ws/install/fishbot_description/share/fishbot_description/launch/display_robot.launch.py
[0.263s] -- Up-to-date: /home/nayr/FishRos/ch6/ch6_ws/install/fishbot_description/share/fishbot_description/urdf
[0.263s] -- Up-to-date: /home/nayr/FishRos/ch6/ch6_ws/install/fishbot_description/share/fishbot_description/urdf/first_robot.pdf
[0.263s] -- Up-to-date: /home/nayr/FishRos/ch6/ch6_ws/install/fishbot_description/share/fishbot_description/urdf/first_robot.urdf
[0.263s] -- Up-to-date: /home/nayr/FishRos/ch6/ch6_ws/install/fishbot_description/share/fishbot_description/urdf/first_robot.gv
[0.263s] [31mCMake Error at cmake_install.cmake:46 (file):
[0.263s]   file INSTALL cannot find
[0.263s]   "/home/nayr/FishRos/ch6/ch6_ws/src/fishbot_description/rivz": No such file
[0.263s]   or directory.
[0.263s] 
[0.264s] [0m
[0.264s] Invoked command in '/home/nayr/FishRos/ch6/ch6_ws/build/fishbot_description' returned '1': CMAKE_PREFIX_PATH=${CMAKE_PREFIX_PATH}:/opt/ros/humble /usr/bin/cmake --install /home/nayr/FishRos/ch6/ch6_ws/build/fishbot_description
