[35m[1mConsolidate compiler generated dependencies of target tf_listener[0m
[ 33%] Built target static_tf_broadcaster
[ 50%] [32mBuilding CXX object CMakeFiles/tf_listener.dir/src/tf_listener.cpp.o[0m
[ 83%] Built target tf_broadcaster
[100%] [32m[1mLinking CXX executable tf_listener[0m
[100%] Built target tf_listener
-- Install configuration: ""
-- Up-to-date: /home/nayr/FishRos/ch5/ch5_ws/install/demo_cpp_tf/lib/demo_cpp_tf/static_tf_broadcaster
-- Up-to-date: /home/nayr/FishRos/ch5/ch5_ws/install/demo_cpp_tf/lib/demo_cpp_tf/tf_broadcaster
-- Installing: /home/nayr/FishRos/ch5/ch5_ws/install/demo_cpp_tf/lib/demo_cpp_tf/tf_listener
-- Set runtime path of "/home/nayr/FishRos/ch5/ch5_ws/install/demo_cpp_tf/lib/demo_cpp_tf/tf_listener" to ""
-- Up-to-date: /home/nayr/FishRos/ch5/ch5_ws/install/demo_cpp_tf/share/ament_index/resource_index/package_run_dependencies/demo_cpp_tf
-- Up-to-date: /home/nayr/FishRos/ch5/ch5_ws/install/demo_cpp_tf/share/ament_index/resource_index/parent_prefix_path/demo_cpp_tf
-- Up-to-date: /home/nayr/FishRos/ch5/ch5_ws/install/demo_cpp_tf/share/demo_cpp_tf/environment/ament_prefix_path.sh
-- Up-to-date: /home/nayr/FishRos/ch5/ch5_ws/install/demo_cpp_tf/share/demo_cpp_tf/environment/ament_prefix_path.dsv
-- Up-to-date: /home/nayr/FishRos/ch5/ch5_ws/install/demo_cpp_tf/share/demo_cpp_tf/environment/path.sh
-- Up-to-date: /home/nayr/FishRos/ch5/ch5_ws/install/demo_cpp_tf/share/demo_cpp_tf/environment/path.dsv
-- Up-to-date: /home/nayr/FishRos/ch5/ch5_ws/install/demo_cpp_tf/share/demo_cpp_tf/local_setup.bash
-- Up-to-date: /home/nayr/FishRos/ch5/ch5_ws/install/demo_cpp_tf/share/demo_cpp_tf/local_setup.sh
-- Up-to-date: /home/nayr/FishRos/ch5/ch5_ws/install/demo_cpp_tf/share/demo_cpp_tf/local_setup.zsh
-- Up-to-date: /home/nayr/FishRos/ch5/ch5_ws/install/demo_cpp_tf/share/demo_cpp_tf/local_setup.dsv
-- Installing: /home/nayr/FishRos/ch5/ch5_ws/install/demo_cpp_tf/share/demo_cpp_tf/package.dsv
-- Up-to-date: /home/nayr/FishRos/ch5/ch5_ws/install/demo_cpp_tf/share/ament_index/resource_index/packages/demo_cpp_tf
-- Up-to-date: /home/nayr/FishRos/ch5/ch5_ws/install/demo_cpp_tf/share/demo_cpp_tf/cmake/demo_cpp_tfConfig.cmake
-- Up-to-date: /home/nayr/FishRos/ch5/ch5_ws/install/demo_cpp_tf/share/demo_cpp_tf/cmake/demo_cpp_tfConfig-version.cmake
-- Up-to-date: /home/nayr/FishRos/ch5/ch5_ws/install/demo_cpp_tf/share/demo_cpp_tf/package.xml
