[0.012s] Invoking command in '/home/nayr/FishRos/ch5/ch5_ws/build/demo_cpp_tf': CMAKE_PREFIX_PATH=${CMAKE_PREFIX_PATH}:/home/nayr/FishRos/ch5/ch5_ws/install/demo_python_tf:/home/nayr/FishRos/ch5/install/demo_python_tf:/opt/ros/humble /usr/bin/cmake --build /home/nayr/FishRos/ch5/ch5_ws/build/demo_cpp_tf -- -j4 -l4
[0.057s] [35m[1mConsolidate compiler generated dependencies of target tf_listener[0m
[0.071s] [ 33%] Built target static_tf_broadcaster
[0.072s] [ 50%] [32mBuilding CXX object CMakeFiles/tf_listener.dir/src/tf_listener.cpp.o[0m
[0.080s] [ 83%] Built target tf_broadcaster
[4.429s] [100%] [32m[1mLinking CXX executable tf_listener[0m
[4.674s] [100%] Built target tf_listener
[4.687s] Invoked command in '/home/nayr/FishRos/ch5/ch5_ws/build/demo_cpp_tf' returned '0': CMAKE_PREFIX_PATH=${CMAKE_PREFIX_PATH}:/home/nayr/FishRos/ch5/ch5_ws/install/demo_python_tf:/home/nayr/FishRos/ch5/install/demo_python_tf:/opt/ros/humble /usr/bin/cmake --build /home/nayr/FishRos/ch5/ch5_ws/build/demo_cpp_tf -- -j4 -l4
[4.696s] Invoking command in '/home/nayr/FishRos/ch5/ch5_ws/build/demo_cpp_tf': CMAKE_PREFIX_PATH=${CMAKE_PREFIX_PATH}:/home/nayr/FishRos/ch5/ch5_ws/install/demo_python_tf:/home/nayr/FishRos/ch5/install/demo_python_tf:/opt/ros/humble /usr/bin/cmake --install /home/nayr/FishRos/ch5/ch5_ws/build/demo_cpp_tf
[4.699s] -- Install configuration: ""
[4.701s] -- Up-to-date: /home/nayr/FishRos/ch5/ch5_ws/install/demo_cpp_tf/lib/demo_cpp_tf/static_tf_broadcaster
[4.701s] -- Up-to-date: /home/nayr/FishRos/ch5/ch5_ws/install/demo_cpp_tf/lib/demo_cpp_tf/tf_broadcaster
[4.701s] -- Installing: /home/nayr/FishRos/ch5/ch5_ws/install/demo_cpp_tf/lib/demo_cpp_tf/tf_listener
[4.703s] -- Set runtime path of "/home/nayr/FishRos/ch5/ch5_ws/install/demo_cpp_tf/lib/demo_cpp_tf/tf_listener" to ""
[4.703s] -- Up-to-date: /home/nayr/FishRos/ch5/ch5_ws/install/demo_cpp_tf/share/ament_index/resource_index/package_run_dependencies/demo_cpp_tf
[4.703s] -- Up-to-date: /home/nayr/FishRos/ch5/ch5_ws/install/demo_cpp_tf/share/ament_index/resource_index/parent_prefix_path/demo_cpp_tf
[4.703s] -- Up-to-date: /home/nayr/FishRos/ch5/ch5_ws/install/demo_cpp_tf/share/demo_cpp_tf/environment/ament_prefix_path.sh
[4.703s] -- Up-to-date: /home/nayr/FishRos/ch5/ch5_ws/install/demo_cpp_tf/share/demo_cpp_tf/environment/ament_prefix_path.dsv
[4.704s] -- Up-to-date: /home/nayr/FishRos/ch5/ch5_ws/install/demo_cpp_tf/share/demo_cpp_tf/environment/path.sh
[4.704s] -- Up-to-date: /home/nayr/FishRos/ch5/ch5_ws/install/demo_cpp_tf/share/demo_cpp_tf/environment/path.dsv
[4.704s] -- Up-to-date: /home/nayr/FishRos/ch5/ch5_ws/install/demo_cpp_tf/share/demo_cpp_tf/local_setup.bash
[4.704s] -- Up-to-date: /home/nayr/FishRos/ch5/ch5_ws/install/demo_cpp_tf/share/demo_cpp_tf/local_setup.sh
[4.704s] -- Up-to-date: /home/nayr/FishRos/ch5/ch5_ws/install/demo_cpp_tf/share/demo_cpp_tf/local_setup.zsh
[4.704s] -- Up-to-date: /home/nayr/FishRos/ch5/ch5_ws/install/demo_cpp_tf/share/demo_cpp_tf/local_setup.dsv
[4.704s] -- Installing: /home/nayr/FishRos/ch5/ch5_ws/install/demo_cpp_tf/share/demo_cpp_tf/package.dsv
[4.704s] -- Up-to-date: /home/nayr/FishRos/ch5/ch5_ws/install/demo_cpp_tf/share/ament_index/resource_index/packages/demo_cpp_tf
[4.704s] -- Up-to-date: /home/nayr/FishRos/ch5/ch5_ws/install/demo_cpp_tf/share/demo_cpp_tf/cmake/demo_cpp_tfConfig.cmake
[4.704s] -- Up-to-date: /home/nayr/FishRos/ch5/ch5_ws/install/demo_cpp_tf/share/demo_cpp_tf/cmake/demo_cpp_tfConfig-version.cmake
[4.704s] -- Up-to-date: /home/nayr/FishRos/ch5/ch5_ws/install/demo_cpp_tf/share/demo_cpp_tf/package.xml
[4.705s] Invoked command in '/home/nayr/FishRos/ch5/ch5_ws/build/demo_cpp_tf' returned '0': CMAKE_PREFIX_PATH=${CMAKE_PREFIX_PATH}:/home/nayr/FishRos/ch5/ch5_ws/install/demo_python_tf:/home/nayr/FishRos/ch5/install/demo_python_tf:/opt/ros/humble /usr/bin/cmake --install /home/nayr/FishRos/ch5/ch5_ws/build/demo_cpp_tf
