[0.239s] Invoking command in '/home/nayr/ch2/ch2_ws/src/demo_python_pkg': PYTHONPATH=/home/nayr/ch2/ch2_ws/build/demo_python_pkg/prefix_override:/usr/lib/python3/dist-packages/colcon_core/task/python/colcon_distutils_commands:/home/nayr/ch2/ch2_ws/install/demo_python_pkg/lib/python3.10/site-packages:${PYTHONPATH} /usr/bin/python3 -W ignore:setup.py install is deprecated -W ignore:easy_install command is deprecated setup.py egg_info --egg-base ../../build/demo_python_pkg build --build-base /home/nayr/ch2/ch2_ws/build/demo_python_pkg/build install --record /home/nayr/ch2/ch2_ws/build/demo_python_pkg/install.log --single-version-externally-managed install_data
[0.321s] running egg_info
[0.321s] writing ../../build/demo_python_pkg/demo_python_pkg.egg-info/PKG-INFO
[0.321s] writing dependency_links to ../../build/demo_python_pkg/demo_python_pkg.egg-info/dependency_links.txt
[0.321s] writing entry points to ../../build/demo_python_pkg/demo_python_pkg.egg-info/entry_points.txt
[0.322s] writing requirements to ../../build/demo_python_pkg/demo_python_pkg.egg-info/requires.txt
[0.322s] writing top-level names to ../../build/demo_python_pkg/demo_python_pkg.egg-info/top_level.txt
[0.322s] reading manifest file '../../build/demo_python_pkg/demo_python_pkg.egg-info/SOURCES.txt'
[0.323s] adding license file 'LICENSE'
[0.323s] writing manifest file '../../build/demo_python_pkg/demo_python_pkg.egg-info/SOURCES.txt'
[0.323s] running build
[0.323s] running build_py
[0.323s] copying demo_python_pkg/writer_node.py -> /home/nayr/ch2/ch2_ws/build/demo_python_pkg/build/lib/demo_python_pkg
[0.323s] running install
[0.323s] running install_lib
[0.324s] copying /home/nayr/ch2/ch2_ws/build/demo_python_pkg/build/lib/demo_python_pkg/writer_node.py -> /home/nayr/ch2/ch2_ws/install/demo_python_pkg/lib/python3.10/site-packages/demo_python_pkg
[0.324s] byte-compiling /home/nayr/ch2/ch2_ws/install/demo_python_pkg/lib/python3.10/site-packages/demo_python_pkg/writer_node.py to writer_node.cpython-310.pyc
[0.324s] running install_data
[0.324s] running install_egg_info
[0.325s] removing '/home/nayr/ch2/ch2_ws/install/demo_python_pkg/lib/python3.10/site-packages/demo_python_pkg-0.0.0-py3.10.egg-info' (and everything under it)
[0.325s] Copying ../../build/demo_python_pkg/demo_python_pkg.egg-info to /home/nayr/ch2/ch2_ws/install/demo_python_pkg/lib/python3.10/site-packages/demo_python_pkg-0.0.0-py3.10.egg-info
[0.325s] running install_scripts
[0.333s] Installing person_node script to /home/nayr/ch2/ch2_ws/install/demo_python_pkg/lib/demo_python_pkg
[0.333s] Installing python_node script to /home/nayr/ch2/ch2_ws/install/demo_python_pkg/lib/demo_python_pkg
[0.333s] Installing writer_node script to /home/nayr/ch2/ch2_ws/install/demo_python_pkg/lib/demo_python_pkg
[0.333s] writing list of installed files to '/home/nayr/ch2/ch2_ws/build/demo_python_pkg/install.log'
[0.343s] Invoked command in '/home/nayr/ch2/ch2_ws/src/demo_python_pkg' returned '0': PYTHONPATH=/home/nayr/ch2/ch2_ws/build/demo_python_pkg/prefix_override:/usr/lib/python3/dist-packages/colcon_core/task/python/colcon_distutils_commands:/home/nayr/ch2/ch2_ws/install/demo_python_pkg/lib/python3.10/site-packages:${PYTHONPATH} /usr/bin/python3 -W ignore:setup.py install is deprecated -W ignore:easy_install command is deprecated setup.py egg_info --egg-base ../../build/demo_python_pkg build --build-base /home/nayr/ch2/ch2_ws/build/demo_python_pkg/build install --record /home/nayr/ch2/ch2_ws/build/demo_python_pkg/install.log --single-version-externally-managed install_data
