[0.007s] Invoking command in '/home/nayr/FishRos/ch2/build/demo_cpp_pkg': CMAKE_PREFIX_PATH=${CMAKE_PREFIX_PATH}:/home/nayr/FishRos/ch2/install/demo_python_pkg:/opt/ros/humble /usr/bin/cmake --build /home/nayr/FishRos/ch2/build/demo_cpp_pkg -- -j4 -l4
[0.037s] [ 14%] Built target learn_auto
[0.040s] [ 28%] Built target cpp_node
[0.041s] [ 42%] Built target learn_shared_ptr
[0.050s] [ 57%] Built target learn_lambda
[0.051s] [35m[1mConsolidate compiler generated dependencies of target learn_thread[0m
[0.056s] [ 85%] Built target person_node
[0.056s] [ 85%] Built target learn_functional
[0.057s] [ 92%] [32mBuilding CXX object CMakeFiles/learn_thread.dir/src/learn_thread.cpp.o[0m
[1.887s] [100%] [32m[1mLinking CXX executable learn_thread[0m
[1.967s] [100%] Built target learn_thread
[1.971s] Invoked command in '/home/nayr/FishRos/ch2/build/demo_cpp_pkg' returned '0': CMAKE_PREFIX_PATH=${CMAKE_PREFIX_PATH}:/home/nayr/FishRos/ch2/install/demo_python_pkg:/opt/ros/humble /usr/bin/cmake --build /home/nayr/FishRos/ch2/build/demo_cpp_pkg -- -j4 -l4
[1.975s] Invoking command in '/home/nayr/FishRos/ch2/build/demo_cpp_pkg': CMAKE_PREFIX_PATH=${CMAKE_PREFIX_PATH}:/home/nayr/FishRos/ch2/install/demo_python_pkg:/opt/ros/humble /usr/bin/cmake --install /home/nayr/FishRos/ch2/build/demo_cpp_pkg
[1.977s] -- Install configuration: ""
[1.978s] -- Up-to-date: /home/nayr/FishRos/ch2/install/demo_cpp_pkg/lib/demo_cpp_pkg/cpp_node
[1.978s] -- Up-to-date: /home/nayr/FishRos/ch2/install/demo_cpp_pkg/lib/demo_cpp_pkg/person_node
[1.978s] -- Up-to-date: /home/nayr/FishRos/ch2/install/demo_cpp_pkg/lib/demo_cpp_pkg/learn_auto
[1.978s] -- Up-to-date: /home/nayr/FishRos/ch2/install/demo_cpp_pkg/lib/demo_cpp_pkg/learn_shared_ptr
[1.978s] -- Up-to-date: /home/nayr/FishRos/ch2/install/demo_cpp_pkg/lib/demo_cpp_pkg/learn_lambda
[1.978s] -- Up-to-date: /home/nayr/FishRos/ch2/install/demo_cpp_pkg/lib/demo_cpp_pkg/learn_functional
[1.978s] -- Installing: /home/nayr/FishRos/ch2/install/demo_cpp_pkg/lib/demo_cpp_pkg/learn_thread
[1.981s] -- Up-to-date: /home/nayr/FishRos/ch2/install/demo_cpp_pkg/share/ament_index/resource_index/package_run_dependencies/demo_cpp_pkg
[1.981s] -- Up-to-date: /home/nayr/FishRos/ch2/install/demo_cpp_pkg/share/ament_index/resource_index/parent_prefix_path/demo_cpp_pkg
[1.981s] -- Up-to-date: /home/nayr/FishRos/ch2/install/demo_cpp_pkg/share/demo_cpp_pkg/environment/ament_prefix_path.sh
[1.981s] -- Up-to-date: /home/nayr/FishRos/ch2/install/demo_cpp_pkg/share/demo_cpp_pkg/environment/ament_prefix_path.dsv
[1.981s] -- Up-to-date: /home/nayr/FishRos/ch2/install/demo_cpp_pkg/share/demo_cpp_pkg/environment/path.sh
[1.981s] -- Up-to-date: /home/nayr/FishRos/ch2/install/demo_cpp_pkg/share/demo_cpp_pkg/environment/path.dsv
[1.981s] -- Up-to-date: /home/nayr/FishRos/ch2/install/demo_cpp_pkg/share/demo_cpp_pkg/local_setup.bash
[1.981s] -- Up-to-date: /home/nayr/FishRos/ch2/install/demo_cpp_pkg/share/demo_cpp_pkg/local_setup.sh
[1.981s] -- Up-to-date: /home/nayr/FishRos/ch2/install/demo_cpp_pkg/share/demo_cpp_pkg/local_setup.zsh
[1.981s] -- Up-to-date: /home/nayr/FishRos/ch2/install/demo_cpp_pkg/share/demo_cpp_pkg/local_setup.dsv
[1.981s] -- Installing: /home/nayr/FishRos/ch2/install/demo_cpp_pkg/share/demo_cpp_pkg/package.dsv
[1.981s] -- Up-to-date: /home/nayr/FishRos/ch2/install/demo_cpp_pkg/share/ament_index/resource_index/packages/demo_cpp_pkg
[1.981s] -- Up-to-date: /home/nayr/FishRos/ch2/install/demo_cpp_pkg/share/demo_cpp_pkg/cmake/demo_cpp_pkgConfig.cmake
[1.981s] -- Up-to-date: /home/nayr/FishRos/ch2/install/demo_cpp_pkg/share/demo_cpp_pkg/cmake/demo_cpp_pkgConfig-version.cmake
[1.982s] -- Up-to-date: /home/nayr/FishRos/ch2/install/demo_cpp_pkg/share/demo_cpp_pkg/package.xml
[1.982s] Invoked command in '/home/nayr/FishRos/ch2/build/demo_cpp_pkg' returned '0': CMAKE_PREFIX_PATH=${CMAKE_PREFIX_PATH}:/home/nayr/FishRos/ch2/install/demo_python_pkg:/opt/ros/humble /usr/bin/cmake --install /home/nayr/FishRos/ch2/build/demo_cpp_pkg
