[0.006s] Invoking command in '/home/nayr/FishRos/ch3/topic_practice_ws/build/status_display': CMAKE_PREFIX_PATH=/home/nayr/FishRos/ch3/topic_practice_ws/install/status_interfaces:/home/nayr/FishRos/ch3/topic_practice_ws/install/status_display:/home/nayr/FishRos/ch3/topic_practice_ws/install/status_publisher:/opt/ros/humble /usr/bin/cmake --build /home/nayr/FishRos/ch3/topic_practice_ws/build/status_display -- -j4 -l4
[0.027s] [35m[1mConsolidate compiler generated dependencies of target sys_status_display[0m
[0.036s] [ 25%] [32mBuilding CXX object CMakeFiles/sys_status_display.dir/src/sys_status_display.cpp.o[0m
[0.037s] [ 75%] Built target hello_qt
[3.638s] [100%] [32m[1mLinking CXX executable sys_status_display[0m
[4.079s] [100%] Built target sys_status_display
[4.084s] Invoked command in '/home/nayr/FishRos/ch3/topic_practice_ws/build/status_display' returned '0': CMAKE_PREFIX_PATH=/home/nayr/FishRos/ch3/topic_practice_ws/install/status_interfaces:/home/nayr/FishRos/ch3/topic_practice_ws/install/status_display:/home/nayr/FishRos/ch3/topic_practice_ws/install/status_publisher:/opt/ros/humble /usr/bin/cmake --build /home/nayr/FishRos/ch3/topic_practice_ws/build/status_display -- -j4 -l4
[4.085s] Invoking command in '/home/nayr/FishRos/ch3/topic_practice_ws/build/status_display': CMAKE_PREFIX_PATH=/home/nayr/FishRos/ch3/topic_practice_ws/install/status_interfaces:/home/nayr/FishRos/ch3/topic_practice_ws/install/status_display:/home/nayr/FishRos/ch3/topic_practice_ws/install/status_publisher:/opt/ros/humble /usr/bin/cmake --install /home/nayr/FishRos/ch3/topic_practice_ws/build/status_display
[4.087s] -- Install configuration: ""
[4.088s] -- Up-to-date: /home/nayr/FishRos/ch3/topic_practice_ws/install/status_display/lib/status_display/hello_qt
[4.088s] -- Installing: /home/nayr/FishRos/ch3/topic_practice_ws/install/status_display/lib/status_display/sys_status_display
[4.090s] -- Set runtime path of "/home/nayr/FishRos/ch3/topic_practice_ws/install/status_display/lib/status_display/sys_status_display" to ""
[4.090s] -- Up-to-date: /home/nayr/FishRos/ch3/topic_practice_ws/install/status_display/share/ament_index/resource_index/package_run_dependencies/status_display
[4.090s] -- Up-to-date: /home/nayr/FishRos/ch3/topic_practice_ws/install/status_display/share/ament_index/resource_index/parent_prefix_path/status_display
[4.090s] -- Up-to-date: /home/nayr/FishRos/ch3/topic_practice_ws/install/status_display/share/status_display/environment/ament_prefix_path.sh
[4.091s] -- Up-to-date: /home/nayr/FishRos/ch3/topic_practice_ws/install/status_display/share/status_display/environment/ament_prefix_path.dsv
[4.091s] -- Up-to-date: /home/nayr/FishRos/ch3/topic_practice_ws/install/status_display/share/status_display/environment/path.sh
[4.091s] -- Up-to-date: /home/nayr/FishRos/ch3/topic_practice_ws/install/status_display/share/status_display/environment/path.dsv
[4.091s] -- Up-to-date: /home/nayr/FishRos/ch3/topic_practice_ws/install/status_display/share/status_display/local_setup.bash
[4.091s] -- Up-to-date: /home/nayr/FishRos/ch3/topic_practice_ws/install/status_display/share/status_display/local_setup.sh
[4.091s] -- Up-to-date: /home/nayr/FishRos/ch3/topic_practice_ws/install/status_display/share/status_display/local_setup.zsh
[4.091s] -- Up-to-date: /home/nayr/FishRos/ch3/topic_practice_ws/install/status_display/share/status_display/local_setup.dsv
[4.091s] -- Installing: /home/nayr/FishRos/ch3/topic_practice_ws/install/status_display/share/status_display/package.dsv
[4.091s] -- Up-to-date: /home/nayr/FishRos/ch3/topic_practice_ws/install/status_display/share/ament_index/resource_index/packages/status_display
[4.091s] -- Up-to-date: /home/nayr/FishRos/ch3/topic_practice_ws/install/status_display/share/status_display/cmake/status_displayConfig.cmake
[4.091s] -- Up-to-date: /home/nayr/FishRos/ch3/topic_practice_ws/install/status_display/share/status_display/cmake/status_displayConfig-version.cmake
[4.091s] -- Up-to-date: /home/nayr/FishRos/ch3/topic_practice_ws/install/status_display/share/status_display/package.xml
[4.092s] Invoked command in '/home/nayr/FishRos/ch3/topic_practice_ws/build/status_display' returned '0': CMAKE_PREFIX_PATH=/home/nayr/FishRos/ch3/topic_practice_ws/install/status_interfaces:/home/nayr/FishRos/ch3/topic_practice_ws/install/status_display:/home/nayr/FishRos/ch3/topic_practice_ws/install/status_publisher:/opt/ros/humble /usr/bin/cmake --install /home/nayr/FishRos/ch3/topic_practice_ws/build/status_display
