[0.008s] Invoking command in '/home/nayr/ch2/ch2_ws/build/demo_cpp_pkg': CMAKE_PREFIX_PATH=${CMAKE_PREFIX_PATH}:/home/nayr/ch2/ch2_ws/install/demo_python_pkg:/opt/ros/humble /usr/bin/cmake --build /home/nayr/ch2/ch2_ws/build/demo_cpp_pkg -- -j4 -l4
[0.114s] -- Found ament_cmake: 1.3.12 (/opt/ros/humble/share/ament_cmake/cmake)
[0.114s] -- Found rclcpp: 16.0.14 (/opt/ros/humble/share/rclcpp/cmake)
[0.114s] -- Found rosidl_generator_c: 3.1.7 (/opt/ros/humble/share/rosidl_generator_c/cmake)
[0.114s] -- Found rosidl_adapter: 3.1.7 (/opt/ros/humble/share/rosidl_adapter/cmake)
[0.117s] -- Found rosidl_generator_cpp: 3.1.7 (/opt/ros/humble/share/rosidl_generator_cpp/cmake)
[0.124s] -- Using all available rosidl_typesupport_c: rosidl_typesupport_fastrtps_c;rosidl_typesupport_introspection_c
[0.132s] -- Using all available rosidl_typesupport_cpp: rosidl_typesupport_fastrtps_cpp;rosidl_typesupport_introspection_cpp
[0.152s] -- Found rmw_implementation_cmake: 6.1.2 (/opt/ros/humble/share/rmw_implementation_cmake/cmake)
[0.154s] -- Found rmw_fastrtps_cpp: 6.2.8 (/opt/ros/humble/share/rmw_fastrtps_cpp/cmake)
[0.201s] -- Using RMW implementation 'rmw_fastrtps_cpp' as default
[0.238s] -- Found ament_lint_auto: 0.12.14 (/opt/ros/humble/share/ament_lint_auto/cmake)
[0.271s] -- Added test 'cppcheck' to perform static code analysis on C / C++ code
[0.271s] -- Configured cppcheck include dirs: 
[0.271s] -- Configured cppcheck exclude dirs and/or files: 
[0.271s] -- Added test 'lint_cmake' to check CMake code style
[0.272s] -- Added test 'uncrustify' to check C / C++ code style
[0.272s] -- Configured uncrustify additional arguments: 
[0.272s] -- Added test 'xmllint' to check XML markup files
[0.273s] -- Configuring done
[0.279s] -- Generating done
[0.281s] -- Build files have been written to: /home/nayr/ch2/ch2_ws/build/demo_cpp_pkg
[0.290s] [35m[1mConsolidate compiler generated dependencies of target cpp_node[0m
[0.293s] [ 25%] [32mBuilding CXX object CMakeFiles/person_node.dir/src/person_node.cpp.o[0m
[0.297s] [ 75%] Built target cpp_node
[1.393s] [100%] [32m[1mLinking CXX executable person_node[0m
[1.445s] [100%] Built target person_node
[1.450s] Invoked command in '/home/nayr/ch2/ch2_ws/build/demo_cpp_pkg' returned '0': CMAKE_PREFIX_PATH=${CMAKE_PREFIX_PATH}:/home/nayr/ch2/ch2_ws/install/demo_python_pkg:/opt/ros/humble /usr/bin/cmake --build /home/nayr/ch2/ch2_ws/build/demo_cpp_pkg -- -j4 -l4
[1.453s] Invoking command in '/home/nayr/ch2/ch2_ws/build/demo_cpp_pkg': CMAKE_PREFIX_PATH=${CMAKE_PREFIX_PATH}:/home/nayr/ch2/ch2_ws/install/demo_python_pkg:/opt/ros/humble /usr/bin/cmake --install /home/nayr/ch2/ch2_ws/build/demo_cpp_pkg
[1.455s] -- Install configuration: ""
[1.456s] -- Up-to-date: /home/nayr/ch2/ch2_ws/install/demo_cpp_pkg/lib/demo_cpp_pkg/cpp_node
[1.456s] -- Up-to-date: /home/nayr/ch2/ch2_ws/install/demo_cpp_pkg/share/ament_index/resource_index/package_run_dependencies/demo_cpp_pkg
[1.456s] -- Installing: /home/nayr/ch2/ch2_ws/install/demo_cpp_pkg/share/ament_index/resource_index/parent_prefix_path/demo_cpp_pkg
[1.456s] -- Up-to-date: /home/nayr/ch2/ch2_ws/install/demo_cpp_pkg/share/demo_cpp_pkg/environment/ament_prefix_path.sh
[1.456s] -- Installing: /home/nayr/ch2/ch2_ws/install/demo_cpp_pkg/share/demo_cpp_pkg/environment/ament_prefix_path.dsv
[1.456s] -- Up-to-date: /home/nayr/ch2/ch2_ws/install/demo_cpp_pkg/share/demo_cpp_pkg/environment/path.sh
[1.456s] -- Installing: /home/nayr/ch2/ch2_ws/install/demo_cpp_pkg/share/demo_cpp_pkg/environment/path.dsv
[1.456s] -- Up-to-date: /home/nayr/ch2/ch2_ws/install/demo_cpp_pkg/share/demo_cpp_pkg/local_setup.bash
[1.456s] -- Up-to-date: /home/nayr/ch2/ch2_ws/install/demo_cpp_pkg/share/demo_cpp_pkg/local_setup.sh
[1.456s] -- Up-to-date: /home/nayr/ch2/ch2_ws/install/demo_cpp_pkg/share/demo_cpp_pkg/local_setup.zsh
[1.456s] -- Installing: /home/nayr/ch2/ch2_ws/install/demo_cpp_pkg/share/demo_cpp_pkg/local_setup.dsv
[1.456s] -- Installing: /home/nayr/ch2/ch2_ws/install/demo_cpp_pkg/share/demo_cpp_pkg/package.dsv
[1.456s] -- Up-to-date: /home/nayr/ch2/ch2_ws/install/demo_cpp_pkg/share/ament_index/resource_index/packages/demo_cpp_pkg
[1.456s] -- Up-to-date: /home/nayr/ch2/ch2_ws/install/demo_cpp_pkg/share/demo_cpp_pkg/cmake/demo_cpp_pkgConfig.cmake
[1.456s] -- Up-to-date: /home/nayr/ch2/ch2_ws/install/demo_cpp_pkg/share/demo_cpp_pkg/cmake/demo_cpp_pkgConfig-version.cmake
[1.456s] -- Up-to-date: /home/nayr/ch2/ch2_ws/install/demo_cpp_pkg/share/demo_cpp_pkg/package.xml
[1.457s] Invoked command in '/home/nayr/ch2/ch2_ws/build/demo_cpp_pkg' returned '0': CMAKE_PREFIX_PATH=${CMAKE_PREFIX_PATH}:/home/nayr/ch2/ch2_ws/install/demo_python_pkg:/opt/ros/humble /usr/bin/cmake --install /home/nayr/ch2/ch2_ws/build/demo_cpp_pkg
