[0.007s] Invoking command in '/home/nayr/FishRos/ch3/topic_ws/build/demo_cpp_topic': CMAKE_PREFIX_PATH=${CMAKE_PREFIX_PATH}:/home/nayr/FishRos/ch3/topic_ws/src/install/demo_python_topic:/opt/ros/humble /usr/bin/cmake --build /home/nayr/FishRos/ch3/topic_ws/build/demo_cpp_topic -- -j4 -l4
[0.027s] -- Found ament_cmake: 1.3.12 (/opt/ros/humble/share/ament_cmake/cmake)
[0.086s] -- Found rclcpp: 16.0.14 (/opt/ros/humble/share/rclcpp/cmake)
[0.098s] -- Found rosidl_generator_c: 3.1.7 (/opt/ros/humble/share/rosidl_generator_c/cmake)
[0.099s] -- Found rosidl_adapter: 3.1.7 (/opt/ros/humble/share/rosidl_adapter/cmake)
[0.101s] -- Found rosidl_generator_cpp: 3.1.7 (/opt/ros/humble/share/rosidl_generator_cpp/cmake)
[0.105s] -- Using all available rosidl_typesupport_c: rosidl_typesupport_fastrtps_c;rosidl_typesupport_introspection_c
[0.116s] -- Using all available rosidl_typesupport_cpp: rosidl_typesupport_fastrtps_cpp;rosidl_typesupport_introspection_cpp
[0.130s] -- Found rmw_implementation_cmake: 6.1.2 (/opt/ros/humble/share/rmw_implementation_cmake/cmake)
[0.131s] -- Found rmw_fastrtps_cpp: 6.2.8 (/opt/ros/humble/share/rmw_fastrtps_cpp/cmake)
[0.176s] -- Using RMW implementation 'rmw_fastrtps_cpp' as default
[0.196s] -- Found geometry_msgs: 4.9.0 (/opt/ros/humble/share/geometry_msgs/cmake)
[0.201s] -- Found turtlesim: 1.4.2 (/opt/ros/humble/share/turtlesim/cmake)
[0.219s] -- Found ament_lint_auto: 0.12.14 (/opt/ros/humble/share/ament_lint_auto/cmake)
[0.249s] -- Added test 'cppcheck' to perform static code analysis on C / C++ code
[0.249s] -- Configured cppcheck include dirs: 
[0.249s] -- Configured cppcheck exclude dirs and/or files: 
[0.249s] -- Added test 'lint_cmake' to check CMake code style
[0.249s] -- Added test 'uncrustify' to check C / C++ code style
[0.249s] -- Configured uncrustify additional arguments: 
[0.250s] -- Added test 'xmllint' to check XML markup files
[0.250s] -- Configuring done
[0.257s] -- Generating done
[0.260s] -- Build files have been written to: /home/nayr/FishRos/ch3/topic_ws/build/demo_cpp_topic
[0.270s] [35m[1mConsolidate compiler generated dependencies of target turtle_circle[0m
[0.270s] [35m[1mConsolidate compiler generated dependencies of target turtle_control[0m
[0.278s] [ 50%] Built target turtle_control
[0.284s] [100%] Built target turtle_circle
[0.288s] Invoked command in '/home/nayr/FishRos/ch3/topic_ws/build/demo_cpp_topic' returned '0': CMAKE_PREFIX_PATH=${CMAKE_PREFIX_PATH}:/home/nayr/FishRos/ch3/topic_ws/src/install/demo_python_topic:/opt/ros/humble /usr/bin/cmake --build /home/nayr/FishRos/ch3/topic_ws/build/demo_cpp_topic -- -j4 -l4
[0.292s] Invoking command in '/home/nayr/FishRos/ch3/topic_ws/build/demo_cpp_topic': CMAKE_PREFIX_PATH=${CMAKE_PREFIX_PATH}:/home/nayr/FishRos/ch3/topic_ws/src/install/demo_python_topic:/opt/ros/humble /usr/bin/cmake --install /home/nayr/FishRos/ch3/topic_ws/build/demo_cpp_topic
[0.294s] -- Install configuration: ""
[0.294s] -- Up-to-date: /home/nayr/FishRos/ch3/topic_ws/install/demo_cpp_topic/lib/demo_cpp_topic/turtle_circle
[0.294s] -- Up-to-date: /home/nayr/FishRos/ch3/topic_ws/install/demo_cpp_topic/lib/demo_cpp_topic/turtle_control
[0.294s] -- Up-to-date: /home/nayr/FishRos/ch3/topic_ws/install/demo_cpp_topic/share/ament_index/resource_index/package_run_dependencies/demo_cpp_topic
[0.294s] -- Up-to-date: /home/nayr/FishRos/ch3/topic_ws/install/demo_cpp_topic/share/ament_index/resource_index/parent_prefix_path/demo_cpp_topic
[0.294s] -- Up-to-date: /home/nayr/FishRos/ch3/topic_ws/install/demo_cpp_topic/share/demo_cpp_topic/environment/ament_prefix_path.sh
[0.294s] -- Installing: /home/nayr/FishRos/ch3/topic_ws/install/demo_cpp_topic/share/demo_cpp_topic/environment/ament_prefix_path.dsv
[0.294s] -- Up-to-date: /home/nayr/FishRos/ch3/topic_ws/install/demo_cpp_topic/share/demo_cpp_topic/environment/path.sh
[0.295s] -- Installing: /home/nayr/FishRos/ch3/topic_ws/install/demo_cpp_topic/share/demo_cpp_topic/environment/path.dsv
[0.295s] -- Up-to-date: /home/nayr/FishRos/ch3/topic_ws/install/demo_cpp_topic/share/demo_cpp_topic/local_setup.bash
[0.295s] -- Up-to-date: /home/nayr/FishRos/ch3/topic_ws/install/demo_cpp_topic/share/demo_cpp_topic/local_setup.sh
[0.295s] -- Up-to-date: /home/nayr/FishRos/ch3/topic_ws/install/demo_cpp_topic/share/demo_cpp_topic/local_setup.zsh
[0.295s] -- Installing: /home/nayr/FishRos/ch3/topic_ws/install/demo_cpp_topic/share/demo_cpp_topic/local_setup.dsv
[0.295s] -- Installing: /home/nayr/FishRos/ch3/topic_ws/install/demo_cpp_topic/share/demo_cpp_topic/package.dsv
[0.295s] -- Up-to-date: /home/nayr/FishRos/ch3/topic_ws/install/demo_cpp_topic/share/ament_index/resource_index/packages/demo_cpp_topic
[0.295s] -- Up-to-date: /home/nayr/FishRos/ch3/topic_ws/install/demo_cpp_topic/share/demo_cpp_topic/cmake/demo_cpp_topicConfig.cmake
[0.295s] -- Up-to-date: /home/nayr/FishRos/ch3/topic_ws/install/demo_cpp_topic/share/demo_cpp_topic/cmake/demo_cpp_topicConfig-version.cmake
[0.295s] -- Up-to-date: /home/nayr/FishRos/ch3/topic_ws/install/demo_cpp_topic/share/demo_cpp_topic/package.xml
[0.296s] Invoked command in '/home/nayr/FishRos/ch3/topic_ws/build/demo_cpp_topic' returned '0': CMAKE_PREFIX_PATH=${CMAKE_PREFIX_PATH}:/home/nayr/FishRos/ch3/topic_ws/src/install/demo_python_topic:/opt/ros/humble /usr/bin/cmake --install /home/nayr/FishRos/ch3/topic_ws/build/demo_cpp_topic
