[0.008s] Invoking command in '/home/nayr/FishRos/ch4/ch4_ws/build/demo_cpp_service': CMAKE_PREFIX_PATH=${CMAKE_PREFIX_PATH}:/home/nayr/FishRos/ch4/ch4_ws/install/demo_python_service:/opt/ros/humble /usr/bin/cmake --build /home/nayr/FishRos/ch4/ch4_ws/build/demo_cpp_service -- -j4 -l4
[0.034s] [35m[1mConsolidate compiler generated dependencies of target patrol_client[0m
[0.045s] [ 25%] [32mBuilding CXX object CMakeFiles/patrol_client.dir/src/patrol_client.cpp.o[0m
[0.050s] [ 75%] Built target turtle_control
[2.269s] [100%] [32m[1mLinking CXX executable patrol_client[0m
[2.366s] [100%] Built target patrol_client
[2.372s] Invoked command in '/home/nayr/FishRos/ch4/ch4_ws/build/demo_cpp_service' returned '0': CMAKE_PREFIX_PATH=${CMAKE_PREFIX_PATH}:/home/nayr/FishRos/ch4/ch4_ws/install/demo_python_service:/opt/ros/humble /usr/bin/cmake --build /home/nayr/FishRos/ch4/ch4_ws/build/demo_cpp_service -- -j4 -l4
[2.373s] Invoking command in '/home/nayr/FishRos/ch4/ch4_ws/build/demo_cpp_service': CMAKE_PREFIX_PATH=${CMAKE_PREFIX_PATH}:/home/nayr/FishRos/ch4/ch4_ws/install/demo_python_service:/opt/ros/humble /usr/bin/cmake --install /home/nayr/FishRos/ch4/ch4_ws/build/demo_cpp_service
[2.376s] -- Install configuration: ""
[2.376s] -- Up-to-date: /home/nayr/FishRos/ch4/ch4_ws/install/demo_cpp_service/lib/demo_cpp_service/turtle_control
[2.376s] -- Installing: /home/nayr/FishRos/ch4/ch4_ws/install/demo_cpp_service/lib/demo_cpp_service/patrol_client
[2.378s] -- Set runtime path of "/home/nayr/FishRos/ch4/ch4_ws/install/demo_cpp_service/lib/demo_cpp_service/patrol_client" to ""
[2.378s] -- Up-to-date: /home/nayr/FishRos/ch4/ch4_ws/install/demo_cpp_service/share/ament_index/resource_index/package_run_dependencies/demo_cpp_service
[2.378s] -- Up-to-date: /home/nayr/FishRos/ch4/ch4_ws/install/demo_cpp_service/share/ament_index/resource_index/parent_prefix_path/demo_cpp_service
[2.378s] -- Up-to-date: /home/nayr/FishRos/ch4/ch4_ws/install/demo_cpp_service/share/demo_cpp_service/environment/ament_prefix_path.sh
[2.379s] -- Up-to-date: /home/nayr/FishRos/ch4/ch4_ws/install/demo_cpp_service/share/demo_cpp_service/environment/ament_prefix_path.dsv
[2.379s] -- Up-to-date: /home/nayr/FishRos/ch4/ch4_ws/install/demo_cpp_service/share/demo_cpp_service/environment/path.sh
[2.379s] -- Up-to-date: /home/nayr/FishRos/ch4/ch4_ws/install/demo_cpp_service/share/demo_cpp_service/environment/path.dsv
[2.379s] -- Up-to-date: /home/nayr/FishRos/ch4/ch4_ws/install/demo_cpp_service/share/demo_cpp_service/local_setup.bash
[2.379s] -- Up-to-date: /home/nayr/FishRos/ch4/ch4_ws/install/demo_cpp_service/share/demo_cpp_service/local_setup.sh
[2.379s] -- Up-to-date: /home/nayr/FishRos/ch4/ch4_ws/install/demo_cpp_service/share/demo_cpp_service/local_setup.zsh
[2.379s] -- Up-to-date: /home/nayr/FishRos/ch4/ch4_ws/install/demo_cpp_service/share/demo_cpp_service/local_setup.dsv
[2.379s] -- Installing: /home/nayr/FishRos/ch4/ch4_ws/install/demo_cpp_service/share/demo_cpp_service/package.dsv
[2.379s] -- Up-to-date: /home/nayr/FishRos/ch4/ch4_ws/install/demo_cpp_service/share/ament_index/resource_index/packages/demo_cpp_service
[2.379s] -- Up-to-date: /home/nayr/FishRos/ch4/ch4_ws/install/demo_cpp_service/share/demo_cpp_service/cmake/demo_cpp_serviceConfig.cmake
[2.379s] -- Up-to-date: /home/nayr/FishRos/ch4/ch4_ws/install/demo_cpp_service/share/demo_cpp_service/cmake/demo_cpp_serviceConfig-version.cmake
[2.379s] -- Up-to-date: /home/nayr/FishRos/ch4/ch4_ws/install/demo_cpp_service/share/demo_cpp_service/package.xml
[2.380s] Invoked command in '/home/nayr/FishRos/ch4/ch4_ws/build/demo_cpp_service' returned '0': CMAKE_PREFIX_PATH=${CMAKE_PREFIX_PATH}:/home/nayr/FishRos/ch4/ch4_ws/install/demo_python_service:/opt/ros/humble /usr/bin/cmake --install /home/nayr/FishRos/ch4/ch4_ws/build/demo_cpp_service
