[0.006s] Invoking command in '/home/nayr/FishRos/ch3/topic_ws/build/demo_cpp_topic': CMAKE_PREFIX_PATH=${CMAKE_PREFIX_PATH}:/home/nayr/FishRos/ch3/topic_ws/src/install/demo_python_topic:/opt/ros/humble /usr/bin/cmake /home/nayr/FishRos/ch3/topic_ws/src/demo_cpp_topic -DCMAKE_INSTALL_PREFIX=/home/nayr/FishRos/ch3/topic_ws/install/demo_cpp_topic
[0.014s] -- Found ament_cmake: 1.3.12 (/opt/ros/humble/share/ament_cmake/cmake)
[0.072s] -- Found rclcpp: 16.0.14 (/opt/ros/humble/share/rclcpp/cmake)
[0.084s] -- Found rosidl_generator_c: 3.1.7 (/opt/ros/humble/share/rosidl_generator_c/cmake)
[0.085s] -- Found rosidl_adapter: 3.1.7 (/opt/ros/humble/share/rosidl_adapter/cmake)
[0.087s] -- Found rosidl_generator_cpp: 3.1.7 (/opt/ros/humble/share/rosidl_generator_cpp/cmake)
[0.091s] -- Using all available rosidl_typesupport_c: rosidl_typesupport_fastrtps_c;rosidl_typesupport_introspection_c
[0.095s] -- Using all available rosidl_typesupport_cpp: rosidl_typesupport_fastrtps_cpp;rosidl_typesupport_introspection_cpp
[0.109s] -- Found rmw_implementation_cmake: 6.1.2 (/opt/ros/humble/share/rmw_implementation_cmake/cmake)
[0.109s] -- Found rmw_fastrtps_cpp: 6.2.8 (/opt/ros/humble/share/rmw_fastrtps_cpp/cmake)
[0.158s] -- Using RMW implementation 'rmw_fastrtps_cpp' as default
[0.184s] -- Found geometry_msgs: 4.9.0 (/opt/ros/humble/share/geometry_msgs/cmake)
[0.190s] -- Found turtlesim: 1.4.2 (/opt/ros/humble/share/turtlesim/cmake)
[0.206s] -- Found ament_lint_auto: 0.12.14 (/opt/ros/humble/share/ament_lint_auto/cmake)
[0.250s] -- Added test 'cppcheck' to perform static code analysis on C / C++ code
[0.250s] -- Configured cppcheck include dirs: 
[0.250s] -- Configured cppcheck exclude dirs and/or files: 
[0.250s] -- Added test 'lint_cmake' to check CMake code style
[0.251s] -- Added test 'uncrustify' to check C / C++ code style
[0.251s] -- Configured uncrustify additional arguments: 
[0.251s] -- Added test 'xmllint' to check XML markup files
[0.252s] -- Configuring done
[0.259s] -- Generating done
[0.261s] -- Build files have been written to: /home/nayr/FishRos/ch3/topic_ws/build/demo_cpp_topic
[0.265s] Invoked command in '/home/nayr/FishRos/ch3/topic_ws/build/demo_cpp_topic' returned '0': CMAKE_PREFIX_PATH=${CMAKE_PREFIX_PATH}:/home/nayr/FishRos/ch3/topic_ws/src/install/demo_python_topic:/opt/ros/humble /usr/bin/cmake /home/nayr/FishRos/ch3/topic_ws/src/demo_cpp_topic -DCMAKE_INSTALL_PREFIX=/home/nayr/FishRos/ch3/topic_ws/install/demo_cpp_topic
[0.266s] Invoking command in '/home/nayr/FishRos/ch3/topic_ws/build/demo_cpp_topic': CMAKE_PREFIX_PATH=${CMAKE_PREFIX_PATH}:/home/nayr/FishRos/ch3/topic_ws/src/install/demo_python_topic:/opt/ros/humble /usr/bin/cmake --build /home/nayr/FishRos/ch3/topic_ws/build/demo_cpp_topic -- -j4 -l4
[0.287s] [ 50%] [32mBuilding CXX object CMakeFiles/turtle_control.dir/src/turtle_control.cpp.o[0m
[0.287s] [ 50%] [32mBuilding CXX object CMakeFiles/turtle_circle.dir/src/turtle_circle.cpp.o[0m
[2.414s] [ 75%] [32m[1mLinking CXX executable turtle_circle[0m
[2.508s] [ 75%] Built target turtle_circle
[4.100s] [100%] [32m[1mLinking CXX executable turtle_control[0m
[4.323s] [100%] Built target turtle_control
[4.329s] Invoked command in '/home/nayr/FishRos/ch3/topic_ws/build/demo_cpp_topic' returned '0': CMAKE_PREFIX_PATH=${CMAKE_PREFIX_PATH}:/home/nayr/FishRos/ch3/topic_ws/src/install/demo_python_topic:/opt/ros/humble /usr/bin/cmake --build /home/nayr/FishRos/ch3/topic_ws/build/demo_cpp_topic -- -j4 -l4
[4.333s] Invoking command in '/home/nayr/FishRos/ch3/topic_ws/build/demo_cpp_topic': CMAKE_PREFIX_PATH=${CMAKE_PREFIX_PATH}:/home/nayr/FishRos/ch3/topic_ws/src/install/demo_python_topic:/opt/ros/humble /usr/bin/cmake --install /home/nayr/FishRos/ch3/topic_ws/build/demo_cpp_topic
[4.335s] -- Install configuration: ""
[4.336s] -- Installing: /home/nayr/FishRos/ch3/topic_ws/install/demo_cpp_topic/lib/demo_cpp_topic/turtle_circle
[4.336s] -- Set runtime path of "/home/nayr/FishRos/ch3/topic_ws/install/demo_cpp_topic/lib/demo_cpp_topic/turtle_circle" to ""
[4.336s] -- Installing: /home/nayr/FishRos/ch3/topic_ws/install/demo_cpp_topic/lib/demo_cpp_topic/turtle_control
[4.338s] -- Set runtime path of "/home/nayr/FishRos/ch3/topic_ws/install/demo_cpp_topic/lib/demo_cpp_topic/turtle_control" to ""
[4.338s] -- Installing: /home/nayr/FishRos/ch3/topic_ws/install/demo_cpp_topic/share/ament_index/resource_index/package_run_dependencies/demo_cpp_topic
[4.338s] -- Installing: /home/nayr/FishRos/ch3/topic_ws/install/demo_cpp_topic/share/ament_index/resource_index/parent_prefix_path/demo_cpp_topic
[4.338s] -- Installing: /home/nayr/FishRos/ch3/topic_ws/install/demo_cpp_topic/share/demo_cpp_topic/environment/ament_prefix_path.sh
[4.338s] -- Installing: /home/nayr/FishRos/ch3/topic_ws/install/demo_cpp_topic/share/demo_cpp_topic/environment/ament_prefix_path.dsv
[4.338s] -- Installing: /home/nayr/FishRos/ch3/topic_ws/install/demo_cpp_topic/share/demo_cpp_topic/environment/path.sh
[4.338s] -- Installing: /home/nayr/FishRos/ch3/topic_ws/install/demo_cpp_topic/share/demo_cpp_topic/environment/path.dsv
[4.338s] -- Installing: /home/nayr/FishRos/ch3/topic_ws/install/demo_cpp_topic/share/demo_cpp_topic/local_setup.bash
[4.338s] -- Installing: /home/nayr/FishRos/ch3/topic_ws/install/demo_cpp_topic/share/demo_cpp_topic/local_setup.sh
[4.339s] -- Installing: /home/nayr/FishRos/ch3/topic_ws/install/demo_cpp_topic/share/demo_cpp_topic/local_setup.zsh
[4.339s] -- Installing: /home/nayr/FishRos/ch3/topic_ws/install/demo_cpp_topic/share/demo_cpp_topic/local_setup.dsv
[4.339s] -- Installing: /home/nayr/FishRos/ch3/topic_ws/install/demo_cpp_topic/share/demo_cpp_topic/package.dsv
[4.339s] -- Installing: /home/nayr/FishRos/ch3/topic_ws/install/demo_cpp_topic/share/ament_index/resource_index/packages/demo_cpp_topic
[4.339s] -- Installing: /home/nayr/FishRos/ch3/topic_ws/install/demo_cpp_topic/share/demo_cpp_topic/cmake/demo_cpp_topicConfig.cmake
[4.339s] -- Installing: /home/nayr/FishRos/ch3/topic_ws/install/demo_cpp_topic/share/demo_cpp_topic/cmake/demo_cpp_topicConfig-version.cmake
[4.339s] -- Installing: /home/nayr/FishRos/ch3/topic_ws/install/demo_cpp_topic/share/demo_cpp_topic/package.xml
[4.340s] Invoked command in '/home/nayr/FishRos/ch3/topic_ws/build/demo_cpp_topic' returned '0': CMAKE_PREFIX_PATH=${CMAKE_PREFIX_PATH}:/home/nayr/FishRos/ch3/topic_ws/src/install/demo_python_topic:/opt/ros/humble /usr/bin/cmake --install /home/nayr/FishRos/ch3/topic_ws/build/demo_cpp_topic
