[0.051s] DEBUG:colcon:Command line arguments: ['/usr/bin/colcon', 'build']
[0.051s] DEBUG:colcon:Parsed command line arguments: Namespace(log_base=None, log_level=None, verb_name='build', build_base='build', install_base='install', merge_install=False, symlink_install=False, test_result_base=None, continue_on_error=False, executor='parallel', parallel_workers=4, event_handlers=None, ignore_user_meta=False, metas=['./colcon.meta'], base_paths=['.'], packages_ignore=None, packages_ignore_regex=None, paths=None, packages_up_to=None, packages_up_to_regex=None, packages_above=None, packages_above_and_dependencies=None, packages_above_depth=None, packages_select_by_dep=None, packages_skip_by_dep=None, packages_skip_up_to=None, packages_select_build_failed=False, packages_skip_build_finished=False, packages_select_test_failures=False, packages_skip_test_passed=False, packages_select=None, packages_skip=None, packages_select_regex=None, packages_skip_regex=None, packages_start=None, packages_end=None, allow_overriding=[], cmake_args=None, cmake_target=None, cmake_target_skip_unavailable=False, cmake_clean_cache=False, cmake_clean_first=False, cmake_force_configure=False, ament_cmake_args=None, catkin_cmake_args=None, catkin_skip_building_tests=False, mixin_files=None, mixin=None, verb_parser=<colcon_mixin.mixin.mixin_argument.MixinArgumentDecorator object at 0xffffb28ae470>, verb_extension=<colcon_core.verb.build.BuildVerb object at 0xffffb28add50>, main=<bound method BuildVerb.main of <colcon_core.verb.build.BuildVerb object at 0xffffb28add50>>, mixin_verb=('build',))
[0.120s] Level 1:colcon.colcon_core.package_discovery:discover_packages(colcon_meta) check parameters
[0.120s] Level 1:colcon.colcon_core.package_discovery:discover_packages(recursive) check parameters
[0.120s] Level 1:colcon.colcon_core.package_discovery:discover_packages(ignore) check parameters
[0.120s] Level 1:colcon.colcon_core.package_discovery:discover_packages(path) check parameters
[0.120s] Level 1:colcon.colcon_core.package_discovery:discover_packages(colcon_meta) discover
[0.120s] Level 1:colcon.colcon_core.package_discovery:discover_packages(recursive) discover
[0.120s] INFO:colcon.colcon_core.package_discovery:Crawling recursively for packages in '/home/nayr/FishRos/ch3/topic_ws/src'
[0.121s] Level 1:colcon.colcon_core.package_identification:_identify(.) by extensions ['ignore', 'ignore_ament_install']
[0.121s] Level 1:colcon.colcon_core.package_identification:_identify(.) by extension 'ignore'
[0.121s] Level 1:colcon.colcon_core.package_identification:_identify(.) by extension 'ignore_ament_install'
[0.121s] Level 1:colcon.colcon_core.package_identification:_identify(.) by extensions ['colcon_pkg']
[0.121s] Level 1:colcon.colcon_core.package_identification:_identify(.) by extension 'colcon_pkg'
[0.121s] Level 1:colcon.colcon_core.package_identification:_identify(.) by extensions ['colcon_meta']
[0.121s] Level 1:colcon.colcon_core.package_identification:_identify(.) by extension 'colcon_meta'
[0.121s] Level 1:colcon.colcon_core.package_identification:_identify(.) by extensions ['ros']
[0.121s] Level 1:colcon.colcon_core.package_identification:_identify(.) by extension 'ros'
[0.128s] Level 1:colcon.colcon_core.package_identification:_identify(.) by extensions ['cmake', 'python']
[0.128s] Level 1:colcon.colcon_core.package_identification:_identify(.) by extension 'cmake'
[0.128s] Level 1:colcon.colcon_core.package_identification:_identify(.) by extension 'python'
[0.128s] Level 1:colcon.colcon_core.package_identification:_identify(.) by extensions ['python_setup_py']
[0.129s] Level 1:colcon.colcon_core.package_identification:_identify(.) by extension 'python_setup_py'
[0.129s] Level 1:colcon.colcon_core.package_identification:_identify(build) by extensions ['ignore', 'ignore_ament_install']
[0.129s] Level 1:colcon.colcon_core.package_identification:_identify(build) by extension 'ignore'
[0.129s] Level 1:colcon.colcon_core.package_identification:_identify(build) ignored
[0.129s] Level 1:colcon.colcon_core.package_identification:_identify(demo_cpp_topic) by extensions ['ignore', 'ignore_ament_install']
[0.129s] Level 1:colcon.colcon_core.package_identification:_identify(demo_cpp_topic) by extension 'ignore'
[0.129s] Level 1:colcon.colcon_core.package_identification:_identify(demo_cpp_topic) by extension 'ignore_ament_install'
[0.129s] Level 1:colcon.colcon_core.package_identification:_identify(demo_cpp_topic) by extensions ['colcon_pkg']
[0.129s] Level 1:colcon.colcon_core.package_identification:_identify(demo_cpp_topic) by extension 'colcon_pkg'
[0.129s] Level 1:colcon.colcon_core.package_identification:_identify(demo_cpp_topic) by extensions ['colcon_meta']
[0.129s] Level 1:colcon.colcon_core.package_identification:_identify(demo_cpp_topic) by extension 'colcon_meta'
[0.129s] Level 1:colcon.colcon_core.package_identification:_identify(demo_cpp_topic) by extensions ['ros']
[0.129s] Level 1:colcon.colcon_core.package_identification:_identify(demo_cpp_topic) by extension 'ros'
[0.130s] DEBUG:colcon.colcon_core.package_identification:Package 'demo_cpp_topic' with type 'ros.ament_cmake' and name 'demo_cpp_topic'
[0.130s] Level 1:colcon.colcon_core.package_identification:_identify(demo_python_topic) by extensions ['ignore', 'ignore_ament_install']
[0.130s] Level 1:colcon.colcon_core.package_identification:_identify(demo_python_topic) by extension 'ignore'
[0.130s] Level 1:colcon.colcon_core.package_identification:_identify(demo_python_topic) by extension 'ignore_ament_install'
[0.130s] Level 1:colcon.colcon_core.package_identification:_identify(demo_python_topic) by extensions ['colcon_pkg']
[0.130s] Level 1:colcon.colcon_core.package_identification:_identify(demo_python_topic) by extension 'colcon_pkg'
[0.130s] Level 1:colcon.colcon_core.package_identification:_identify(demo_python_topic) by extensions ['colcon_meta']
[0.130s] Level 1:colcon.colcon_core.package_identification:_identify(demo_python_topic) by extension 'colcon_meta'
[0.130s] Level 1:colcon.colcon_core.package_identification:_identify(demo_python_topic) by extensions ['ros']
[0.130s] Level 1:colcon.colcon_core.package_identification:_identify(demo_python_topic) by extension 'ros'
[0.131s] DEBUG:colcon.colcon_core.package_identification:Package 'demo_python_topic' with type 'ros.ament_python' and name 'demo_python_topic'
[0.131s] Level 1:colcon.colcon_core.package_identification:_identify(install) by extensions ['ignore', 'ignore_ament_install']
[0.131s] Level 1:colcon.colcon_core.package_identification:_identify(install) by extension 'ignore'
[0.131s] Level 1:colcon.colcon_core.package_identification:_identify(install) ignored
[0.131s] Level 1:colcon.colcon_core.package_identification:_identify(log) by extensions ['ignore', 'ignore_ament_install']
[0.131s] Level 1:colcon.colcon_core.package_identification:_identify(log) by extension 'ignore'
[0.131s] Level 1:colcon.colcon_core.package_identification:_identify(log) ignored
[0.131s] Level 1:colcon.colcon_core.package_discovery:discover_packages(recursive) using defaults
[0.131s] Level 1:colcon.colcon_core.package_discovery:discover_packages(ignore) discover
[0.131s] Level 1:colcon.colcon_core.package_discovery:discover_packages(ignore) using defaults
[0.131s] Level 1:colcon.colcon_core.package_discovery:discover_packages(path) discover
[0.131s] Level 1:colcon.colcon_core.package_discovery:discover_packages(path) using defaults
[0.147s] Level 1:colcon.colcon_core.package_discovery:discover_packages(prefix_path) check parameters
[0.147s] Level 1:colcon.colcon_core.package_discovery:discover_packages(prefix_path) discover
[0.148s] DEBUG:colcon.colcon_installed_package_information.package_discovery:Found 2 installed packages in /home/nayr/FishRos/ch3/topic_ws/src/install
[0.149s] DEBUG:colcon.colcon_installed_package_information.package_discovery:Found 271 installed packages in /opt/ros/humble
[0.149s] Level 1:colcon.colcon_core.package_discovery:discover_packages(prefix_path) using defaults
[0.166s] Level 5:colcon.colcon_core.verb:set package 'demo_cpp_topic' build argument 'cmake_args' from command line to 'None'
[0.166s] Level 5:colcon.colcon_core.verb:set package 'demo_cpp_topic' build argument 'cmake_target' from command line to 'None'
[0.166s] Level 5:colcon.colcon_core.verb:set package 'demo_cpp_topic' build argument 'cmake_target_skip_unavailable' from command line to 'False'
[0.166s] Level 5:colcon.colcon_core.verb:set package 'demo_cpp_topic' build argument 'cmake_clean_cache' from command line to 'False'
[0.166s] Level 5:colcon.colcon_core.verb:set package 'demo_cpp_topic' build argument 'cmake_clean_first' from command line to 'False'
[0.166s] Level 5:colcon.colcon_core.verb:set package 'demo_cpp_topic' build argument 'cmake_force_configure' from command line to 'False'
[0.166s] Level 5:colcon.colcon_core.verb:set package 'demo_cpp_topic' build argument 'ament_cmake_args' from command line to 'None'
[0.166s] Level 5:colcon.colcon_core.verb:set package 'demo_cpp_topic' build argument 'catkin_cmake_args' from command line to 'None'
[0.166s] Level 5:colcon.colcon_core.verb:set package 'demo_cpp_topic' build argument 'catkin_skip_building_tests' from command line to 'False'
[0.166s] DEBUG:colcon.colcon_core.verb:Building package 'demo_cpp_topic' with the following arguments: {'ament_cmake_args': None, 'build_base': '/home/nayr/FishRos/ch3/topic_ws/src/build/demo_cpp_topic', 'catkin_cmake_args': None, 'catkin_skip_building_tests': False, 'cmake_args': None, 'cmake_clean_cache': False, 'cmake_clean_first': False, 'cmake_force_configure': False, 'cmake_target': None, 'cmake_target_skip_unavailable': False, 'install_base': '/home/nayr/FishRos/ch3/topic_ws/src/install/demo_cpp_topic', 'merge_install': False, 'path': '/home/nayr/FishRos/ch3/topic_ws/src/demo_cpp_topic', 'symlink_install': False, 'test_result_base': None}
[0.166s] Level 5:colcon.colcon_core.verb:set package 'demo_python_topic' build argument 'cmake_args' from command line to 'None'
[0.166s] Level 5:colcon.colcon_core.verb:set package 'demo_python_topic' build argument 'cmake_target' from command line to 'None'
[0.166s] Level 5:colcon.colcon_core.verb:set package 'demo_python_topic' build argument 'cmake_target_skip_unavailable' from command line to 'False'
[0.166s] Level 5:colcon.colcon_core.verb:set package 'demo_python_topic' build argument 'cmake_clean_cache' from command line to 'False'
[0.166s] Level 5:colcon.colcon_core.verb:set package 'demo_python_topic' build argument 'cmake_clean_first' from command line to 'False'
[0.166s] Level 5:colcon.colcon_core.verb:set package 'demo_python_topic' build argument 'cmake_force_configure' from command line to 'False'
[0.166s] Level 5:colcon.colcon_core.verb:set package 'demo_python_topic' build argument 'ament_cmake_args' from command line to 'None'
[0.166s] Level 5:colcon.colcon_core.verb:set package 'demo_python_topic' build argument 'catkin_cmake_args' from command line to 'None'
[0.166s] Level 5:colcon.colcon_core.verb:set package 'demo_python_topic' build argument 'catkin_skip_building_tests' from command line to 'False'
[0.166s] DEBUG:colcon.colcon_core.verb:Building package 'demo_python_topic' with the following arguments: {'ament_cmake_args': None, 'build_base': '/home/nayr/FishRos/ch3/topic_ws/src/build/demo_python_topic', 'catkin_cmake_args': None, 'catkin_skip_building_tests': False, 'cmake_args': None, 'cmake_clean_cache': False, 'cmake_clean_first': False, 'cmake_force_configure': False, 'cmake_target': None, 'cmake_target_skip_unavailable': False, 'install_base': '/home/nayr/FishRos/ch3/topic_ws/src/install/demo_python_topic', 'merge_install': False, 'path': '/home/nayr/FishRos/ch3/topic_ws/src/demo_python_topic', 'symlink_install': False, 'test_result_base': None}
[0.166s] INFO:colcon.colcon_core.executor:Executing jobs using 'parallel' executor
[0.167s] DEBUG:colcon.colcon_parallel_executor.executor.parallel:run_until_complete
[0.167s] INFO:colcon.colcon_ros.task.ament_cmake.build:Building ROS package in '/home/nayr/FishRos/ch3/topic_ws/src/demo_cpp_topic' with build type 'ament_cmake'
[0.167s] INFO:colcon.colcon_cmake.task.cmake.build:Building CMake package in '/home/nayr/FishRos/ch3/topic_ws/src/demo_cpp_topic'
[0.168s] INFO:colcon.colcon_core.plugin_system:Skipping extension 'colcon_core.shell.bat': Not used on non-Windows systems
[0.168s] INFO:colcon.colcon_core.shell:Skip shell extension 'powershell' for command environment: Not usable outside of PowerShell
[0.168s] DEBUG:colcon.colcon_core.shell:Skip shell extension 'dsv' for command environment
[0.170s] INFO:colcon.colcon_ros.task.ament_python.build:Building ROS package in '/home/nayr/FishRos/ch3/topic_ws/src/demo_python_topic' with build type 'ament_python'
[0.170s] Level 1:colcon.colcon_core.shell:create_environment_hook('demo_python_topic', 'ament_prefix_path')
[0.170s] INFO:colcon.colcon_core.shell:Creating environment hook '/home/nayr/FishRos/ch3/topic_ws/src/install/demo_python_topic/share/demo_python_topic/hook/ament_prefix_path.ps1'
[0.170s] INFO:colcon.colcon_core.shell:Creating environment descriptor '/home/nayr/FishRos/ch3/topic_ws/src/install/demo_python_topic/share/demo_python_topic/hook/ament_prefix_path.dsv'
[0.171s] INFO:colcon.colcon_core.shell:Creating environment hook '/home/nayr/FishRos/ch3/topic_ws/src/install/demo_python_topic/share/demo_python_topic/hook/ament_prefix_path.sh'
[0.171s] INFO:colcon.colcon_core.shell:Skip shell extension 'powershell' for command environment: Not usable outside of PowerShell
[0.171s] DEBUG:colcon.colcon_core.shell:Skip shell extension 'dsv' for command environment
[0.176s] DEBUG:colcon.colcon_core.event_handler.log_command:Invoking command in '/home/nayr/FishRos/ch3/topic_ws/src/build/demo_cpp_topic': CMAKE_PREFIX_PATH=${CMAKE_PREFIX_PATH}:/home/nayr/FishRos/ch3/topic_ws/src/install/demo_python_topic:/opt/ros/humble /usr/bin/cmake --build /home/nayr/FishRos/ch3/topic_ws/src/build/demo_cpp_topic -- -j4 -l4
[0.286s] INFO:colcon.colcon_core.task.python.build:Building Python package in '/home/nayr/FishRos/ch3/topic_ws/src/demo_python_topic'
[0.286s] INFO:colcon.colcon_core.shell:Skip shell extension 'powershell' for command environment: Not usable outside of PowerShell
[0.286s] DEBUG:colcon.colcon_core.shell:Skip shell extension 'dsv' for command environment
[0.458s] DEBUG:colcon.colcon_core.event_handler.log_command:Invoking command in '/home/nayr/FishRos/ch3/topic_ws/src/demo_python_topic': PYTHONPATH=/home/nayr/FishRos/ch3/topic_ws/src/build/demo_python_topic/prefix_override:/usr/lib/python3/dist-packages/colcon_core/task/python/colcon_distutils_commands:/home/nayr/FishRos/ch3/topic_ws/src/install/demo_python_topic/lib/python3.10/site-packages:${PYTHONPATH} /usr/bin/python3 -W ignore:setup.py install is deprecated -W ignore:easy_install command is deprecated setup.py egg_info --egg-base ../build/demo_python_topic build --build-base /home/nayr/FishRos/ch3/topic_ws/src/build/demo_python_topic/build install --record /home/nayr/FishRos/ch3/topic_ws/src/build/demo_python_topic/install.log --single-version-externally-managed install_data
[0.587s] DEBUG:colcon.colcon_core.event_handler.log_command:Invoked command in '/home/nayr/FishRos/ch3/topic_ws/src/demo_python_topic' returned '0': PYTHONPATH=/home/nayr/FishRos/ch3/topic_ws/src/build/demo_python_topic/prefix_override:/usr/lib/python3/dist-packages/colcon_core/task/python/colcon_distutils_commands:/home/nayr/FishRos/ch3/topic_ws/src/install/demo_python_topic/lib/python3.10/site-packages:${PYTHONPATH} /usr/bin/python3 -W ignore:setup.py install is deprecated -W ignore:easy_install command is deprecated setup.py egg_info --egg-base ../build/demo_python_topic build --build-base /home/nayr/FishRos/ch3/topic_ws/src/build/demo_python_topic/build install --record /home/nayr/FishRos/ch3/topic_ws/src/build/demo_python_topic/install.log --single-version-externally-managed install_data
[0.588s] Level 1:colcon.colcon_core.environment:checking '/home/nayr/FishRos/ch3/topic_ws/src/install/demo_python_topic' for CMake module files
[0.588s] Level 1:colcon.colcon_core.environment:checking '/home/nayr/FishRos/ch3/topic_ws/src/install/demo_python_topic' for CMake config files
[0.588s] Level 1:colcon.colcon_core.environment:checking '/home/nayr/FishRos/ch3/topic_ws/src/install/demo_python_topic/lib'
[0.589s] Level 1:colcon.colcon_core.environment:checking '/home/nayr/FishRos/ch3/topic_ws/src/install/demo_python_topic/bin'
[0.589s] Level 1:colcon.colcon_core.environment:checking '/home/nayr/FishRos/ch3/topic_ws/src/install/demo_python_topic/lib/pkgconfig/demo_python_topic.pc'
[0.589s] Level 1:colcon.colcon_core.environment:checking '/home/nayr/FishRos/ch3/topic_ws/src/install/demo_python_topic/lib/python3.10/site-packages'
[0.589s] Level 1:colcon.colcon_core.shell:create_environment_hook('demo_python_topic', 'pythonpath')
[0.589s] INFO:colcon.colcon_core.shell:Creating environment hook '/home/nayr/FishRos/ch3/topic_ws/src/install/demo_python_topic/share/demo_python_topic/hook/pythonpath.ps1'
[0.589s] INFO:colcon.colcon_core.shell:Creating environment descriptor '/home/nayr/FishRos/ch3/topic_ws/src/install/demo_python_topic/share/demo_python_topic/hook/pythonpath.dsv'
[0.589s] INFO:colcon.colcon_core.shell:Creating environment hook '/home/nayr/FishRos/ch3/topic_ws/src/install/demo_python_topic/share/demo_python_topic/hook/pythonpath.sh'
[0.590s] Level 1:colcon.colcon_core.environment:checking '/home/nayr/FishRos/ch3/topic_ws/src/install/demo_python_topic/bin'
[0.590s] Level 1:colcon.colcon_core.environment:create_environment_scripts_only(demo_python_topic)
[0.590s] INFO:colcon.colcon_core.shell:Creating package script '/home/nayr/FishRos/ch3/topic_ws/src/install/demo_python_topic/share/demo_python_topic/package.ps1'
[0.590s] INFO:colcon.colcon_core.shell:Creating package descriptor '/home/nayr/FishRos/ch3/topic_ws/src/install/demo_python_topic/share/demo_python_topic/package.dsv'
[0.590s] INFO:colcon.colcon_core.shell:Creating package script '/home/nayr/FishRos/ch3/topic_ws/src/install/demo_python_topic/share/demo_python_topic/package.sh'
[0.591s] INFO:colcon.colcon_core.shell:Creating package script '/home/nayr/FishRos/ch3/topic_ws/src/install/demo_python_topic/share/demo_python_topic/package.bash'
[0.591s] INFO:colcon.colcon_core.shell:Creating package script '/home/nayr/FishRos/ch3/topic_ws/src/install/demo_python_topic/share/demo_python_topic/package.zsh'
[0.591s] Level 1:colcon.colcon_core.environment:create_file_with_runtime_dependencies(/home/nayr/FishRos/ch3/topic_ws/src/install/demo_python_topic/share/colcon-core/packages/demo_python_topic)
[2.104s] DEBUG:colcon.colcon_core.event_handler.log_command:Invoked command in '/home/nayr/FishRos/ch3/topic_ws/src/build/demo_cpp_topic' returned '0': CMAKE_PREFIX_PATH=${CMAKE_PREFIX_PATH}:/home/nayr/FishRos/ch3/topic_ws/src/install/demo_python_topic:/opt/ros/humble /usr/bin/cmake --build /home/nayr/FishRos/ch3/topic_ws/src/build/demo_cpp_topic -- -j4 -l4
[2.109s] DEBUG:colcon.colcon_core.event_handler.log_command:Invoking command in '/home/nayr/FishRos/ch3/topic_ws/src/build/demo_cpp_topic': CMAKE_PREFIX_PATH=${CMAKE_PREFIX_PATH}:/home/nayr/FishRos/ch3/topic_ws/src/install/demo_python_topic:/opt/ros/humble /usr/bin/cmake --install /home/nayr/FishRos/ch3/topic_ws/src/build/demo_cpp_topic
[2.114s] Level 1:colcon.colcon_core.environment:create_environment_scripts_only(demo_cpp_topic)
[2.114s] DEBUG:colcon.colcon_core.event_handler.log_command:Invoked command in '/home/nayr/FishRos/ch3/topic_ws/src/build/demo_cpp_topic' returned '0': CMAKE_PREFIX_PATH=${CMAKE_PREFIX_PATH}:/home/nayr/FishRos/ch3/topic_ws/src/install/demo_python_topic:/opt/ros/humble /usr/bin/cmake --install /home/nayr/FishRos/ch3/topic_ws/src/build/demo_cpp_topic
[2.114s] Level 1:colcon.colcon_core.environment:checking '/home/nayr/FishRos/ch3/topic_ws/src/install/demo_cpp_topic' for CMake module files
[2.114s] Level 1:colcon.colcon_core.environment:checking '/home/nayr/FishRos/ch3/topic_ws/src/install/demo_cpp_topic' for CMake config files
[2.115s] Level 1:colcon.colcon_core.shell:create_environment_hook('demo_cpp_topic', 'cmake_prefix_path')
[2.115s] INFO:colcon.colcon_core.shell:Creating environment hook '/home/nayr/FishRos/ch3/topic_ws/src/install/demo_cpp_topic/share/demo_cpp_topic/hook/cmake_prefix_path.ps1'
[2.115s] INFO:colcon.colcon_core.shell:Creating environment descriptor '/home/nayr/FishRos/ch3/topic_ws/src/install/demo_cpp_topic/share/demo_cpp_topic/hook/cmake_prefix_path.dsv'
[2.115s] INFO:colcon.colcon_core.shell:Creating environment hook '/home/nayr/FishRos/ch3/topic_ws/src/install/demo_cpp_topic/share/demo_cpp_topic/hook/cmake_prefix_path.sh'
[2.115s] Level 1:colcon.colcon_core.environment:checking '/home/nayr/FishRos/ch3/topic_ws/src/install/demo_cpp_topic/lib'
[2.115s] Level 1:colcon.colcon_core.environment:checking '/home/nayr/FishRos/ch3/topic_ws/src/install/demo_cpp_topic/bin'
[2.115s] Level 1:colcon.colcon_core.environment:checking '/home/nayr/FishRos/ch3/topic_ws/src/install/demo_cpp_topic/lib/pkgconfig/demo_cpp_topic.pc'
[2.116s] Level 1:colcon.colcon_core.environment:checking '/home/nayr/FishRos/ch3/topic_ws/src/install/demo_cpp_topic/lib/python3.10/site-packages'
[2.116s] Level 1:colcon.colcon_core.environment:checking '/home/nayr/FishRos/ch3/topic_ws/src/install/demo_cpp_topic/bin'
[2.116s] INFO:colcon.colcon_core.shell:Creating package script '/home/nayr/FishRos/ch3/topic_ws/src/install/demo_cpp_topic/share/demo_cpp_topic/package.ps1'
[2.116s] INFO:colcon.colcon_core.shell:Creating package descriptor '/home/nayr/FishRos/ch3/topic_ws/src/install/demo_cpp_topic/share/demo_cpp_topic/package.dsv'
[2.116s] INFO:colcon.colcon_core.shell:Creating package script '/home/nayr/FishRos/ch3/topic_ws/src/install/demo_cpp_topic/share/demo_cpp_topic/package.sh'
[2.116s] INFO:colcon.colcon_core.shell:Creating package script '/home/nayr/FishRos/ch3/topic_ws/src/install/demo_cpp_topic/share/demo_cpp_topic/package.bash'
[2.117s] INFO:colcon.colcon_core.shell:Creating package script '/home/nayr/FishRos/ch3/topic_ws/src/install/demo_cpp_topic/share/demo_cpp_topic/package.zsh'
[2.117s] Level 1:colcon.colcon_core.environment:create_file_with_runtime_dependencies(/home/nayr/FishRos/ch3/topic_ws/src/install/demo_cpp_topic/share/colcon-core/packages/demo_cpp_topic)
[2.117s] Level 1:colcon.colcon_core.environment:create_environment_scripts_only(demo_cpp_topic)
[2.117s] Level 1:colcon.colcon_core.environment:checking '/home/nayr/FishRos/ch3/topic_ws/src/install/demo_cpp_topic' for CMake module files
[2.117s] Level 1:colcon.colcon_core.environment:checking '/home/nayr/FishRos/ch3/topic_ws/src/install/demo_cpp_topic' for CMake config files
[2.118s] Level 1:colcon.colcon_core.shell:create_environment_hook('demo_cpp_topic', 'cmake_prefix_path')
[2.118s] INFO:colcon.colcon_core.shell:Creating environment hook '/home/nayr/FishRos/ch3/topic_ws/src/install/demo_cpp_topic/share/demo_cpp_topic/hook/cmake_prefix_path.ps1'
[2.118s] INFO:colcon.colcon_core.shell:Creating environment descriptor '/home/nayr/FishRos/ch3/topic_ws/src/install/demo_cpp_topic/share/demo_cpp_topic/hook/cmake_prefix_path.dsv'
[2.118s] INFO:colcon.colcon_core.shell:Creating environment hook '/home/nayr/FishRos/ch3/topic_ws/src/install/demo_cpp_topic/share/demo_cpp_topic/hook/cmake_prefix_path.sh'
[2.118s] Level 1:colcon.colcon_core.environment:checking '/home/nayr/FishRos/ch3/topic_ws/src/install/demo_cpp_topic/lib'
[2.118s] Level 1:colcon.colcon_core.environment:checking '/home/nayr/FishRos/ch3/topic_ws/src/install/demo_cpp_topic/bin'
[2.118s] Level 1:colcon.colcon_core.environment:checking '/home/nayr/FishRos/ch3/topic_ws/src/install/demo_cpp_topic/lib/pkgconfig/demo_cpp_topic.pc'
[2.118s] Level 1:colcon.colcon_core.environment:checking '/home/nayr/FishRos/ch3/topic_ws/src/install/demo_cpp_topic/lib/python3.10/site-packages'
[2.119s] Level 1:colcon.colcon_core.environment:checking '/home/nayr/FishRos/ch3/topic_ws/src/install/demo_cpp_topic/bin'
[2.119s] INFO:colcon.colcon_core.shell:Creating package script '/home/nayr/FishRos/ch3/topic_ws/src/install/demo_cpp_topic/share/demo_cpp_topic/package.ps1'
[2.119s] INFO:colcon.colcon_core.shell:Creating package descriptor '/home/nayr/FishRos/ch3/topic_ws/src/install/demo_cpp_topic/share/demo_cpp_topic/package.dsv'
[2.119s] INFO:colcon.colcon_core.shell:Creating package script '/home/nayr/FishRos/ch3/topic_ws/src/install/demo_cpp_topic/share/demo_cpp_topic/package.sh'
[2.119s] INFO:colcon.colcon_core.shell:Creating package script '/home/nayr/FishRos/ch3/topic_ws/src/install/demo_cpp_topic/share/demo_cpp_topic/package.bash'
[2.119s] INFO:colcon.colcon_core.shell:Creating package script '/home/nayr/FishRos/ch3/topic_ws/src/install/demo_cpp_topic/share/demo_cpp_topic/package.zsh'
[2.120s] Level 1:colcon.colcon_core.environment:create_file_with_runtime_dependencies(/home/nayr/FishRos/ch3/topic_ws/src/install/demo_cpp_topic/share/colcon-core/packages/demo_cpp_topic)
[2.120s] DEBUG:colcon.colcon_parallel_executor.executor.parallel:closing loop
[2.120s] DEBUG:colcon.colcon_parallel_executor.executor.parallel:loop closed
[2.120s] DEBUG:colcon.colcon_parallel_executor.executor.parallel:run_until_complete finished with '0'
[2.120s] DEBUG:colcon.colcon_core.event_reactor:joining thread
[2.123s] INFO:colcon.colcon_core.plugin_system:Skipping extension 'colcon_notification.desktop_notification.terminal_notifier': Not used on non-Darwin systems
[2.123s] INFO:colcon.colcon_core.plugin_system:Skipping extension 'colcon_notification.desktop_notification.win32': Not used on non-Windows systems
[2.123s] INFO:colcon.colcon_notification.desktop_notification:Sending desktop notification using 'notify2'
[2.144s] DEBUG:colcon.colcon_core.event_reactor:joined thread
[2.144s] INFO:colcon.colcon_core.shell:Creating prefix script '/home/nayr/FishRos/ch3/topic_ws/src/install/local_setup.ps1'
[2.144s] INFO:colcon.colcon_core.shell:Creating prefix util module '/home/nayr/FishRos/ch3/topic_ws/src/install/_local_setup_util_ps1.py'
[2.145s] INFO:colcon.colcon_core.shell:Creating prefix chain script '/home/nayr/FishRos/ch3/topic_ws/src/install/setup.ps1'
[2.146s] INFO:colcon.colcon_core.shell:Creating prefix script '/home/nayr/FishRos/ch3/topic_ws/src/install/local_setup.sh'
[2.146s] INFO:colcon.colcon_core.shell:Creating prefix util module '/home/nayr/FishRos/ch3/topic_ws/src/install/_local_setup_util_sh.py'
[2.146s] INFO:colcon.colcon_core.shell:Creating prefix chain script '/home/nayr/FishRos/ch3/topic_ws/src/install/setup.sh'
[2.147s] INFO:colcon.colcon_core.shell:Creating prefix script '/home/nayr/FishRos/ch3/topic_ws/src/install/local_setup.bash'
[2.147s] INFO:colcon.colcon_core.shell:Creating prefix chain script '/home/nayr/FishRos/ch3/topic_ws/src/install/setup.bash'
[2.147s] INFO:colcon.colcon_core.shell:Creating prefix script '/home/nayr/FishRos/ch3/topic_ws/src/install/local_setup.zsh'
[2.147s] INFO:colcon.colcon_core.shell:Creating prefix chain script '/home/nayr/FishRos/ch3/topic_ws/src/install/setup.zsh'
