[0.233s] Invoking command in '/home/nayr/FishRos/ch4/ch4_ws/src/demo_python_service': PYTHONPATH=/home/nayr/FishRos/ch4/ch4_ws/build/demo_python_service/prefix_override:/usr/lib/python3/dist-packages/colcon_core/task/python/colcon_distutils_commands:/home/nayr/FishRos/ch4/ch4_ws/install/demo_python_service/lib/python3.10/site-packages:${PYTHONPATH} /usr/bin/python3 -W ignore:setup.py install is deprecated -W ignore:easy_install command is deprecated setup.py egg_info --egg-base ../../build/demo_python_service build --build-base /home/nayr/FishRos/ch4/ch4_ws/build/demo_python_service/build install --record /home/nayr/FishRos/ch4/ch4_ws/build/demo_python_service/install.log --single-version-externally-managed install_data
[0.317s] running egg_info
[0.318s] writing ../../build/demo_python_service/demo_python_service.egg-info/PKG-INFO
[0.318s] writing dependency_links to ../../build/demo_python_service/demo_python_service.egg-info/dependency_links.txt
[0.318s] writing entry points to ../../build/demo_python_service/demo_python_service.egg-info/entry_points.txt
[0.318s] writing requirements to ../../build/demo_python_service/demo_python_service.egg-info/requires.txt
[0.318s] writing top-level names to ../../build/demo_python_service/demo_python_service.egg-info/top_level.txt
[0.319s] reading manifest file '../../build/demo_python_service/demo_python_service.egg-info/SOURCES.txt'
[0.319s] adding license file 'LICENSE'
[0.320s] writing manifest file '../../build/demo_python_service/demo_python_service.egg-info/SOURCES.txt'
[0.320s] running build
[0.320s] running build_py
[0.320s] copying demo_python_service/learn_face_detect.py -> /home/nayr/FishRos/ch4/ch4_ws/build/demo_python_service/build/lib/demo_python_service
[0.320s] running install
[0.320s] running install_lib
[0.321s] copying /home/nayr/FishRos/ch4/ch4_ws/build/demo_python_service/build/lib/demo_python_service/learn_face_detect.py -> /home/nayr/FishRos/ch4/ch4_ws/install/demo_python_service/lib/python3.10/site-packages/demo_python_service
[0.321s] byte-compiling /home/nayr/FishRos/ch4/ch4_ws/install/demo_python_service/lib/python3.10/site-packages/demo_python_service/learn_face_detect.py to learn_face_detect.cpython-310.pyc
[0.321s] running install_data
[0.321s] running install_egg_info
[0.322s] removing '/home/nayr/FishRos/ch4/ch4_ws/install/demo_python_service/lib/python3.10/site-packages/demo_python_service-0.0.0-py3.10.egg-info' (and everything under it)
[0.322s] Copying ../../build/demo_python_service/demo_python_service.egg-info to /home/nayr/FishRos/ch4/ch4_ws/install/demo_python_service/lib/python3.10/site-packages/demo_python_service-0.0.0-py3.10.egg-info
[0.322s] running install_scripts
[0.330s] Installing learn_face_detect script to /home/nayr/FishRos/ch4/ch4_ws/install/demo_python_service/lib/demo_python_service
[0.330s] writing list of installed files to '/home/nayr/FishRos/ch4/ch4_ws/build/demo_python_service/install.log'
[0.341s] Invoked command in '/home/nayr/FishRos/ch4/ch4_ws/src/demo_python_service' returned '0': PYTHONPATH=/home/nayr/FishRos/ch4/ch4_ws/build/demo_python_service/prefix_override:/usr/lib/python3/dist-packages/colcon_core/task/python/colcon_distutils_commands:/home/nayr/FishRos/ch4/ch4_ws/install/demo_python_service/lib/python3.10/site-packages:${PYTHONPATH} /usr/bin/python3 -W ignore:setup.py install is deprecated -W ignore:easy_install command is deprecated setup.py egg_info --egg-base ../../build/demo_python_service build --build-base /home/nayr/FishRos/ch4/ch4_ws/build/demo_python_service/build install --record /home/nayr/FishRos/ch4/ch4_ws/build/demo_python_service/install.log --single-version-externally-managed install_data
