[0.223s] Invoking command in '/home/nayr/ch2/ch2_ws/src/demo_python_pkg': PYTHONPATH=/home/nayr/ch2/ch2_ws/build/demo_python_pkg/prefix_override:/usr/lib/python3/dist-packages/colcon_core/task/python/colcon_distutils_commands:/home/nayr/ch2/ch2_ws/install/demo_python_pkg/lib/python3.10/site-packages:${PYTHONPATH} /usr/bin/python3 -W ignore:setup.py install is deprecated -W ignore:easy_install command is deprecated setup.py egg_info --egg-base ../../build/demo_python_pkg build --build-base /home/nayr/ch2/ch2_ws/build/demo_python_pkg/build install --record /home/nayr/ch2/ch2_ws/build/demo_python_pkg/install.log --single-version-externally-managed install_data
[0.302s] running egg_info
[0.303s] writing ../../build/demo_python_pkg/demo_python_pkg.egg-info/PKG-INFO
[0.303s] writing dependency_links to ../../build/demo_python_pkg/demo_python_pkg.egg-info/dependency_links.txt
[0.303s] writing entry points to ../../build/demo_python_pkg/demo_python_pkg.egg-info/entry_points.txt
[0.303s] writing requirements to ../../build/demo_python_pkg/demo_python_pkg.egg-info/requires.txt
[0.303s] writing top-level names to ../../build/demo_python_pkg/demo_python_pkg.egg-info/top_level.txt
[0.304s] reading manifest file '../../build/demo_python_pkg/demo_python_pkg.egg-info/SOURCES.txt'
[0.304s] adding license file 'LICENSE'
[0.304s] writing manifest file '../../build/demo_python_pkg/demo_python_pkg.egg-info/SOURCES.txt'
[0.304s] running build
[0.304s] running build_py
[0.304s] running install
[0.304s] running install_lib
[0.305s] running install_data
[0.305s] running install_egg_info
[0.306s] removing '/home/nayr/ch2/ch2_ws/install/demo_python_pkg/lib/python3.10/site-packages/demo_python_pkg-0.0.0-py3.10.egg-info' (and everything under it)
[0.306s] Copying ../../build/demo_python_pkg/demo_python_pkg.egg-info to /home/nayr/ch2/ch2_ws/install/demo_python_pkg/lib/python3.10/site-packages/demo_python_pkg-0.0.0-py3.10.egg-info
[0.306s] running install_scripts
[0.314s] Installing python_node = demo_python_pkg.python_node:mainperson_node script to /home/nayr/ch2/ch2_ws/install/demo_python_pkg/lib/demo_python_pkg
[0.314s] writing list of installed files to '/home/nayr/ch2/ch2_ws/build/demo_python_pkg/install.log'
[0.326s] Invoked command in '/home/nayr/ch2/ch2_ws/src/demo_python_pkg' returned '0': PYTHONPATH=/home/nayr/ch2/ch2_ws/build/demo_python_pkg/prefix_override:/usr/lib/python3/dist-packages/colcon_core/task/python/colcon_distutils_commands:/home/nayr/ch2/ch2_ws/install/demo_python_pkg/lib/python3.10/site-packages:${PYTHONPATH} /usr/bin/python3 -W ignore:setup.py install is deprecated -W ignore:easy_install command is deprecated setup.py egg_info --egg-base ../../build/demo_python_pkg build --build-base /home/nayr/ch2/ch2_ws/build/demo_python_pkg/build install --record /home/nayr/ch2/ch2_ws/build/demo_python_pkg/install.log --single-version-externally-managed install_data
