[0.053s] DEBUG:colcon:Command line arguments: ['/usr/bin/colcon', 'build']
[0.053s] DEBUG:colcon:Parsed command line arguments: Namespace(log_base=None, log_level=None, verb_name='build', build_base='build', install_base='install', merge_install=False, symlink_install=False, test_result_base=None, continue_on_error=False, executor='parallel', parallel_workers=4, event_handlers=None, ignore_user_meta=False, metas=['./colcon.meta'], base_paths=['.'], packages_ignore=None, packages_ignore_regex=None, paths=None, packages_up_to=None, packages_up_to_regex=None, packages_above=None, packages_above_and_dependencies=None, packages_above_depth=None, packages_select_by_dep=None, packages_skip_by_dep=None, packages_skip_up_to=None, packages_select_build_failed=False, packages_skip_build_finished=False, packages_select_test_failures=False, packages_skip_test_passed=False, packages_select=None, packages_skip=None, packages_select_regex=None, packages_skip_regex=None, packages_start=None, packages_end=None, allow_overriding=[], cmake_args=None, cmake_target=None, cmake_target_skip_unavailable=False, cmake_clean_cache=False, cmake_clean_first=False, cmake_force_configure=False, ament_cmake_args=None, catkin_cmake_args=None, catkin_skip_building_tests=False, mixin_files=None, mixin=None, verb_parser=<colcon_mixin.mixin.mixin_argument.MixinArgumentDecorator object at 0xffffb0e12590>, verb_extension=<colcon_core.verb.build.BuildVerb object at 0xffffb0e11e70>, main=<bound method BuildVerb.main of <colcon_core.verb.build.BuildVerb object at 0xffffb0e11e70>>, mixin_verb=('build',))
[0.127s] Level 1:colcon.colcon_core.package_discovery:discover_packages(colcon_meta) check parameters
[0.127s] Level 1:colcon.colcon_core.package_discovery:discover_packages(recursive) check parameters
[0.127s] Level 1:colcon.colcon_core.package_discovery:discover_packages(ignore) check parameters
[0.127s] Level 1:colcon.colcon_core.package_discovery:discover_packages(path) check parameters
[0.127s] Level 1:colcon.colcon_core.package_discovery:discover_packages(colcon_meta) discover
[0.127s] Level 1:colcon.colcon_core.package_discovery:discover_packages(recursive) discover
[0.127s] INFO:colcon.colcon_core.package_discovery:Crawling recursively for packages in '/home/nayr/FishRos/ch5'
[0.127s] Level 1:colcon.colcon_core.package_identification:_identify(.) by extensions ['ignore', 'ignore_ament_install']
[0.127s] Level 1:colcon.colcon_core.package_identification:_identify(.) by extension 'ignore'
[0.127s] Level 1:colcon.colcon_core.package_identification:_identify(.) by extension 'ignore_ament_install'
[0.127s] Level 1:colcon.colcon_core.package_identification:_identify(.) by extensions ['colcon_pkg']
[0.127s] Level 1:colcon.colcon_core.package_identification:_identify(.) by extension 'colcon_pkg'
[0.127s] Level 1:colcon.colcon_core.package_identification:_identify(.) by extensions ['colcon_meta']
[0.127s] Level 1:colcon.colcon_core.package_identification:_identify(.) by extension 'colcon_meta'
[0.127s] Level 1:colcon.colcon_core.package_identification:_identify(.) by extensions ['ros']
[0.127s] Level 1:colcon.colcon_core.package_identification:_identify(.) by extension 'ros'
[0.133s] Level 1:colcon.colcon_core.package_identification:_identify(.) by extensions ['cmake', 'python']
[0.133s] Level 1:colcon.colcon_core.package_identification:_identify(.) by extension 'cmake'
[0.133s] Level 1:colcon.colcon_core.package_identification:_identify(.) by extension 'python'
[0.133s] Level 1:colcon.colcon_core.package_identification:_identify(.) by extensions ['python_setup_py']
[0.133s] Level 1:colcon.colcon_core.package_identification:_identify(.) by extension 'python_setup_py'
[0.133s] Level 1:colcon.colcon_core.package_identification:_identify(build) by extensions ['ignore', 'ignore_ament_install']
[0.133s] Level 1:colcon.colcon_core.package_identification:_identify(build) by extension 'ignore'
[0.133s] Level 1:colcon.colcon_core.package_identification:_identify(build) ignored
[0.133s] Level 1:colcon.colcon_core.package_identification:_identify(ch5_ws) by extensions ['ignore', 'ignore_ament_install']
[0.133s] Level 1:colcon.colcon_core.package_identification:_identify(ch5_ws) by extension 'ignore'
[0.133s] Level 1:colcon.colcon_core.package_identification:_identify(ch5_ws) by extension 'ignore_ament_install'
[0.133s] Level 1:colcon.colcon_core.package_identification:_identify(ch5_ws) by extensions ['colcon_pkg']
[0.133s] Level 1:colcon.colcon_core.package_identification:_identify(ch5_ws) by extension 'colcon_pkg'
[0.133s] Level 1:colcon.colcon_core.package_identification:_identify(ch5_ws) by extensions ['colcon_meta']
[0.133s] Level 1:colcon.colcon_core.package_identification:_identify(ch5_ws) by extension 'colcon_meta'
[0.133s] Level 1:colcon.colcon_core.package_identification:_identify(ch5_ws) by extensions ['ros']
[0.133s] Level 1:colcon.colcon_core.package_identification:_identify(ch5_ws) by extension 'ros'
[0.133s] Level 1:colcon.colcon_core.package_identification:_identify(ch5_ws) by extensions ['cmake', 'python']
[0.133s] Level 1:colcon.colcon_core.package_identification:_identify(ch5_ws) by extension 'cmake'
[0.133s] Level 1:colcon.colcon_core.package_identification:_identify(ch5_ws) by extension 'python'
[0.133s] Level 1:colcon.colcon_core.package_identification:_identify(ch5_ws) by extensions ['python_setup_py']
[0.133s] Level 1:colcon.colcon_core.package_identification:_identify(ch5_ws) by extension 'python_setup_py'
[0.133s] Level 1:colcon.colcon_core.package_identification:_identify(ch5_ws/src) by extensions ['ignore', 'ignore_ament_install']
[0.133s] Level 1:colcon.colcon_core.package_identification:_identify(ch5_ws/src) by extension 'ignore'
[0.133s] Level 1:colcon.colcon_core.package_identification:_identify(ch5_ws/src) by extension 'ignore_ament_install'
[0.133s] Level 1:colcon.colcon_core.package_identification:_identify(ch5_ws/src) by extensions ['colcon_pkg']
[0.133s] Level 1:colcon.colcon_core.package_identification:_identify(ch5_ws/src) by extension 'colcon_pkg'
[0.133s] Level 1:colcon.colcon_core.package_identification:_identify(ch5_ws/src) by extensions ['colcon_meta']
[0.133s] Level 1:colcon.colcon_core.package_identification:_identify(ch5_ws/src) by extension 'colcon_meta'
[0.133s] Level 1:colcon.colcon_core.package_identification:_identify(ch5_ws/src) by extensions ['ros']
[0.133s] Level 1:colcon.colcon_core.package_identification:_identify(ch5_ws/src) by extension 'ros'
[0.133s] Level 1:colcon.colcon_core.package_identification:_identify(ch5_ws/src) by extensions ['cmake', 'python']
[0.133s] Level 1:colcon.colcon_core.package_identification:_identify(ch5_ws/src) by extension 'cmake'
[0.133s] Level 1:colcon.colcon_core.package_identification:_identify(ch5_ws/src) by extension 'python'
[0.133s] Level 1:colcon.colcon_core.package_identification:_identify(ch5_ws/src) by extensions ['python_setup_py']
[0.133s] Level 1:colcon.colcon_core.package_identification:_identify(ch5_ws/src) by extension 'python_setup_py'
[0.134s] Level 1:colcon.colcon_core.package_identification:_identify(ch5_ws/src/demo_python_tf) by extensions ['ignore', 'ignore_ament_install']
[0.134s] Level 1:colcon.colcon_core.package_identification:_identify(ch5_ws/src/demo_python_tf) by extension 'ignore'
[0.134s] Level 1:colcon.colcon_core.package_identification:_identify(ch5_ws/src/demo_python_tf) by extension 'ignore_ament_install'
[0.134s] Level 1:colcon.colcon_core.package_identification:_identify(ch5_ws/src/demo_python_tf) by extensions ['colcon_pkg']
[0.134s] Level 1:colcon.colcon_core.package_identification:_identify(ch5_ws/src/demo_python_tf) by extension 'colcon_pkg'
[0.134s] Level 1:colcon.colcon_core.package_identification:_identify(ch5_ws/src/demo_python_tf) by extensions ['colcon_meta']
[0.134s] Level 1:colcon.colcon_core.package_identification:_identify(ch5_ws/src/demo_python_tf) by extension 'colcon_meta'
[0.134s] Level 1:colcon.colcon_core.package_identification:_identify(ch5_ws/src/demo_python_tf) by extensions ['ros']
[0.134s] Level 1:colcon.colcon_core.package_identification:_identify(ch5_ws/src/demo_python_tf) by extension 'ros'
[0.135s] DEBUG:colcon.colcon_core.package_identification:Package 'ch5_ws/src/demo_python_tf' with type 'ros.ament_python' and name 'demo_python_tf'
[0.135s] Level 1:colcon.colcon_core.package_identification:_identify(install) by extensions ['ignore', 'ignore_ament_install']
[0.135s] Level 1:colcon.colcon_core.package_identification:_identify(install) by extension 'ignore'
[0.135s] Level 1:colcon.colcon_core.package_identification:_identify(install) ignored
[0.135s] Level 1:colcon.colcon_core.package_identification:_identify(log) by extensions ['ignore', 'ignore_ament_install']
[0.135s] Level 1:colcon.colcon_core.package_identification:_identify(log) by extension 'ignore'
[0.135s] Level 1:colcon.colcon_core.package_identification:_identify(log) ignored
[0.135s] Level 1:colcon.colcon_core.package_discovery:discover_packages(recursive) using defaults
[0.135s] Level 1:colcon.colcon_core.package_discovery:discover_packages(ignore) discover
[0.135s] Level 1:colcon.colcon_core.package_discovery:discover_packages(ignore) using defaults
[0.135s] Level 1:colcon.colcon_core.package_discovery:discover_packages(path) discover
[0.135s] Level 1:colcon.colcon_core.package_discovery:discover_packages(path) using defaults
[0.149s] Level 1:colcon.colcon_core.package_discovery:discover_packages(prefix_path) check parameters
[0.149s] Level 1:colcon.colcon_core.package_discovery:discover_packages(prefix_path) discover
[0.150s] DEBUG:colcon.colcon_installed_package_information.package_discovery:Found 1 installed packages in /home/nayr/FishRos/ch5/install
[0.151s] DEBUG:colcon.colcon_installed_package_information.package_discovery:Found 272 installed packages in /opt/ros/humble
[0.151s] Level 1:colcon.colcon_core.package_discovery:discover_packages(prefix_path) using defaults
[0.170s] Level 5:colcon.colcon_core.verb:set package 'demo_python_tf' build argument 'cmake_args' from command line to 'None'
[0.170s] Level 5:colcon.colcon_core.verb:set package 'demo_python_tf' build argument 'cmake_target' from command line to 'None'
[0.170s] Level 5:colcon.colcon_core.verb:set package 'demo_python_tf' build argument 'cmake_target_skip_unavailable' from command line to 'False'
[0.170s] Level 5:colcon.colcon_core.verb:set package 'demo_python_tf' build argument 'cmake_clean_cache' from command line to 'False'
[0.170s] Level 5:colcon.colcon_core.verb:set package 'demo_python_tf' build argument 'cmake_clean_first' from command line to 'False'
[0.170s] Level 5:colcon.colcon_core.verb:set package 'demo_python_tf' build argument 'cmake_force_configure' from command line to 'False'
[0.170s] Level 5:colcon.colcon_core.verb:set package 'demo_python_tf' build argument 'ament_cmake_args' from command line to 'None'
[0.170s] Level 5:colcon.colcon_core.verb:set package 'demo_python_tf' build argument 'catkin_cmake_args' from command line to 'None'
[0.170s] Level 5:colcon.colcon_core.verb:set package 'demo_python_tf' build argument 'catkin_skip_building_tests' from command line to 'False'
[0.170s] DEBUG:colcon.colcon_core.verb:Building package 'demo_python_tf' with the following arguments: {'ament_cmake_args': None, 'build_base': '/home/nayr/FishRos/ch5/build/demo_python_tf', 'catkin_cmake_args': None, 'catkin_skip_building_tests': False, 'cmake_args': None, 'cmake_clean_cache': False, 'cmake_clean_first': False, 'cmake_force_configure': False, 'cmake_target': None, 'cmake_target_skip_unavailable': False, 'install_base': '/home/nayr/FishRos/ch5/install/demo_python_tf', 'merge_install': False, 'path': '/home/nayr/FishRos/ch5/ch5_ws/src/demo_python_tf', 'symlink_install': False, 'test_result_base': None}
[0.170s] INFO:colcon.colcon_core.executor:Executing jobs using 'parallel' executor
[0.170s] DEBUG:colcon.colcon_parallel_executor.executor.parallel:run_until_complete
[0.170s] INFO:colcon.colcon_ros.task.ament_python.build:Building ROS package in '/home/nayr/FishRos/ch5/ch5_ws/src/demo_python_tf' with build type 'ament_python'
[0.170s] Level 1:colcon.colcon_core.shell:create_environment_hook('demo_python_tf', 'ament_prefix_path')
[0.171s] INFO:colcon.colcon_core.plugin_system:Skipping extension 'colcon_core.shell.bat': Not used on non-Windows systems
[0.172s] INFO:colcon.colcon_core.shell:Creating environment hook '/home/nayr/FishRos/ch5/install/demo_python_tf/share/demo_python_tf/hook/ament_prefix_path.ps1'
[0.172s] INFO:colcon.colcon_core.shell:Creating environment descriptor '/home/nayr/FishRos/ch5/install/demo_python_tf/share/demo_python_tf/hook/ament_prefix_path.dsv'
[0.172s] INFO:colcon.colcon_core.shell:Creating environment hook '/home/nayr/FishRos/ch5/install/demo_python_tf/share/demo_python_tf/hook/ament_prefix_path.sh'
[0.173s] INFO:colcon.colcon_core.shell:Skip shell extension 'powershell' for command environment: Not usable outside of PowerShell
[0.173s] DEBUG:colcon.colcon_core.shell:Skip shell extension 'dsv' for command environment
[0.289s] INFO:colcon.colcon_core.task.python.build:Building Python package in '/home/nayr/FishRos/ch5/ch5_ws/src/demo_python_tf'
[0.289s] INFO:colcon.colcon_core.shell:Skip shell extension 'powershell' for command environment: Not usable outside of PowerShell
[0.289s] DEBUG:colcon.colcon_core.shell:Skip shell extension 'dsv' for command environment
[0.450s] DEBUG:colcon.colcon_core.event_handler.log_command:Invoking command in '/home/nayr/FishRos/ch5/ch5_ws/src/demo_python_tf': PYTHONPATH=/home/nayr/FishRos/ch5/build/demo_python_tf/prefix_override:/usr/lib/python3/dist-packages/colcon_core/task/python/colcon_distutils_commands:/home/nayr/FishRos/ch5/install/demo_python_tf/lib/python3.10/site-packages:${PYTHONPATH} /usr/bin/python3 -W ignore:setup.py install is deprecated -W ignore:easy_install command is deprecated setup.py egg_info --egg-base ../../../build/demo_python_tf build --build-base /home/nayr/FishRos/ch5/build/demo_python_tf/build install --record /home/nayr/FishRos/ch5/build/demo_python_tf/install.log --single-version-externally-managed install_data
[0.563s] DEBUG:colcon.colcon_core.event_handler.log_command:Invoked command in '/home/nayr/FishRos/ch5/ch5_ws/src/demo_python_tf' returned '0': PYTHONPATH=/home/nayr/FishRos/ch5/build/demo_python_tf/prefix_override:/usr/lib/python3/dist-packages/colcon_core/task/python/colcon_distutils_commands:/home/nayr/FishRos/ch5/install/demo_python_tf/lib/python3.10/site-packages:${PYTHONPATH} /usr/bin/python3 -W ignore:setup.py install is deprecated -W ignore:easy_install command is deprecated setup.py egg_info --egg-base ../../../build/demo_python_tf build --build-base /home/nayr/FishRos/ch5/build/demo_python_tf/build install --record /home/nayr/FishRos/ch5/build/demo_python_tf/install.log --single-version-externally-managed install_data
[0.564s] Level 1:colcon.colcon_core.environment:checking '/home/nayr/FishRos/ch5/install/demo_python_tf' for CMake module files
[0.564s] Level 1:colcon.colcon_core.environment:checking '/home/nayr/FishRos/ch5/install/demo_python_tf' for CMake config files
[0.564s] Level 1:colcon.colcon_core.environment:checking '/home/nayr/FishRos/ch5/install/demo_python_tf/lib'
[0.564s] Level 1:colcon.colcon_core.environment:checking '/home/nayr/FishRos/ch5/install/demo_python_tf/bin'
[0.564s] Level 1:colcon.colcon_core.environment:checking '/home/nayr/FishRos/ch5/install/demo_python_tf/lib/pkgconfig/demo_python_tf.pc'
[0.565s] Level 1:colcon.colcon_core.environment:checking '/home/nayr/FishRos/ch5/install/demo_python_tf/lib/python3.10/site-packages'
[0.565s] Level 1:colcon.colcon_core.shell:create_environment_hook('demo_python_tf', 'pythonpath')
[0.565s] INFO:colcon.colcon_core.shell:Creating environment hook '/home/nayr/FishRos/ch5/install/demo_python_tf/share/demo_python_tf/hook/pythonpath.ps1'
[0.565s] INFO:colcon.colcon_core.shell:Creating environment descriptor '/home/nayr/FishRos/ch5/install/demo_python_tf/share/demo_python_tf/hook/pythonpath.dsv'
[0.565s] INFO:colcon.colcon_core.shell:Creating environment hook '/home/nayr/FishRos/ch5/install/demo_python_tf/share/demo_python_tf/hook/pythonpath.sh'
[0.565s] Level 1:colcon.colcon_core.environment:checking '/home/nayr/FishRos/ch5/install/demo_python_tf/bin'
[0.565s] Level 1:colcon.colcon_core.environment:create_environment_scripts_only(demo_python_tf)
[0.565s] INFO:colcon.colcon_core.shell:Creating package script '/home/nayr/FishRos/ch5/install/demo_python_tf/share/demo_python_tf/package.ps1'
[0.566s] INFO:colcon.colcon_core.shell:Creating package descriptor '/home/nayr/FishRos/ch5/install/demo_python_tf/share/demo_python_tf/package.dsv'
[0.566s] INFO:colcon.colcon_core.shell:Creating package script '/home/nayr/FishRos/ch5/install/demo_python_tf/share/demo_python_tf/package.sh'
[0.566s] INFO:colcon.colcon_core.shell:Creating package script '/home/nayr/FishRos/ch5/install/demo_python_tf/share/demo_python_tf/package.bash'
[0.567s] INFO:colcon.colcon_core.shell:Creating package script '/home/nayr/FishRos/ch5/install/demo_python_tf/share/demo_python_tf/package.zsh'
[0.567s] Level 1:colcon.colcon_core.environment:create_file_with_runtime_dependencies(/home/nayr/FishRos/ch5/install/demo_python_tf/share/colcon-core/packages/demo_python_tf)
[0.567s] DEBUG:colcon.colcon_parallel_executor.executor.parallel:closing loop
[0.567s] DEBUG:colcon.colcon_parallel_executor.executor.parallel:loop closed
[0.567s] DEBUG:colcon.colcon_parallel_executor.executor.parallel:run_until_complete finished with '0'
[0.567s] DEBUG:colcon.colcon_core.event_reactor:joining thread
[0.570s] INFO:colcon.colcon_core.plugin_system:Skipping extension 'colcon_notification.desktop_notification.terminal_notifier': Not used on non-Darwin systems
[0.570s] INFO:colcon.colcon_core.plugin_system:Skipping extension 'colcon_notification.desktop_notification.win32': Not used on non-Windows systems
[0.570s] INFO:colcon.colcon_notification.desktop_notification:Sending desktop notification using 'notify2'
[0.584s] DEBUG:colcon.colcon_core.event_reactor:joined thread
[0.584s] INFO:colcon.colcon_core.shell:Creating prefix script '/home/nayr/FishRos/ch5/install/local_setup.ps1'
[0.585s] INFO:colcon.colcon_core.shell:Creating prefix util module '/home/nayr/FishRos/ch5/install/_local_setup_util_ps1.py'
[0.586s] INFO:colcon.colcon_core.shell:Creating prefix chain script '/home/nayr/FishRos/ch5/install/setup.ps1'
[0.587s] INFO:colcon.colcon_core.shell:Creating prefix script '/home/nayr/FishRos/ch5/install/local_setup.sh'
[0.587s] INFO:colcon.colcon_core.shell:Creating prefix util module '/home/nayr/FishRos/ch5/install/_local_setup_util_sh.py'
[0.587s] INFO:colcon.colcon_core.shell:Creating prefix chain script '/home/nayr/FishRos/ch5/install/setup.sh'
[0.588s] INFO:colcon.colcon_core.shell:Creating prefix script '/home/nayr/FishRos/ch5/install/local_setup.bash'
[0.589s] INFO:colcon.colcon_core.shell:Creating prefix chain script '/home/nayr/FishRos/ch5/install/setup.bash'
[0.589s] INFO:colcon.colcon_core.shell:Creating prefix script '/home/nayr/FishRos/ch5/install/local_setup.zsh'
[0.589s] INFO:colcon.colcon_core.shell:Creating prefix chain script '/home/nayr/FishRos/ch5/install/setup.zsh'
