[0.011s] Invoking command in '/home/nayr/FishRos/ch5/ch5_ws/build/demo_cpp_tf': CMAKE_PREFIX_PATH=${CMAKE_PREFIX_PATH}:/home/nayr/FishRos/ch5/ch5_ws/install/demo_python_tf:/home/nayr/FishRos/ch5/install/demo_python_tf:/opt/ros/humble /usr/bin/cmake --build /home/nayr/FishRos/ch5/ch5_ws/build/demo_cpp_tf -- -j4 -l4
[0.037s] -- Found ament_cmake: 1.3.12 (/opt/ros/humble/share/ament_cmake/cmake)
[0.111s] -- Found rclcpp: 16.0.14 (/opt/ros/humble/share/rclcpp/cmake)
[0.134s] -- Found rosidl_generator_c: 3.1.7 (/opt/ros/humble/share/rosidl_generator_c/cmake)
[0.135s] -- Found rosidl_adapter: 3.1.7 (/opt/ros/humble/share/rosidl_adapter/cmake)
[0.138s] -- Found rosidl_generator_cpp: 3.1.7 (/opt/ros/humble/share/rosidl_generator_cpp/cmake)
[0.143s] -- Using all available rosidl_typesupport_c: rosidl_typesupport_fastrtps_c;rosidl_typesupport_introspection_c
[0.148s] -- Using all available rosidl_typesupport_cpp: rosidl_typesupport_fastrtps_cpp;rosidl_typesupport_introspection_cpp
[0.164s] -- Found rmw_implementation_cmake: 6.1.2 (/opt/ros/humble/share/rmw_implementation_cmake/cmake)
[0.164s] -- Found rmw_fastrtps_cpp: 6.2.8 (/opt/ros/humble/share/rmw_fastrtps_cpp/cmake)
[0.258s] -- Using RMW implementation 'rmw_fastrtps_cpp' as default
[0.286s] -- Found tf2_ros: 0.25.16 (/opt/ros/humble/share/tf2_ros/cmake)
[0.349s] -- Found tf2_geometry_msgs: 0.25.16 (/opt/ros/humble/share/tf2_geometry_msgs/cmake)
[0.351s] -- Found eigen3_cmake_module: 0.1.1 (/opt/ros/humble/share/eigen3_cmake_module/cmake)
[0.352s] -- Ensuring Eigen3 include directory is part of orocos-kdl CMake target
[0.356s] -- Found ament_lint_auto: 0.12.14 (/opt/ros/humble/share/ament_lint_auto/cmake)
[0.403s] -- Added test 'cppcheck' to perform static code analysis on C / C++ code
[0.403s] -- Configured cppcheck include dirs: 
[0.403s] -- Configured cppcheck exclude dirs and/or files: 
[0.404s] -- Added test 'lint_cmake' to check CMake code style
[0.404s] -- Added test 'uncrustify' to check C / C++ code style
[0.404s] -- Configured uncrustify additional arguments: 
[0.404s] -- Added test 'xmllint' to check XML markup files
[0.405s] -- Configuring done
[0.428s] -- Generating done
[0.435s] -- Build files have been written to: /home/nayr/FishRos/ch5/ch5_ws/build/demo_cpp_tf
[0.454s] [35m[1mConsolidate compiler generated dependencies of target tf_broadcaster[0m
[0.458s] [35m[1mConsolidate compiler generated dependencies of target static_tf_broadcaster[0m
[0.491s] [ 33%] Built target static_tf_broadcaster
[0.495s] [ 50%] [32mBuilding CXX object CMakeFiles/tf_listener.dir/src/tf_listener.cpp.o[0m
[0.497s] [ 83%] Built target tf_broadcaster
[2.085s] In file included from [01m[K/usr/include/aarch64-linux-gnu/c++/11/bits/c++allocator.h:33[m[K,
[2.085s]                  from [01m[K/usr/include/c++/11/bits/allocator.h:46[m[K,
[2.085s]                  from [01m[K/usr/include/c++/11/unordered_map:40[m[K,
[2.085s]                  from [01m[K/usr/include/c++/11/functional:61[m[K,
[2.085s]                  from [01m[K/usr/include/c++/11/pstl/glue_algorithm_defs.h:13[m[K,
[2.085s]                  from [01m[K/usr/include/c++/11/algorithm:74[m[K,
[2.085s]                  from [01m[K/opt/ros/humble/include/geometry_msgs/geometry_msgs/msg/detail/transform_stamped__struct.hpp:8[m[K,
[2.085s]                  from [01m[K/opt/ros/humble/include/geometry_msgs/geometry_msgs/msg/transform_stamped.hpp:7[m[K,
[2.085s]                  from [01m[K/home/nayr/FishRos/ch5/ch5_ws/src/demo_cpp_tf/src/tf_listener.cpp:2[m[K:
[2.085s] /usr/include/c++/11/ext/new_allocator.h: In instantiation of ‘[01m[Kvoid __gnu_cxx::new_allocator<_Tp>::construct(_Up*, _Args&& ...) [with _Up = tf2_ros::TransformListener; _Args = {std::shared_ptr<tf2_ros::Buffer>&, TFListener*}; _Tp = tf2_ros::TransformListener][m[K’:
[2.085s] [01m[K/usr/include/c++/11/bits/alloc_traits.h:516:17:[m[K   required from ‘[01m[Kstatic void std::allocator_traits<std::allocator<_Tp1> >::construct(std::allocator_traits<std::allocator<_Tp1> >::allocator_type&, _Up*, _Args&& ...) [with _Up = tf2_ros::TransformListener; _Args = {std::shared_ptr<tf2_ros::Buffer>&, TFListener*}; _Tp = tf2_ros::TransformListener; std::allocator_traits<std::allocator<_Tp1> >::allocator_type = std::allocator<tf2_ros::TransformListener>][m[K’
[2.085s] [01m[K/usr/include/c++/11/bits/shared_ptr_base.h:519:39:[m[K   required from ‘[01m[Kstd::_Sp_counted_ptr_inplace<_Tp, _Alloc, _Lp>::_Sp_counted_ptr_inplace(_Alloc, _Args&& ...) [with _Args = {std::shared_ptr<tf2_ros::Buffer>&, TFListener*}; _Tp = tf2_ros::TransformListener; _Alloc = std::allocator<tf2_ros::TransformListener>; __gnu_cxx::_Lock_policy _Lp = __gnu_cxx::_S_atomic][m[K’
[2.085s] [01m[K/usr/include/c++/11/bits/shared_ptr_base.h:650:16:[m[K   required from ‘[01m[Kstd::__shared_count<_Lp>::__shared_count(_Tp*&, std::_Sp_alloc_shared_tag<_Alloc>, _Args&& ...) [with _Tp = tf2_ros::TransformListener; _Alloc = std::allocator<tf2_ros::TransformListener>; _Args = {std::shared_ptr<tf2_ros::Buffer>&, TFListener*}; __gnu_cxx::_Lock_policy _Lp = __gnu_cxx::_S_atomic][m[K’
[2.085s] [01m[K/usr/include/c++/11/bits/shared_ptr_base.h:1342:14:[m[K   required from ‘[01m[Kstd::__shared_ptr<_Tp, _Lp>::__shared_ptr(std::_Sp_alloc_shared_tag<_Tp>, _Args&& ...) [with _Alloc = std::allocator<tf2_ros::TransformListener>; _Args = {std::shared_ptr<tf2_ros::Buffer>&, TFListener*}; _Tp = tf2_ros::TransformListener; __gnu_cxx::_Lock_policy _Lp = __gnu_cxx::_S_atomic][m[K’
[2.085s] [01m[K/usr/include/c++/11/bits/shared_ptr.h:409:59:[m[K   required from ‘[01m[Kstd::shared_ptr<_Tp>::shared_ptr(std::_Sp_alloc_shared_tag<_Tp>, _Args&& ...) [with _Alloc = std::allocator<tf2_ros::TransformListener>; _Args = {std::shared_ptr<tf2_ros::Buffer>&, TFListener*}; _Tp = tf2_ros::TransformListener][m[K’
[2.085s] [01m[K/usr/include/c++/11/bits/shared_ptr.h:862:14:[m[K   required from ‘[01m[Kstd::shared_ptr<_Tp> std::allocate_shared(const _Alloc&, _Args&& ...) [with _Tp = tf2_ros::TransformListener; _Alloc = std::allocator<tf2_ros::TransformListener>; _Args = {std::shared_ptr<tf2_ros::Buffer>&, TFListener*}][m[K’
[2.085s] [01m[K/usr/include/c++/11/bits/shared_ptr.h:878:39:[m[K   required from ‘[01m[Kstd::shared_ptr<_Tp> std::make_shared(_Args&& ...) [with _Tp = tf2_ros::TransformListener; _Args = {std::shared_ptr<tf2_ros::Buffer>&, TFListener*}][m[K’
[2.085s] [01m[K/home/nayr/FishRos/ch5/ch5_ws/src/demo_cpp_tf/src/tf_listener.cpp:22:71:[m[K   required from here
[2.085s] [01m[K/usr/include/c++/11/ext/new_allocator.h:162:11:[m[K [01;31m[Kerror: [m[Kno matching function for call to ‘[01m[Ktf2_ros::TransformListener::TransformListener(std::shared_ptr<tf2_ros::Buffer>&, TFListener*)[m[K’
[2.085s]   162 |         { [01;31m[K::new((void *)__p) _Up(std::forward<_Args>(__args)...)[m[K; }
[2.085s]       |           [01;31m[K^~~~~~~~~~~~~~~~~~~~~~~~~~~~~~~~~~~~~~~~~~~~~~~~~~~~~~[m[K
[2.085s] In file included from [01m[K/opt/ros/humble/include/tf2_ros/tf2_ros/transform_listener.h:35[m[K,
[2.085s]                  from [01m[K/home/nayr/FishRos/ch5/ch5_ws/src/demo_cpp_tf/src/tf_listener.cpp:6[m[K:
[2.085s] [01m[K/opt/ros/humble/include/tf2_ros/tf2_ros/transform_listener.hpp:90:3:[m[K [01;36m[Knote: [m[Kcandidate: ‘[01m[Ktemplate<class NodeT, class AllocatorT> tf2_ros::TransformListener::TransformListener(tf2::BufferCore&, NodeT&&, bool, const rclcpp::QoS&, const rclcpp::QoS&, const rclcpp::SubscriptionOptionsWithAllocator<AllocatorT>&, const rclcpp::SubscriptionOptionsWithAllocator<AllocatorT>&)[m[K’
[2.085s]    90 |   [01;36m[KTransformListener[m[K(
[2.085s]       |   [01;36m[K^~~~~~~~~~~~~~~~~[m[K
[2.085s] [01m[K/opt/ros/humble/include/tf2_ros/tf2_ros/transform_listener.hpp:90:3:[m[K [01;36m[Knote: [m[K  template argument deduction/substitution failed:
[2.085s] In file included from [01m[K/usr/include/aarch64-linux-gnu/c++/11/bits/c++allocator.h:33[m[K,
[2.085s]                  from [01m[K/usr/include/c++/11/bits/allocator.h:46[m[K,
[2.085s]                  from [01m[K/usr/include/c++/11/unordered_map:40[m[K,
[2.085s]                  from [01m[K/usr/include/c++/11/functional:61[m[K,
[2.085s]                  from [01m[K/usr/include/c++/11/pstl/glue_algorithm_defs.h:13[m[K,
[2.085s]                  from [01m[K/usr/include/c++/11/algorithm:74[m[K,
[2.086s]                  from [01m[K/opt/ros/humble/include/geometry_msgs/geometry_msgs/msg/detail/transform_stamped__struct.hpp:8[m[K,
[2.086s]                  from [01m[K/opt/ros/humble/include/geometry_msgs/geometry_msgs/msg/transform_stamped.hpp:7[m[K,
[2.086s]                  from [01m[K/home/nayr/FishRos/ch5/ch5_ws/src/demo_cpp_tf/src/tf_listener.cpp:2[m[K:
[2.086s] [01m[K/usr/include/c++/11/ext/new_allocator.h:162:11:[m[K [01;36m[Knote: [m[K  cannot convert ‘[01m[Kstd::forward<std::shared_ptr<tf2_ros::Buffer>&>((* & __args#0))[m[K’ (type ‘[01m[Kstd::shared_ptr<tf2_ros::Buffer>[m[K’) to type ‘[01m[Ktf2::BufferCore&[m[K’
[2.086s]   162 |         { [01;36m[K::new((void *)__p) _Up(std::forward<_Args>(__args)...)[m[K; }
[2.086s]       |           [01;36m[K^~~~~~~~~~~~~~~~~~~~~~~~~~~~~~~~~~~~~~~~~~~~~~~~~~~~~~[m[K
[2.086s] In file included from [01m[K/opt/ros/humble/include/tf2_ros/tf2_ros/transform_listener.h:35[m[K,
[2.086s]                  from [01m[K/home/nayr/FishRos/ch5/ch5_ws/src/demo_cpp_tf/src/tf_listener.cpp:6[m[K:
[2.086s] [01m[K/opt/ros/humble/include/tf2_ros/tf2_ros/transform_listener.hpp:87:12:[m[K [01;36m[Knote: [m[Kcandidate: ‘[01m[Ktf2_ros::TransformListener::TransformListener(tf2::BufferCore&, bool)[m[K’
[2.086s]    87 |   explicit [01;36m[KTransformListener[m[K(tf2::BufferCore & buffer, bool spin_thread = true);
[2.086s]       |            [01;36m[K^~~~~~~~~~~~~~~~~[m[K
[2.086s] [01m[K/opt/ros/humble/include/tf2_ros/tf2_ros/transform_listener.hpp:87:48:[m[K [01;36m[Knote: [m[K  no known conversion for argument 1 from ‘[01m[Kstd::shared_ptr<tf2_ros::Buffer>[m[K’ to ‘[01m[Ktf2::BufferCore&[m[K’
[2.086s]    87 |   explicit TransformListener([01;36m[Ktf2::BufferCore & buffer[m[K, bool spin_thread = true);
[2.086s]       |                              [01;36m[K~~~~~~~~~~~~~~~~~~^~~~~~[m[K
[2.153s] gmake[2]: *** [CMakeFiles/tf_listener.dir/build.make:76: CMakeFiles/tf_listener.dir/src/tf_listener.cpp.o] Error 1
[2.153s] gmake[1]: *** [CMakeFiles/Makefile2:193: CMakeFiles/tf_listener.dir/all] Error 2
[2.154s] gmake: *** [Makefile:146: all] Error 2
[2.156s] Invoked command in '/home/nayr/FishRos/ch5/ch5_ws/build/demo_cpp_tf' returned '2': CMAKE_PREFIX_PATH=${CMAKE_PREFIX_PATH}:/home/nayr/FishRos/ch5/ch5_ws/install/demo_python_tf:/home/nayr/FishRos/ch5/install/demo_python_tf:/opt/ros/humble /usr/bin/cmake --build /home/nayr/FishRos/ch5/ch5_ws/build/demo_cpp_tf -- -j4 -l4
