[0.005s] Invoking command in '/home/nayr/FishRos/ch6/ch6_ws/build/fishbot_description': CMAKE_PREFIX_PATH=/opt/ros/humble /usr/bin/cmake /home/nayr/FishRos/ch6/ch6_ws/src/fishbot_description -DCMAKE_INSTALL_PREFIX=/home/nayr/FishRos/ch6/ch6_ws/install/fishbot_description
[0.105s] -- The C compiler identification is GNU 11.4.0
[0.173s] -- The CXX compiler identification is GNU 11.4.0
[0.179s] -- Detecting C compiler ABI info
[0.223s] -- Detecting C compiler ABI info - done
[0.226s] -- Check for working C compiler: /usr/bin/cc - skipped
[0.226s] -- Detecting C compile features
[0.227s] -- Detecting C compile features - done
[0.228s] -- Detecting CXX compiler ABI info
[0.283s] -- Detecting CXX compiler ABI info - done
[0.287s] -- Check for working CXX compiler: /usr/bin/c++ - skipped
[0.287s] -- Detecting CXX compile features
[0.288s] -- Detecting CXX compile features - done
[0.292s] -- Found ament_cmake: 1.3.12 (/opt/ros/humble/share/ament_cmake/cmake)
[0.366s] -- Found Python3: /usr/bin/python3 (found version "3.10.12") found components: Interpreter 
[0.423s] -- Found ament_lint_auto: 0.12.14 (/opt/ros/humble/share/ament_lint_auto/cmake)
[0.466s] -- Added test 'flake8' to check Python code syntax and style conventions
[0.466s] -- Added test 'lint_cmake' to check CMake code style
[0.466s] -- Added test 'pep257' to check Python code against some of the docstring style conventions in PEP 257
[0.467s] -- Added test 'xmllint' to check XML markup files
[0.468s] -- Configuring done
[0.470s] -- Generating done
[0.474s] -- Build files have been written to: /home/nayr/FishRos/ch6/ch6_ws/build/fishbot_description
[0.476s] Invoked command in '/home/nayr/FishRos/ch6/ch6_ws/build/fishbot_description' returned '0': CMAKE_PREFIX_PATH=/opt/ros/humble /usr/bin/cmake /home/nayr/FishRos/ch6/ch6_ws/src/fishbot_description -DCMAKE_INSTALL_PREFIX=/home/nayr/FishRos/ch6/ch6_ws/install/fishbot_description
[0.477s] Invoking command in '/home/nayr/FishRos/ch6/ch6_ws/build/fishbot_description': CMAKE_PREFIX_PATH=/opt/ros/humble /usr/bin/cmake --build /home/nayr/FishRos/ch6/ch6_ws/build/fishbot_description -- -j4 -l4
[0.494s] Invoked command in '/home/nayr/FishRos/ch6/ch6_ws/build/fishbot_description' returned '0': CMAKE_PREFIX_PATH=/opt/ros/humble /usr/bin/cmake --build /home/nayr/FishRos/ch6/ch6_ws/build/fishbot_description -- -j4 -l4
[0.500s] Invoking command in '/home/nayr/FishRos/ch6/ch6_ws/build/fishbot_description': CMAKE_PREFIX_PATH=/opt/ros/humble /usr/bin/cmake --install /home/nayr/FishRos/ch6/ch6_ws/build/fishbot_description
[0.503s] -- Install configuration: ""
[0.503s] -- Installing: /home/nayr/FishRos/ch6/ch6_ws/install/fishbot_description/share/fishbot_description/launch
[0.503s] -- Installing: /home/nayr/FishRos/ch6/ch6_ws/install/fishbot_description/share/fishbot_description/launch/display_robot.launch.py
[0.503s] -- Installing: /home/nayr/FishRos/ch6/ch6_ws/install/fishbot_description/share/fishbot_description/urdf
[0.503s] -- Installing: /home/nayr/FishRos/ch6/ch6_ws/install/fishbot_description/share/fishbot_description/urdf/first_robot.pdf
[0.503s] -- Installing: /home/nayr/FishRos/ch6/ch6_ws/install/fishbot_description/share/fishbot_description/urdf/first_robot.urdf
[0.504s] -- Installing: /home/nayr/FishRos/ch6/ch6_ws/install/fishbot_description/share/fishbot_description/urdf/first_robot.gv
[0.504s] -- Installing: /home/nayr/FishRos/ch6/ch6_ws/install/fishbot_description/share/ament_index/resource_index/package_run_dependencies/fishbot_description
[0.504s] -- Installing: /home/nayr/FishRos/ch6/ch6_ws/install/fishbot_description/share/ament_index/resource_index/parent_prefix_path/fishbot_description
[0.504s] -- Installing: /home/nayr/FishRos/ch6/ch6_ws/install/fishbot_description/share/fishbot_description/environment/ament_prefix_path.sh
[0.504s] -- Installing: /home/nayr/FishRos/ch6/ch6_ws/install/fishbot_description/share/fishbot_description/environment/ament_prefix_path.dsv
[0.504s] -- Installing: /home/nayr/FishRos/ch6/ch6_ws/install/fishbot_description/share/fishbot_description/environment/path.sh
[0.504s] -- Installing: /home/nayr/FishRos/ch6/ch6_ws/install/fishbot_description/share/fishbot_description/environment/path.dsv
[0.504s] -- Installing: /home/nayr/FishRos/ch6/ch6_ws/install/fishbot_description/share/fishbot_description/local_setup.bash
[0.504s] -- Installing: /home/nayr/FishRos/ch6/ch6_ws/install/fishbot_description/share/fishbot_description/local_setup.sh
[0.504s] -- Installing: /home/nayr/FishRos/ch6/ch6_ws/install/fishbot_description/share/fishbot_description/local_setup.zsh
[0.504s] -- Installing: /home/nayr/FishRos/ch6/ch6_ws/install/fishbot_description/share/fishbot_description/local_setup.dsv
[0.504s] -- Installing: /home/nayr/FishRos/ch6/ch6_ws/install/fishbot_description/share/fishbot_description/package.dsv
[0.504s] -- Installing: /home/nayr/FishRos/ch6/ch6_ws/install/fishbot_description/share/ament_index/resource_index/packages/fishbot_description
[0.505s] -- Installing: /home/nayr/FishRos/ch6/ch6_ws/install/fishbot_description/share/fishbot_description/cmake/fishbot_descriptionConfig.cmake
[0.505s] -- Installing: /home/nayr/FishRos/ch6/ch6_ws/install/fishbot_description/share/fishbot_description/cmake/fishbot_descriptionConfig-version.cmake
[0.505s] -- Installing: /home/nayr/FishRos/ch6/ch6_ws/install/fishbot_description/share/fishbot_description/package.xml
[0.505s] Invoked command in '/home/nayr/FishRos/ch6/ch6_ws/build/fishbot_description' returned '0': CMAKE_PREFIX_PATH=/opt/ros/humble /usr/bin/cmake --install /home/nayr/FishRos/ch6/ch6_ws/build/fishbot_description
