[0.009s] Invoking command in '/home/nayr/FishRos/ch2/build/demo_cpp_pkg': CMAKE_PREFIX_PATH=${CMAKE_PREFIX_PATH}:/home/nayr/FishRos/ch2/install/demo_python_pkg:/opt/ros/humble /usr/bin/cmake --build /home/nayr/FishRos/ch2/build/demo_cpp_pkg -- -j4 -l4
[0.022s] -- Found ament_cmake: 1.3.12 (/opt/ros/humble/share/ament_cmake/cmake)
[0.086s] -- Found rclcpp: 16.0.14 (/opt/ros/humble/share/rclcpp/cmake)
[0.098s] -- Found rosidl_generator_c: 3.1.7 (/opt/ros/humble/share/rosidl_generator_c/cmake)
[0.098s] -- Found rosidl_adapter: 3.1.7 (/opt/ros/humble/share/rosidl_adapter/cmake)
[0.101s] -- Found rosidl_generator_cpp: 3.1.7 (/opt/ros/humble/share/rosidl_generator_cpp/cmake)
[0.105s] -- Using all available rosidl_typesupport_c: rosidl_typesupport_fastrtps_c;rosidl_typesupport_introspection_c
[0.110s] -- Using all available rosidl_typesupport_cpp: rosidl_typesupport_fastrtps_cpp;rosidl_typesupport_introspection_cpp
[0.122s] -- Found rmw_implementation_cmake: 6.1.2 (/opt/ros/humble/share/rmw_implementation_cmake/cmake)
[0.123s] -- Found rmw_fastrtps_cpp: 6.2.8 (/opt/ros/humble/share/rmw_fastrtps_cpp/cmake)
[0.165s] -- Using RMW implementation 'rmw_fastrtps_cpp' as default
[0.185s] -- Found ament_lint_auto: 0.12.14 (/opt/ros/humble/share/ament_lint_auto/cmake)
[0.218s] -- Added test 'cppcheck' to perform static code analysis on C / C++ code
[0.219s] -- Configured cppcheck include dirs: /home/nayr/FishRos/ch2/ch2_ws/src/demo_cpp_pkg/include
[0.219s] -- Configured cppcheck exclude dirs and/or files: 
[0.219s] -- Added test 'flake8' to check Python code syntax and style conventions
[0.220s] -- Added test 'lint_cmake' to check CMake code style
[0.220s] -- Added test 'pep257' to check Python code against some of the docstring style conventions in PEP 257
[0.223s] -- Added test 'uncrustify' to check C / C++ code style
[0.223s] -- Configured uncrustify additional arguments: 
[0.223s] -- Added test 'xmllint' to check XML markup files
[0.224s] -- Configuring done
[0.234s] -- Generating done
[0.237s] -- Build files have been written to: /home/nayr/FishRos/ch2/build/demo_cpp_pkg
[0.248s] [35m[1mConsolidate compiler generated dependencies of target learn_auto[0m
[0.249s] [35m[1mConsolidate compiler generated dependencies of target person_node[0m
[0.250s] [35m[1mConsolidate compiler generated dependencies of target cpp_node[0m
[0.254s] [35m[1mConsolidate compiler generated dependencies of target learn_shared_ptr[0m
[0.255s] [  7%] [32mBuilding CXX object CMakeFiles/learn_auto.dir/src/learn_auto.cpp.o[0m
[0.259s] [ 14%] [32mBuilding CXX object CMakeFiles/person_node.dir/src/person_node.cpp.o[0m
[0.259s] [ 21%] [32mBuilding CXX object CMakeFiles/learn_shared_ptr.dir/src/learn_shared_ptr.cpp.o[0m
[0.261s] [ 28%] [32mBuilding CXX object CMakeFiles/cpp_node.dir/src/cpp_node.cpp.o[0m
[0.428s] [ 35%] [32m[1mLinking CXX executable learn_auto[0m
[0.515s] [ 35%] Built target learn_auto
[0.519s] [ 42%] [32m[1mLinking CXX executable learn_shared_ptr[0m
[0.540s] [35m[1mConsolidate compiler generated dependencies of target learn_lambda[0m
[0.558s] [ 50%] [32mBuilding CXX object CMakeFiles/learn_lambda.dir/src/learn_lambda.cpp.o[0m
[0.561s] [ 50%] Built target learn_shared_ptr
[0.586s] [35m[1mConsolidate compiler generated dependencies of target learn_functional[0m
[0.590s] [ 57%] [32mBuilding CXX object CMakeFiles/learn_functional.dir/src/learn_functional.cpp.o[0m
[0.849s] [ 64%] [32m[1mLinking CXX executable learn_functional[0m
[0.863s] [ 71%] [32m[1mLinking CXX executable learn_lambda[0m
[0.888s] [ 71%] Built target learn_functional
[0.894s] [ 71%] Built target learn_lambda
[0.895s] [ 78%] [32mBuilding CXX object CMakeFiles/learn_thread.dir/src/learn_thread.cpp.o[0m
[1.979s] [ 85%] [32m[1mLinking CXX executable cpp_node[0m
[2.024s] [ 85%] Built target cpp_node
[2.057s] [ 92%] [32m[1mLinking CXX executable person_node[0m
[2.098s] [ 92%] Built target person_node
[3.097s] [100%] [32m[1mLinking CXX executable learn_thread[0m
[3.185s] [100%] Built target learn_thread
[3.190s] Invoked command in '/home/nayr/FishRos/ch2/build/demo_cpp_pkg' returned '0': CMAKE_PREFIX_PATH=${CMAKE_PREFIX_PATH}:/home/nayr/FishRos/ch2/install/demo_python_pkg:/opt/ros/humble /usr/bin/cmake --build /home/nayr/FishRos/ch2/build/demo_cpp_pkg -- -j4 -l4
[3.194s] Invoking command in '/home/nayr/FishRos/ch2/build/demo_cpp_pkg': CMAKE_PREFIX_PATH=${CMAKE_PREFIX_PATH}:/home/nayr/FishRos/ch2/install/demo_python_pkg:/opt/ros/humble /usr/bin/cmake --install /home/nayr/FishRos/ch2/build/demo_cpp_pkg
[3.196s] -- Install configuration: ""
[3.196s] -- Installing: /home/nayr/FishRos/ch2/install/demo_cpp_pkg/lib/demo_cpp_pkg/cpp_node
[3.196s] -- Set runtime path of "/home/nayr/FishRos/ch2/install/demo_cpp_pkg/lib/demo_cpp_pkg/cpp_node" to ""
[3.196s] -- Installing: /home/nayr/FishRos/ch2/install/demo_cpp_pkg/lib/demo_cpp_pkg/person_node
[3.197s] -- Set runtime path of "/home/nayr/FishRos/ch2/install/demo_cpp_pkg/lib/demo_cpp_pkg/person_node" to ""
[3.197s] -- Installing: /home/nayr/FishRos/ch2/install/demo_cpp_pkg/lib/demo_cpp_pkg/learn_auto
[3.197s] -- Installing: /home/nayr/FishRos/ch2/install/demo_cpp_pkg/lib/demo_cpp_pkg/learn_shared_ptr
[3.197s] -- Installing: /home/nayr/FishRos/ch2/install/demo_cpp_pkg/lib/demo_cpp_pkg/learn_lambda
[3.197s] -- Installing: /home/nayr/FishRos/ch2/install/demo_cpp_pkg/lib/demo_cpp_pkg/learn_functional
[3.197s] -- Installing: /home/nayr/FishRos/ch2/install/demo_cpp_pkg/lib/demo_cpp_pkg/learn_thread
[3.198s] -- Up-to-date: /home/nayr/FishRos/ch2/install/demo_cpp_pkg/share/ament_index/resource_index/package_run_dependencies/demo_cpp_pkg
[3.198s] -- Up-to-date: /home/nayr/FishRos/ch2/install/demo_cpp_pkg/share/ament_index/resource_index/parent_prefix_path/demo_cpp_pkg
[3.198s] -- Up-to-date: /home/nayr/FishRos/ch2/install/demo_cpp_pkg/share/demo_cpp_pkg/environment/ament_prefix_path.sh
[3.198s] -- Installing: /home/nayr/FishRos/ch2/install/demo_cpp_pkg/share/demo_cpp_pkg/environment/ament_prefix_path.dsv
[3.198s] -- Up-to-date: /home/nayr/FishRos/ch2/install/demo_cpp_pkg/share/demo_cpp_pkg/environment/path.sh
[3.198s] -- Installing: /home/nayr/FishRos/ch2/install/demo_cpp_pkg/share/demo_cpp_pkg/environment/path.dsv
[3.198s] -- Up-to-date: /home/nayr/FishRos/ch2/install/demo_cpp_pkg/share/demo_cpp_pkg/local_setup.bash
[3.198s] -- Up-to-date: /home/nayr/FishRos/ch2/install/demo_cpp_pkg/share/demo_cpp_pkg/local_setup.sh
[3.198s] -- Up-to-date: /home/nayr/FishRos/ch2/install/demo_cpp_pkg/share/demo_cpp_pkg/local_setup.zsh
[3.198s] -- Installing: /home/nayr/FishRos/ch2/install/demo_cpp_pkg/share/demo_cpp_pkg/local_setup.dsv
[3.198s] -- Installing: /home/nayr/FishRos/ch2/install/demo_cpp_pkg/share/demo_cpp_pkg/package.dsv
[3.198s] -- Up-to-date: /home/nayr/FishRos/ch2/install/demo_cpp_pkg/share/ament_index/resource_index/packages/demo_cpp_pkg
[3.198s] -- Up-to-date: /home/nayr/FishRos/ch2/install/demo_cpp_pkg/share/demo_cpp_pkg/cmake/demo_cpp_pkgConfig.cmake
[3.198s] -- Up-to-date: /home/nayr/FishRos/ch2/install/demo_cpp_pkg/share/demo_cpp_pkg/cmake/demo_cpp_pkgConfig-version.cmake
[3.199s] -- Up-to-date: /home/nayr/FishRos/ch2/install/demo_cpp_pkg/share/demo_cpp_pkg/package.xml
[3.200s] Invoked command in '/home/nayr/FishRos/ch2/build/demo_cpp_pkg' returned '0': CMAKE_PREFIX_PATH=${CMAKE_PREFIX_PATH}:/home/nayr/FishRos/ch2/install/demo_python_pkg:/opt/ros/humble /usr/bin/cmake --install /home/nayr/FishRos/ch2/build/demo_cpp_pkg
